<?xml version="1.0" encoding="UTF-8"?>
<coverage generated="1507882383967" clover="3.2.0">
  <project timestamp="1507882383967" name="All files">
    <metrics statements="568" coveredstatements="433" conditionals="241" coveredconditionals="149" methods="180" coveredmethods="139" elements="989" coveredelements="721" complexity="0" loc="568" ncloc="568" packages="8" files="22" classes="22">
      <package name="graph">
        <metrics statements="69" coveredstatements="30" conditionals="39" coveredconditionals="15" methods="24" coveredmethods="9"/>
        <file name="Tree.ts" path="/Users/kushanjoshi/code/open/idly-mono/packages/idly-graph/src/graph/Tree.ts">
          <metrics statements="69" coveredstatements="30" conditionals="39" coveredconditionals="15" methods="24" coveredmethods="9"/>
          <line num="1" count="4" type="stmt"/>
          <line num="2" count="4" type="stmt"/>
          <line num="3" count="4" type="stmt"/>
          <line num="4" count="4" type="stmt"/>
          <line num="5" count="4" type="stmt"/>
          <line num="6" count="4" type="stmt"/>
          <line num="7" count="4" type="stmt"/>
          <line num="8" count="4" type="stmt"/>
          <line num="17" count="2" type="stmt"/>
          <line num="18" count="2" type="cond" truecount="4" falsecount="1"/>
          <line num="19" count="0" type="stmt"/>
          <line num="21" count="2" type="stmt"/>
          <line num="22" count="2" type="stmt"/>
          <line num="25" count="2" type="cond" truecount="4" falsecount="1"/>
          <line num="26" count="0" type="stmt"/>
          <line num="28" count="2" type="stmt"/>
          <line num="31" count="7" type="stmt"/>
          <line num="32" count="6" type="stmt"/>
          <line num="33" count="6" type="stmt"/>
          <line num="37" count="11" type="stmt"/>
          <line num="38" count="11" type="stmt"/>
          <line num="39" count="11" type="stmt"/>
          <line num="40" count="11" type="stmt"/>
          <line num="44" count="2" type="stmt"/>
          <line num="49" count="2" type="stmt"/>
          <line num="52" count="1" type="stmt"/>
          <line num="60" count="4" type="cond" truecount="2" falsecount="0"/>
          <line num="61" count="1" type="stmt"/>
          <line num="63" count="3" type="cond" truecount="4" falsecount="0"/>
          <line num="69" count="0" type="stmt"/>
          <line num="72" count="0" type="cond" truecount="0" falsecount="4"/>
          <line num="73" count="0" type="stmt"/>
          <line num="75" count="0" type="stmt"/>
          <line num="78" count="0" type="stmt"/>
          <line num="81" count="0" type="cond" truecount="0" falsecount="4"/>
          <line num="82" count="0" type="stmt"/>
          <line num="84" count="0" type="stmt"/>
          <line num="85" count="0" type="cond" truecount="0" falsecount="2"/>
          <line num="86" count="0" type="stmt"/>
          <line num="88" count="0" type="stmt"/>
          <line num="89" count="0" type="stmt"/>
          <line num="90" count="0" type="stmt"/>
          <line num="91" count="0" type="stmt"/>
          <line num="94" count="0" type="stmt"/>
          <line num="95" count="0" type="cond" truecount="0" falsecount="4"/>
          <line num="96" count="0" type="stmt"/>
          <line num="98" count="0" type="stmt"/>
          <line num="101" count="0" type="cond" truecount="0" falsecount="2"/>
          <line num="102" count="0" type="stmt"/>
          <line num="104" count="0" type="stmt"/>
          <line num="105" count="0" type="cond" truecount="0" falsecount="2"/>
          <line num="108" count="0" type="stmt"/>
          <line num="109" count="0" type="stmt"/>
          <line num="110" count="0" type="stmt"/>
          <line num="111" count="0" type="stmt"/>
          <line num="112" count="0" type="stmt"/>
          <line num="115" count="0" type="stmt"/>
          <line num="118" count="0" type="stmt"/>
          <line num="119" count="0" type="stmt"/>
          <line num="120" count="0" type="stmt"/>
          <line num="121" count="0" type="stmt"/>
          <line num="124" count="0" type="cond" truecount="0" falsecount="4"/>
          <line num="125" count="0" type="stmt"/>
          <line num="129" count="0" type="stmt"/>
          <line num="132" count="0" type="stmt"/>
          <line num="135" count="0" type="stmt"/>
          <line num="138" count="1" type="stmt"/>
          <line num="139" count="1" type="stmt"/>
          <line num="142" count="4" type="stmt"/>
        </file>
      </package>
      <package name="misc">
        <metrics statements="38" coveredstatements="34" conditionals="13" coveredconditionals="10" methods="14" coveredmethods="13"/>
        <file name="PromiseWorkerStub.ts" path="/Users/kushanjoshi/code/open/idly-mono/packages/idly-graph/src/misc/PromiseWorkerStub.ts">
          <metrics statements="10" coveredstatements="8" conditionals="4" coveredconditionals="2" methods="2" coveredmethods="2"/>
          <line num="1" count="4" type="stmt"/>
          <line num="2" count="4" type="stmt"/>
          <line num="5" count="8" type="stmt"/>
          <line num="9" count="12" type="stmt"/>
          <line num="10" count="12" type="cond" truecount="1" falsecount="1"/>
          <line num="11" count="0" type="stmt"/>
          <line num="13" count="12" type="cond" truecount="1" falsecount="1"/>
          <line num="14" count="0" type="stmt"/>
          <line num="16" count="12" type="stmt"/>
          <line num="19" count="4" type="stmt"/>
        </file>
        <file name="calculateParentWays.ts" path="/Users/kushanjoshi/code/open/idly-mono/packages/idly-graph/src/misc/calculateParentWays.ts">
          <metrics statements="11" coveredstatements="11" conditionals="8" coveredconditionals="7" methods="5" coveredmethods="5"/>
          <line num="1" count="4" type="stmt"/>
          <line num="2" count="4" type="stmt"/>
          <line num="3" count="4" type="stmt"/>
          <line num="4" count="4" type="stmt"/>
          <line num="6" count="11" type="stmt"/>
          <line num="7" count="11" type="stmt"/>
          <line num="8" count="17" type="cond" truecount="5" falsecount="0"/>
          <line num="9" count="15" type="stmt"/>
          <line num="11" count="2" type="stmt"/>
          <line num="13" count="4" type="cond" truecount="1" falsecount="0"/>
          <line num="19" count="4" type="stmt"/>
        </file>
        <file name="channelBuilder.ts" path="/Users/kushanjoshi/code/open/idly-mono/packages/idly-graph/src/misc/channelBuilder.ts">
          <metrics statements="9" coveredstatements="7" conditionals="0" coveredconditionals="0" methods="4" coveredmethods="3"/>
          <line num="1" count="3" type="stmt"/>
          <line num="2" count="3" type="stmt"/>
          <line num="10" count="8" type="stmt"/>
          <line num="11" count="8" type="stmt"/>
          <line num="12" count="8" type="stmt"/>
          <line num="16" count="8" type="stmt"/>
          <line num="17" count="0" type="stmt"/>
          <line num="18" count="0" type="stmt"/>
          <line num="23" count="3" type="stmt"/>
        </file>
        <file name="pluginsStub.ts" path="/Users/kushanjoshi/code/open/idly-mono/packages/idly-graph/src/misc/pluginsStub.ts">
          <metrics statements="8" coveredstatements="8" conditionals="1" coveredconditionals="1" methods="3" coveredmethods="3"/>
          <line num="1" count="3" type="stmt"/>
          <line num="2" count="3" type="stmt"/>
          <line num="6" count="4" type="stmt"/>
          <line num="12" count="6" type="stmt"/>
          <line num="13" count="6" type="stmt"/>
          <line num="14" count="24" type="stmt"/>
          <line num="16" count="6" type="stmt"/>
          <line num="22" count="3" type="stmt"/>
        </file>
      </package>
      <package name="operations">
        <metrics statements="90" coveredstatements="85" conditionals="33" coveredconditionals="32" methods="41" coveredmethods="38"/>
        <file name="fetchEntities.ts" path="/Users/kushanjoshi/code/open/idly-mono/packages/idly-graph/src/operations/fetchEntities.ts">
          <metrics statements="23" coveredstatements="22" conditionals="9" coveredconditionals="9" methods="13" coveredmethods="12"/>
          <line num="1" count="3" type="stmt"/>
          <line num="2" count="3" type="cond" truecount="3" falsecount="0"/>
          <line num="3" count="4" type="cond" truecount="2" falsecount="0"/>
          <line num="4" count="4" type="stmt"/>
          <line num="5" count="0" type="stmt"/>
          <line num="6" count="8" type="cond" truecount="2" falsecount="0"/>
          <line num="7" count="4" type="cond" truecount="2" falsecount="0"/>
          <line num="10" count="3" type="stmt"/>
          <line num="11" count="3" type="stmt"/>
          <line num="12" count="3" type="stmt"/>
          <line num="13" count="3" type="stmt"/>
          <line num="14" count="3" type="stmt"/>
          <line num="17" count="2" type="stmt"/>
          <line num="18" count="2" type="stmt"/>
          <line num="19" count="2" type="stmt"/>
          <line num="20" count="2" type="stmt"/>
          <line num="21" count="2" type="stmt"/>
          <line num="24" count="3" type="stmt"/>
          <line num="27" count="2" type="stmt"/>
          <line num="28" count="5" type="stmt"/>
          <line num="29" count="2" type="stmt"/>
          <line num="34" count="2" type="stmt"/>
          <line num="37" count="3" type="stmt"/>
        </file>
        <file name="fetchFeatures.ts" path="/Users/kushanjoshi/code/open/idly-mono/packages/idly-graph/src/operations/fetchFeatures.ts">
          <metrics statements="21" coveredstatements="20" conditionals="9" coveredconditionals="9" methods="12" coveredmethods="11"/>
          <line num="1" count="3" type="stmt"/>
          <line num="2" count="3" type="cond" truecount="3" falsecount="0"/>
          <line num="3" count="4" type="cond" truecount="2" falsecount="0"/>
          <line num="4" count="4" type="stmt"/>
          <line num="5" count="0" type="stmt"/>
          <line num="6" count="8" type="cond" truecount="2" falsecount="0"/>
          <line num="7" count="4" type="cond" truecount="2" falsecount="0"/>
          <line num="10" count="3" type="stmt"/>
          <line num="11" count="3" type="stmt"/>
          <line num="12" count="3" type="stmt"/>
          <line num="15" count="2" type="stmt"/>
          <line num="16" count="2" type="stmt"/>
          <line num="17" count="2" type="stmt"/>
          <line num="18" count="2" type="stmt"/>
          <line num="19" count="2" type="stmt"/>
          <line num="22" count="3" type="stmt"/>
          <line num="25" count="2" type="stmt"/>
          <line num="26" count="2" type="stmt"/>
          <line num="27" count="2" type="stmt"/>
          <line num="28" count="2" type="stmt"/>
          <line num="31" count="3" type="stmt"/>
        </file>
        <file name="fetchMap.ts" path="/Users/kushanjoshi/code/open/idly-mono/packages/idly-graph/src/operations/fetchMap.ts">
          <metrics statements="22" coveredstatements="21" conditionals="9" coveredconditionals="9" methods="12" coveredmethods="11"/>
          <line num="1" count="3" type="stmt"/>
          <line num="2" count="3" type="cond" truecount="3" falsecount="0"/>
          <line num="3" count="8" type="cond" truecount="2" falsecount="0"/>
          <line num="4" count="8" type="stmt"/>
          <line num="5" count="0" type="stmt"/>
          <line num="6" count="16" type="cond" truecount="2" falsecount="0"/>
          <line num="7" count="8" type="cond" truecount="2" falsecount="0"/>
          <line num="10" count="3" type="stmt"/>
          <line num="11" count="3" type="stmt"/>
          <line num="12" count="3" type="stmt"/>
          <line num="13" count="3" type="stmt"/>
          <line num="20" count="4" type="stmt"/>
          <line num="21" count="4" type="stmt"/>
          <line num="22" count="4" type="stmt"/>
          <line num="23" count="4" type="stmt"/>
          <line num="24" count="4" type="stmt"/>
          <line num="27" count="3" type="stmt"/>
          <line num="30" count="4" type="stmt"/>
          <line num="31" count="4" type="stmt"/>
          <line num="32" count="4" type="stmt"/>
          <line num="33" count="4" type="stmt"/>
          <line num="36" count="3" type="stmt"/>
        </file>
        <file name="operations.ts" path="/Users/kushanjoshi/code/open/idly-mono/packages/idly-graph/src/operations/operations.ts">
          <metrics statements="17" coveredstatements="15" conditionals="4" coveredconditionals="3" methods="3" coveredmethods="3"/>
          <line num="1" count="3" type="stmt"/>
          <line num="2" count="3" type="stmt"/>
          <line num="3" count="3" type="stmt"/>
          <line num="4" count="3" type="stmt"/>
          <line num="5" count="3" type="stmt"/>
          <line num="6" count="3" type="stmt"/>
          <line num="7" count="3" type="stmt"/>
          <line num="9" count="7" type="cond" truecount="3" falsecount="1"/>
          <line num="13" count="3" type="stmt"/>
          <line num="15" count="2" type="stmt"/>
          <line num="17" count="2" type="stmt"/>
          <line num="19" count="0" type="stmt"/>
          <line num="20" count="0" type="stmt"/>
          <line num="32" count="3" type="stmt"/>
          <line num="33" count="3" type="stmt"/>
          <line num="34" count="7" type="stmt"/>
          <line num="37" count="3" type="stmt"/>
        </file>
        <file name="types.ts" path="/Users/kushanjoshi/code/open/idly-mono/packages/idly-graph/src/operations/types.ts">
          <metrics statements="7" coveredstatements="7" conditionals="2" coveredconditionals="2" methods="1" coveredmethods="1"/>
          <line num="1" count="3" type="stmt"/>
          <line num="2" count="3" type="stmt"/>
          <line num="4" count="3" type="stmt"/>
          <line num="5" count="3" type="stmt"/>
          <line num="6" count="3" type="stmt"/>
          <line num="7" count="3" type="stmt"/>
          <line num="8" count="3" type="stmt"/>
        </file>
      </package>
      <package name="thread">
        <metrics statements="90" coveredstatements="76" conditionals="59" coveredconditionals="48" methods="25" coveredmethods="21"/>
        <file name="fetchTile.ts" path="/Users/kushanjoshi/code/open/idly-mono/packages/idly-graph/src/thread/fetchTile.ts">
          <metrics statements="20" coveredstatements="19" conditionals="11" coveredconditionals="11" methods="8" coveredmethods="7"/>
          <line num="1" count="1" type="stmt"/>
          <line num="2" count="1" type="cond" truecount="3" falsecount="0"/>
          <line num="3" count="2" type="cond" truecount="2" falsecount="0"/>
          <line num="4" count="3" type="stmt"/>
          <line num="5" count="0" type="stmt"/>
          <line num="6" count="4" type="cond" truecount="2" falsecount="0"/>
          <line num="7" count="2" type="cond" truecount="2" falsecount="0"/>
          <line num="10" count="1" type="stmt"/>
          <line num="11" count="1" type="stmt"/>
          <line num="12" count="1" type="stmt"/>
          <line num="14" count="2" type="stmt"/>
          <line num="15" count="2" type="stmt"/>
          <line num="16" count="2" type="stmt"/>
          <line num="17" count="2" type="stmt"/>
          <line num="18" count="2" type="cond" truecount="2" falsecount="0"/>
          <line num="19" count="1" type="stmt"/>
          <line num="21" count="1" type="stmt"/>
          <line num="22" count="1" type="stmt"/>
          <line num="23" count="1" type="stmt"/>
          <line num="26" count="1" type="stmt"/>
        </file>
        <file name="xmlToEntities.ts" path="/Users/kushanjoshi/code/open/idly-mono/packages/idly-graph/src/thread/xmlToEntities.ts">
          <metrics statements="70" coveredstatements="57" conditionals="48" coveredconditionals="37" methods="17" coveredmethods="14"/>
          <line num="1" count="4" type="stmt"/>
          <line num="2" count="4" type="stmt"/>
          <line num="3" count="4" type="stmt"/>
          <line num="4" count="4" type="stmt"/>
          <line num="5" count="4" type="stmt"/>
          <line num="6" count="4" type="stmt"/>
          <line num="7" count="4" type="stmt"/>
          <line num="8" count="4" type="stmt"/>
          <line num="9" count="4" type="stmt"/>
          <line num="10" count="4" type="stmt"/>
          <line num="12" count="86" type="stmt"/>
          <line num="13" count="86" type="stmt"/>
          <line num="14" count="166" type="stmt"/>
          <line num="15" count="366" type="cond" truecount="1" falsecount="0"/>
          <line num="19" count="86" type="stmt"/>
          <line num="21" count="4" type="stmt"/>
          <line num="23" count="86" type="cond" truecount="3" falsecount="1"/>
          <line num="24" count="0" type="stmt"/>
          <line num="25" count="86" type="stmt"/>
          <line num="26" count="434" type="stmt"/>
          <line num="27" count="86" type="stmt"/>
          <line num="32" count="4" type="stmt"/>
          <line num="40" count="86" type="cond" truecount="3" falsecount="1"/>
          <line num="41" count="0" type="stmt"/>
          <line num="43" count="86" type="stmt"/>
          <line num="45" count="86" type="cond" truecount="2" falsecount="0"/>
          <line num="47" count="6" type="stmt"/>
          <line num="49" count="86" type="stmt"/>
          <line num="50" count="86" type="stmt"/>
          <line num="51" count="86" type="stmt"/>
          <line num="52" count="86" type="stmt"/>
          <line num="53" count="958" type="stmt"/>
          <line num="54" count="958" type="cond" truecount="2" falsecount="0"/>
          <line num="55" count="268" type="stmt"/>
          <line num="57" count="690" type="cond" truecount="1" falsecount="1"/>
          <line num="58" count="0" type="stmt"/>
          <line num="60" count="690" type="cond" truecount="2" falsecount="0"/>
          <line num="61" count="166" type="stmt"/>
          <line num="65" count="86" type="stmt"/>
          <line num="67" count="4" type="stmt"/>
          <line num="69" count="434" type="cond" truecount="2" falsecount="0"/>
          <line num="73" count="0" type="stmt"/>
          <line num="74" count="0" type="stmt"/>
          <line num="75" count="0" type="stmt"/>
          <line num="76" count="0" type="stmt"/>
          <line num="77" count="0" type="stmt"/>
          <line num="79" count="0" type="stmt"/>
          <line num="86" count="0" type="stmt"/>
          <line num="89" count="166" type="stmt"/>
          <line num="90" count="166" type="stmt"/>
          <line num="91" count="166" type="stmt"/>
          <line num="93" count="166" type="stmt"/>
          <line num="94" count="366" type="stmt"/>
          <line num="97" count="166" type="stmt"/>
          <line num="100" count="434" type="stmt"/>
          <line num="101" count="434" type="stmt"/>
          <line num="103" count="434" type="stmt"/>
          <line num="104" count="6" type="stmt"/>
          <line num="105" count="6" type="stmt"/>
          <line num="108" count="434" type="stmt"/>
          <line num="111" count="268" type="cond" truecount="2" falsecount="0"/>
          <line num="112" count="268" type="cond" truecount="2" falsecount="0"/>
          <line num="113" count="268" type="stmt"/>
          <line num="116" count="268" type="stmt"/>
          <line num="117" count="268" type="stmt"/>
          <line num="134" count="0" type="stmt"/>
          <line num="135" count="0" type="stmt"/>
          <line num="152" count="166" type="stmt"/>
          <line num="153" count="166" type="stmt"/>
          <line num="170" count="0" type="stmt"/>
        </file>
      </package>
      <package name="worker.geojson">
        <metrics statements="14" coveredstatements="13" conditionals="6" coveredconditionals="3" methods="2" coveredmethods="2"/>
        <file name="entityToGeoJSON.ts" path="/Users/kushanjoshi/code/open/idly-mono/packages/idly-graph/src/worker/geojson/entityToGeoJSON.ts">
          <metrics statements="14" coveredstatements="13" conditionals="6" coveredconditionals="3" methods="2" coveredmethods="2"/>
          <line num="1" count="3" type="stmt"/>
          <line num="2" count="3" type="stmt"/>
          <line num="3" count="3" type="stmt"/>
          <line num="4" count="3" type="stmt"/>
          <line num="5" count="3" type="stmt"/>
          <line num="7" count="6" type="stmt"/>
          <line num="8" count="6" type="stmt"/>
          <line num="9" count="24" type="cond" truecount="2" falsecount="0"/>
          <line num="10" count="15" type="stmt"/>
          <line num="12" count="9" type="cond" truecount="1" falsecount="1"/>
          <line num="13" count="9" type="stmt"/>
          <line num="15" count="0" type="cond" truecount="0" falsecount="2"/>
          <line num="19" count="6" type="stmt"/>
          <line num="21" count="3" type="stmt"/>
        </file>
      </package>
      <package name="worker.parsing">
        <metrics statements="133" coveredstatements="79" conditionals="61" coveredconditionals="20" methods="30" coveredmethods="17"/>
        <file name="fetch.ts" path="/Users/kushanjoshi/code/open/idly-mono/packages/idly-graph/src/worker/parsing/fetch.ts">
          <metrics statements="30" coveredstatements="25" conditionals="11" coveredconditionals="10" methods="9" coveredmethods="7"/>
          <line num="1" count="3" type="stmt"/>
          <line num="2" count="3" type="cond" truecount="3" falsecount="0"/>
          <line num="3" count="80" type="cond" truecount="2" falsecount="0"/>
          <line num="4" count="160" type="stmt"/>
          <line num="5" count="0" type="stmt"/>
          <line num="6" count="240" type="cond" truecount="2" falsecount="0"/>
          <line num="7" count="80" type="cond" truecount="2" falsecount="0"/>
          <line num="10" count="3" type="stmt"/>
          <line num="11" count="3" type="stmt"/>
          <line num="12" count="3" type="stmt"/>
          <line num="13" count="3" type="stmt"/>
          <line num="14" count="3" type="stmt"/>
          <line num="15" count="3" type="stmt"/>
          <line num="16" count="0" type="stmt"/>
          <line num="18" count="3" type="stmt"/>
          <line num="20" count="80" type="stmt"/>
          <line num="21" count="80" type="stmt"/>
          <line num="22" count="80" type="stmt"/>
          <line num="23" count="80" type="stmt"/>
          <line num="24" count="80" type="cond" truecount="1" falsecount="1"/>
          <line num="25" count="0" type="stmt"/>
          <line num="27" count="80" type="stmt"/>
          <line num="28" count="80" type="stmt"/>
          <line num="29" count="80" type="stmt"/>
          <line num="30" count="80" type="stmt"/>
          <line num="31" count="80" type="stmt"/>
          <line num="32" count="80" type="stmt"/>
          <line num="35" count="0" type="stmt"/>
          <line num="36" count="0" type="stmt"/>
          <line num="40" count="3" type="stmt"/>
        </file>
        <file name="fixtures.ts" path="/Users/kushanjoshi/code/open/idly-mono/packages/idly-graph/src/worker/parsing/fixtures.ts">
          <metrics statements="8" coveredstatements="8" conditionals="0" coveredconditionals="0" methods="0" coveredmethods="0"/>
          <line num="1" count="5" type="stmt"/>
          <line num="2" count="5" type="stmt"/>
          <line num="3" count="5" type="stmt"/>
          <line num="10" count="5" type="stmt"/>
          <line num="14" count="5" type="stmt"/>
          <line num="28" count="5" type="stmt"/>
          <line num="55" count="5" type="stmt"/>
          <line num="103" count="5" type="stmt"/>
        </file>
        <file name="nodeToFeature.ts" path="/Users/kushanjoshi/code/open/idly-mono/packages/idly-graph/src/worker/parsing/nodeToFeature.ts">
          <metrics statements="4" coveredstatements="4" conditionals="0" coveredconditionals="0" methods="1" coveredmethods="1"/>
          <line num="1" count="4" type="stmt"/>
          <line num="2" count="4" type="stmt"/>
          <line num="4" count="18" type="stmt"/>
          <line num="14" count="4" type="stmt"/>
        </file>
        <file name="parser.ts" path="/Users/kushanjoshi/code/open/idly-mono/packages/idly-graph/src/worker/parsing/parser.ts">
          <metrics statements="68" coveredstatements="19" conditionals="42" coveredconditionals="2" methods="16" coveredmethods="5"/>
          <line num="1" count="1" type="stmt"/>
          <line num="2" count="1" type="stmt"/>
          <line num="3" count="1" type="stmt"/>
          <line num="4" count="1" type="stmt"/>
          <line num="5" count="1" type="stmt"/>
          <line num="6" count="1" type="stmt"/>
          <line num="7" count="1" type="stmt"/>
          <line num="8" count="1" type="stmt"/>
          <line num="9" count="1" type="stmt"/>
          <line num="10" count="1" type="stmt"/>
          <line num="12" count="5" type="stmt"/>
          <line num="13" count="5" type="stmt"/>
          <line num="14" count="3" type="stmt"/>
          <line num="15" count="3" type="cond" truecount="1" falsecount="0"/>
          <line num="19" count="5" type="stmt"/>
          <line num="21" count="1" type="stmt"/>
          <line num="22" count="1" type="cond" truecount="1" falsecount="1"/>
          <line num="34" count="0" type="cond" truecount="0" falsecount="4"/>
          <line num="35" count="0" type="stmt"/>
          <line num="36" count="0" type="stmt"/>
          <line num="37" count="0" type="cond" truecount="0" falsecount="2"/>
          <line num="39" count="0" type="stmt"/>
          <line num="41" count="0" type="stmt"/>
          <line num="42" count="0" type="stmt"/>
          <line num="43" count="0" type="stmt"/>
          <line num="44" count="0" type="stmt"/>
          <line num="45" count="0" type="stmt"/>
          <line num="46" count="0" type="stmt"/>
          <line num="51" count="0" type="stmt"/>
          <line num="52" count="0" type="stmt"/>
          <line num="53" count="0" type="stmt"/>
          <line num="54" count="0" type="cond" truecount="0" falsecount="2"/>
          <line num="55" count="0" type="stmt"/>
          <line num="57" count="0" type="stmt"/>
          <line num="58" count="0" type="stmt"/>
          <line num="65" count="0" type="stmt"/>
          <line num="66" count="0" type="stmt"/>
          <line num="67" count="0" type="stmt"/>
          <line num="72" count="1" type="stmt"/>
          <line num="74" count="0" type="cond" truecount="0" falsecount="2"/>
          <line num="78" count="0" type="stmt"/>
          <line num="79" count="0" type="stmt"/>
          <line num="80" count="0" type="stmt"/>
          <line num="81" count="0" type="stmt"/>
          <line num="82" count="0" type="stmt"/>
          <line num="88" count="0" type="stmt"/>
          <line num="91" count="0" type="stmt"/>
          <line num="92" count="0" type="stmt"/>
          <line num="93" count="0" type="stmt"/>
          <line num="94" count="0" type="stmt"/>
          <line num="96" count="0" type="stmt"/>
          <line num="99" count="0" type="stmt"/>
          <line num="100" count="0" type="stmt"/>
          <line num="101" count="0" type="stmt"/>
          <line num="102" count="0" type="stmt"/>
          <line num="103" count="0" type="stmt"/>
          <line num="105" count="0" type="stmt"/>
          <line num="108" count="0" type="cond" truecount="0" falsecount="2"/>
          <line num="109" count="0" type="cond" truecount="0" falsecount="2"/>
          <line num="110" count="0" type="stmt"/>
          <line num="112" count="1" type="stmt"/>
          <line num="114" count="0" type="stmt"/>
          <line num="115" count="0" type="stmt"/>
          <line num="116" count="0" type="stmt"/>
          <line num="133" count="0" type="stmt"/>
          <line num="134" count="0" type="stmt"/>
          <line num="151" count="0" type="stmt"/>
          <line num="152" count="0" type="stmt"/>
        </file>
        <file name="wayToFeature.ts" path="/Users/kushanjoshi/code/open/idly-mono/packages/idly-graph/src/worker/parsing/wayToFeature.ts">
          <metrics statements="23" coveredstatements="23" conditionals="8" coveredconditionals="8" methods="4" coveredmethods="4"/>
          <line num="1" count="4" type="stmt"/>
          <line num="2" count="4" type="stmt"/>
          <line num="3" count="4" type="stmt"/>
          <line num="4" count="4" type="stmt"/>
          <line num="5" count="4" type="stmt"/>
          <line num="14" count="12" type="stmt"/>
          <line num="15" count="12" type="cond" truecount="2" falsecount="0"/>
          <line num="16" count="1" type="stmt"/>
          <line num="18" count="11" type="stmt"/>
          <line num="19" count="11" type="stmt"/>
          <line num="21" count="4" type="stmt"/>
          <line num="23" count="15" type="stmt"/>
          <line num="24" count="25" type="cond" truecount="2" falsecount="0"/>
          <line num="25" count="1" type="stmt"/>
          <line num="26" count="24" type="stmt"/>
          <line num="27" count="24" type="stmt"/>
          <line num="30" count="4" type="stmt"/>
          <line num="37" count="17" type="cond" truecount="2" falsecount="0"/>
          <line num="38" count="11" type="stmt"/>
          <line num="40" count="6" type="cond" truecount="2" falsecount="0"/>
          <line num="41" count="3" type="stmt"/>
          <line num="44" count="3" type="stmt"/>
          <line num="47" count="4" type="stmt"/>
        </file>
      </package>
      <package name="worker.store">
        <metrics statements="113" coveredstatements="104" conditionals="22" coveredconditionals="17" methods="40" coveredmethods="37"/>
        <file name="manager.ts" path="/Users/kushanjoshi/code/open/idly-mono/packages/idly-graph/src/worker/store/manager.ts">
          <metrics statements="78" coveredstatements="70" conditionals="18" coveredconditionals="15" methods="27" coveredmethods="25"/>
          <line num="1" count="3" type="stmt"/>
          <line num="2" count="3" type="cond" truecount="3" falsecount="0"/>
          <line num="3" count="12" type="cond" truecount="2" falsecount="0"/>
          <line num="4" count="12" type="stmt"/>
          <line num="5" count="0" type="stmt"/>
          <line num="6" count="24" type="cond" truecount="2" falsecount="0"/>
          <line num="7" count="12" type="cond" truecount="2" falsecount="0"/>
          <line num="10" count="3" type="stmt"/>
          <line num="11" count="3" type="stmt"/>
          <line num="12" count="3" type="stmt"/>
          <line num="13" count="3" type="stmt"/>
          <line num="14" count="3" type="stmt"/>
          <line num="15" count="3" type="stmt"/>
          <line num="16" count="3" type="stmt"/>
          <line num="17" count="3" type="stmt"/>
          <line num="18" count="3" type="stmt"/>
          <line num="19" count="3" type="stmt"/>
          <line num="23" count="4" type="stmt"/>
          <line num="24" count="4" type="stmt"/>
          <line num="25" count="4" type="stmt"/>
          <line num="26" count="4" type="stmt"/>
          <line num="27" count="4" type="cond" truecount="1" falsecount="1"/>
          <line num="28" count="0" type="stmt"/>
          <line num="29" count="0" type="stmt"/>
          <line num="31" count="4" type="stmt"/>
          <line num="32" count="4" type="stmt"/>
          <line num="33" count="4" type="cond" truecount="4" falsecount="1"/>
          <line num="34" count="0" type="stmt"/>
          <line num="35" count="4" type="stmt"/>
          <line num="40" count="4" type="stmt"/>
          <line num="41" count="4" type="stmt"/>
          <line num="42" count="4" type="stmt"/>
          <line num="43" count="4" type="stmt"/>
          <line num="46" count="4" type="stmt"/>
          <line num="47" count="4" type="stmt"/>
          <line num="48" count="6" type="stmt"/>
          <line num="49" count="6" type="stmt"/>
          <line num="52" count="2" type="stmt"/>
          <line num="53" count="2" type="stmt"/>
          <line num="54" count="2" type="stmt"/>
          <line num="55" count="2" type="stmt"/>
          <line num="56" count="2" type="stmt"/>
          <line num="57" count="2" type="stmt"/>
          <line num="61" count="6" type="stmt"/>
          <line num="62" count="6" type="stmt"/>
          <line num="63" count="6" type="stmt"/>
          <line num="64" count="6" type="stmt"/>
          <line num="65" count="6" type="stmt"/>
          <line num="66" count="6" type="stmt"/>
          <line num="67" count="6" type="stmt"/>
          <line num="68" count="24" type="cond" truecount="1" falsecount="1"/>
          <line num="69" count="0" type="stmt"/>
          <line num="72" count="24" type="stmt"/>
          <line num="76" count="6" type="stmt"/>
          <line num="77" count="24" type="stmt"/>
          <line num="79" count="6" type="stmt"/>
          <line num="80" count="6" type="stmt"/>
          <line num="84" count="80" type="stmt"/>
          <line num="87" count="80" type="stmt"/>
          <line num="89" count="80" type="stmt"/>
          <line num="90" count="80" type="stmt"/>
          <line num="93" count="80" type="stmt"/>
          <line num="94" count="80" type="stmt"/>
          <line num="95" count="80" type="stmt"/>
          <line num="96" count="80" type="stmt"/>
          <line num="99" count="0" type="stmt"/>
          <line num="100" count="0" type="stmt"/>
          <line num="104" count="4" type="stmt"/>
          <line num="105" count="4" type="stmt"/>
          <line num="106" count="4" type="stmt"/>
          <line num="107" count="4" type="stmt"/>
          <line num="108" count="4" type="stmt"/>
          <line num="109" count="4" type="stmt"/>
          <line num="110" count="4" type="stmt"/>
          <line num="111" count="4" type="stmt"/>
          <line num="112" count="4" type="stmt"/>
          <line num="115" count="0" type="stmt"/>
          <line num="120" count="3" type="stmt"/>
        </file>
        <file name="rbush.ts" path="/Users/kushanjoshi/code/open/idly-mono/packages/idly-graph/src/worker/store/rbush.ts">
          <metrics statements="10" coveredstatements="10" conditionals="0" coveredconditionals="0" methods="3" coveredmethods="3"/>
          <line num="1" count="3" type="stmt"/>
          <line num="2" count="3" type="stmt"/>
          <line num="3" count="3" type="stmt"/>
          <line num="4" count="3" type="stmt"/>
          <line num="7" count="4" type="stmt"/>
          <line num="10" count="80" type="stmt"/>
          <line num="11" count="80" type="stmt"/>
          <line num="18" count="80" type="stmt"/>
          <line num="23" count="4" type="stmt"/>
          <line num="31" count="3" type="stmt"/>
        </file>
        <file name="tilesCache.ts" path="/Users/kushanjoshi/code/open/idly-mono/packages/idly-graph/src/worker/store/tilesCache.ts">
          <metrics statements="25" coveredstatements="24" conditionals="4" coveredconditionals="2" methods="10" coveredmethods="9"/>
          <line num="1" count="3" type="stmt"/>
          <line num="2" count="3" type="stmt"/>
          <line num="3" count="3" type="stmt"/>
          <line num="4" count="3" type="stmt"/>
          <line num="6" count="3" type="stmt"/>
          <line num="7" count="3" type="stmt"/>
          <line num="10" count="4" type="stmt"/>
          <line num="11" count="4" type="stmt"/>
          <line num="14" count="240" type="stmt"/>
          <line num="17" count="0" type="stmt"/>
          <line num="20" count="80" type="stmt"/>
          <line num="21" count="80" type="stmt"/>
          <line num="24" count="80" type="stmt"/>
          <line num="25" count="80" type="stmt"/>
          <line num="26" count="80" type="stmt"/>
          <line num="29" count="80" type="stmt"/>
          <line num="30" count="80" type="cond" truecount="1" falsecount="1"/>
          <line num="33" count="4" type="cond" truecount="1" falsecount="1"/>
          <line num="34" count="4" type="stmt"/>
          <line num="35" count="80" type="stmt"/>
          <line num="36" count="80" type="stmt"/>
          <line num="37" count="80" type="stmt"/>
          <line num="39" count="4" type="stmt"/>
          <line num="40" count="80" type="stmt"/>
          <line num="43" count="3" type="stmt"/>
        </file>
      </package>
      <package name="worker.util">
        <metrics statements="21" coveredstatements="12" conditionals="8" coveredconditionals="4" methods="4" coveredmethods="2"/>
        <file name="recursiveLookup.ts" path="/Users/kushanjoshi/code/open/idly-mono/packages/idly-graph/src/worker/util/recursiveLookup.ts">
          <metrics statements="21" coveredstatements="12" conditionals="8" coveredconditionals="4" methods="4" coveredmethods="2"/>
          <line num="1" count="3" type="stmt"/>
          <line num="2" count="3" type="stmt"/>
          <line num="3" count="3" type="stmt"/>
          <line num="5" count="6" type="cond" truecount="1" falsecount="1"/>
          <line num="6" count="0" type="stmt"/>
          <line num="7" count="6" type="stmt"/>
          <line num="8" count="6" type="cond" truecount="2" falsecount="0"/>
          <line num="9" count="4" type="stmt"/>
          <line num="11" count="2" type="cond" truecount="1" falsecount="1"/>
          <line num="12" count="4" type="stmt"/>
          <line num="13" count="2" type="stmt"/>
          <line num="14" count="2" type="stmt"/>
          <line num="17" count="0" type="stmt"/>
          <line num="19" count="0" type="cond" truecount="0" falsecount="2"/>
          <line num="20" count="0" type="stmt"/>
          <line num="21" count="0" type="stmt"/>
          <line num="23" count="0" type="stmt"/>
          <line num="25" count="0" type="stmt"/>
          <line num="26" count="0" type="stmt"/>
          <line num="27" count="0" type="stmt"/>
          <line num="30" count="3" type="stmt"/>
        </file>
      </package>
    </metrics>
  </project>
</coverage>
