{"/Users/kushanjoshi/code/open/idly-mono/packages/idly-graph/src/graph/Tree.ts": {"path":"/Users/kushanjoshi/code/open/idly-mono/packages/idly-graph/src/graph/Tree.ts","statementMap":{"0":{"start":{"line":1,"column":13},"end":{"line":1,"column":42}},"1":{"start":{"line":1,"column":42},"end":{"line":1,"column":55}},"2":{"start":{"line":2,"column":0},"end":{"line":2,"column":62}},"3":{"start":{"line":3,"column":20},"end":{"line":3,"column":61}},"4":{"start":{"line":4,"column":24},"end":{"line":4,"column":68}},"5":{"start":{"line":5,"column":25},"end":{"line":5,"column":70}},"6":{"start":{"line":6,"column":32},"end":{"line":6,"column":84}},"7":{"start":{"line":7,"column":30},"end":{"line":7,"column":68}},"8":{"start":{"line":8,"column":20},"end":{"line":8,"column":37}},"9":{"start":{"line":17,"column":51},"end":{"line":17,"column":67}},"10":{"start":{"line":18,"column":8},"end":{"line":20,"column":9}},"11":{"start":{"line":19,"column":12},"end":{"line":19,"column":87}},"12":{"start":{"line":21,"column":22},"end":{"line":21,"column":98}},"13":{"start":{"line":22,"column":8},"end":{"line":22,"column":91}},"14":{"start":{"line":25,"column":8},"end":{"line":27,"column":9}},"15":{"start":{"line":26,"column":12},"end":{"line":26,"column":44}},"16":{"start":{"line":28,"column":8},"end":{"line":28,"column":59}},"17":{"start":{"line":31,"column":25},"end":{"line":31,"column":65}},"18":{"start":{"line":31,"column":59},"end":{"line":31,"column":63}},"19":{"start":{"line":32,"column":28},"end":{"line":32,"column":67}},"20":{"start":{"line":33,"column":8},"end":{"line":33,"column":47}},"21":{"start":{"line":37,"column":8},"end":{"line":37,"column":38}},"22":{"start":{"line":38,"column":8},"end":{"line":38,"column":34}},"23":{"start":{"line":39,"column":8},"end":{"line":39,"column":40}},"24":{"start":{"line":40,"column":8},"end":{"line":40,"column":94}},"25":{"start":{"line":44,"column":20},"end":{"line":48,"column":9}},"26":{"start":{"line":49,"column":8},"end":{"line":49,"column":19}},"27":{"start":{"line":52,"column":8},"end":{"line":57,"column":10}},"28":{"start":{"line":60,"column":8},"end":{"line":62,"column":9}},"29":{"start":{"line":61,"column":12},"end":{"line":61,"column":24}},"30":{"start":{"line":63,"column":8},"end":{"line":66,"column":55}},"31":{"start":{"line":69,"column":8},"end":{"line":69,"column":38}},"32":{"start":{"line":72,"column":8},"end":{"line":74,"column":9}},"33":{"start":{"line":73,"column":12},"end":{"line":73,"column":19}},"34":{"start":{"line":75,"column":8},"end":{"line":75,"column":41}},"35":{"start":{"line":78,"column":8},"end":{"line":78,"column":41}},"36":{"start":{"line":81,"column":8},"end":{"line":83,"column":9}},"37":{"start":{"line":82,"column":12},"end":{"line":82,"column":19}},"38":{"start":{"line":84,"column":26},"end":{"line":84,"column":50}},"39":{"start":{"line":85,"column":8},"end":{"line":87,"column":9}},"40":{"start":{"line":86,"column":12},"end":{"line":86,"column":19}},"41":{"start":{"line":88,"column":23},"end":{"line":88,"column":42}},"42":{"start":{"line":89,"column":8},"end":{"line":91,"column":28}},"43":{"start":{"line":90,"column":26},"end":{"line":90,"column":53}},"44":{"start":{"line":91,"column":25},"end":{"line":91,"column":26}},"45":{"start":{"line":94,"column":26},"end":{"line":94,"column":50}},"46":{"start":{"line":95,"column":8},"end":{"line":97,"column":9}},"47":{"start":{"line":96,"column":12},"end":{"line":96,"column":31}},"48":{"start":{"line":98,"column":8},"end":{"line":98,"column":35}},"49":{"start":{"line":101,"column":8},"end":{"line":103,"column":9}},"50":{"start":{"line":102,"column":12},"end":{"line":102,"column":25}},"51":{"start":{"line":104,"column":20},"end":{"line":104,"column":44}},"52":{"start":{"line":105,"column":8},"end":{"line":105,"column":42}},"53":{"start":{"line":108,"column":22},"end":{"line":108,"column":82}},"54":{"start":{"line":109,"column":20},"end":{"line":109,"column":62}},"55":{"start":{"line":109,"column":56},"end":{"line":109,"column":60}},"56":{"start":{"line":110,"column":25},"end":{"line":110,"column":50}},"57":{"start":{"line":111,"column":27},"end":{"line":111,"column":57}},"58":{"start":{"line":112,"column":8},"end":{"line":112,"column":53}},"59":{"start":{"line":115,"column":8},"end":{"line":115,"column":45}},"60":{"start":{"line":118,"column":22},"end":{"line":118,"column":78}},"61":{"start":{"line":119,"column":27},"end":{"line":119,"column":55}},"62":{"start":{"line":120,"column":25},"end":{"line":120,"column":60}},"63":{"start":{"line":121,"column":8},"end":{"line":121,"column":53}},"64":{"start":{"line":124,"column":8},"end":{"line":126,"column":9}},"65":{"start":{"line":125,"column":12},"end":{"line":125,"column":24}},"66":{"start":{"line":129,"column":8},"end":{"line":129,"column":133}},"67":{"start":{"line":132,"column":8},"end":{"line":132,"column":40}},"68":{"start":{"line":135,"column":8},"end":{"line":135,"column":42}},"69":{"start":{"line":138,"column":54},"end":{"line":138,"column":69}},"70":{"start":{"line":139,"column":8},"end":{"line":139,"column":130}},"71":{"start":{"line":142,"column":0},"end":{"line":142,"column":20}}},"fnMap":{"0":{"name":"(anonymous_0)","decl":{"start":{"line":16,"column":4},"end":{"line":16,"column":5}},"loc":{"start":{"line":16,"column":28},"end":{"line":23,"column":5}},"line":16},"1":{"name":"(anonymous_1)","decl":{"start":{"line":24,"column":4},"end":{"line":24,"column":5}},"loc":{"start":{"line":24,"column":62},"end":{"line":29,"column":5}},"line":24},"2":{"name":"(anonymous_2)","decl":{"start":{"line":30,"column":4},"end":{"line":30,"column":5}},"loc":{"start":{"line":30,"column":32},"end":{"line":34,"column":5}},"line":30},"3":{"name":"(anonymous_3)","decl":{"start":{"line":31,"column":54},"end":{"line":31,"column":55}},"loc":{"start":{"line":31,"column":59},"end":{"line":31,"column":63}},"line":31},"4":{"name":"(anonymous_4)","decl":{"start":{"line":35,"column":4},"end":{"line":35,"column":5}},"loc":{"start":{"line":35,"column":73},"end":{"line":42,"column":5}},"line":35},"5":{"name":"(anonymous_5)","decl":{"start":{"line":43,"column":4},"end":{"line":43,"column":5}},"loc":{"start":{"line":43,"column":11},"end":{"line":50,"column":5}},"line":43},"6":{"name":"(anonymous_6)","decl":{"start":{"line":51,"column":4},"end":{"line":51,"column":5}},"loc":{"start":{"line":51,"column":15},"end":{"line":58,"column":5}},"line":51},"7":{"name":"(anonymous_7)","decl":{"start":{"line":59,"column":4},"end":{"line":59,"column":5}},"loc":{"start":{"line":59,"column":18},"end":{"line":67,"column":5}},"line":59},"8":{"name":"(anonymous_8)","decl":{"start":{"line":68,"column":4},"end":{"line":68,"column":5}},"loc":{"start":{"line":68,"column":11},"end":{"line":70,"column":5}},"line":68},"9":{"name":"(anonymous_9)","decl":{"start":{"line":71,"column":4},"end":{"line":71,"column":5}},"loc":{"start":{"line":71,"column":15},"end":{"line":76,"column":5}},"line":71},"10":{"name":"(anonymous_10)","decl":{"start":{"line":77,"column":4},"end":{"line":77,"column":5}},"loc":{"start":{"line":77,"column":24},"end":{"line":79,"column":5}},"line":77},"11":{"name":"(anonymous_11)","decl":{"start":{"line":80,"column":4},"end":{"line":80,"column":5}},"loc":{"start":{"line":80,"column":21},"end":{"line":92,"column":5}},"line":80},"12":{"name":"(anonymous_12)","decl":{"start":{"line":90,"column":17},"end":{"line":90,"column":18}},"loc":{"start":{"line":90,"column":26},"end":{"line":90,"column":53}},"line":90},"13":{"name":"(anonymous_13)","decl":{"start":{"line":91,"column":20},"end":{"line":91,"column":21}},"loc":{"start":{"line":91,"column":25},"end":{"line":91,"column":26}},"line":91},"14":{"name":"(anonymous_14)","decl":{"start":{"line":93,"column":4},"end":{"line":93,"column":5}},"loc":{"start":{"line":93,"column":24},"end":{"line":99,"column":5}},"line":93},"15":{"name":"(anonymous_15)","decl":{"start":{"line":100,"column":4},"end":{"line":100,"column":5}},"loc":{"start":{"line":100,"column":21},"end":{"line":106,"column":5}},"line":100},"16":{"name":"(anonymous_16)","decl":{"start":{"line":107,"column":4},"end":{"line":107,"column":5}},"loc":{"start":{"line":107,"column":29},"end":{"line":113,"column":5}},"line":107},"17":{"name":"(anonymous_17)","decl":{"start":{"line":109,"column":51},"end":{"line":109,"column":52}},"loc":{"start":{"line":109,"column":56},"end":{"line":109,"column":60}},"line":109},"18":{"name":"(anonymous_18)","decl":{"start":{"line":114,"column":4},"end":{"line":114,"column":5}},"loc":{"start":{"line":114,"column":26},"end":{"line":116,"column":5}},"line":114},"19":{"name":"(anonymous_19)","decl":{"start":{"line":117,"column":4},"end":{"line":117,"column":5}},"loc":{"start":{"line":117,"column":30},"end":{"line":122,"column":5}},"line":117},"20":{"name":"(anonymous_20)","decl":{"start":{"line":123,"column":4},"end":{"line":123,"column":5}},"loc":{"start":{"line":123,"column":20},"end":{"line":130,"column":5}},"line":123},"21":{"name":"(anonymous_21)","decl":{"start":{"line":131,"column":4},"end":{"line":131,"column":5}},"loc":{"start":{"line":131,"column":18},"end":{"line":133,"column":5}},"line":131},"22":{"name":"(anonymous_22)","decl":{"start":{"line":134,"column":4},"end":{"line":134,"column":5}},"loc":{"start":{"line":134,"column":20},"end":{"line":136,"column":5}},"line":134},"23":{"name":"(anonymous_23)","decl":{"start":{"line":137,"column":4},"end":{"line":137,"column":5}},"loc":{"start":{"line":137,"column":16},"end":{"line":140,"column":5}},"line":137}},"branchMap":{"0":{"loc":{"start":{"line":18,"column":8},"end":{"line":20,"column":9}},"type":"if","locations":[{"start":{"line":18,"column":8},"end":{"line":20,"column":9}},{"start":{"line":18,"column":8},"end":{"line":20,"column":9}}],"line":18},"1":{"loc":{"start":{"line":18,"column":12},"end":{"line":18,"column":49}},"type":"binary-expr","locations":[{"start":{"line":18,"column":12},"end":{"line":18,"column":21}},{"start":{"line":18,"column":25},"end":{"line":18,"column":34}},{"start":{"line":18,"column":38},"end":{"line":18,"column":49}}],"line":18},"2":{"loc":{"start":{"line":25,"column":8},"end":{"line":27,"column":9}},"type":"if","locations":[{"start":{"line":25,"column":8},"end":{"line":27,"column":9}},{"start":{"line":25,"column":8},"end":{"line":27,"column":9}}],"line":25},"3":{"loc":{"start":{"line":25,"column":12},"end":{"line":25,"column":52}},"type":"binary-expr","locations":[{"start":{"line":25,"column":12},"end":{"line":25,"column":21}},{"start":{"line":25,"column":25},"end":{"line":25,"column":37}},{"start":{"line":25,"column":41},"end":{"line":25,"column":52}}],"line":25},"4":{"loc":{"start":{"line":35,"column":39},"end":{"line":35,"column":71}},"type":"default-arg","locations":[{"start":{"line":35,"column":52},"end":{"line":35,"column":71}}],"line":35},"5":{"loc":{"start":{"line":60,"column":8},"end":{"line":62,"column":9}},"type":"if","locations":[{"start":{"line":60,"column":8},"end":{"line":62,"column":9}},{"start":{"line":60,"column":8},"end":{"line":62,"column":9}}],"line":60},"6":{"loc":{"start":{"line":63,"column":16},"end":{"line":66,"column":53}},"type":"binary-expr","locations":[{"start":{"line":63,"column":16},"end":{"line":63,"column":53}},{"start":{"line":64,"column":12},"end":{"line":64,"column":53}},{"start":{"line":65,"column":12},"end":{"line":65,"column":55}},{"start":{"line":66,"column":12},"end":{"line":66,"column":53}}],"line":63},"7":{"loc":{"start":{"line":72,"column":8},"end":{"line":74,"column":9}},"type":"if","locations":[{"start":{"line":72,"column":8},"end":{"line":74,"column":9}},{"start":{"line":72,"column":8},"end":{"line":74,"column":9}}],"line":72},"8":{"loc":{"start":{"line":72,"column":12},"end":{"line":72,"column":63}},"type":"binary-expr","locations":[{"start":{"line":72,"column":12},"end":{"line":72,"column":35}},{"start":{"line":72,"column":39},"end":{"line":72,"column":63}}],"line":72},"9":{"loc":{"start":{"line":81,"column":8},"end":{"line":83,"column":9}},"type":"if","locations":[{"start":{"line":81,"column":8},"end":{"line":83,"column":9}},{"start":{"line":81,"column":8},"end":{"line":83,"column":9}}],"line":81},"10":{"loc":{"start":{"line":81,"column":12},"end":{"line":81,"column":63}},"type":"binary-expr","locations":[{"start":{"line":81,"column":12},"end":{"line":81,"column":35}},{"start":{"line":81,"column":39},"end":{"line":81,"column":63}}],"line":81},"11":{"loc":{"start":{"line":85,"column":8},"end":{"line":87,"column":9}},"type":"if","locations":[{"start":{"line":85,"column":8},"end":{"line":87,"column":9}},{"start":{"line":85,"column":8},"end":{"line":87,"column":9}}],"line":85},"12":{"loc":{"start":{"line":95,"column":8},"end":{"line":97,"column":9}},"type":"if","locations":[{"start":{"line":95,"column":8},"end":{"line":97,"column":9}},{"start":{"line":95,"column":8},"end":{"line":97,"column":9}}],"line":95},"13":{"loc":{"start":{"line":95,"column":12},"end":{"line":95,"column":49}},"type":"binary-expr","locations":[{"start":{"line":95,"column":12},"end":{"line":95,"column":35}},{"start":{"line":95,"column":39},"end":{"line":95,"column":49}}],"line":95},"14":{"loc":{"start":{"line":101,"column":8},"end":{"line":103,"column":9}},"type":"if","locations":[{"start":{"line":101,"column":8},"end":{"line":103,"column":9}},{"start":{"line":101,"column":8},"end":{"line":103,"column":9}}],"line":101},"15":{"loc":{"start":{"line":105,"column":15},"end":{"line":105,"column":41}},"type":"cond-expr","locations":[{"start":{"line":105,"column":21},"end":{"line":105,"column":33}},{"start":{"line":105,"column":36},"end":{"line":105,"column":41}}],"line":105},"16":{"loc":{"start":{"line":124,"column":8},"end":{"line":126,"column":9}},"type":"if","locations":[{"start":{"line":124,"column":8},"end":{"line":126,"column":9}},{"start":{"line":124,"column":8},"end":{"line":126,"column":9}}],"line":124},"17":{"loc":{"start":{"line":124,"column":12},"end":{"line":124,"column":65}},"type":"binary-expr","locations":[{"start":{"line":124,"column":12},"end":{"line":124,"column":19}},{"start":{"line":124,"column":23},"end":{"line":124,"column":65}}],"line":124}},"s":{"0":4,"1":4,"2":4,"3":4,"4":4,"5":4,"6":4,"7":4,"8":4,"9":2,"10":2,"11":0,"12":2,"13":2,"14":2,"15":0,"16":2,"17":6,"18":7,"19":6,"20":6,"21":11,"22":11,"23":11,"24":11,"25":2,"26":2,"27":1,"28":4,"29":1,"30":3,"31":0,"32":0,"33":0,"34":0,"35":0,"36":0,"37":0,"38":0,"39":0,"40":0,"41":0,"42":0,"43":0,"44":0,"45":0,"46":0,"47":0,"48":0,"49":0,"50":0,"51":0,"52":0,"53":0,"54":0,"55":0,"56":0,"57":0,"58":0,"59":0,"60":0,"61":0,"62":0,"63":0,"64":0,"65":0,"66":0,"67":0,"68":0,"69":1,"70":1,"71":4},"f":{"0":2,"1":2,"2":6,"3":7,"4":11,"5":2,"6":1,"7":4,"8":0,"9":0,"10":0,"11":0,"12":0,"13":0,"14":0,"15":0,"16":0,"17":0,"18":0,"19":0,"20":0,"21":0,"22":0,"23":1},"b":{"0":[0,2],"1":[2,2,2],"2":[0,2],"3":[2,2,2],"4":[6],"5":[1,3],"6":[3,2,2,2],"7":[0,0],"8":[0,0],"9":[0,0],"10":[0,0],"11":[0,0],"12":[0,0],"13":[0,0],"14":[0,0],"15":[0,0],"16":[0,0],"17":[0,0]},"_coverageSchema":"332fd63041d2c1bcb487cc26dd0d5f7d97098a6c","hash":"ee1c668855c8f0b771f228d52a3d5bf72ac9d305"}
,"/Users/kushanjoshi/code/open/idly-mono/packages/idly-graph/src/misc/PromiseWorkerStub.ts": {"path":"/Users/kushanjoshi/code/open/idly-mono/packages/idly-graph/src/misc/PromiseWorkerStub.ts","statementMap":{"0":{"start":{"line":1,"column":13},"end":{"line":1,"column":42}},"1":{"start":{"line":1,"column":42},"end":{"line":1,"column":55}},"2":{"start":{"line":2,"column":0},"end":{"line":2,"column":62}},"3":{"start":{"line":5,"column":8},"end":{"line":5,"column":34}},"4":{"start":{"line":9,"column":18},"end":{"line":9,"column":50}},"5":{"start":{"line":10,"column":8},"end":{"line":12,"column":9}},"6":{"start":{"line":11,"column":12},"end":{"line":11,"column":41}},"7":{"start":{"line":13,"column":8},"end":{"line":15,"column":9}},"8":{"start":{"line":14,"column":12},"end":{"line":14,"column":44}},"9":{"start":{"line":16,"column":8},"end":{"line":16,"column":33}},"10":{"start":{"line":19,"column":0},"end":{"line":19,"column":46}}},"fnMap":{"0":{"name":"(anonymous_0)","decl":{"start":{"line":4,"column":4},"end":{"line":4,"column":5}},"loc":{"start":{"line":4,"column":36},"end":{"line":6,"column":5}},"line":4},"1":{"name":"(anonymous_1)","decl":{"start":{"line":8,"column":4},"end":{"line":8,"column":5}},"loc":{"start":{"line":8,"column":22},"end":{"line":17,"column":5}},"line":8}},"branchMap":{"0":{"loc":{"start":{"line":10,"column":8},"end":{"line":12,"column":9}},"type":"if","locations":[{"start":{"line":10,"column":8},"end":{"line":12,"column":9}},{"start":{"line":10,"column":8},"end":{"line":12,"column":9}}],"line":10},"1":{"loc":{"start":{"line":13,"column":8},"end":{"line":15,"column":9}},"type":"if","locations":[{"start":{"line":13,"column":8},"end":{"line":15,"column":9}},{"start":{"line":13,"column":8},"end":{"line":15,"column":9}}],"line":13}},"s":{"0":4,"1":4,"2":4,"3":8,"4":12,"5":12,"6":0,"7":12,"8":0,"9":12,"10":4},"f":{"0":8,"1":12},"b":{"0":[0,12],"1":[0,12]},"_coverageSchema":"332fd63041d2c1bcb487cc26dd0d5f7d97098a6c","hash":"7a5edba5d5728dab6b18d1b6d2e9ce701780a3c6"}
,"/Users/kushanjoshi/code/open/idly-mono/packages/idly-graph/src/misc/calculateParentWays.ts": {"path":"/Users/kushanjoshi/code/open/idly-mono/packages/idly-graph/src/misc/calculateParentWays.ts","statementMap":{"0":{"start":{"line":1,"column":13},"end":{"line":1,"column":42}},"1":{"start":{"line":1,"column":42},"end":{"line":1,"column":55}},"2":{"start":{"line":2,"column":0},"end":{"line":2,"column":62}},"3":{"start":{"line":3,"column":20},"end":{"line":3,"column":61}},"4":{"start":{"line":4,"column":21},"end":{"line":4,"column":62}},"5":{"start":{"line":6,"column":4},"end":{"line":17,"column":7}},"6":{"start":{"line":7,"column":8},"end":{"line":16,"column":11}},"7":{"start":{"line":8,"column":12},"end":{"line":10,"column":13}},"8":{"start":{"line":9,"column":16},"end":{"line":9,"column":23}},"9":{"start":{"line":11,"column":12},"end":{"line":15,"column":15}},"10":{"start":{"line":13,"column":16},"end":{"line":13,"column":75}},"11":{"start":{"line":13,"column":62},"end":{"line":13,"column":73}},"12":{"start":{"line":19,"column":0},"end":{"line":19,"column":50}}},"fnMap":{"0":{"name":"calculateParentWays","decl":{"start":{"line":5,"column":9},"end":{"line":5,"column":28}},"loc":{"start":{"line":5,"column":110},"end":{"line":18,"column":1}},"line":5},"1":{"name":"(anonymous_1)","decl":{"start":{"line":6,"column":36},"end":{"line":6,"column":37}},"loc":{"start":{"line":6,"column":41},"end":{"line":17,"column":5}},"line":6},"2":{"name":"(anonymous_2)","decl":{"start":{"line":7,"column":28},"end":{"line":7,"column":29}},"loc":{"start":{"line":7,"column":33},"end":{"line":16,"column":9}},"line":7},"3":{"name":"(anonymous_3)","decl":{"start":{"line":11,"column":28},"end":{"line":11,"column":29}},"loc":{"start":{"line":11,"column":38},"end":{"line":15,"column":13}},"line":11},"4":{"name":"(anonymous_4)","decl":{"start":{"line":13,"column":33},"end":{"line":13,"column":34}},"loc":{"start":{"line":13,"column":62},"end":{"line":13,"column":73}},"line":13}},"branchMap":{"0":{"loc":{"start":{"line":5,"column":42},"end":{"line":5,"column":74}},"type":"default-arg","locations":[{"start":{"line":5,"column":55},"end":{"line":5,"column":74}}],"line":5},"1":{"loc":{"start":{"line":5,"column":76},"end":{"line":5,"column":108}},"type":"default-arg","locations":[{"start":{"line":5,"column":89},"end":{"line":5,"column":108}}],"line":5},"2":{"loc":{"start":{"line":8,"column":12},"end":{"line":10,"column":13}},"type":"if","locations":[{"start":{"line":8,"column":12},"end":{"line":10,"column":13}},{"start":{"line":8,"column":12},"end":{"line":10,"column":13}}],"line":8},"3":{"loc":{"start":{"line":8,"column":16},"end":{"line":8,"column":84}},"type":"binary-expr","locations":[{"start":{"line":8,"column":16},"end":{"line":8,"column":18}},{"start":{"line":8,"column":22},"end":{"line":8,"column":60}},{"start":{"line":8,"column":64},"end":{"line":8,"column":84}}],"line":8},"4":{"loc":{"start":{"line":13,"column":34},"end":{"line":13,"column":57}},"type":"default-arg","locations":[{"start":{"line":13,"column":38},"end":{"line":13,"column":57}}],"line":13}},"s":{"0":4,"1":4,"2":4,"3":4,"4":4,"5":11,"6":11,"7":17,"8":15,"9":2,"10":4,"11":4,"12":4},"f":{"0":11,"1":11,"2":17,"3":4,"4":4},"b":{"0":[0],"1":[11],"2":[15,2],"3":[17,17,2],"4":[4]},"_coverageSchema":"332fd63041d2c1bcb487cc26dd0d5f7d97098a6c","hash":"e08354b0934ec7cb935943be7c66e5df987e2383"}
,"/Users/kushanjoshi/code/open/idly-mono/packages/idly-graph/src/misc/channelBuilder.ts": {"path":"/Users/kushanjoshi/code/open/idly-mono/packages/idly-graph/src/misc/channelBuilder.ts","statementMap":{"0":{"start":{"line":1,"column":13},"end":{"line":1,"column":42}},"1":{"start":{"line":1,"column":42},"end":{"line":1,"column":55}},"2":{"start":{"line":2,"column":0},"end":{"line":2,"column":62}},"3":{"start":{"line":10,"column":4},"end":{"line":21,"column":6}},"4":{"start":{"line":11,"column":8},"end":{"line":20,"column":10}},"5":{"start":{"line":12,"column":27},"end":{"line":15,"column":13}},"6":{"start":{"line":16,"column":12},"end":{"line":19,"column":15}},"7":{"start":{"line":17,"column":16},"end":{"line":17,"column":39}},"8":{"start":{"line":18,"column":16},"end":{"line":18,"column":49}},"9":{"start":{"line":23,"column":0},"end":{"line":23,"column":40}}},"fnMap":{"0":{"name":"channelBuilder","decl":{"start":{"line":9,"column":9},"end":{"line":9,"column":23}},"loc":{"start":{"line":9,"column":39},"end":{"line":22,"column":1}},"line":9},"1":{"name":"(anonymous_1)","decl":{"start":{"line":10,"column":11},"end":{"line":10,"column":12}},"loc":{"start":{"line":10,"column":19},"end":{"line":21,"column":5}},"line":10},"2":{"name":"(anonymous_2)","decl":{"start":{"line":11,"column":15},"end":{"line":11,"column":16}},"loc":{"start":{"line":11,"column":26},"end":{"line":20,"column":9}},"line":11},"3":{"name":"(anonymous_3)","decl":{"start":{"line":16,"column":59},"end":{"line":16,"column":60}},"loc":{"start":{"line":16,"column":66},"end":{"line":19,"column":13}},"line":16}},"branchMap":{},"s":{"0":3,"1":3,"2":3,"3":8,"4":8,"5":8,"6":8,"7":0,"8":0,"9":3},"f":{"0":8,"1":8,"2":8,"3":0},"b":{},"_coverageSchema":"332fd63041d2c1bcb487cc26dd0d5f7d97098a6c","hash":"b7cf67115be83f671160bcd5caf9caa54d7db1df"}
,"/Users/kushanjoshi/code/open/idly-mono/packages/idly-graph/src/misc/pluginsStub.ts": {"path":"/Users/kushanjoshi/code/open/idly-mono/packages/idly-graph/src/misc/pluginsStub.ts","statementMap":{"0":{"start":{"line":1,"column":13},"end":{"line":1,"column":42}},"1":{"start":{"line":1,"column":42},"end":{"line":1,"column":55}},"2":{"start":{"line":2,"column":0},"end":{"line":2,"column":62}},"3":{"start":{"line":6,"column":4},"end":{"line":20,"column":7}},"4":{"start":{"line":12,"column":30},"end":{"line":12,"column":39}},"5":{"start":{"line":13,"column":20},"end":{"line":15,"column":23}},"6":{"start":{"line":14,"column":24},"end":{"line":14,"column":43}},"7":{"start":{"line":16,"column":20},"end":{"line":16,"column":29}},"8":{"start":{"line":22,"column":0},"end":{"line":22,"column":34}}},"fnMap":{"0":{"name":"pluginsStub","decl":{"start":{"line":3,"column":9},"end":{"line":3,"column":20}},"loc":{"start":{"line":5,"column":7},"end":{"line":21,"column":1}},"line":5},"1":{"name":"(anonymous_1)","decl":{"start":{"line":11,"column":24},"end":{"line":11,"column":25}},"loc":{"start":{"line":11,"column":41},"end":{"line":17,"column":17}},"line":11},"2":{"name":"(anonymous_2)","decl":{"start":{"line":13,"column":40},"end":{"line":13,"column":41}},"loc":{"start":{"line":13,"column":50},"end":{"line":15,"column":21}},"line":13}},"branchMap":{"0":{"loc":{"start":{"line":3,"column":21},"end":{"line":5,"column":5}},"type":"default-arg","locations":[{"start":{"line":3,"column":32},"end":{"line":5,"column":5}}],"line":3}},"s":{"0":3,"1":3,"2":3,"3":4,"4":6,"5":6,"6":24,"7":6,"8":3},"f":{"0":4,"1":6,"2":24},"b":{"0":[4]},"_coverageSchema":"332fd63041d2c1bcb487cc26dd0d5f7d97098a6c","hash":"701f52634c8765845ed036b3a54206b1045cdfe1"}
,"/Users/kushanjoshi/code/open/idly-mono/packages/idly-graph/src/operations/fetchEntities.ts": {"path":"/Users/kushanjoshi/code/open/idly-mono/packages/idly-graph/src/operations/fetchEntities.ts","statementMap":{"0":{"start":{"line":1,"column":13},"end":{"line":1,"column":42}},"1":{"start":{"line":1,"column":42},"end":{"line":1,"column":55}},"2":{"start":{"line":2,"column":16},"end":{"line":9,"column":1}},"3":{"start":{"line":3,"column":4},"end":{"line":8,"column":7}},"4":{"start":{"line":4,"column":36},"end":{"line":4,"column":97}},"5":{"start":{"line":4,"column":42},"end":{"line":4,"column":70}},"6":{"start":{"line":4,"column":85},"end":{"line":4,"column":95}},"7":{"start":{"line":5,"column":35},"end":{"line":5,"column":100}},"8":{"start":{"line":5,"column":41},"end":{"line":5,"column":73}},"9":{"start":{"line":5,"column":88},"end":{"line":5,"column":98}},"10":{"start":{"line":6,"column":32},"end":{"line":6,"column":149}},"11":{"start":{"line":6,"column":97},"end":{"line":6,"column":119}},"12":{"start":{"line":7,"column":8},"end":{"line":7,"column":78}},"13":{"start":{"line":10,"column":0},"end":{"line":10,"column":62}},"14":{"start":{"line":11,"column":20},"end":{"line":11,"column":61}},"15":{"start":{"line":12,"column":15},"end":{"line":12,"column":39}},"16":{"start":{"line":13,"column":25},"end":{"line":13,"column":58}},"17":{"start":{"line":14,"column":16},"end":{"line":14,"column":34}},"18":{"start":{"line":17,"column":20},"end":{"line":17,"column":99}},"19":{"start":{"line":18,"column":4},"end":{"line":22,"column":7}},"20":{"start":{"line":18,"column":24},"end":{"line":22,"column":6}},"21":{"start":{"line":19,"column":21},"end":{"line":19,"column":43}},"22":{"start":{"line":20,"column":27},"end":{"line":20,"column":55}},"23":{"start":{"line":21,"column":8},"end":{"line":21,"column":26}},"24":{"start":{"line":24,"column":0},"end":{"line":24,"column":38}},"25":{"start":{"line":27,"column":4},"end":{"line":35,"column":7}},"26":{"start":{"line":27,"column":30},"end":{"line":35,"column":6}},"27":{"start":{"line":28,"column":25},"end":{"line":28,"column":82}},"28":{"start":{"line":28,"column":72},"end":{"line":28,"column":81}},"29":{"start":{"line":29,"column":25},"end":{"line":33,"column":10}},"30":{"start":{"line":34,"column":8},"end":{"line":34,"column":47}},"31":{"start":{"line":37,"column":0},"end":{"line":37,"column":50}}},"fnMap":{"0":{"name":"(anonymous_0)","decl":{"start":{"line":2,"column":44},"end":{"line":2,"column":45}},"loc":{"start":{"line":2,"column":89},"end":{"line":9,"column":1}},"line":2},"1":{"name":"(anonymous_1)","decl":{"start":{"line":3,"column":36},"end":{"line":3,"column":37}},"loc":{"start":{"line":3,"column":63},"end":{"line":8,"column":5}},"line":3},"2":{"name":"fulfilled","decl":{"start":{"line":4,"column":17},"end":{"line":4,"column":26}},"loc":{"start":{"line":4,"column":34},"end":{"line":4,"column":99}},"line":4},"3":{"name":"rejected","decl":{"start":{"line":5,"column":17},"end":{"line":5,"column":25}},"loc":{"start":{"line":5,"column":33},"end":{"line":5,"column":102}},"line":5},"4":{"name":"step","decl":{"start":{"line":6,"column":17},"end":{"line":6,"column":21}},"loc":{"start":{"line":6,"column":30},"end":{"line":6,"column":151}},"line":6},"5":{"name":"(anonymous_5)","decl":{"start":{"line":6,"column":76},"end":{"line":6,"column":77}},"loc":{"start":{"line":6,"column":95},"end":{"line":6,"column":121}},"line":6},"6":{"name":"fetchEntities","decl":{"start":{"line":16,"column":9},"end":{"line":16,"column":22}},"loc":{"start":{"line":16,"column":34},"end":{"line":23,"column":1}},"line":16},"7":{"name":"(anonymous_7)","decl":{"start":{"line":18,"column":11},"end":{"line":18,"column":12}},"loc":{"start":{"line":18,"column":24},"end":{"line":22,"column":6}},"line":18},"8":{"name":"(anonymous_8)","decl":{"start":{"line":18,"column":56},"end":{"line":18,"column":57}},"loc":{"start":{"line":18,"column":69},"end":{"line":22,"column":5}},"line":18},"9":{"name":"workerFetchEntities","decl":{"start":{"line":26,"column":9},"end":{"line":26,"column":28}},"loc":{"start":{"line":26,"column":38},"end":{"line":36,"column":1}},"line":26},"10":{"name":"(anonymous_10)","decl":{"start":{"line":27,"column":11},"end":{"line":27,"column":12}},"loc":{"start":{"line":27,"column":30},"end":{"line":35,"column":6}},"line":27},"11":{"name":"(anonymous_11)","decl":{"start":{"line":27,"column":62},"end":{"line":27,"column":63}},"loc":{"start":{"line":27,"column":75},"end":{"line":35,"column":5}},"line":27},"12":{"name":"(anonymous_12)","decl":{"start":{"line":28,"column":67},"end":{"line":28,"column":68}},"loc":{"start":{"line":28,"column":72},"end":{"line":28,"column":81}},"line":28}},"branchMap":{"0":{"loc":{"start":{"line":2,"column":16},"end":{"line":9,"column":1}},"type":"binary-expr","locations":[{"start":{"line":2,"column":17},"end":{"line":2,"column":21}},{"start":{"line":2,"column":25},"end":{"line":2,"column":39}},{"start":{"line":2,"column":44},"end":{"line":9,"column":1}}],"line":2},"1":{"loc":{"start":{"line":3,"column":16},"end":{"line":3,"column":34}},"type":"binary-expr","locations":[{"start":{"line":3,"column":16},"end":{"line":3,"column":17}},{"start":{"line":3,"column":22},"end":{"line":3,"column":33}}],"line":3},"2":{"loc":{"start":{"line":6,"column":32},"end":{"line":6,"column":148}},"type":"cond-expr","locations":[{"start":{"line":6,"column":46},"end":{"line":6,"column":67}},{"start":{"line":6,"column":70},"end":{"line":6,"column":148}}],"line":6},"3":{"loc":{"start":{"line":7,"column":51},"end":{"line":7,"column":67}},"type":"binary-expr","locations":[{"start":{"line":7,"column":51},"end":{"line":7,"column":61}},{"start":{"line":7,"column":65},"end":{"line":7,"column":67}}],"line":7}},"s":{"0":3,"1":3,"2":3,"3":4,"4":4,"5":4,"6":0,"7":0,"8":0,"9":0,"10":8,"11":4,"12":4,"13":3,"14":3,"15":3,"16":3,"17":3,"18":2,"19":2,"20":2,"21":2,"22":2,"23":2,"24":3,"25":2,"26":2,"27":2,"28":5,"29":2,"30":2,"31":3},"f":{"0":4,"1":4,"2":4,"3":0,"4":8,"5":4,"6":2,"7":2,"8":2,"9":2,"10":2,"11":2,"12":5},"b":{"0":[3,3,3],"1":[4,4],"2":[4,4],"3":[4,4]},"_coverageSchema":"332fd63041d2c1bcb487cc26dd0d5f7d97098a6c","hash":"d162486a394481fbfa5e920b7502422b463b0183"}
,"/Users/kushanjoshi/code/open/idly-mono/packages/idly-graph/src/operations/fetchFeatures.ts": {"path":"/Users/kushanjoshi/code/open/idly-mono/packages/idly-graph/src/operations/fetchFeatures.ts","statementMap":{"0":{"start":{"line":1,"column":13},"end":{"line":1,"column":42}},"1":{"start":{"line":1,"column":42},"end":{"line":1,"column":55}},"2":{"start":{"line":2,"column":16},"end":{"line":9,"column":1}},"3":{"start":{"line":3,"column":4},"end":{"line":8,"column":7}},"4":{"start":{"line":4,"column":36},"end":{"line":4,"column":97}},"5":{"start":{"line":4,"column":42},"end":{"line":4,"column":70}},"6":{"start":{"line":4,"column":85},"end":{"line":4,"column":95}},"7":{"start":{"line":5,"column":35},"end":{"line":5,"column":100}},"8":{"start":{"line":5,"column":41},"end":{"line":5,"column":73}},"9":{"start":{"line":5,"column":88},"end":{"line":5,"column":98}},"10":{"start":{"line":6,"column":32},"end":{"line":6,"column":149}},"11":{"start":{"line":6,"column":97},"end":{"line":6,"column":119}},"12":{"start":{"line":7,"column":8},"end":{"line":7,"column":78}},"13":{"start":{"line":10,"column":0},"end":{"line":10,"column":62}},"14":{"start":{"line":11,"column":25},"end":{"line":11,"column":58}},"15":{"start":{"line":12,"column":16},"end":{"line":12,"column":34}},"16":{"start":{"line":15,"column":20},"end":{"line":15,"column":99}},"17":{"start":{"line":16,"column":4},"end":{"line":20,"column":7}},"18":{"start":{"line":16,"column":24},"end":{"line":20,"column":6}},"19":{"start":{"line":17,"column":21},"end":{"line":17,"column":43}},"20":{"start":{"line":18,"column":31},"end":{"line":18,"column":47}},"21":{"start":{"line":19,"column":8},"end":{"line":19,"column":30}},"22":{"start":{"line":22,"column":0},"end":{"line":22,"column":38}},"23":{"start":{"line":25,"column":4},"end":{"line":29,"column":7}},"24":{"start":{"line":25,"column":30},"end":{"line":29,"column":6}},"25":{"start":{"line":26,"column":25},"end":{"line":26,"column":63}},"26":{"start":{"line":27,"column":8},"end":{"line":27,"column":41}},"27":{"start":{"line":28,"column":8},"end":{"line":28,"column":40}},"28":{"start":{"line":31,"column":0},"end":{"line":31,"column":50}}},"fnMap":{"0":{"name":"(anonymous_0)","decl":{"start":{"line":2,"column":44},"end":{"line":2,"column":45}},"loc":{"start":{"line":2,"column":89},"end":{"line":9,"column":1}},"line":2},"1":{"name":"(anonymous_1)","decl":{"start":{"line":3,"column":36},"end":{"line":3,"column":37}},"loc":{"start":{"line":3,"column":63},"end":{"line":8,"column":5}},"line":3},"2":{"name":"fulfilled","decl":{"start":{"line":4,"column":17},"end":{"line":4,"column":26}},"loc":{"start":{"line":4,"column":34},"end":{"line":4,"column":99}},"line":4},"3":{"name":"rejected","decl":{"start":{"line":5,"column":17},"end":{"line":5,"column":25}},"loc":{"start":{"line":5,"column":33},"end":{"line":5,"column":102}},"line":5},"4":{"name":"step","decl":{"start":{"line":6,"column":17},"end":{"line":6,"column":21}},"loc":{"start":{"line":6,"column":30},"end":{"line":6,"column":151}},"line":6},"5":{"name":"(anonymous_5)","decl":{"start":{"line":6,"column":76},"end":{"line":6,"column":77}},"loc":{"start":{"line":6,"column":95},"end":{"line":6,"column":121}},"line":6},"6":{"name":"fetchFeatures","decl":{"start":{"line":14,"column":9},"end":{"line":14,"column":22}},"loc":{"start":{"line":14,"column":34},"end":{"line":21,"column":1}},"line":14},"7":{"name":"(anonymous_7)","decl":{"start":{"line":16,"column":11},"end":{"line":16,"column":12}},"loc":{"start":{"line":16,"column":24},"end":{"line":20,"column":6}},"line":16},"8":{"name":"(anonymous_8)","decl":{"start":{"line":16,"column":56},"end":{"line":16,"column":57}},"loc":{"start":{"line":16,"column":69},"end":{"line":20,"column":5}},"line":16},"9":{"name":"workerFetchFeatures","decl":{"start":{"line":24,"column":9},"end":{"line":24,"column":28}},"loc":{"start":{"line":24,"column":38},"end":{"line":30,"column":1}},"line":24},"10":{"name":"(anonymous_10)","decl":{"start":{"line":25,"column":11},"end":{"line":25,"column":12}},"loc":{"start":{"line":25,"column":30},"end":{"line":29,"column":6}},"line":25},"11":{"name":"(anonymous_11)","decl":{"start":{"line":25,"column":62},"end":{"line":25,"column":63}},"loc":{"start":{"line":25,"column":75},"end":{"line":29,"column":5}},"line":25}},"branchMap":{"0":{"loc":{"start":{"line":2,"column":16},"end":{"line":9,"column":1}},"type":"binary-expr","locations":[{"start":{"line":2,"column":17},"end":{"line":2,"column":21}},{"start":{"line":2,"column":25},"end":{"line":2,"column":39}},{"start":{"line":2,"column":44},"end":{"line":9,"column":1}}],"line":2},"1":{"loc":{"start":{"line":3,"column":16},"end":{"line":3,"column":34}},"type":"binary-expr","locations":[{"start":{"line":3,"column":16},"end":{"line":3,"column":17}},{"start":{"line":3,"column":22},"end":{"line":3,"column":33}}],"line":3},"2":{"loc":{"start":{"line":6,"column":32},"end":{"line":6,"column":148}},"type":"cond-expr","locations":[{"start":{"line":6,"column":46},"end":{"line":6,"column":67}},{"start":{"line":6,"column":70},"end":{"line":6,"column":148}}],"line":6},"3":{"loc":{"start":{"line":7,"column":51},"end":{"line":7,"column":67}},"type":"binary-expr","locations":[{"start":{"line":7,"column":51},"end":{"line":7,"column":61}},{"start":{"line":7,"column":65},"end":{"line":7,"column":67}}],"line":7}},"s":{"0":3,"1":3,"2":3,"3":4,"4":4,"5":4,"6":0,"7":0,"8":0,"9":0,"10":8,"11":4,"12":4,"13":3,"14":3,"15":3,"16":2,"17":2,"18":2,"19":2,"20":2,"21":2,"22":3,"23":2,"24":2,"25":2,"26":2,"27":2,"28":3},"f":{"0":4,"1":4,"2":4,"3":0,"4":8,"5":4,"6":2,"7":2,"8":2,"9":2,"10":2,"11":2},"b":{"0":[3,3,3],"1":[4,4],"2":[4,4],"3":[4,4]},"_coverageSchema":"332fd63041d2c1bcb487cc26dd0d5f7d97098a6c","hash":"921dbd676a905dec82580853d6217efd2bd507cd"}
,"/Users/kushanjoshi/code/open/idly-mono/packages/idly-graph/src/operations/fetchMap.ts": {"path":"/Users/kushanjoshi/code/open/idly-mono/packages/idly-graph/src/operations/fetchMap.ts","statementMap":{"0":{"start":{"line":1,"column":13},"end":{"line":1,"column":42}},"1":{"start":{"line":1,"column":42},"end":{"line":1,"column":55}},"2":{"start":{"line":2,"column":16},"end":{"line":9,"column":1}},"3":{"start":{"line":3,"column":4},"end":{"line":8,"column":7}},"4":{"start":{"line":4,"column":36},"end":{"line":4,"column":97}},"5":{"start":{"line":4,"column":42},"end":{"line":4,"column":70}},"6":{"start":{"line":4,"column":85},"end":{"line":4,"column":95}},"7":{"start":{"line":5,"column":35},"end":{"line":5,"column":100}},"8":{"start":{"line":5,"column":41},"end":{"line":5,"column":73}},"9":{"start":{"line":5,"column":88},"end":{"line":5,"column":98}},"10":{"start":{"line":6,"column":32},"end":{"line":6,"column":149}},"11":{"start":{"line":6,"column":97},"end":{"line":6,"column":119}},"12":{"start":{"line":7,"column":8},"end":{"line":7,"column":78}},"13":{"start":{"line":10,"column":0},"end":{"line":10,"column":62}},"14":{"start":{"line":11,"column":18},"end":{"line":11,"column":42}},"15":{"start":{"line":12,"column":25},"end":{"line":12,"column":58}},"16":{"start":{"line":13,"column":16},"end":{"line":13,"column":34}},"17":{"start":{"line":20,"column":20},"end":{"line":20,"column":94}},"18":{"start":{"line":21,"column":4},"end":{"line":25,"column":7}},"19":{"start":{"line":21,"column":20},"end":{"line":25,"column":6}},"20":{"start":{"line":22,"column":21},"end":{"line":22,"column":39}},"21":{"start":{"line":23,"column":19},"end":{"line":23,"column":35}},"22":{"start":{"line":24,"column":8},"end":{"line":24,"column":18}},"23":{"start":{"line":27,"column":0},"end":{"line":27,"column":28}},"24":{"start":{"line":30,"column":4},"end":{"line":34,"column":7}},"25":{"start":{"line":30,"column":31},"end":{"line":34,"column":6}},"26":{"start":{"line":31,"column":18},"end":{"line":31,"column":51}},"27":{"start":{"line":32,"column":25},"end":{"line":32,"column":55}},"28":{"start":{"line":33,"column":8},"end":{"line":33,"column":40}},"29":{"start":{"line":36,"column":0},"end":{"line":36,"column":40}}},"fnMap":{"0":{"name":"(anonymous_0)","decl":{"start":{"line":2,"column":44},"end":{"line":2,"column":45}},"loc":{"start":{"line":2,"column":89},"end":{"line":9,"column":1}},"line":2},"1":{"name":"(anonymous_1)","decl":{"start":{"line":3,"column":36},"end":{"line":3,"column":37}},"loc":{"start":{"line":3,"column":63},"end":{"line":8,"column":5}},"line":3},"2":{"name":"fulfilled","decl":{"start":{"line":4,"column":17},"end":{"line":4,"column":26}},"loc":{"start":{"line":4,"column":34},"end":{"line":4,"column":99}},"line":4},"3":{"name":"rejected","decl":{"start":{"line":5,"column":17},"end":{"line":5,"column":25}},"loc":{"start":{"line":5,"column":33},"end":{"line":5,"column":102}},"line":5},"4":{"name":"step","decl":{"start":{"line":6,"column":17},"end":{"line":6,"column":21}},"loc":{"start":{"line":6,"column":30},"end":{"line":6,"column":151}},"line":6},"5":{"name":"(anonymous_5)","decl":{"start":{"line":6,"column":76},"end":{"line":6,"column":77}},"loc":{"start":{"line":6,"column":95},"end":{"line":6,"column":121}},"line":6},"6":{"name":"fetchMap","decl":{"start":{"line":19,"column":9},"end":{"line":19,"column":17}},"loc":{"start":{"line":19,"column":29},"end":{"line":26,"column":1}},"line":19},"7":{"name":"(anonymous_7)","decl":{"start":{"line":21,"column":11},"end":{"line":21,"column":12}},"loc":{"start":{"line":21,"column":20},"end":{"line":25,"column":6}},"line":21},"8":{"name":"(anonymous_8)","decl":{"start":{"line":21,"column":52},"end":{"line":21,"column":53}},"loc":{"start":{"line":21,"column":65},"end":{"line":25,"column":5}},"line":21},"9":{"name":"workerFetchMap","decl":{"start":{"line":29,"column":9},"end":{"line":29,"column":23}},"loc":{"start":{"line":29,"column":33},"end":{"line":35,"column":1}},"line":29},"10":{"name":"(anonymous_10)","decl":{"start":{"line":30,"column":11},"end":{"line":30,"column":12}},"loc":{"start":{"line":30,"column":31},"end":{"line":34,"column":6}},"line":30},"11":{"name":"(anonymous_11)","decl":{"start":{"line":30,"column":63},"end":{"line":30,"column":64}},"loc":{"start":{"line":30,"column":76},"end":{"line":34,"column":5}},"line":30}},"branchMap":{"0":{"loc":{"start":{"line":2,"column":16},"end":{"line":9,"column":1}},"type":"binary-expr","locations":[{"start":{"line":2,"column":17},"end":{"line":2,"column":21}},{"start":{"line":2,"column":25},"end":{"line":2,"column":39}},{"start":{"line":2,"column":44},"end":{"line":9,"column":1}}],"line":2},"1":{"loc":{"start":{"line":3,"column":16},"end":{"line":3,"column":34}},"type":"binary-expr","locations":[{"start":{"line":3,"column":16},"end":{"line":3,"column":17}},{"start":{"line":3,"column":22},"end":{"line":3,"column":33}}],"line":3},"2":{"loc":{"start":{"line":6,"column":32},"end":{"line":6,"column":148}},"type":"cond-expr","locations":[{"start":{"line":6,"column":46},"end":{"line":6,"column":67}},{"start":{"line":6,"column":70},"end":{"line":6,"column":148}}],"line":6},"3":{"loc":{"start":{"line":7,"column":51},"end":{"line":7,"column":67}},"type":"binary-expr","locations":[{"start":{"line":7,"column":51},"end":{"line":7,"column":61}},{"start":{"line":7,"column":65},"end":{"line":7,"column":67}}],"line":7}},"s":{"0":3,"1":3,"2":3,"3":8,"4":8,"5":8,"6":0,"7":0,"8":0,"9":0,"10":16,"11":8,"12":8,"13":3,"14":3,"15":3,"16":3,"17":4,"18":4,"19":4,"20":4,"21":4,"22":4,"23":3,"24":4,"25":4,"26":4,"27":4,"28":4,"29":3},"f":{"0":8,"1":8,"2":8,"3":0,"4":16,"5":8,"6":4,"7":4,"8":4,"9":4,"10":4,"11":4},"b":{"0":[3,3,3],"1":[8,8],"2":[8,8],"3":[8,8]},"_coverageSchema":"332fd63041d2c1bcb487cc26dd0d5f7d97098a6c","hash":"544253428ce8ac88a5530c2378be58a687ae49cf"}
,"/Users/kushanjoshi/code/open/idly-mono/packages/idly-graph/src/operations/operations.ts": {"path":"/Users/kushanjoshi/code/open/idly-mono/packages/idly-graph/src/operations/operations.ts","statementMap":{"0":{"start":{"line":1,"column":13},"end":{"line":1,"column":42}},"1":{"start":{"line":1,"column":42},"end":{"line":1,"column":55}},"2":{"start":{"line":2,"column":0},"end":{"line":2,"column":62}},"3":{"start":{"line":3,"column":18},"end":{"line":3,"column":52}},"4":{"start":{"line":4,"column":24},"end":{"line":4,"column":50}},"5":{"start":{"line":5,"column":24},"end":{"line":5,"column":50}},"6":{"start":{"line":6,"column":19},"end":{"line":6,"column":40}},"7":{"start":{"line":7,"column":16},"end":{"line":7,"column":34}},"8":{"start":{"line":9,"column":4},"end":{"line":22,"column":5}},"9":{"start":{"line":13,"column":12},"end":{"line":13,"column":71}},"10":{"start":{"line":15,"column":12},"end":{"line":15,"column":81}},"11":{"start":{"line":17,"column":12},"end":{"line":17,"column":81}},"12":{"start":{"line":19,"column":12},"end":{"line":19,"column":58}},"13":{"start":{"line":20,"column":12},"end":{"line":20,"column":49}},"14":{"start":{"line":32,"column":20},"end":{"line":32,"column":50}},"15":{"start":{"line":33,"column":4},"end":{"line":35,"column":6}},"16":{"start":{"line":34,"column":8},"end":{"line":34,"column":44}},"17":{"start":{"line":37,"column":0},"end":{"line":37,"column":32}}},"fnMap":{"0":{"name":"controller","decl":{"start":{"line":8,"column":9},"end":{"line":8,"column":19}},"loc":{"start":{"line":8,"column":38},"end":{"line":23,"column":1}},"line":8},"1":{"name":"operations","decl":{"start":{"line":31,"column":9},"end":{"line":31,"column":19}},"loc":{"start":{"line":31,"column":29},"end":{"line":36,"column":1}},"line":31},"2":{"name":"(anonymous_2)","decl":{"start":{"line":33,"column":11},"end":{"line":33,"column":12}},"loc":{"start":{"line":33,"column":22},"end":{"line":35,"column":5}},"line":33}},"branchMap":{"0":{"loc":{"start":{"line":9,"column":4},"end":{"line":22,"column":5}},"type":"switch","locations":[{"start":{"line":12,"column":8},"end":{"line":13,"column":71}},{"start":{"line":14,"column":8},"end":{"line":15,"column":81}},{"start":{"line":16,"column":8},"end":{"line":17,"column":81}},{"start":{"line":18,"column":8},"end":{"line":21,"column":9}}],"line":9}},"s":{"0":3,"1":3,"2":3,"3":3,"4":3,"5":3,"6":3,"7":3,"8":7,"9":3,"10":2,"11":2,"12":0,"13":0,"14":3,"15":3,"16":7,"17":3},"f":{"0":7,"1":3,"2":7},"b":{"0":[3,2,2,0]},"_coverageSchema":"332fd63041d2c1bcb487cc26dd0d5f7d97098a6c","hash":"03b7a6f702590d062d793a72f68e396107d76529"}
,"/Users/kushanjoshi/code/open/idly-mono/packages/idly-graph/src/operations/types.ts": {"path":"/Users/kushanjoshi/code/open/idly-mono/packages/idly-graph/src/operations/types.ts","statementMap":{"0":{"start":{"line":1,"column":13},"end":{"line":1,"column":42}},"1":{"start":{"line":1,"column":42},"end":{"line":1,"column":55}},"2":{"start":{"line":2,"column":0},"end":{"line":2,"column":62}},"3":{"start":{"line":4,"column":0},"end":{"line":9,"column":74}},"4":{"start":{"line":5,"column":4},"end":{"line":5,"column":68}},"5":{"start":{"line":6,"column":4},"end":{"line":6,"column":68}},"6":{"start":{"line":7,"column":4},"end":{"line":7,"column":58}},"7":{"start":{"line":8,"column":4},"end":{"line":8,"column":55}}},"fnMap":{"0":{"name":"(anonymous_0)","decl":{"start":{"line":4,"column":1},"end":{"line":4,"column":2}},"loc":{"start":{"line":4,"column":26},"end":{"line":9,"column":1}},"line":4}},"branchMap":{"0":{"loc":{"start":{"line":9,"column":19},"end":{"line":9,"column":72}},"type":"binary-expr","locations":[{"start":{"line":9,"column":19},"end":{"line":9,"column":40}},{"start":{"line":9,"column":45},"end":{"line":9,"column":71}}],"line":9}},"s":{"0":3,"1":3,"2":3,"3":3,"4":3,"5":3,"6":3,"7":3},"f":{"0":3},"b":{"0":[3,3]},"_coverageSchema":"332fd63041d2c1bcb487cc26dd0d5f7d97098a6c","hash":"21ec9bcbc141177eafeee07de0ebe1a9128ec79f"}
,"/Users/kushanjoshi/code/open/idly-mono/packages/idly-graph/src/thread/fetchTile.ts": {"path":"/Users/kushanjoshi/code/open/idly-mono/packages/idly-graph/src/thread/fetchTile.ts","statementMap":{"0":{"start":{"line":1,"column":13},"end":{"line":1,"column":42}},"1":{"start":{"line":1,"column":42},"end":{"line":1,"column":55}},"2":{"start":{"line":2,"column":16},"end":{"line":9,"column":1}},"3":{"start":{"line":3,"column":4},"end":{"line":8,"column":7}},"4":{"start":{"line":4,"column":36},"end":{"line":4,"column":97}},"5":{"start":{"line":4,"column":42},"end":{"line":4,"column":70}},"6":{"start":{"line":4,"column":85},"end":{"line":4,"column":95}},"7":{"start":{"line":5,"column":35},"end":{"line":5,"column":100}},"8":{"start":{"line":5,"column":41},"end":{"line":5,"column":73}},"9":{"start":{"line":5,"column":88},"end":{"line":5,"column":98}},"10":{"start":{"line":6,"column":32},"end":{"line":6,"column":149}},"11":{"start":{"line":6,"column":97},"end":{"line":6,"column":119}},"12":{"start":{"line":7,"column":8},"end":{"line":7,"column":78}},"13":{"start":{"line":10,"column":0},"end":{"line":10,"column":62}},"14":{"start":{"line":11,"column":28},"end":{"line":11,"column":76}},"15":{"start":{"line":12,"column":17},"end":{"line":12,"column":34}},"16":{"start":{"line":14,"column":4},"end":{"line":24,"column":7}},"17":{"start":{"line":15,"column":20},"end":{"line":15,"column":42}},"18":{"start":{"line":16,"column":24},"end":{"line":16,"column":79}},"19":{"start":{"line":17,"column":25},"end":{"line":17,"column":97}},"20":{"start":{"line":18,"column":8},"end":{"line":20,"column":9}},"21":{"start":{"line":19,"column":12},"end":{"line":19,"column":49}},"22":{"start":{"line":21,"column":21},"end":{"line":21,"column":42}},"23":{"start":{"line":22,"column":20},"end":{"line":22,"column":78}},"24":{"start":{"line":23,"column":8},"end":{"line":23,"column":19}},"25":{"start":{"line":26,"column":0},"end":{"line":26,"column":30}}},"fnMap":{"0":{"name":"(anonymous_0)","decl":{"start":{"line":2,"column":44},"end":{"line":2,"column":45}},"loc":{"start":{"line":2,"column":89},"end":{"line":9,"column":1}},"line":2},"1":{"name":"(anonymous_1)","decl":{"start":{"line":3,"column":36},"end":{"line":3,"column":37}},"loc":{"start":{"line":3,"column":63},"end":{"line":8,"column":5}},"line":3},"2":{"name":"fulfilled","decl":{"start":{"line":4,"column":17},"end":{"line":4,"column":26}},"loc":{"start":{"line":4,"column":34},"end":{"line":4,"column":99}},"line":4},"3":{"name":"rejected","decl":{"start":{"line":5,"column":17},"end":{"line":5,"column":25}},"loc":{"start":{"line":5,"column":33},"end":{"line":5,"column":102}},"line":5},"4":{"name":"step","decl":{"start":{"line":6,"column":17},"end":{"line":6,"column":21}},"loc":{"start":{"line":6,"column":30},"end":{"line":6,"column":151}},"line":6},"5":{"name":"(anonymous_5)","decl":{"start":{"line":6,"column":76},"end":{"line":6,"column":77}},"loc":{"start":{"line":6,"column":95},"end":{"line":6,"column":121}},"line":6},"6":{"name":"fetchTile","decl":{"start":{"line":13,"column":9},"end":{"line":13,"column":18}},"loc":{"start":{"line":13,"column":31},"end":{"line":25,"column":1}},"line":13},"7":{"name":"(anonymous_7)","decl":{"start":{"line":14,"column":43},"end":{"line":14,"column":44}},"loc":{"start":{"line":14,"column":56},"end":{"line":24,"column":5}},"line":14}},"branchMap":{"0":{"loc":{"start":{"line":2,"column":16},"end":{"line":9,"column":1}},"type":"binary-expr","locations":[{"start":{"line":2,"column":17},"end":{"line":2,"column":21}},{"start":{"line":2,"column":25},"end":{"line":2,"column":39}},{"start":{"line":2,"column":44},"end":{"line":9,"column":1}}],"line":2},"1":{"loc":{"start":{"line":3,"column":16},"end":{"line":3,"column":34}},"type":"binary-expr","locations":[{"start":{"line":3,"column":16},"end":{"line":3,"column":17}},{"start":{"line":3,"column":22},"end":{"line":3,"column":33}}],"line":3},"2":{"loc":{"start":{"line":6,"column":32},"end":{"line":6,"column":148}},"type":"cond-expr","locations":[{"start":{"line":6,"column":46},"end":{"line":6,"column":67}},{"start":{"line":6,"column":70},"end":{"line":6,"column":148}}],"line":6},"3":{"loc":{"start":{"line":7,"column":51},"end":{"line":7,"column":67}},"type":"binary-expr","locations":[{"start":{"line":7,"column":51},"end":{"line":7,"column":61}},{"start":{"line":7,"column":65},"end":{"line":7,"column":67}}],"line":7},"4":{"loc":{"start":{"line":18,"column":8},"end":{"line":20,"column":9}},"type":"if","locations":[{"start":{"line":18,"column":8},"end":{"line":20,"column":9}},{"start":{"line":18,"column":8},"end":{"line":20,"column":9}}],"line":18}},"s":{"0":1,"1":1,"2":1,"3":2,"4":3,"5":3,"6":1,"7":0,"8":0,"9":0,"10":4,"11":3,"12":2,"13":1,"14":1,"15":1,"16":2,"17":2,"18":2,"19":2,"20":2,"21":1,"22":1,"23":1,"24":1,"25":1},"f":{"0":2,"1":2,"2":3,"3":0,"4":4,"5":3,"6":2,"7":2},"b":{"0":[1,1,1],"1":[2,2],"2":[1,3],"3":[2,2],"4":[1,1]},"_coverageSchema":"332fd63041d2c1bcb487cc26dd0d5f7d97098a6c","hash":"10d98420ff0aa6f0974d214206eae34614356a97"}
,"/Users/kushanjoshi/code/open/idly-mono/packages/idly-graph/src/thread/xmlToEntities.ts": {"path":"/Users/kushanjoshi/code/open/idly-mono/packages/idly-graph/src/thread/xmlToEntities.ts","statementMap":{"0":{"start":{"line":1,"column":13},"end":{"line":1,"column":42}},"1":{"start":{"line":1,"column":42},"end":{"line":1,"column":55}},"2":{"start":{"line":2,"column":0},"end":{"line":2,"column":62}},"3":{"start":{"line":3,"column":20},"end":{"line":3,"column":61}},"4":{"start":{"line":4,"column":24},"end":{"line":4,"column":68}},"5":{"start":{"line":5,"column":20},"end":{"line":5,"column":60}},"6":{"start":{"line":6,"column":22},"end":{"line":6,"column":64}},"7":{"start":{"line":7,"column":26},"end":{"line":7,"column":72}},"8":{"start":{"line":8,"column":28},"end":{"line":8,"column":76}},"9":{"start":{"line":9,"column":22},"end":{"line":9,"column":64}},"10":{"start":{"line":10,"column":21},"end":{"line":10,"column":62}},"11":{"start":{"line":12,"column":14},"end":{"line":18,"column":6}},"12":{"start":{"line":13,"column":8},"end":{"line":17,"column":11}},"13":{"start":{"line":14,"column":12},"end":{"line":16,"column":15}},"14":{"start":{"line":15,"column":16},"end":{"line":15,"column":75}},"15":{"start":{"line":15,"column":62},"end":{"line":15,"column":73}},"16":{"start":{"line":19,"column":4},"end":{"line":19,"column":13}},"17":{"start":{"line":21,"column":0},"end":{"line":21,"column":50}},"18":{"start":{"line":23,"column":4},"end":{"line":24,"column":44}},"19":{"start":{"line":24,"column":8},"end":{"line":24,"column":44}},"20":{"start":{"line":25,"column":14},"end":{"line":25,"column":32}},"21":{"start":{"line":26,"column":14},"end":{"line":26,"column":78}},"22":{"start":{"line":26,"column":60},"end":{"line":26,"column":76}},"23":{"start":{"line":27,"column":4},"end":{"line":30,"column":6}},"24":{"start":{"line":32,"column":0},"end":{"line":32,"column":32}},"25":{"start":{"line":40,"column":4},"end":{"line":42,"column":5}},"26":{"start":{"line":41,"column":8},"end":{"line":41,"column":18}},"27":{"start":{"line":43,"column":15},"end":{"line":43,"column":32}},"28":{"start":{"line":45,"column":4},"end":{"line":48,"column":5}},"29":{"start":{"line":47,"column":8},"end":{"line":47,"column":33}},"30":{"start":{"line":49,"column":21},"end":{"line":49,"column":36}},"31":{"start":{"line":50,"column":21},"end":{"line":50,"column":23}},"32":{"start":{"line":51,"column":16},"end":{"line":51,"column":31}},"33":{"start":{"line":52,"column":4},"end":{"line":63,"column":5}},"34":{"start":{"line":53,"column":22},"end":{"line":53,"column":33}},"35":{"start":{"line":54,"column":8},"end":{"line":62,"column":9}},"36":{"start":{"line":55,"column":12},"end":{"line":55,"column":43}},"37":{"start":{"line":57,"column":13},"end":{"line":62,"column":9}},"38":{"start":{"line":58,"column":12},"end":{"line":58,"column":47}},"39":{"start":{"line":60,"column":13},"end":{"line":62,"column":9}},"40":{"start":{"line":61,"column":12},"end":{"line":61,"column":42}},"41":{"start":{"line":65,"column":4},"end":{"line":65,"column":20}},"42":{"start":{"line":67,"column":0},"end":{"line":67,"column":38}},"43":{"start":{"line":69,"column":4},"end":{"line":70,"column":57}},"44":{"start":{"line":73,"column":18},"end":{"line":73,"column":52}},"45":{"start":{"line":74,"column":20},"end":{"line":74,"column":22}},"46":{"start":{"line":75,"column":16},"end":{"line":75,"column":28}},"47":{"start":{"line":76,"column":4},"end":{"line":85,"column":5}},"48":{"start":{"line":77,"column":22},"end":{"line":77,"column":41}},"49":{"start":{"line":79,"column":8},"end":{"line":83,"column":12}},"50":{"start":{"line":86,"column":4},"end":{"line":86,"column":19}},"51":{"start":{"line":89,"column":18},"end":{"line":89,"column":48}},"52":{"start":{"line":90,"column":18},"end":{"line":90,"column":20}},"53":{"start":{"line":91,"column":16},"end":{"line":91,"column":28}},"54":{"start":{"line":93,"column":4},"end":{"line":95,"column":5}},"55":{"start":{"line":94,"column":8},"end":{"line":94,"column":72}},"56":{"start":{"line":97,"column":4},"end":{"line":97,"column":17}},"57":{"start":{"line":100,"column":18},"end":{"line":100,"column":49}},"58":{"start":{"line":101,"column":14},"end":{"line":101,"column":16}},"59":{"start":{"line":103,"column":4},"end":{"line":106,"column":5}},"60":{"start":{"line":104,"column":22},"end":{"line":104,"column":41}},"61":{"start":{"line":105,"column":8},"end":{"line":105,"column":79}},"62":{"start":{"line":108,"column":4},"end":{"line":108,"column":40}},"63":{"start":{"line":111,"column":16},"end":{"line":111,"column":76}},"64":{"start":{"line":112,"column":16},"end":{"line":112,"column":76}},"65":{"start":{"line":113,"column":4},"end":{"line":113,"column":69}},"66":{"start":{"line":116,"column":18},"end":{"line":116,"column":32}},"67":{"start":{"line":117,"column":4},"end":{"line":131,"column":7}},"68":{"start":{"line":134,"column":18},"end":{"line":134,"column":32}},"69":{"start":{"line":135,"column":4},"end":{"line":149,"column":7}},"70":{"start":{"line":152,"column":18},"end":{"line":152,"column":32}},"71":{"start":{"line":153,"column":4},"end":{"line":167,"column":7}},"72":{"start":{"line":170,"column":12},"end":{"line":170,"column":13}}},"fnMap":{"0":{"name":"calculateParentWays","decl":{"start":{"line":11,"column":9},"end":{"line":11,"column":28}},"loc":{"start":{"line":11,"column":47},"end":{"line":20,"column":1}},"line":11},"1":{"name":"(anonymous_1)","decl":{"start":{"line":12,"column":39},"end":{"line":12,"column":40}},"loc":{"start":{"line":12,"column":44},"end":{"line":18,"column":5}},"line":12},"2":{"name":"(anonymous_2)","decl":{"start":{"line":13,"column":21},"end":{"line":13,"column":22}},"loc":{"start":{"line":13,"column":26},"end":{"line":17,"column":9}},"line":13},"3":{"name":"(anonymous_3)","decl":{"start":{"line":14,"column":28},"end":{"line":14,"column":29}},"loc":{"start":{"line":14,"column":38},"end":{"line":16,"column":13}},"line":14},"4":{"name":"(anonymous_4)","decl":{"start":{"line":15,"column":33},"end":{"line":15,"column":34}},"loc":{"start":{"line":15,"column":62},"end":{"line":15,"column":73}},"line":15},"5":{"name":"stubParser","decl":{"start":{"line":22,"column":9},"end":{"line":22,"column":19}},"loc":{"start":{"line":22,"column":59},"end":{"line":31,"column":1}},"line":22},"6":{"name":"(anonymous_6)","decl":{"start":{"line":26,"column":55},"end":{"line":26,"column":56}},"loc":{"start":{"line":26,"column":60},"end":{"line":26,"column":76}},"line":26},"7":{"name":"xmlToEntities","decl":{"start":{"line":39,"column":9},"end":{"line":39,"column":22}},"loc":{"start":{"line":39,"column":28},"end":{"line":66,"column":1}},"line":39},"8":{"name":"getVisible","decl":{"start":{"line":68,"column":9},"end":{"line":68,"column":19}},"loc":{"start":{"line":68,"column":27},"end":{"line":71,"column":1}},"line":68},"9":{"name":"getMembers","decl":{"start":{"line":72,"column":9},"end":{"line":72,"column":19}},"loc":{"start":{"line":72,"column":25},"end":{"line":87,"column":1}},"line":72},"10":{"name":"getNodes","decl":{"start":{"line":88,"column":9},"end":{"line":88,"column":17}},"loc":{"start":{"line":88,"column":23},"end":{"line":98,"column":1}},"line":88},"11":{"name":"getTags","decl":{"start":{"line":99,"column":9},"end":{"line":99,"column":16}},"loc":{"start":{"line":99,"column":22},"end":{"line":109,"column":1}},"line":99},"12":{"name":"getLoc","decl":{"start":{"line":110,"column":9},"end":{"line":110,"column":15}},"loc":{"start":{"line":110,"column":23},"end":{"line":114,"column":1}},"line":110},"13":{"name":"nodeData","decl":{"start":{"line":115,"column":9},"end":{"line":115,"column":17}},"loc":{"start":{"line":115,"column":23},"end":{"line":132,"column":1}},"line":115},"14":{"name":"relationData","decl":{"start":{"line":133,"column":9},"end":{"line":133,"column":21}},"loc":{"start":{"line":133,"column":27},"end":{"line":150,"column":1}},"line":133},"15":{"name":"wayData","decl":{"start":{"line":151,"column":9},"end":{"line":151,"column":16}},"loc":{"start":{"line":151,"column":22},"end":{"line":168,"column":1}},"line":151},"16":{"name":"foo","decl":{"start":{"line":169,"column":9},"end":{"line":169,"column":12}},"loc":{"start":{"line":169,"column":15},"end":{"line":171,"column":1}},"line":169}},"branchMap":{"0":{"loc":{"start":{"line":15,"column":34},"end":{"line":15,"column":57}},"type":"default-arg","locations":[{"start":{"line":15,"column":38},"end":{"line":15,"column":57}}],"line":15},"1":{"loc":{"start":{"line":22,"column":25},"end":{"line":22,"column":57}},"type":"default-arg","locations":[{"start":{"line":22,"column":38},"end":{"line":22,"column":57}}],"line":22},"2":{"loc":{"start":{"line":23,"column":4},"end":{"line":24,"column":44}},"type":"if","locations":[{"start":{"line":23,"column":4},"end":{"line":24,"column":44}},{"start":{"line":23,"column":4},"end":{"line":24,"column":44}}],"line":23},"3":{"loc":{"start":{"line":23,"column":8},"end":{"line":23,"column":31}},"type":"binary-expr","locations":[{"start":{"line":23,"column":8},"end":{"line":23,"column":12}},{"start":{"line":23,"column":16},"end":{"line":23,"column":31}}],"line":23},"4":{"loc":{"start":{"line":40,"column":4},"end":{"line":42,"column":5}},"type":"if","locations":[{"start":{"line":40,"column":4},"end":{"line":42,"column":5}},{"start":{"line":40,"column":4},"end":{"line":42,"column":5}}],"line":40},"5":{"loc":{"start":{"line":40,"column":8},"end":{"line":40,"column":31}},"type":"binary-expr","locations":[{"start":{"line":40,"column":8},"end":{"line":40,"column":12}},{"start":{"line":40,"column":16},"end":{"line":40,"column":31}}],"line":40},"6":{"loc":{"start":{"line":45,"column":4},"end":{"line":48,"column":5}},"type":"if","locations":[{"start":{"line":45,"column":4},"end":{"line":48,"column":5}},{"start":{"line":45,"column":4},"end":{"line":48,"column":5}}],"line":45},"7":{"loc":{"start":{"line":54,"column":8},"end":{"line":62,"column":9}},"type":"if","locations":[{"start":{"line":54,"column":8},"end":{"line":62,"column":9}},{"start":{"line":54,"column":8},"end":{"line":62,"column":9}}],"line":54},"8":{"loc":{"start":{"line":57,"column":13},"end":{"line":62,"column":9}},"type":"if","locations":[{"start":{"line":57,"column":13},"end":{"line":62,"column":9}},{"start":{"line":57,"column":13},"end":{"line":62,"column":9}}],"line":57},"9":{"loc":{"start":{"line":60,"column":13},"end":{"line":62,"column":9}},"type":"if","locations":[{"start":{"line":60,"column":13},"end":{"line":62,"column":9}},{"start":{"line":60,"column":13},"end":{"line":62,"column":9}}],"line":60},"10":{"loc":{"start":{"line":69,"column":12},"end":{"line":70,"column":55}},"type":"binary-expr","locations":[{"start":{"line":69,"column":12},"end":{"line":69,"column":42}},{"start":{"line":70,"column":8},"end":{"line":70,"column":55}}],"line":69},"11":{"loc":{"start":{"line":111,"column":16},"end":{"line":111,"column":76}},"type":"binary-expr","locations":[{"start":{"line":111,"column":16},"end":{"line":111,"column":41}},{"start":{"line":111,"column":45},"end":{"line":111,"column":76}}],"line":111},"12":{"loc":{"start":{"line":112,"column":16},"end":{"line":112,"column":76}},"type":"binary-expr","locations":[{"start":{"line":112,"column":16},"end":{"line":112,"column":41}},{"start":{"line":112,"column":45},"end":{"line":112,"column":76}}],"line":112},"13":{"loc":{"start":{"line":119,"column":23},"end":{"line":120,"column":53}},"type":"binary-expr","locations":[{"start":{"line":119,"column":23},"end":{"line":119,"column":54}},{"start":{"line":120,"column":16},"end":{"line":120,"column":53}}],"line":119},"14":{"loc":{"start":{"line":121,"column":23},"end":{"line":122,"column":53}},"type":"binary-expr","locations":[{"start":{"line":121,"column":23},"end":{"line":121,"column":54}},{"start":{"line":122,"column":16},"end":{"line":122,"column":53}}],"line":121},"15":{"loc":{"start":{"line":123,"column":17},"end":{"line":123,"column":77}},"type":"binary-expr","locations":[{"start":{"line":123,"column":17},"end":{"line":123,"column":42}},{"start":{"line":123,"column":46},"end":{"line":123,"column":77}}],"line":123},"16":{"loc":{"start":{"line":124,"column":18},"end":{"line":124,"column":80}},"type":"binary-expr","locations":[{"start":{"line":124,"column":18},"end":{"line":124,"column":44}},{"start":{"line":124,"column":48},"end":{"line":124,"column":80}}],"line":124},"17":{"loc":{"start":{"line":137,"column":23},"end":{"line":138,"column":53}},"type":"binary-expr","locations":[{"start":{"line":137,"column":23},"end":{"line":137,"column":54}},{"start":{"line":138,"column":16},"end":{"line":138,"column":53}}],"line":137},"18":{"loc":{"start":{"line":139,"column":23},"end":{"line":140,"column":53}},"type":"binary-expr","locations":[{"start":{"line":139,"column":23},"end":{"line":139,"column":54}},{"start":{"line":140,"column":16},"end":{"line":140,"column":53}}],"line":139},"19":{"loc":{"start":{"line":141,"column":17},"end":{"line":141,"column":77}},"type":"binary-expr","locations":[{"start":{"line":141,"column":17},"end":{"line":141,"column":42}},{"start":{"line":141,"column":46},"end":{"line":141,"column":77}}],"line":141},"20":{"loc":{"start":{"line":142,"column":18},"end":{"line":142,"column":80}},"type":"binary-expr","locations":[{"start":{"line":142,"column":18},"end":{"line":142,"column":44}},{"start":{"line":142,"column":48},"end":{"line":142,"column":80}}],"line":142},"21":{"loc":{"start":{"line":155,"column":23},"end":{"line":156,"column":53}},"type":"binary-expr","locations":[{"start":{"line":155,"column":23},"end":{"line":155,"column":54}},{"start":{"line":156,"column":16},"end":{"line":156,"column":53}}],"line":155},"22":{"loc":{"start":{"line":157,"column":23},"end":{"line":158,"column":53}},"type":"binary-expr","locations":[{"start":{"line":157,"column":23},"end":{"line":157,"column":54}},{"start":{"line":158,"column":16},"end":{"line":158,"column":53}}],"line":157},"23":{"loc":{"start":{"line":159,"column":17},"end":{"line":159,"column":77}},"type":"binary-expr","locations":[{"start":{"line":159,"column":17},"end":{"line":159,"column":42}},{"start":{"line":159,"column":46},"end":{"line":159,"column":77}}],"line":159},"24":{"loc":{"start":{"line":160,"column":18},"end":{"line":160,"column":80}},"type":"binary-expr","locations":[{"start":{"line":160,"column":18},"end":{"line":160,"column":44}},{"start":{"line":160,"column":48},"end":{"line":160,"column":80}}],"line":160}},"s":{"0":4,"1":4,"2":4,"3":4,"4":4,"5":4,"6":4,"7":4,"8":4,"9":4,"10":4,"11":86,"12":86,"13":166,"14":366,"15":366,"16":86,"17":4,"18":86,"19":0,"20":86,"21":86,"22":434,"23":86,"24":4,"25":86,"26":0,"27":86,"28":86,"29":6,"30":86,"31":86,"32":86,"33":86,"34":958,"35":958,"36":268,"37":690,"38":0,"39":690,"40":166,"41":86,"42":4,"43":434,"44":0,"45":0,"46":0,"47":0,"48":0,"49":0,"50":0,"51":166,"52":166,"53":166,"54":166,"55":366,"56":166,"57":434,"58":434,"59":434,"60":6,"61":6,"62":434,"63":268,"64":268,"65":268,"66":268,"67":268,"68":0,"69":0,"70":166,"71":166,"72":0},"f":{"0":86,"1":86,"2":166,"3":366,"4":366,"5":86,"6":434,"7":86,"8":434,"9":0,"10":166,"11":434,"12":268,"13":268,"14":0,"15":166,"16":0},"b":{"0":[282],"1":[6],"2":[0,86],"3":[86,86],"4":[0,86],"5":[86,86],"6":[6,80],"7":[268,690],"8":[0,690],"9":[166,524],"10":[434,434],"11":[268,268],"12":[268,268],"13":[268,268],"14":[268,268],"15":[268,267],"16":[268,267],"17":[0,0],"18":[0,0],"19":[0,0],"20":[0,0],"21":[166,166],"22":[166,166],"23":[166,166],"24":[166,166]},"_coverageSchema":"332fd63041d2c1bcb487cc26dd0d5f7d97098a6c","hash":"9d9ca28bac8d5a03eb1665907c34293258ccd738"}
,"/Users/kushanjoshi/code/open/idly-mono/packages/idly-graph/src/worker/geojson/entityToGeoJSON.ts": {"path":"/Users/kushanjoshi/code/open/idly-mono/packages/idly-graph/src/worker/geojson/entityToGeoJSON.ts","statementMap":{"0":{"start":{"line":1,"column":13},"end":{"line":1,"column":42}},"1":{"start":{"line":1,"column":42},"end":{"line":1,"column":55}},"2":{"start":{"line":2,"column":0},"end":{"line":2,"column":62}},"3":{"start":{"line":3,"column":21},"end":{"line":3,"column":62}},"4":{"start":{"line":4,"column":24},"end":{"line":4,"column":59}},"5":{"start":{"line":5,"column":23},"end":{"line":5,"column":57}},"6":{"start":{"line":7,"column":16},"end":{"line":7,"column":18}},"7":{"start":{"line":8,"column":4},"end":{"line":18,"column":7}},"8":{"start":{"line":9,"column":8},"end":{"line":17,"column":9}},"9":{"start":{"line":10,"column":12},"end":{"line":10,"column":82}},"10":{"start":{"line":12,"column":13},"end":{"line":17,"column":9}},"11":{"start":{"line":13,"column":12},"end":{"line":13,"column":93}},"12":{"start":{"line":15,"column":13},"end":{"line":17,"column":9}},"13":{"start":{"line":19,"column":4},"end":{"line":19,"column":15}},"14":{"start":{"line":21,"column":0},"end":{"line":21,"column":42}}},"fnMap":{"0":{"name":"entityToGeoJSON","decl":{"start":{"line":6,"column":9},"end":{"line":6,"column":24}},"loc":{"start":{"line":6,"column":53},"end":{"line":20,"column":1}},"line":6},"1":{"name":"(anonymous_1)","decl":{"start":{"line":8,"column":24},"end":{"line":8,"column":25}},"loc":{"start":{"line":8,"column":40},"end":{"line":18,"column":5}},"line":8}},"branchMap":{"0":{"loc":{"start":{"line":9,"column":8},"end":{"line":17,"column":9}},"type":"if","locations":[{"start":{"line":9,"column":8},"end":{"line":17,"column":9}},{"start":{"line":9,"column":8},"end":{"line":17,"column":9}}],"line":9},"1":{"loc":{"start":{"line":12,"column":13},"end":{"line":17,"column":9}},"type":"if","locations":[{"start":{"line":12,"column":13},"end":{"line":17,"column":9}},{"start":{"line":12,"column":13},"end":{"line":17,"column":9}}],"line":12},"2":{"loc":{"start":{"line":15,"column":13},"end":{"line":17,"column":9}},"type":"if","locations":[{"start":{"line":15,"column":13},"end":{"line":17,"column":9}},{"start":{"line":15,"column":13},"end":{"line":17,"column":9}}],"line":15}},"s":{"0":3,"1":3,"2":3,"3":3,"4":3,"5":3,"6":6,"7":6,"8":24,"9":15,"10":9,"11":9,"12":0,"13":6,"14":3},"f":{"0":6,"1":24},"b":{"0":[15,9],"1":[9,0],"2":[0,0]},"_coverageSchema":"332fd63041d2c1bcb487cc26dd0d5f7d97098a6c","hash":"512748068a29c8445758d5d487575361bfcbb59c"}
,"/Users/kushanjoshi/code/open/idly-mono/packages/idly-graph/src/worker/parsing/fetch.ts": {"path":"/Users/kushanjoshi/code/open/idly-mono/packages/idly-graph/src/worker/parsing/fetch.ts","statementMap":{"0":{"start":{"line":1,"column":13},"end":{"line":1,"column":42}},"1":{"start":{"line":1,"column":42},"end":{"line":1,"column":55}},"2":{"start":{"line":2,"column":16},"end":{"line":9,"column":1}},"3":{"start":{"line":3,"column":4},"end":{"line":8,"column":7}},"4":{"start":{"line":4,"column":36},"end":{"line":4,"column":97}},"5":{"start":{"line":4,"column":42},"end":{"line":4,"column":70}},"6":{"start":{"line":4,"column":85},"end":{"line":4,"column":95}},"7":{"start":{"line":5,"column":35},"end":{"line":5,"column":100}},"8":{"start":{"line":5,"column":41},"end":{"line":5,"column":73}},"9":{"start":{"line":5,"column":88},"end":{"line":5,"column":98}},"10":{"start":{"line":6,"column":32},"end":{"line":6,"column":149}},"11":{"start":{"line":6,"column":97},"end":{"line":6,"column":119}},"12":{"start":{"line":7,"column":8},"end":{"line":7,"column":78}},"13":{"start":{"line":10,"column":0},"end":{"line":10,"column":62}},"14":{"start":{"line":11,"column":28},"end":{"line":11,"column":76}},"15":{"start":{"line":12,"column":18},"end":{"line":12,"column":60}},"16":{"start":{"line":13,"column":17},"end":{"line":13,"column":34}},"17":{"start":{"line":14,"column":19},"end":{"line":14,"column":49}},"18":{"start":{"line":15,"column":18},"end":{"line":17,"column":1}},"19":{"start":{"line":16,"column":4},"end":{"line":16,"column":47}},"20":{"start":{"line":18,"column":14},"end":{"line":18,"column":19}},"21":{"start":{"line":20,"column":4},"end":{"line":38,"column":7}},"22":{"start":{"line":21,"column":20},"end":{"line":21,"column":42}},"23":{"start":{"line":22,"column":24},"end":{"line":22,"column":79}},"24":{"start":{"line":23,"column":8},"end":{"line":37,"column":9}},"25":{"start":{"line":24,"column":12},"end":{"line":26,"column":13}},"26":{"start":{"line":25,"column":16},"end":{"line":25,"column":95}},"27":{"start":{"line":27,"column":27},"end":{"line":27,"column":99}},"28":{"start":{"line":28,"column":12},"end":{"line":28,"column":56}},"29":{"start":{"line":29,"column":25},"end":{"line":29,"column":46}},"30":{"start":{"line":30,"column":27},"end":{"line":30,"column":51}},"31":{"start":{"line":31,"column":24},"end":{"line":31,"column":64}},"32":{"start":{"line":32,"column":12},"end":{"line":32,"column":23}},"33":{"start":{"line":35,"column":12},"end":{"line":35,"column":29}},"34":{"start":{"line":36,"column":12},"end":{"line":36,"column":20}},"35":{"start":{"line":40,"column":0},"end":{"line":40,"column":30}}},"fnMap":{"0":{"name":"(anonymous_0)","decl":{"start":{"line":2,"column":44},"end":{"line":2,"column":45}},"loc":{"start":{"line":2,"column":89},"end":{"line":9,"column":1}},"line":2},"1":{"name":"(anonymous_1)","decl":{"start":{"line":3,"column":36},"end":{"line":3,"column":37}},"loc":{"start":{"line":3,"column":63},"end":{"line":8,"column":5}},"line":3},"2":{"name":"fulfilled","decl":{"start":{"line":4,"column":17},"end":{"line":4,"column":26}},"loc":{"start":{"line":4,"column":34},"end":{"line":4,"column":99}},"line":4},"3":{"name":"rejected","decl":{"start":{"line":5,"column":17},"end":{"line":5,"column":25}},"loc":{"start":{"line":5,"column":33},"end":{"line":5,"column":102}},"line":5},"4":{"name":"step","decl":{"start":{"line":6,"column":17},"end":{"line":6,"column":21}},"loc":{"start":{"line":6,"column":30},"end":{"line":6,"column":151}},"line":6},"5":{"name":"(anonymous_5)","decl":{"start":{"line":6,"column":76},"end":{"line":6,"column":77}},"loc":{"start":{"line":6,"column":95},"end":{"line":6,"column":121}},"line":6},"6":{"name":"(anonymous_6)","decl":{"start":{"line":15,"column":18},"end":{"line":15,"column":19}},"loc":{"start":{"line":15,"column":24},"end":{"line":17,"column":1}},"line":15},"7":{"name":"fetchTile","decl":{"start":{"line":19,"column":9},"end":{"line":19,"column":18}},"loc":{"start":{"line":19,"column":31},"end":{"line":39,"column":1}},"line":19},"8":{"name":"(anonymous_8)","decl":{"start":{"line":20,"column":43},"end":{"line":20,"column":44}},"loc":{"start":{"line":20,"column":56},"end":{"line":38,"column":5}},"line":20}},"branchMap":{"0":{"loc":{"start":{"line":2,"column":16},"end":{"line":9,"column":1}},"type":"binary-expr","locations":[{"start":{"line":2,"column":17},"end":{"line":2,"column":21}},{"start":{"line":2,"column":25},"end":{"line":2,"column":39}},{"start":{"line":2,"column":44},"end":{"line":9,"column":1}}],"line":2},"1":{"loc":{"start":{"line":3,"column":16},"end":{"line":3,"column":34}},"type":"binary-expr","locations":[{"start":{"line":3,"column":16},"end":{"line":3,"column":17}},{"start":{"line":3,"column":22},"end":{"line":3,"column":33}}],"line":3},"2":{"loc":{"start":{"line":6,"column":32},"end":{"line":6,"column":148}},"type":"cond-expr","locations":[{"start":{"line":6,"column":46},"end":{"line":6,"column":67}},{"start":{"line":6,"column":70},"end":{"line":6,"column":148}}],"line":6},"3":{"loc":{"start":{"line":7,"column":51},"end":{"line":7,"column":67}},"type":"binary-expr","locations":[{"start":{"line":7,"column":51},"end":{"line":7,"column":61}},{"start":{"line":7,"column":65},"end":{"line":7,"column":67}}],"line":7},"4":{"loc":{"start":{"line":24,"column":12},"end":{"line":26,"column":13}},"type":"if","locations":[{"start":{"line":24,"column":12},"end":{"line":26,"column":13}},{"start":{"line":24,"column":12},"end":{"line":26,"column":13}}],"line":24}},"s":{"0":3,"1":3,"2":3,"3":80,"4":160,"5":160,"6":0,"7":0,"8":0,"9":0,"10":240,"11":160,"12":80,"13":3,"14":3,"15":3,"16":3,"17":3,"18":3,"19":0,"20":3,"21":80,"22":80,"23":80,"24":80,"25":80,"26":0,"27":80,"28":80,"29":80,"30":80,"31":80,"32":80,"33":0,"34":0,"35":3},"f":{"0":80,"1":80,"2":160,"3":0,"4":240,"5":160,"6":0,"7":80,"8":80},"b":{"0":[3,3,3],"1":[80,80],"2":[80,160],"3":[80,80],"4":[0,80]},"_coverageSchema":"332fd63041d2c1bcb487cc26dd0d5f7d97098a6c","hash":"0d2ab43c888a1f51e65524510f740a3d6aff43c0"}
,"/Users/kushanjoshi/code/open/idly-mono/packages/idly-graph/src/worker/parsing/fixtures.ts": {"path":"/Users/kushanjoshi/code/open/idly-mono/packages/idly-graph/src/worker/parsing/fixtures.ts","statementMap":{"0":{"start":{"line":1,"column":13},"end":{"line":1,"column":42}},"1":{"start":{"line":1,"column":42},"end":{"line":1,"column":55}},"2":{"start":{"line":2,"column":0},"end":{"line":2,"column":62}},"3":{"start":{"line":3,"column":0},"end":{"line":9,"column":3}},"4":{"start":{"line":10,"column":0},"end":{"line":13,"column":16}},"5":{"start":{"line":14,"column":0},"end":{"line":27,"column":16}},"6":{"start":{"line":28,"column":0},"end":{"line":54,"column":9}},"7":{"start":{"line":55,"column":0},"end":{"line":102,"column":2}},"8":{"start":{"line":103,"column":0},"end":{"line":10812,"column":2}}},"fnMap":{},"branchMap":{},"s":{"0":5,"1":5,"2":5,"3":5,"4":5,"5":5,"6":5,"7":5,"8":5},"f":{},"b":{},"_coverageSchema":"332fd63041d2c1bcb487cc26dd0d5f7d97098a6c","hash":"a3038228346d0c7e850b65eb40cfeca5ff894fcd"}
,"/Users/kushanjoshi/code/open/idly-mono/packages/idly-graph/src/worker/parsing/nodeToFeature.ts": {"path":"/Users/kushanjoshi/code/open/idly-mono/packages/idly-graph/src/worker/parsing/nodeToFeature.ts","statementMap":{"0":{"start":{"line":1,"column":13},"end":{"line":1,"column":42}},"1":{"start":{"line":1,"column":42},"end":{"line":1,"column":55}},"2":{"start":{"line":2,"column":0},"end":{"line":2,"column":62}},"3":{"start":{"line":4,"column":4},"end":{"line":12,"column":6}},"4":{"start":{"line":14,"column":0},"end":{"line":14,"column":36}}},"fnMap":{"0":{"name":"nodeCombiner","decl":{"start":{"line":3,"column":9},"end":{"line":3,"column":21}},"loc":{"start":{"line":3,"column":43},"end":{"line":13,"column":1}},"line":3}},"branchMap":{},"s":{"0":4,"1":4,"2":4,"3":18,"4":4},"f":{"0":18},"b":{},"_coverageSchema":"332fd63041d2c1bcb487cc26dd0d5f7d97098a6c","hash":"62b1c129f58757ad6f41db8148addaee87492112"}
,"/Users/kushanjoshi/code/open/idly-mono/packages/idly-graph/src/worker/parsing/parser.ts": {"path":"/Users/kushanjoshi/code/open/idly-mono/packages/idly-graph/src/worker/parsing/parser.ts","statementMap":{"0":{"start":{"line":1,"column":13},"end":{"line":1,"column":42}},"1":{"start":{"line":1,"column":42},"end":{"line":1,"column":55}},"2":{"start":{"line":2,"column":0},"end":{"line":2,"column":62}},"3":{"start":{"line":3,"column":20},"end":{"line":3,"column":61}},"4":{"start":{"line":4,"column":24},"end":{"line":4,"column":68}},"5":{"start":{"line":5,"column":20},"end":{"line":5,"column":60}},"6":{"start":{"line":6,"column":22},"end":{"line":6,"column":64}},"7":{"start":{"line":7,"column":26},"end":{"line":7,"column":72}},"8":{"start":{"line":8,"column":28},"end":{"line":8,"column":76}},"9":{"start":{"line":9,"column":22},"end":{"line":9,"column":64}},"10":{"start":{"line":10,"column":21},"end":{"line":10,"column":62}},"11":{"start":{"line":12,"column":14},"end":{"line":18,"column":6}},"12":{"start":{"line":13,"column":8},"end":{"line":17,"column":11}},"13":{"start":{"line":14,"column":12},"end":{"line":16,"column":15}},"14":{"start":{"line":15,"column":16},"end":{"line":15,"column":75}},"15":{"start":{"line":15,"column":62},"end":{"line":15,"column":73}},"16":{"start":{"line":19,"column":4},"end":{"line":19,"column":13}},"17":{"start":{"line":21,"column":0},"end":{"line":21,"column":50}},"18":{"start":{"line":22,"column":17},"end":{"line":22,"column":56}},"19":{"start":{"line":34,"column":4},"end":{"line":35,"column":44}},"20":{"start":{"line":35,"column":8},"end":{"line":35,"column":44}},"21":{"start":{"line":36,"column":15},"end":{"line":36,"column":32}},"22":{"start":{"line":37,"column":4},"end":{"line":40,"column":5}},"23":{"start":{"line":39,"column":8},"end":{"line":39,"column":33}},"24":{"start":{"line":41,"column":21},"end":{"line":41,"column":36}},"25":{"start":{"line":42,"column":21},"end":{"line":42,"column":23}},"26":{"start":{"line":43,"column":21},"end":{"line":43,"column":23}},"27":{"start":{"line":44,"column":20},"end":{"line":44,"column":22}},"28":{"start":{"line":45,"column":25},"end":{"line":45,"column":27}},"29":{"start":{"line":46,"column":18},"end":{"line":50,"column":5}},"30":{"start":{"line":51,"column":4},"end":{"line":56,"column":5}},"31":{"start":{"line":52,"column":22},"end":{"line":52,"column":33}},"32":{"start":{"line":53,"column":23},"end":{"line":53,"column":44}},"33":{"start":{"line":54,"column":8},"end":{"line":55,"column":46}},"34":{"start":{"line":55,"column":12},"end":{"line":55,"column":46}},"35":{"start":{"line":57,"column":4},"end":{"line":57,"column":58}},"36":{"start":{"line":58,"column":4},"end":{"line":58,"column":51}},"37":{"start":{"line":58,"column":35},"end":{"line":58,"column":49}},"38":{"start":{"line":65,"column":4},"end":{"line":65,"column":60}},"39":{"start":{"line":66,"column":4},"end":{"line":66,"column":54}},"40":{"start":{"line":66,"column":37},"end":{"line":66,"column":52}},"41":{"start":{"line":67,"column":4},"end":{"line":70,"column":6}},"42":{"start":{"line":72,"column":0},"end":{"line":72,"column":28}},"43":{"start":{"line":74,"column":4},"end":{"lin
[...]
n":58}},"62":{"start":{"line":79,"column":12},"end":{"line":79,"column":49}},"63":{"start":{"line":80,"column":12},"end":{"line":80,"column":25}},"64":{"start":{"line":84,"column":8},"end":{"line":84,"column":101}},"65":{"start":{"line":84,"column":44},"end":{"line":84,"column":67}},"66":{"start":{"line":84,"column":78},"end":{"line":84,"column":98}},"67":{"start":{"line":87,"column":8},"end":{"line":101,"column":11}},"68":{"start":{"line":89,"column":12},"end":{"line":89,"column":61}},"69":{"start":{"line":90,"column":12},"end":{"line":90,"column":68}},"70":{"start":{"line":93,"column":12},"end":{"line":93,"column":41}},"71":{"start":{"line":94,"column":12},"end":{"line":94,"column":91}},"72":{"start":{"line":95,"column":12},"end":{"line":95,"column":45}},"73":{"start":{"line":96,"column":12},"end":{"line":96,"column":64}},"74":{"start":{"line":99,"column":12},"end":{"line":99,"column":29}},"75":{"start":{"line":100,"column":12},"end":{"line":100,"column":20}},"76":{"start":{"line":104,"column":8},"end":{"line":117,"column":11}},"77":{"start":{"line":105,"column":12},"end":{"line":116,"column":13}},"78":{"start":{"line":106,"column":16},"end":{"line":106,"column":50}},"79":{"start":{"line":107,"column":33},"end":{"line":107,"column":70}},"80":{"start":{"line":108,"column":36},"end":{"line":108,"column":77}},"81":{"start":{"line":109,"column":34},"end":{"line":109,"column":92}},"82":{"start":{"line":110,"column":30},"end":{"line":110,"column":87}},"83":{"start":{"line":111,"column":16},"end":{"line":111,"column":53}},"84":{"start":{"line":112,"column":16},"end":{"line":112,"column":29}},"85":{"start":{"line":115,"column":16},"end":{"line":115,"column":33}},"86":{"start":{"line":120,"column":0},"end":{"line":120,"column":26}}},"fnMap":{"0":{"name":"(anonymous_0)","decl":{"start":{"line":2,"column":44},"end":{"line":2,"column":45}},"loc":{"start":{"line":2,"column":89},"end":{"line":9,"column":1}},"line":2},"1":{"name":"(anonymous_1)","decl":{"start":{"line":3,"column":36},"end":{"line":3,"column":37}},"loc":{"start":{"line":3,"column":63},"end":{"line":8,"column":5}},"line":3},"2":{"name":"fulfilled","decl":{"start":{"line":4,"column":17},"end":{"line":4,"column":26}},"loc":{"start":{"line":4,"column":34},"end":{"line":4,"column":99}},"line":4},"3":{"name":"rejected","decl":{"start":{"line":5,"column":17},"end":{"line":5,"column":25}},"loc":{"start":{"line":5,"column":33},"end":{"line":5,"column":102}},"line":5},"4":{"name":"step","decl":{"start":{"line":6,"column":17},"end":{"line":6,"column":21}},"loc":{"start":{"line":6,"column":30},"end":{"line":6,"column":151}},"line":6},"5":{"name":"(anonymous_5)","decl":{"start":{"line":6,"column":76},"end":{"line":6,"column":77}},"loc":{"start":{"line":6,"column":95},"end":{"line":6,"column":121}},"line":6},"6":{"name":"(anonymous_6)","decl":{"start":{"line":22,"column":4},"end":{"line":22,"column":5}},"loc":{"start":{"line":22,"column":31},"end":{"line":38,"column":5}},"line":22},"7":{"name":"(anonymous_7)","decl":{"start":{"line":26,"column":48},"end":{"line":26,"column":49}},"loc":{"start":{"line":26,"column":53},"end":{"line":37,"column":9}},"line":26},"8":{"name":"(anonymous_8)","decl":{"start":{"line":31,"column":33},"end":{"line":31,"column":34}},"loc":{"start":{"line":31,"column":38},"end":{"line":36,"column":13}},"line":31},"9":{"name":"(anonymous_9)","decl":{"start":{"line":39,"column":4},"end":{"line":39,"column":5}},"loc":{"start":{"line":39,"column":24},"end":{"line":44,"column":5}},"line":39},"10":{"name":"(anonymous_10)","decl":{"start":{"line":43,"column":45},"end":{"line":43,"column":46}},"loc":{"start":{"line":43,"column":51},"end":{"line":43,"column":78}},"line":43},"11":{"name":"(anonymous_11)","decl":{"start":{"line":45,"column":4},"end":{"line":45,"column":5}},"loc":{"start":{"line":45,"column":28},"end":{"line":50,"column":5}},"line":45},"12":{"name":"(anonymous_12)","decl":{"start":{"line":48,"column":17},"end":{"line":48,"column":18}},"loc":{"start":{"line":48,"column":23},"end":{"line":48,"column":78}},"line":48},"13":{"name":"(anonymous_13)","decl":{"start":{"line":49,"column":20},"end":{"line":49,"column":21}},"loc":{"start":{"line":49,"column":36},"end":{"line":49,"column":53}},"line":49},"14":{"name":"(anonymous_14)","decl":{"start":{"line":51,"column":4},"end":{"line":51,"column":5}},"loc":{"start":{"line":51,"column":29},"end":{"line":59,"column":5}},"line":51},"15":{"name":"(anonymous_15)","decl":{"start":{"line":52,"column":47},"end":{"line":52,"column":48}},"loc":{"start":{"line":52,"column":60},"end":{"line":58,"column":9}},"line":52},"16":{"name":"(anonymous_16)","decl":{"start":{"line":60,"column":4},"end":{"line":60,"column":5}},"loc":{"start":{"line":60,"column":47},"end":{"line":82,"column":5}},"line":60},"17":{"name":"(anonymous_17)","decl":{"start":{"line":61,"column":47},"end":{"line":61,"column":48}},"loc":{"start":{"line":61,"column":60},"end":{"line":81,"column":9}},"line":61},"18":{"name":"(anonymous_18)","decl":{"start":{"line":83,"column":4},"end":{"line":83,"column":5}},"loc":{"start":{"line":83,"column":24},"end":{"line":85,"column":5}},"line":83},"19":{"name":"(anonymous_19)","decl":{"start":{"line":84,"column":39},"end":{"line":84,"column":40}},"loc":{"start":{"line":84,"column":44},"end":{"line":84,"column":67}},"line":84},"20":{"name":"(anonymous_20)","decl":{"start":{"line":84,"column":73},"end":{"line":84,"column":74}},"loc":{"start":{"line":84,"column":78},"end":{"line":84,"column":98}},"line":84},"21":{"name":"(anonymous_21)","decl":{"start":{"line":86,"column":4},"end":{"line":86,"column":5}},"loc":{"start":{"line":86,"column":20},"end":{"line":102,"column":5}},"line":86},"22":{"name":"(anonymous_22)","decl":{"start":{"line":88,"column":18},"end":{"line":88,"column":19}},"loc":{"start":{"line":88,"column":25},"end":{"line":91,"column":9}},"line":88},"23":{"name":"(anonymous_23)","decl":{"start":{"line":92,"column":18},"end":{"line":92,"column":19}},"loc":{"start":{"line":92,"column":48},"end":{"line":97,"column":9}},"line":92},"24":{"name":"(anonymous_24)","decl":{"start":{"line":98,"column":19},"end":{"line":98,"column":20}},"loc":{"start":{"line":98,"column":24},"end":{"line":101,"column":9}},"line":98},"25":{"name":"(anonymous_25)","decl":{"start":{"line":103,"column":4},"end":{"line":103,"column":5}},"loc":{"start":{"line":103,"column":27},"end":{"line":118,"column":5}},"line":103},"26":{"name":"(anonymous_26)","decl":{"start":{"line":104,"column":47},"end":{"line":104,"column":48}},"loc":{"start":{"line":104,"column":60},"end":{"line":117,"column":9}},"line":104}},"branchMap":{"0":{"loc":{"start":{"line":2,"column":16},"end":{"line":9,"column":1}},"type":"binary-expr","locations":[{"start":{"line":2,"column":17},"end":{"line":2,"column":21}},{"start":{"line":2,"column":25},"end":{"line":2,"column":39}},{"start":{"line":2,"column":44},"end":{"line":9,"column":1}}],"line":2},"1":{"loc":{"start":{"line":3,"column":16},"end":{"line":3,"column":34}},"type":"binary-expr","locations":[{"start":{"line":3,"column":16},"end":{"line":3,"column":17}},{"start":{"line":3,"column":22},"end":{"line":3,"column":33}}],"line":3},"2":{"loc":{"start":{"line":6,"column":32},"end":{"line":6,"column":148}},"type":"cond-expr","locations":[{"start":{"line":6,"column":46},"end":{"line":6,"column":67}},{"start":{"line":6,"column":70},"end":{"line":6,"column":148}}],"line":6},"3":{"loc":{"start":{"line":7,"column":51},"end":{"line":7,"column":67}},"type":"binary-expr","locations":[{"start":{"line":7,"column":51},"end":{"line":7,"column":61}},{"start":{"line":7,"column":65},"end":{"line":7,"column":67}}],"line":7},"4":{"loc":{"start":{"line":27,"column":12},"end":{"line":30,"column":13}},"type":"if","locations":[{"start":{"line":27,"column":12},"end":{"line":30,"column":13}},{"start":{"line":27,"column":12},"end":{"line":30,"column":13}}],"line":27},"5":{"loc":{"start":{"line":33,"column":16},"end":{"line":34,"column":52}},"type":"if","locations":[{"start":{"line":33,"column":16},"end":{"line":34,"column":52}},{"start":{"line":33,"column":16},"end":{"line":34,"column":52}}],"line":33},"6":{"loc":{"start":{"line":33,"column":20},"end":{"line":33,"column":52}},"type":"binary-expr","locations":[{"start":{"line":33,"column":20},"end":{"line":33,"column":22}},{"start":{"line":33,"column":26},"end":{"line":33,"column":35}},{"start":{"line":33,"column":39},"end":{"line":33,"column":52}}],"line":33},"7":{"loc":{"start":{"line":68,"column":20},"end":{"line":73,"column":21}},"type":"if","locations":[{"start":{"line":68,"column":20},"end":{"line":73,"column":21}},{"start":{"line":68,"column":20},"end":{"line":73,"column":21}}],"line":68}},"s":{"0":3,"1":3,"2":3,"3":12,"4":12,"5":12,"6":0,"7":0,"8":0,"9":0,"10":24,"11":12,"12":12,"13":3,"14":3,"15":3,"16":3,"17":3,"18":3,"19":3,"20":3,"21":3,"22":3,"23":4,"24":4,"25":4,"26":4,"27":4,"28":0,"29":0,"30":4,"31":4,"32":4,"33":0,"34":4,"35":4,"36":4,"37":4,"38":4,"39":4,"40":4,"41":4,"42":6,"43":6,"44":2,"45":2,"46":2,"47":2,"48":2,"49":2,"50":6,"51":6,"52":6,"53":6,"54":6,"55":6,"56":6,"57":24,"58":0,"59":24,"60":6,"61":24,"62":6,"63":6,"64":4,"65":80,"66":80,"67":80,"68":80,"69":80,"70":80,"71":80,"72":80,"73":80,"74":0,"75":0,"76":4,"77":4,"78":4,"79":4,"80":4,"81":4,"82":4,"83":4,"84":4,"85":0,"86":3},"f":{"0":12,"1":12,"2":12,"3":0,"4":24,"5":12,"6":4,"7":4,"8":4,"9":4,"10":4,"11":4,"12":6,"13":6,"14":2,"15":2,"16":6,"17":6,"18":4,"19":80,"20":80,"21":80,"22":80,"23":80,"24":0,"25":4,"26":4},"b":{"0":[3,3,3],"1":[12,12],"2":[12,12],"3":[12,12],"4":[0,4],"5":[0,4],"6":[4,4,4],"7":[0,24]},"_coverageSchema":"332fd63041d2c1bcb487cc26dd0d5f7d97098a6c","hash":"77a18a3707b44abd5c10d0374448f79bdc5b19cf"}
,"/Users/kushanjoshi/code/open/idly-mono/packages/idly-graph/src/worker/store/rbush.ts": {"path":"/Users/kushanjoshi/code/open/idly-mono/packages/idly-graph/src/worker/store/rbush.ts","statementMap":{"0":{"start":{"line":1,"column":13},"end":{"line":1,"column":42}},"1":{"start":{"line":1,"column":42},"end":{"line":1,"column":55}},"2":{"start":{"line":2,"column":0},"end":{"line":2,"column":62}},"3":{"start":{"line":3,"column":28},"end":{"line":3,"column":76}},"4":{"start":{"line":4,"column":14},"end":{"line":4,"column":30}},"5":{"start":{"line":7,"column":8},"end":{"line":7,"column":29}},"6":{"start":{"line":10,"column":41},"end":{"line":10,"column":98}},"7":{"start":{"line":11,"column":21},"end":{"line":17,"column":9}},"8":{"start":{"line":18,"column":8},"end":{"line":18,"column":38}},"9":{"start":{"line":23,"column":8},"end":{"line":28,"column":11}},"10":{"start":{"line":31,"column":0},"end":{"line":31,"column":32}}},"fnMap":{"0":{"name":"(anonymous_0)","decl":{"start":{"line":6,"column":4},"end":{"line":6,"column":5}},"loc":{"start":{"line":6,"column":18},"end":{"line":8,"column":5}},"line":6},"1":{"name":"(anonymous_1)","decl":{"start":{"line":9,"column":4},"end":{"line":9,"column":5}},"loc":{"start":{"line":9,"column":17},"end":{"line":19,"column":5}},"line":9},"2":{"name":"(anonymous_2)","decl":{"start":{"line":22,"column":4},"end":{"line":22,"column":5}},"loc":{"start":{"line":22,"column":37},"end":{"line":29,"column":5}},"line":22}},"branchMap":{},"s":{"0":3,"1":3,"2":3,"3":3,"4":3,"5":4,"6":80,"7":80,"8":80,"9":4,"10":3},"f":{"0":4,"1":80,"2":4},"b":{},"_coverageSchema":"332fd63041d2c1bcb487cc26dd0d5f7d97098a6c","hash":"b3adc2476f673f055d7a6ab9e86576119db82444"}
,"/Users/kushanjoshi/code/open/idly-mono/packages/idly-graph/src/worker/store/tilesCache.ts": {"path":"/Users/kushanjoshi/code/open/idly-mono/packages/idly-graph/src/worker/store/tilesCache.ts","statementMap":{"0":{"start":{"line":1,"column":13},"end":{"line":1,"column":42}},"1":{"start":{"line":1,"column":42},"end":{"line":1,"column":55}},"2":{"start":{"line":2,"column":0},"end":{"line":2,"column":62}},"3":{"start":{"line":3,"column":17},"end":{"line":3,"column":38}},"4":{"start":{"line":4,"column":20},"end":{"line":4,"column":49}},"5":{"start":{"line":6,"column":23},"end":{"line":6,"column":55}},"6":{"start":{"line":7,"column":16},"end":{"line":7,"column":34}},"7":{"start":{"line":10,"column":8},"end":{"line":10,"column":51}},"8":{"start":{"line":11,"column":8},"end":{"line":11,"column":31}},"9":{"start":{"line":14,"column":8},"end":{"line":14,"column":50}},"10":{"start":{"line":17,"column":8},"end":{"line":17,"column":66}},"11":{"start":{"line":20,"column":20},"end":{"line":20,"column":46}},"12":{"start":{"line":21,"column":8},"end":{"line":21,"column":35}},"13":{"start":{"line":24,"column":20},"end":{"line":24,"column":46}},"14":{"start":{"line":25,"column":8},"end":{"line":25,"column":37}},"15":{"start":{"line":26,"column":8},"end":{"line":26,"column":38}},"16":{"start":{"line":29,"column":20},"end":{"line":29,"column":46}},"17":{"start":{"line":30,"column":8},"end":{"line":30,"column":41}},"18":{"start":{"line":33,"column":27},"end":{"line":33,"column":81}},"19":{"start":{"line":34,"column":28},"end":{"line":34,"column":62}},"20":{"start":{"line":35,"column":30},"end":{"line":38,"column":10}},"21":{"start":{"line":35,"column":54},"end":{"line":35,"column":70}},"22":{"start":{"line":36,"column":25},"end":{"line":36,"column":30}},"23":{"start":{"line":37,"column":12},"end":{"line":37,"column":38}},"24":{"start":{"line":39,"column":8},"end":{"line":39,"column":57}},"25":{"start":{"line":40,"column":8},"end":{"line":40,"column":73}},"26":{"start":{"line":40,"column":51},"end":{"line":40,"column":67}},"27":{"start":{"line":43,"column":0},"end":{"line":43,"column":32}}},"fnMap":{"0":{"name":"(anonymous_0)","decl":{"start":{"line":9,"column":4},"end":{"line":9,"column":5}},"loc":{"start":{"line":9,"column":18},"end":{"line":12,"column":5}},"line":9},"1":{"name":"(anonymous_1)","decl":{"start":{"line":13,"column":4},"end":{"line":13,"column":5}},"loc":{"start":{"line":13,"column":27},"end":{"line":15,"column":5}},"line":13},"2":{"name":"(anonymous_2)","decl":{"start":{"line":16,"column":4},"end":{"line":16,"column":5}},"loc":{"start":{"line":16,"column":34},"end":{"line":18,"column":5}},"line":16},"3":{"name":"(anonymous_3)","decl":{"start":{"line":19,"column":4},"end":{"line":19,"column":5}},"loc":{"start":{"line":19,"column":14},"end":{"line":22,"column":5}},"line":19},"4":{"name":"(anonymous_4)","decl":{"start":{"line":23,"column":4},"end":{"line":23,"column":5}},"loc":{"start":{"line":23,"column":24},"end":{"line":27,"column":5}},"line":23},"5":{"name":"(anonymous_5)","decl":{"start":{"line":28,"column":4},"end":{"line":28,"column":5}},"loc":{"start":{"line":28,"column":18},"end":{"line":31,"column":5}},"line":28},"6":{"name":"(anonymous_6)","decl":{"start":{"line":32,"column":4},"end":{"line":32,"column":5}},"loc":{"start":{"line":32,"column":30},"end":{"line":41,"column":5}},"line":32},"7":{"name":"(anonymous_7)","decl":{"start":{"line":35,"column":49},"end":{"line":35,"column":50}},"loc":{"start":{"line":35,"column":54},"end":{"line":35,"column":70}},"line":35},"8":{"name":"(anonymous_8)","decl":{"start":{"line":35,"column":76},"end":{"line":35,"column":77}},"loc":{"start":{"line":35,"column":81},"end":{"line":38,"column":9}},"line":35},"9":{"name":"(anonymous_9)","decl":{"start":{"line":40,"column":36},"end":{"line":40,"column":37}},"loc":{"start":{"line":40,"column":51},"end":{"line":40,"column":67}},"line":40}},"branchMap":{"0":{"loc":{"start":{"line":30,"column":15},"end":{"line":30,"column":40}},"type":"binary-expr","locations":[{"start":{"line":30,"column":15},"end":{"line":30,"column":34}},{"start":{"line":30,"column":38},"end":{"line":30,"column":40}}],"line":30},"1":{"loc":{"start":{"line":33,"column":27},"end":{"line":33,"column":81}},"type":"cond-expr","locations":[{"start":{"line":33,"column":41},"end":{"line":33,"column":45}},{"start":{"line":33,"column":48},"end":{"line":33,"column":81}}],"line":33}},"s":{"0":3,"1":3,"2":3,"3":3,"4":3,"5":3,"6":3,"7":4,"8":4,"9":240,"10":0,"11":80,"12":80,"13":80,"14":80,"15":80,"16":80,"17":80,"18":4,"19":4,"20":4,"21":80,"22":80,"23":80,"24":4,"25":4,"26":80,"27":3},"f":{"0":4,"1":240,"2":0,"3":80,"4":80,"5":80,"6":4,"7":80,"8":80,"9":80},"b":{"0":[80,0],"1":[4,0]},"_coverageSchema":"332fd63041d2c1bcb487cc26dd0d5f7d97098a6c","hash":"22b460f57cb043fad9547f278d30ec8df1cef56d"}
,"/Users/kushanjoshi/code/open/idly-mono/packages/idly-graph/src/worker/util/recursiveLookup.ts": {"path":"/Users/kushanjoshi/code/open/idly-mono/packages/idly-graph/src/worker/util/recursiveLookup.ts","statementMap":{"0":{"start":{"line":1,"column":13},"end":{"line":1,"column":42}},"1":{"start":{"line":1,"column":42},"end":{"line":1,"column":55}},"2":{"start":{"line":2,"column":0},"end":{"line":2,"column":62}},"3":{"start":{"line":3,"column":21},"end":{"line":3,"column":62}},"4":{"start":{"line":5,"column":4},"end":{"line":6,"column":18}},"5":{"start":{"line":6,"column":8},"end":{"line":6,"column":18}},"6":{"start":{"line":7,"column":19},"end":{"line":7,"column":32}},"7":{"start":{"line":8,"column":4},"end":{"line":10,"column":5}},"8":{"start":{"line":9,"column":8},"end":{"line":9,"column":24}},"9":{"start":{"line":11,"column":4},"end":{"line":28,"column":5}},"10":{"start":{"line":12,"column":25},"end":{"line":12,"column":70}},"11":{"start":{"line":12,"column":52},"end":{"line":12,"column":69}},"12":{"start":{"line":13,"column":8},"end":{"line":13,"column":30}},"13":{"start":{"line":14,"column":8},"end":{"line":14,"column":24}},"14":{"start":{"line":17,"column":25},"end":{"line":25,"column":58}},"15":{"start":{"line":19,"column":12},"end":{"line":22,"column":13}},"16":{"start":{"line":20,"column":33},"end":{"line":20,"column":53}},"17":{"start":{"line":21,"column":16},"end":{"line":21,"column":34}},"18":{"start":{"line":23,"column":12},"end":{"line":23,"column":53}},"19":{"start":{"line":25,"column":36},"end":{"line":25,"column":53}},"20":{"start":{"line":26,"column":8},"end":{"line":26,"column":30}},"21":{"start":{"line":27,"column":8},"end":{"line":27,"column":24}},"22":{"start":{"line":30,"column":0},"end":{"line":30,"column":42}}},"fnMap":{"0":{"name":"recursiveLookup","decl":{"start":{"line":4,"column":9},"end":{"line":4,"column":24}},"loc":{"start":{"line":4,"column":36},"end":{"line":29,"column":1}},"line":4},"1":{"name":"(anonymous_1)","decl":{"start":{"line":12,"column":42},"end":{"line":12,"column":43}},"loc":{"start":{"line":12,"column":52},"end":{"line":12,"column":69}},"line":12},"2":{"name":"(anonymous_2)","decl":{"start":{"line":18,"column":17},"end":{"line":18,"column":18}},"loc":{"start":{"line":18,"column":27},"end":{"line":24,"column":9}},"line":18},"3":{"name":"(anonymous_3)","decl":{"start":{"line":25,"column":20},"end":{"line":25,"column":21}},"loc":{"start":{"line":25,"column":36},"end":{"line":25,"column":53}},"line":25}},"branchMap":{"0":{"loc":{"start":{"line":5,"column":4},"end":{"line":6,"column":18}},"type":"if","locations":[{"start":{"line":5,"column":4},"end":{"line":6,"column":18}},{"start":{"line":5,"column":4},"end":{"line":6,"column":18}}],"line":5},"1":{"loc":{"start":{"line":8,"column":4},"end":{"line":10,"column":5}},"type":"if","locations":[{"start":{"line":8,"column":4},"end":{"line":10,"column":5}},{"start":{"line":8,"column":4},"end":{"line":10,"column":5}}],"line":8},"2":{"loc":{"start":{"line":11,"column":4},"end":{"line":28,"column":5}},"type":"if","locations":[{"start":{"line":11,"column":4},"end":{"line":28,"column":5}},{"start":{"line":11,"column":4},"end":{"line":28,"column":5}}],"line":11},"3":{"loc":{"start":{"line":19,"column":12},"end":{"line":22,"column":13}},"type":"if","locations":[{"start":{"line":19,"column":12},"end":{"line":22,"column":13}},{"start":{"line":19,"column":12},"end":{"line":22,"column":13}}],"line":19}},"s":{"0":3,"1":3,"2":3,"3":3,"4":6,"5":0,"6":6,"7":6,"8":4,"9":2,"10":2,"11":4,"12":2,"13":2,"14":0,"15":0,"16":0,"17":0,"18":0,"19":0,"20":0,"21":0,"22":3},"f":{"0":6,"1":4,"2":0,"3":0},"b":{"0":[0,6],"1":[4,2],"2":[2,0],"3":[0,0]},"_coverageSchema":"332fd63041d2c1bcb487cc26dd0d5f7d97098a6c","hash":"703f850eff1096f29166d0d172ec094c37959af5"}
}
