<?xml version="1.0" encoding="UTF-8"?>
<coverage generated="1504017593847" clover="3.2.0">
  <project timestamp="1504017593847" name="All files">
    <metrics statements="547" coveredstatements="473" conditionals="263" coveredconditionals="206" methods="89" coveredmethods="67" elements="899" coveredelements="746" complexity="0" loc="547" ncloc="547" packages="6" files="22" classes="22">
      <package name="src">
        <metrics statements="19" coveredstatements="19" conditionals="4" coveredconditionals="4" methods="3" coveredmethods="3"/>
        <file name="worker.ts" path="/Users/kushanjoshi/code/open/idly-mono/packages/idly-osm/src/worker.ts">
          <metrics statements="19" coveredstatements="19" conditionals="4" coveredconditionals="4" methods="3" coveredmethods="3"/>
          <line num="1" count="1" type="stmt"/>
          <line num="2" count="1" type="stmt"/>
          <line num="3" count="1" type="stmt"/>
          <line num="4" count="1" type="stmt"/>
          <line num="5" count="1" type="stmt"/>
          <line num="6" count="1" type="stmt"/>
          <line num="8" count="6" type="stmt"/>
          <line num="9" count="6" type="stmt"/>
          <line num="10" count="22" type="stmt"/>
          <line num="12" count="6" type="stmt"/>
          <line num="20" count="1" type="stmt"/>
          <line num="21" count="1" type="stmt"/>
          <line num="22" count="6" type="cond" truecount="2" falsecount="0"/>
          <line num="23" count="4" type="stmt"/>
          <line num="24" count="4" type="stmt"/>
          <line num="26" count="6" type="cond" truecount="2" falsecount="0"/>
          <line num="27" count="2" type="stmt"/>
          <line num="30" count="1" type="stmt"/>
          <line num="32" count="1" type="stmt"/>
        </file>
      </package>
      <package name="src.config">
        <metrics statements="3" coveredstatements="3" conditionals="0" coveredconditionals="0" methods="0" coveredmethods="0"/>
        <file name="config.ts" path="/Users/kushanjoshi/code/open/idly-mono/packages/idly-osm/src/config/config.ts">
          <metrics statements="3" coveredstatements="3" conditionals="0" coveredconditionals="0" methods="0" coveredmethods="0"/>
          <line num="1" count="1" type="stmt"/>
          <line num="2" count="1" type="stmt"/>
          <line num="3" count="1" type="stmt"/>
        </file>
      </package>
      <package name="src.helpers">
        <metrics statements="73" coveredstatements="65" conditionals="24" coveredconditionals="17" methods="11" coveredmethods="9"/>
        <file name="dummyParentWaysGen.ts" path="/Users/kushanjoshi/code/open/idly-mono/packages/idly-osm/src/helpers/dummyParentWaysGen.ts">
          <metrics statements="6" coveredstatements="6" conditionals="0" coveredconditionals="0" methods="2" coveredmethods="2"/>
          <line num="1" count="2" type="stmt"/>
          <line num="2" count="2" type="stmt"/>
          <line num="4" count="2" type="stmt"/>
          <line num="5" count="8" type="stmt"/>
          <line num="6" count="2" type="stmt"/>
          <line num="8" count="2" type="stmt"/>
        </file>
        <file name="editDistance.ts" path="/Users/kushanjoshi/code/open/idly-mono/packages/idly-osm/src/helpers/editDistance.ts">
          <metrics statements="21" coveredstatements="20" conditionals="6" coveredconditionals="5" methods="1" coveredmethods="1"/>
          <line num="1" count="7" type="stmt"/>
          <line num="2" count="7" type="stmt"/>
          <line num="3" count="7" type="stmt"/>
          <line num="5" count="156" type="stmt"/>
          <line num="6" count="156" type="stmt"/>
          <line num="7" count="156" type="cond" truecount="1" falsecount="1"/>
          <line num="8" count="0" type="stmt"/>
          <line num="9" count="156" type="cond" truecount="2" falsecount="0"/>
          <line num="10" count="78" type="stmt"/>
          <line num="11" count="78" type="stmt"/>
          <line num="12" count="78" type="stmt"/>
          <line num="13" count="650" type="stmt"/>
          <line num="15" count="78" type="stmt"/>
          <line num="16" count="361" type="stmt"/>
          <line num="18" count="78" type="stmt"/>
          <line num="19" count="572" type="stmt"/>
          <line num="20" count="2065" type="cond" truecount="2" falsecount="0"/>
          <line num="21" count="143" type="stmt"/>
          <line num="24" count="1922" type="stmt"/>
          <line num="30" count="78" type="stmt"/>
          <line num="32" count="7" type="stmt"/>
        </file>
        <file name="findInAreaKeys.ts" path="/Users/kushanjoshi/code/open/idly-mono/packages/idly-osm/src/helpers/findInAreaKeys.ts">
          <metrics statements="10" coveredstatements="4" conditionals="4" coveredconditionals="0" methods="2" coveredmethods="0"/>
          <line num="1" count="3" type="stmt"/>
          <line num="2" count="3" type="stmt"/>
          <line num="3" count="3" type="stmt"/>
          <line num="4" count="3" type="stmt"/>
          <line num="5" count="0" type="stmt"/>
          <line num="6" count="0" type="stmt"/>
          <line num="7" count="0" type="cond" truecount="0" falsecount="4"/>
          <line num="8" count="0" type="stmt"/>
          <line num="9" count="0" type="stmt"/>
          <line num="12" count="0" type="stmt"/>
        </file>
        <file name="getNodeGeometry.ts" path="/Users/kushanjoshi/code/open/idly-mono/packages/idly-osm/src/helpers/getNodeGeometry.ts">
          <metrics statements="7" coveredstatements="7" conditionals="4" coveredconditionals="4" methods="1" coveredmethods="1"/>
          <line num="1" count="4" type="stmt"/>
          <line num="2" count="4" type="stmt"/>
          <line num="3" count="4" type="stmt"/>
          <line num="5" count="10" type="cond" truecount="2" falsecount="0"/>
          <line num="6" count="6" type="cond" truecount="2" falsecount="0"/>
          <line num="9" count="4" type="stmt"/>
          <line num="11" count="4" type="stmt"/>
        </file>
        <file name="getRelationGeometry.ts" path="/Users/kushanjoshi/code/open/idly-mono/packages/idly-osm/src/helpers/getRelationGeometry.ts">
          <metrics statements="5" coveredstatements="5" conditionals="0" coveredconditionals="0" methods="1" coveredmethods="1"/>
          <line num="1" count="1" type="stmt"/>
          <line num="2" count="1" type="stmt"/>
          <line num="3" count="1" type="stmt"/>
          <line num="6" count="1" type="stmt"/>
          <line num="8" count="1" type="stmt"/>
        </file>
        <file name="getWayGeometry.ts" path="/Users/kushanjoshi/code/open/idly-mono/packages/idly-osm/src/helpers/getWayGeometry.ts">
          <metrics statements="5" coveredstatements="5" conditionals="2" coveredconditionals="2" methods="1" coveredmethods="1"/>
          <line num="1" count="1" type="stmt"/>
          <line num="2" count="1" type="stmt"/>
          <line num="3" count="1" type="stmt"/>
          <line num="4" count="1" type="stmt"/>
          <line num="5" count="5" type="cond" truecount="2" falsecount="0"/>
        </file>
        <file name="isAddressOnLine.ts" path="/Users/kushanjoshi/code/open/idly-mono/packages/idly-osm/src/helpers/isAddressOnLine.ts">
          <metrics statements="4" coveredstatements="4" conditionals="0" coveredconditionals="0" methods="1" coveredmethods="1"/>
          <line num="1" count="5" type="stmt"/>
          <line num="2" count="5" type="stmt"/>
          <line num="5" count="3" type="stmt"/>
          <line num="17" count="5" type="stmt"/>
        </file>
        <file name="isArea.ts" path="/Users/kushanjoshi/code/open/idly-mono/packages/idly-osm/src/helpers/isArea.ts">
          <metrics statements="11" coveredstatements="10" conditionals="6" coveredconditionals="4" methods="1" coveredmethods="1"/>
          <line num="1" count="3" type="stmt"/>
          <line num="2" count="3" type="stmt"/>
          <line num="3" count="3" type="stmt"/>
          <line num="4" count="3" type="stmt"/>
          <line num="5" count="3" type="stmt"/>
          <line num="6" count="3" type="stmt"/>
          <line num="7" count="8" type="cond" truecount="2" falsecount="0"/>
          <line num="8" count="2" type="stmt"/>
          <line num="9" count="6" type="cond" truecount="2" falsecount="2"/>
          <line num="10" count="6" type="stmt"/>
          <line num="11" count="0" type="stmt"/>
        </file>
        <file name="isClosed.ts" path="/Users/kushanjoshi/code/open/idly-mono/packages/idly-osm/src/helpers/isClosed.ts">
          <metrics statements="4" coveredstatements="4" conditionals="2" coveredconditionals="2" methods="1" coveredmethods="1"/>
          <line num="1" count="3" type="stmt"/>
          <line num="2" count="3" type="stmt"/>
          <line num="4" count="6" type="cond" truecount="2" falsecount="0"/>
          <line num="7" count="3" type="stmt"/>
        </file>
      </package>
      <package name="src.parsers">
        <metrics statements="23" coveredstatements="23" conditionals="9" coveredconditionals="8" methods="3" coveredmethods="3"/>
        <file name="node.ts" path="/Users/kushanjoshi/code/open/idly-mono/packages/idly-osm/src/parsers/node.ts">
          <metrics statements="10" coveredstatements="10" conditionals="3" coveredconditionals="3" methods="2" coveredmethods="2"/>
          <line num="1" count="2" type="stmt"/>
          <line num="2" count="2" type="stmt"/>
          <line num="3" count="2" type="stmt"/>
          <line num="4" count="2" type="stmt"/>
          <line num="5" count="2" type="stmt"/>
          <line num="7" count="5" type="stmt"/>
          <line num="9" count="2" type="stmt"/>
          <line num="10" count="2" type="stmt"/>
          <line num="11" count="8" type="stmt"/>
          <line num="12" count="8" type="stmt"/>
        </file>
        <file name="way.ts" path="/Users/kushanjoshi/code/open/idly-mono/packages/idly-osm/src/parsers/way.ts">
          <metrics statements="13" coveredstatements="13" conditionals="6" coveredconditionals="5" methods="1" coveredmethods="1"/>
          <line num="1" count="2" type="stmt"/>
          <line num="2" count="2" type="stmt"/>
          <line num="3" count="2" type="stmt"/>
          <line num="4" count="2" type="stmt"/>
          <line num="5" count="2" type="stmt"/>
          <line num="6" count="2" type="stmt"/>
          <line num="7" count="2" type="stmt"/>
          <line num="8" count="2" type="stmt"/>
          <line num="10" count="4" type="cond" truecount="1" falsecount="1"/>
          <line num="11" count="4" type="stmt"/>
          <line num="12" count="4" type="stmt"/>
          <line num="13" count="4" type="stmt"/>
          <line num="21" count="2" type="stmt"/>
        </file>
      </package>
      <package name="src.presets">
        <metrics statements="362" coveredstatements="298" conditionals="184" coveredconditionals="136" methods="69" coveredmethods="49"/>
        <file name="areaKeys.ts" path="/Users/kushanjoshi/code/open/idly-mono/packages/idly-osm/src/presets/areaKeys.ts">
          <metrics statements="28" coveredstatements="28" conditionals="17" coveredconditionals="17" methods="3" coveredmethods="3"/>
          <line num="1" count="5" type="stmt"/>
          <line num="2" count="5" type="stmt"/>
          <line num="3" count="5" type="stmt"/>
          <line num="4" count="5" type="stmt"/>
          <line num="6" count="18" type="stmt"/>
          <line num="7" count="18" type="stmt"/>
          <line num="9" count="18" type="stmt"/>
          <line num="14" count="18" type="stmt"/>
          <line num="16" count="5336" type="stmt"/>
          <line num="17" count="5207" type="stmt"/>
          <line num="18" count="5336" type="cond" truecount="2" falsecount="0"/>
          <line num="19" count="129" type="stmt"/>
          <line num="20" count="5207" type="cond" truecount="2" falsecount="0"/>
          <line num="21" count="781" type="stmt"/>
          <line num="22" count="4426" type="cond" truecount="2" falsecount="0"/>
          <line num="24" count="3671" type="cond" truecount="2" falsecount="0"/>
          <line num="28" count="18" type="stmt"/>
          <line num="30" count="5336" type="stmt"/>
          <line num="31" count="5207" type="stmt"/>
          <line num="32" count="5336" type="cond" truecount="2" falsecount="0"/>
          <line num="33" count="129" type="stmt"/>
          <line num="34" count="5207" type="cond" truecount="2" falsecount="0"/>
          <line num="35" count="781" type="stmt"/>
          <line num="36" count="4426" type="stmt"/>
          <line num="37" count="4426" type="cond" truecount="5" falsecount="0"/>
          <line num="41" count="272" type="stmt"/>
          <line num="44" count="18" type="stmt"/>
          <line num="46" count="5" type="stmt"/>
        </file>
        <file name="category.ts" path="/Users/kushanjoshi/code/open/idly-mono/packages/idly-osm/src/presets/category.ts">
          <metrics statements="19" coveredstatements="16" conditionals="0" coveredconditionals="0" methods="6" coveredmethods="3"/>
          <line num="1" count="6" type="stmt"/>
          <line num="2" count="6" type="stmt"/>
          <line num="3" count="6" type="stmt"/>
          <line num="4" count="6" type="stmt"/>
          <line num="5" count="6" type="stmt"/>
          <line num="7" count="100" type="stmt"/>
          <line num="8" count="100" type="stmt"/>
          <line num="9" count="100" type="stmt"/>
          <line num="10" count="744" type="stmt"/>
          <line num="12" count="100" type="stmt"/>
          <line num="13" count="2" type="stmt"/>
          <line num="15" count="100" type="stmt"/>
          <line num="16" count="0" type="stmt"/>
          <line num="18" count="100" type="stmt"/>
          <line num="19" count="0" type="stmt"/>
          <line num="21" count="100" type="stmt"/>
          <line num="22" count="0" type="stmt"/>
          <line num="24" count="100" type="stmt"/>
          <line num="26" count="6" type="stmt"/>
        </file>
        <file name="collection.ts" path="/Users/kushanjoshi/code/open/idly-mono/packages/idly-osm/src/presets/collection.ts">
          <metrics statements="63" coveredstatements="40" conditionals="20" coveredconditionals="8" methods="23" coveredmethods="15"/>
          <line num="1" count="7" type="stmt"/>
          <line num="2" count="7" type="stmt"/>
          <line num="3" count="7" type="stmt"/>
          <line num="4" count="7" type="stmt"/>
          <line num="6" count="183" type="stmt"/>
          <line num="7" count="183" type="stmt"/>
          <line num="8" count="183" type="stmt"/>
          <line num="11" count="1078" type="stmt"/>
          <line num="12" count="605298" type="stmt"/>
          <line num="16" count="4" type="stmt"/>
          <line num="17" count="34" type="stmt"/>
          <line num="21" count="8" type="cond" truecount="1" falsecount="1"/>
          <line num="22" count="0" type="stmt"/>
          <line num="24" count="226" type="stmt"/>
          <line num="25" count="226" type="cond" truecount="2" falsecount="0"/>
          <line num="28" count="0" type="stmt"/>
          <line num="29" count="0" type="cond" truecount="0" falsecount="2"/>
          <line num="30" count="0" type="stmt"/>
          <line num="32" count="0" type="stmt"/>
          <line num="34" count="8" type="stmt"/>
          <line num="35" count="8" type="stmt"/>
          <line num="36" count="79" type="cond" truecount="2" falsecount="0"/>
          <line num="38" count="8" type="stmt"/>
          <line num="39" count="79" type="stmt"/>
          <line num="42" count="8" type="stmt"/>
          <line num="43" count="78" type="stmt"/>
          <line num="46" count="0" type="stmt"/>
          <line num="47" count="0" type="cond" truecount="0" falsecount="2"/>
          <line num="48" count="0" type="stmt"/>
          <line num="49" count="0" type="stmt"/>
          <line num="52" count="0" type="cond" truecount="0" falsecount="2"/>
          <line num="53" count="0" type="stmt"/>
          <line num="54" count="0" type="stmt"/>
          <line num="57" count="8" type="stmt"/>
          <line num="58" count="78" type="cond" truecount="1" falsecount="1"/>
          <line num="61" count="8" type="stmt"/>
          <line num="62" count="78" type="cond" truecount="1" falsecount="1"/>
          <line num="65" count="8" type="stmt"/>
          <line num="67" count="78" type="stmt"/>
          <line num="73" count="78" type="stmt"/>
          <line num="76" count="45" type="stmt"/>
          <line num="79" count="32" type="stmt"/>
          <line num="82" count="8" type="stmt"/>
          <line num="83" count="78" type="cond" truecount="1" falsecount="1"/>
          <line num="84" count="78" type="stmt"/>
          <line num="88" count="8" type="stmt"/>
          <line num="89" count="0" type="stmt"/>
          <line num="91" count="0" type="stmt"/>
          <line num="92" count="0" type="stmt"/>
          <line num="93" count="0" type="stmt"/>
          <line num="94" count="0" type="cond" truecount="0" falsecount="2"/>
          <line num="95" count="0" type="stmt"/>
          <line num="97" count="0" type="stmt"/>
          <line num="99" count="8" type="stmt"/>
          <line num="101" count="0" type="stmt"/>
          <line num="107" count="0" type="stmt"/>
          <line num="112" count="0" type="stmt"/>
          <line num="115" count="0" type="stmt"/>
          <line num="117" count="8" type="stmt"/>
          <line num="118" count="8" type="stmt"/>
          <line num="121" count="8" type="stmt"/>
          <line num="124" count="183" type="stmt"/>
          <line num="126" count="7" type="stmt"/>
        </file>
        <file name="field.ts" path="/Users/kushanjoshi/code/open/idly-mono/packages/idly-osm/src/presets/field.ts">
          <metrics statements="17" coveredstatements="14" conditionals="2" coveredconditionals="2" methods="5" coveredmethods="2"/>
          <line num="1" count="5" type="stmt"/>
          <line num="2" count="5" type="stmt"/>
          <line num="3" count="5" type="stmt"/>
          <line num="4" count="5" type="stmt"/>
          <line num="6" count="1649" type="stmt"/>
          <line num="7" count="1649" type="stmt"/>
          <line num="8" count="1649" type="stmt"/>
          <line num="9" count="4" type="cond" truecount="2" falsecount="0"/>
          <line num="11" count="1649" type="stmt"/>
          <line num="12" count="0" type="stmt"/>
          <line num="14" count="1649" type="stmt"/>
          <line num="15" count="0" type="stmt"/>
          <line num="17" count="1649" type="stmt"/>
          <line num="18" count="1649" type="stmt"/>
          <line num="19" count="0" type="stmt"/>
          <line num="21" count="1649" type="stmt"/>
          <line num="23" count="5" type="stmt"/>
        </file>
        <file name="match.ts" path="/Users/kushanjoshi/code/open/idly-mono/packages/idly-osm/src/presets/match.ts">
          <metrics statements="21" coveredstatements="19" conditionals="12" coveredconditionals="10" methods="2" coveredmethods="2"/>
          <line num="1" count="5" type="stmt"/>
          <line num="2" count="5" type="stmt"/>
          <line num="3" count="5" type="stmt"/>
          <line num="4" count="5" type="stmt"/>
          <line num="6" count="18" type="cond" truecount="1" falsecount="1"/>
          <line num="7" count="0" type="stmt"/>
          <line num="13" count="18" type="cond" truecount="3" falsecount="1"/>
          <line num="14" count="0" type="stmt"/>
          <line num="17" count="18" type="stmt"/>
          <line num="19" count="18" type="stmt"/>
          <line num="20" count="18" type="stmt"/>
          <line num="21" count="21" type="stmt"/>
          <line num="22" count="21" type="cond" truecount="2" falsecount="0"/>
          <line num="23" count="7" type="stmt"/>
          <line num="24" count="14" type="stmt"/>
          <line num="25" count="6169" type="stmt"/>
          <line num="26" count="6169" type="cond" truecount="2" falsecount="0"/>
          <line num="27" count="16" type="stmt"/>
          <line num="28" count="16" type="stmt"/>
          <line num="32" count="18" type="cond" truecount="2" falsecount="0"/>
          <line num="34" count="5" type="stmt"/>
        </file>
        <file name="preset.ts" path="/Users/kushanjoshi/code/open/idly-mono/packages/idly-osm/src/presets/preset.ts">
          <metrics statements="83" coveredstatements="70" conditionals="61" coveredconditionals="46" methods="11" coveredmethods="10"/>
          <line num="1" count="7" type="stmt"/>
          <line num="2" count="7" type="stmt"/>
          <line num="3" count="7" type="stmt"/>
          <line num="4" count="7" type="stmt"/>
          <line num="6" count="15315" type="stmt"/>
          <line num="7" count="15315" type="stmt"/>
          <line num="8" count="15315" type="cond" truecount="2" falsecount="0"/>
          <line num="9" count="15315" type="cond" truecount="2" falsecount="0"/>
          <line num="11" count="68485" type="stmt"/>
          <line num="13" count="15315" type="stmt"/>
          <line num="14" count="36" type="stmt"/>
          <line num="16" count="15315" type="cond" truecount="2" falsecount="0"/>
          <line num="17" count="15315" type="stmt"/>
          <line num="21" count="6174" type="stmt"/>
          <line num="22" count="6174" type="stmt"/>
          <line num="23" count="6174" type="stmt"/>
          <line num="24" count="6175" type="cond" truecount="2" falsecount="0"/>
          <line num="25" count="15" type="stmt"/>
          <line num="27" count="6160" type="cond" truecount="4" falsecount="0"/>
          <line num="28" count="26" type="stmt"/>
          <line num="31" count="6134" type="stmt"/>
          <line num="34" count="40" type="stmt"/>
          <line num="36" count="15315" type="stmt"/>
          <line num="37" count="390" type="stmt"/>
          <line num="39" count="15315" type="cond" truecount="2" falsecount="0"/>
          <line num="40" count="15315" type="stmt"/>
          <line num="41" count="234" type="cond" truecount="1" falsecount="1"/>
          <line num="42" count="0" type="stmt"/>
          <line num="43" count="0" type="stmt"/>
          <line num="44" count="0" type="stmt"/>
          <line num="46" count="234" type="stmt"/>
          <line num="48" count="15315" type="stmt"/>
          <line num="49" count="156" type="stmt"/>
          <line num="55" count="15315" type="stmt"/>
          <line num="56" count="4" type="stmt"/>
          <line num="57" count="4" type="cond" truecount="3" falsecount="0"/>
          <line num="59" count="15315" type="cond" truecount="2" falsecount="0"/>
          <line num="60" count="15315" type="stmt"/>
          <line num="61" count="0" type="cond" truecount="0" falsecount="2"/>
          <line num="62" count="0" type="cond" truecount="0" falsecount="2"/>
          <line num="63" count="0" type="cond" truecount="0" falsecount="4"/>
          <line num="64" count="0" type="cond" truecount="0" falsecount="2"/>
          <line num="65" count="0" type="stmt"/>
          <line num="66" count="0" type="stmt"/>
          <line num="69" count="0" type="stmt"/>
          <line num="72" count="0" type="cond" truecount="0" falsecount="2"/>
          <line num="73" count="0" type="stmt"/>
          <line num="76" count="0" type="stmt"/>
          <line num="79" count="15315" type="cond" truecount="2" falsecount="0"/>
          <line num="80" count="15315" type="stmt"/>
          <line num="81" count="5" type="stmt"/>
          <line num="82" count="5" type="stmt"/>
          <line num="83" count="2" type="cond" truecount="1" falsecount="1"/>
          <line num="84" count="2" type="stmt"/>
          <line num="85" count="2" type="cond" truecount="4" falsecount="0"/>
          <line num="87" count="1" type="stmt"/>
          <line num="91" count="5" type="stmt"/>
          <line num="92" count="5" type="stmt"/>
          <line num="94" count="15315" type="cond" truecount="2" falsecount="0"/>
          <line num="98" count="15315" type="stmt"/>
          <line num="100" count="8" type="stmt"/>
          <line num="101" count="8" type="stmt"/>
          <line num="102" count="9" type="cond" truecount="2" falsecount="0"/>
          <line num="103" count="1" type="stmt"/>
          <line num="106" count="8" type="stmt"/>
          <line num="113" count="8" type="stmt"/>
          <line num="114" count="8" type="cond" truecount="2" falsecount="0"/>
          <line num="115" count="5" type="stmt"/>
          <line num="116" count="5" type="cond" truecount="2" falsecount="0"/>
          <line num="117" count="4" type="stmt"/>
          <line num="118" count="4" type="cond" truecount="2" falsecount="0"/>
          <line num="119" count="3" type="stmt"/>
          <line num="120" count="3" type="stmt"/>
          <line num="124" count="5" type="cond" truecount="2" falsecount="0"/>
          <line num="125" count="2" type="stmt"/>
          <line num="128" count="8" type="stmt"/>
          <line num="129" count="2" type="cond" truecount="1" falsecount="1"/>
          <line num="130" count="2" type="stmt"/>
          <line num="131" count="2" type="cond" truecount="6" falsecount="0"/>
          <line num="135" count="1" type="stmt"/>
          <line num="139" count="8" type="stmt"/>
          <line num="141" count="15315" type="stmt"/>
          <line num="143" count="7" type="stmt"/>
        </file>
        <file name="presets.ts" path="/Users/kushanjoshi/code/open/idly-mono/packages/idly-osm/src/presets/presets.ts">
          <metrics statements="99" coveredstatements="94" conditionals="52" coveredconditionals="45" methods="15" coveredmethods="12"/>
          <line num="1" count="5" type="stmt"/>
          <line num="2" count="5" type="stmt"/>
          <line num="3" count="5" type="stmt"/>
          <line num="4" count="5" type="stmt"/>
          <line num="5" count="5" type="stmt"/>
          <line num="6" count="5" type="stmt"/>
          <line num="7" count="5" type="stmt"/>
          <line num="8" count="5" type="stmt"/>
          <line num="9" count="5" type="stmt"/>
          <line num="10" count="5" type="stmt"/>
          <line num="11" count="5" type="stmt"/>
          <line num="12" count="5" type="stmt"/>
          <line num="15" count="32" type="stmt"/>
          <line num="16" count="32" type="stmt"/>
          <line num="17" count="32" type="stmt"/>
          <line num="18" count="32" type="stmt"/>
          <line num="19" count="32" type="stmt"/>
          <line num="22" count="35" type="cond" truecount="2" falsecount="0"/>
          <line num="23" count="7" type="stmt"/>
          <line num="25" count="28" type="cond" truecount="4" falsecount="0"/>
          <line num="31" count="7" type="stmt"/>
          <line num="33" count="21" type="cond" truecount="2" falsecount="0"/>
          <line num="34" count="7" type="stmt"/>
          <line num="36" count="14" type="cond" truecount="2" falsecount="0"/>
          <line num="37" count="7" type="stmt"/>
          <line num="39" count="7" type="cond" truecount="1" falsecount="1"/>
          <line num="40" count="7" type="stmt"/>
          <line num="43" count="0" type="stmt"/>
          <line num="47" count="29619" type="cond" truecount="2" falsecount="0"/>
          <line num="48" count="13575" type="stmt"/>
          <line num="50" count="16044" type="cond" truecount="4" falsecount="0"/>
          <line num="51" count="1154" type="stmt"/>
          <line num="53" count="14890" type="cond" truecount="2" falsecount="0"/>
          <line num="54" count="850" type="stmt"/>
          <line num="56" count="14040" type="cond" truecount="2" falsecount="0"/>
          <line num="57" count="13850" type="stmt"/>
          <line num="59" count="190" type="cond" truecount="1" falsecount="1"/>
          <line num="60" count="190" type="stmt"/>
          <line num="63" count="0" type="stmt"/>
          <line num="67" count="5" type="stmt"/>
          <line num="69" count="16" type="stmt"/>
          <line num="70" count="16" type="stmt"/>
          <line num="71" count="16" type="stmt"/>
          <line num="72" count="16" type="stmt"/>
          <line num="73" count="16" type="stmt"/>
          <line num="74" count="16" type="stmt"/>
          <line num="75" count="16" type="stmt"/>
          <line num="76" count="16" type="stmt"/>
          <line num="77" count="16" type="cond" truecount="2" falsecount="0"/>
          <line num="78" count="7" type="stmt"/>
          <line num="79" count="1645" type="stmt"/>
          <line num="80" count="1645" type="cond" truecount="2" falsecount="0"/>
          <line num="81" count="98" type="stmt"/>
          <line num="84" count="16" type="cond" truecount="1" falsecount="1"/>
          <line num="85" count="16" type="stmt"/>
          <line num="86" count="15277" type="stmt"/>
          <line num="89" count="16" type="cond" truecount="2" falsecount="0"/>
          <line num="90" count="7" type="stmt"/>
          <line num="91" count="98" type="stmt"/>
          <line num="94" count="16" type="cond" truecount="2" falsecount="0"/>
          <line num="95" count="7" type="stmt"/>
          <line num="96" count="7" type="stmt"/>
          <line num="97" count="7" type="stmt"/>
          <line num="98" count="7" type="stmt"/>
          <line num="99" count="7" type="stmt"/>
          <line num="100" count="7" type="stmt"/>
          <line num="102" count="16" type="stmt"/>
          <line num="103" count="15375" type="stmt"/>
          <line num="104" count="15375" type="cond" truecount="2" falsecount="0"/>
          <line num="105" count="98" type="stmt"/>
          <line num="106" count="15277" type="stmt"/>
          <line num="107" count="29601" type="stmt"/>
          <line num="111" count="29601" type="stmt"/>
          <line num="112" count="51288" type="cond" truecount="1" falsecount="1"/>
          <line num="113" count="51288" type="cond" truecount="2" falsecount="0"/>
          <line num="114" count="51288" type="stmt"/>
          <line num="119" count="16" type="stmt"/>
          <line num="120" count="0" type="stmt"/>
          <line num="122" count="16" type="stmt"/>
          <line num="124" count="5" type="stmt"/>
          <line num="125" count="5" type="stmt"/>
          <line num="126" count="5" type="stmt"/>
          <line num="127" count="5" type="stmt"/>
          <line num="128" count="5" type="stmt"/>
          <line num="129" count="5" type="stmt"/>
          <line num="130" count="5" type="stmt"/>
          <line num="131" count="5" type="stmt"/>
          <line num="132" count="5" type="stmt"/>
          <line num="133" count="5" type="stmt"/>
          <line num="134" count="12" type="cond" truecount="2" falsecount="0"/>
          <line num="135" count="4" type="stmt"/>
          <line num="137" count="8" type="cond" truecount="2" falsecount="0"/>
          <line num="138" count="3" type="stmt"/>
          <line num="140" count="5" type="cond" truecount="2" falsecount="0"/>
          <line num="141" count="1" type="stmt"/>
          <line num="143" count="4" type="cond" truecount="1" falsecount="1"/>
          <line num="144" count="4" type="stmt"/>
          <line num="146" count="0" type="cond" truecount="0" falsecount="2"/>
          <line num="147" count="0" type="stmt"/>
        </file>
        <file name="t.ts" path="/Users/kushanjoshi/code/open/idly-mono/packages/idly-osm/src/presets/t.ts">
          <metrics statements="32" coveredstatements="17" conditionals="20" coveredconditionals="8" methods="4" coveredmethods="2"/>
          <line num="1" count="7" type="stmt"/>
          <line num="2" count="7" type="stmt"/>
          <line num="6" count="7" type="stmt"/>
          <line num="7" count="7" type="stmt"/>
          <line num="8" count="7" type="stmt"/>
          <line num="10" count="0" type="cond" truecount="0" falsecount="2"/>
          <line num="11" count="0" type="stmt"/>
          <line num="13" count="0" type="cond" truecount="0" falsecount="2"/>
          <line num="14" count="0" type="stmt"/>
          <line num="17" count="7" type="stmt"/>
          <line num="29" count="390" type="cond" truecount="2" falsecount="0"/>
          <line num="30" count="390" type="stmt"/>
          <line num="33" count="1560" type="stmt"/>
          <line num="36" count="390" type="stmt"/>
          <line num="37" count="390" type="cond" truecount="1" falsecount="1"/>
          <line num="38" count="0" type="stmt"/>
          <line num="39" count="390" type="cond" truecount="1" falsecount="1"/>
          <line num="40" count="0" type="cond" truecount="0" falsecount="2"/>
          <line num="41" count="0" type="stmt"/>
          <line num="42" count="0" type="stmt"/>
          <line num="43" count="0" type="stmt"/>
          <line num="45" count="390" type="cond" truecount="1" falsecount="1"/>
          <line num="46" count="0" type="stmt"/>
          <line num="48" count="390" type="cond" truecount="3" falsecount="1"/>
          <line num="49" count="390" type="stmt"/>
          <line num="51" count="0" type="stmt"/>
          <line num="52" count="0" type="cond" truecount="0" falsecount="2"/>
          <line num="53" count="0" type="stmt"/>
          <line num="54" count="0" type="stmt"/>
          <line num="56" count="7" type="stmt"/>
          <line num="63" count="0" type="stmt"/>
          <line num="65" count="7" type="stmt"/>
        </file>
      </package>
      <package name="src.tagClasses">
        <metrics statements="67" coveredstatements="65" conditionals="42" coveredconditionals="41" methods="3" coveredmethods="3"/>
        <file name="tagClasses.ts" path="/Users/kushanjoshi/code/open/idly-mono/packages/idly-osm/src/tagClasses/tagClasses.ts">
          <metrics statements="67" coveredstatements="65" conditionals="42" coveredconditionals="41" methods="3" coveredmethods="3"/>
          <line num="1" count="3" type="stmt"/>
          <line num="2" count="3" type="stmt"/>
          <line num="3" count="3" type="stmt"/>
          <line num="4" count="3" type="stmt"/>
          <line num="20" count="3" type="stmt"/>
          <line num="30" count="3" type="stmt"/>
          <line num="43" count="3" type="stmt"/>
          <line num="44" count="4" type="stmt"/>
          <line num="51" count="4" type="stmt"/>
          <line num="52" count="8" type="stmt"/>
          <line num="53" count="8" type="stmt"/>
          <line num="54" count="8" type="cond" truecount="4" falsecount="0"/>
          <line num="55" count="4" type="stmt"/>
          <line num="56" count="4" type="stmt"/>
          <line num="57" count="4" type="cond" truecount="1" falsecount="1"/>
          <line num="59" count="0" type="stmt"/>
          <line num="60" count="0" type="stmt"/>
          <line num="63" count="4" type="stmt"/>
          <line num="65" count="4" type="stmt"/>
          <line num="67" count="4" type="stmt"/>
          <line num="70" count="25" type="stmt"/>
          <line num="77" count="25" type="stmt"/>
          <line num="78" count="97" type="stmt"/>
          <line num="79" count="97" type="stmt"/>
          <line num="80" count="97" type="cond" truecount="4" falsecount="0"/>
          <line num="81" count="75" type="stmt"/>
          <line num="82" count="22" type="stmt"/>
          <line num="83" count="22" type="cond" truecount="2" falsecount="0"/>
          <line num="85" count="2" type="stmt"/>
          <line num="86" count="2" type="stmt"/>
          <line num="89" count="20" type="stmt"/>
          <line num="91" count="22" type="stmt"/>
          <line num="94" count="25" type="cond" truecount="2" falsecount="0"/>
          <line num="95" count="23" type="stmt"/>
          <line num="96" count="172" type="stmt"/>
          <line num="97" count="172" type="stmt"/>
          <line num="98" count="172" type="cond" truecount="4" falsecount="0"/>
          <line num="99" count="168" type="stmt"/>
          <line num="100" count="4" type="cond" truecount="2" falsecount="0"/>
          <line num="102" count="1" type="stmt"/>
          <line num="104" count="3" type="cond" truecount="4" falsecount="0"/>
          <line num="106" count="1" type="stmt"/>
          <line num="108" count="2" type="cond" truecount="4" falsecount="0"/>
          <line num="110" count="1" type="stmt"/>
          <line num="111" count="1" type="stmt"/>
          <line num="112" count="1" type="stmt"/>
          <line num="114" count="4" type="cond" truecount="2" falsecount="0"/>
          <line num="115" count="3" type="stmt"/>
          <line num="118" count="25" type="cond" truecount="2" falsecount="0"/>
          <line num="119" count="5" type="stmt"/>
          <line num="122" count="25" type="stmt"/>
          <line num="123" count="275" type="stmt"/>
          <line num="124" count="275" type="stmt"/>
          <line num="125" count="275" type="cond" truecount="4" falsecount="0"/>
          <line num="126" count="264" type="stmt"/>
          <line num="127" count="11" type="stmt"/>
          <line num="130" count="25" type="cond" truecount="2" falsecount="0"/>
          <line num="131" count="17" type="stmt"/>
          <line num="132" count="17" type="stmt"/>
          <line num="133" count="29" type="cond" truecount="2" falsecount="0"/>
          <line num="134" count="8" type="stmt"/>
          <line num="135" count="8" type="stmt"/>
          <line num="138" count="17" type="cond" truecount="2" falsecount="0"/>
          <line num="139" count="5" type="stmt"/>
          <line num="142" count="25" type="stmt"/>
          <line num="143" count="25" type="stmt"/>
          <line num="145" count="3" type="stmt"/>
        </file>
      </package>
    </metrics>
  </project>
</coverage>
