{"/Users/kushanjoshi/code/open/idly-mono/packages/idly-osm/src/worker.ts": {"path":"/Users/kushanjoshi/code/open/idly-mono/packages/idly-osm/src/worker.ts","statementMap":{"0":{"start":{"line":1,"column":13},"end":{"line":1,"column":42}},"1":{"start":{"line":1,"column":42},"end":{"line":1,"column":55}},"2":{"start":{"line":2,"column":0},"end":{"line":2,"column":62}},"3":{"start":{"line":3,"column":17},"end":{"line":3,"column":43}},"4":{"start":{"line":4,"column":21},"end":{"line":4,"column":62}},"5":{"start":{"line":5,"column":15},"end":{"line":5,"column":40}},"6":{"start":{"line":6,"column":14},"end":{"line":6,"column":38}},"7":{"start":{"line":8,"column":17},"end":{"line":8,"column":19}},"8":{"start":{"line":9,"column":4},"end":{"line":11,"column":7}},"9":{"start":{"line":10,"column":8},"end":{"line":10,"column":40}},"10":{"start":{"line":12,"column":4},"end":{"line":12,"column":18}},"11":{"start":{"line":20,"column":19},"end":{"line":20,"column":28}},"12":{"start":{"line":21,"column":4},"end":{"line":29,"column":5}},"13":{"start":{"line":22,"column":8},"end":{"line":25,"column":9}},"14":{"start":{"line":23,"column":20},"end":{"line":23,"column":101}},"15":{"start":{"line":24,"column":12},"end":{"line":24,"column":30}},"16":{"start":{"line":26,"column":8},"end":{"line":28,"column":9}},"17":{"start":{"line":27,"column":12},"end":{"line":27,"column":106}},"18":{"start":{"line":30,"column":4},"end":{"line":30,"column":18}},"19":{"start":{"line":32,"column":0},"end":{"line":32,"column":42}}},"fnMap":{"0":{"name":"nameSpaceKeys","decl":{"start":{"line":7,"column":9},"end":{"line":7,"column":22}},"loc":{"start":{"line":7,"column":34},"end":{"line":13,"column":1}},"line":7},"1":{"name":"(anonymous_1)","decl":{"start":{"line":9,"column":29},"end":{"line":9,"column":30}},"loc":{"start":{"line":9,"column":34},"end":{"line":11,"column":5}},"line":9},"2":{"name":"onParseEntities","decl":{"start":{"line":19,"column":9},"end":{"line":19,"column":24}},"loc":{"start":{"line":19,"column":47},"end":{"line":31,"column":1}},"line":19}},"branchMap":{"0":{"loc":{"start":{"line":22,"column":8},"end":{"line":25,"column":9}},"type":"if","locations":[{"start":{"line":22,"column":8},"end":{"line":25,"column":9}},{"start":{"line":22,"column":8},"end":{"line":25,"column":9}}],"line":22},"1":{"loc":{"start":{"line":26,"column":8},"end":{"line":28,"column":9}},"type":"if","locations":[{"start":{"line":26,"column":8},"end":{"line":28,"column":9}},{"start":{"line":26,"column":8},"end":{"line":28,"column":9}}],"line":26}},"s":{"0":1,"1":1,"2":1,"3":1,"4":1,"5":1,"6":1,"7":6,"8":6,"9":22,"10":6,"11":1,"12":1,"13":6,"14":4,"15":4,"16":6,"17":2,"18":1,"19":1},"f":{"0":6,"1":22,"2":1},"b":{"0":[4,2],"1":[2,4]},"_coverageSchema":"332fd63041d2c1bcb487cc26dd0d5f7d97098a6c","hash":"559866ffd3c862ad05561bc2e0ef2a147af3533e"}
,"/Users/kushanjoshi/code/open/idly-mono/packages/idly-osm/src/config/config.ts": {"path":"/Users/kushanjoshi/code/open/idly-mono/packages/idly-osm/src/config/config.ts","statementMap":{"0":{"start":{"line":1,"column":13},"end":{"line":1,"column":42}},"1":{"start":{"line":1,"column":42},"end":{"line":1,"column":55}},"2":{"start":{"line":2,"column":0},"end":{"line":2,"column":62}},"3":{"start":{"line":3,"column":0},"end":{"line":3,"column":34}}},"fnMap":{},"branchMap":{},"s":{"0":1,"1":1,"2":1,"3":1},"f":{},"b":{},"_coverageSchema":"332fd63041d2c1bcb487cc26dd0d5f7d97098a6c","hash":"5e8013d7874c80b7230e493a6b22343a8dcfae12"}
,"/Users/kushanjoshi/code/open/idly-mono/packages/idly-osm/src/helpers/dummyParentWaysGen.ts": {"path":"/Users/kushanjoshi/code/open/idly-mono/packages/idly-osm/src/helpers/dummyParentWaysGen.ts","statementMap":{"0":{"start":{"line":1,"column":13},"end":{"line":1,"column":42}},"1":{"start":{"line":1,"column":42},"end":{"line":1,"column":55}},"2":{"start":{"line":2,"column":0},"end":{"line":2,"column":62}},"3":{"start":{"line":4,"column":23},"end":{"line":4,"column":32}},"4":{"start":{"line":5,"column":4},"end":{"line":5,"column":61}},"5":{"start":{"line":5,"column":34},"end":{"line":5,"column":59}},"6":{"start":{"line":6,"column":4},"end":{"line":6,"column":22}},"7":{"start":{"line":8,"column":0},"end":{"line":8,"column":48}}},"fnMap":{"0":{"name":"dummyParentWaysGen","decl":{"start":{"line":3,"column":9},"end":{"line":3,"column":27}},"loc":{"start":{"line":3,"column":33},"end":{"line":7,"column":1}},"line":3},"1":{"name":"(anonymous_1)","decl":{"start":{"line":5,"column":29},"end":{"line":5,"column":30}},"loc":{"start":{"line":5,"column":34},"end":{"line":5,"column":59}},"line":5}},"branchMap":{},"s":{"0":2,"1":2,"2":2,"3":2,"4":2,"5":8,"6":2,"7":2},"f":{"0":2,"1":8},"b":{},"_coverageSchema":"332fd63041d2c1bcb487cc26dd0d5f7d97098a6c","hash":"484e93256d52df2baaf917de1bbe6b2df5744e65"}
,"/Users/kushanjoshi/code/open/idly-mono/packages/idly-osm/src/helpers/editDistance.ts": {"path":"/Users/kushanjoshi/code/open/idly-mono/packages/idly-osm/src/helpers/editDistance.ts","statementMap":{"0":{"start":{"line":1,"column":13},"end":{"line":1,"column":42}},"1":{"start":{"line":1,"column":42},"end":{"line":1,"column":55}},"2":{"start":{"line":2,"column":0},"end":{"line":2,"column":62}},"3":{"start":{"line":3,"column":21},"end":{"line":3,"column":42}},"4":{"start":{"line":5,"column":4},"end":{"line":5,"column":45}},"5":{"start":{"line":6,"column":4},"end":{"line":6,"column":45}},"6":{"start":{"line":7,"column":4},"end":{"line":8,"column":24}},"7":{"start":{"line":8,"column":8},"end":{"line":8,"column":24}},"8":{"start":{"line":9,"column":4},"end":{"line":10,"column":24}},"9":{"start":{"line":10,"column":8},"end":{"line":10,"column":24}},"10":{"start":{"line":11,"column":19},"end":{"line":11,"column":21}},"11":{"start":{"line":12,"column":4},"end":{"line":14,"column":5}},"12":{"start":{"line":13,"column":8},"end":{"line":13,"column":24}},"13":{"start":{"line":15,"column":4},"end":{"line":17,"column":5}},"14":{"start":{"line":16,"column":8},"end":{"line":16,"column":25}},"15":{"start":{"line":18,"column":4},"end":{"line":29,"column":5}},"16":{"start":{"line":19,"column":8},"end":{"line":28,"column":9}},"17":{"start":{"line":20,"column":12},"end":{"line":27,"column":13}},"18":{"start":{"line":21,"column":16},"end":{"line":21,"column":52}},"19":{"start":{"line":24,"column":16},"end":{"line":26,"column":39}},"20":{"start":{"line":30,"column":4},"end":{"line":30,"column":38}},"21":{"start":{"line":32,"column":0},"end":{"line":32,"column":44}}},"fnMap":{"0":{"name":"utilEditDistance","decl":{"start":{"line":4,"column":9},"end":{"line":4,"column":25}},"loc":{"start":{"line":4,"column":32},"end":{"line":31,"column":1}},"line":4}},"branchMap":{"0":{"loc":{"start":{"line":7,"column":4},"end":{"line":8,"column":24}},"type":"if","locations":[{"start":{"line":7,"column":4},"end":{"line":8,"column":24}},{"start":{"line":7,"column":4},"end":{"line":8,"column":24}}],"line":7},"1":{"loc":{"start":{"line":9,"column":4},"end":{"line":10,"column":24}},"type":"if","locations":[{"start":{"line":9,"column":4},"end":{"line":10,"column":24}},{"start":{"line":9,"column":4},"end":{"line":10,"column":24}}],"line":9},"2":{"loc":{"start":{"line":20,"column":12},"end":{"line":27,"column":13}},"type":"if","locations":[{"start":{"line":20,"column":12},"end":{"line":27,"column":13}},{"start":{"line":20,"column":12},"end":{"line":27,"column":13}}],"line":20}},"s":{"0":7,"1":7,"2":7,"3":7,"4":156,"5":156,"6":156,"7":0,"8":156,"9":78,"10":78,"11":78,"12":650,"13":78,"14":361,"15":78,"16":572,"17":2065,"18":143,"19":1922,"20":78,"21":7},"f":{"0":156},"b":{"0":[0,156],"1":[78,78],"2":[143,1922]},"_coverageSchema":"332fd63041d2c1bcb487cc26dd0d5f7d97098a6c","hash":"7a577d1eb96c444eaa5eb2325bd681fd3b001adc"}
,"/Users/kushanjoshi/code/open/idly-mono/packages/idly-osm/src/helpers/findInAreaKeys.ts": {"path":"/Users/kushanjoshi/code/open/idly-mono/packages/idly-osm/src/helpers/findInAreaKeys.ts","statementMap":{"0":{"start":{"line":1,"column":13},"end":{"line":1,"column":42}},"1":{"start":{"line":1,"column":42},"end":{"line":1,"column":55}},"2":{"start":{"line":2,"column":0},"end":{"line":2,"column":62}},"3":{"start":{"line":3,"column":18},"end":{"line":3,"column":47}},"4":{"start":{"line":4,"column":0},"end":{"line":13,"column":2}},"5":{"start":{"line":5,"column":16},"end":{"line":5,"column":21}},"6":{"start":{"line":6,"column":4},"end":{"line":11,"column":7}},"7":{"start":{"line":7,"column":8},"end":{"line":10,"column":9}},"8":{"start":{"line":8,"column":12},"end":{"line":8,"column":25}},"9":{"start":{"line":9,"column":12},"end":{"line":9,"column":25}},"10":{"start":{"line":12,"column":4},"end":{"line":12,"column":17}}},"fnMap":{"0":{"name":"(anonymous_0)","decl":{"start":{"line":4,"column":25},"end":{"line":4,"column":26}},"loc":{"start":{"line":4,"column":35},"end":{"line":13,"column":1}},"line":4},"1":{"name":"(anonymous_1)","decl":{"start":{"line":6,"column":17},"end":{"line":6,"column":18}},"loc":{"start":{"line":6,"column":29},"end":{"line":11,"column":5}},"line":6}},"branchMap":{"0":{"loc":{"start":{"line":7,"column":8},"end":{"line":10,"column":9}},"type":"if","locations":[{"start":{"line":7,"column":8},"end":{"line":10,"column":9}},{"start":{"line":7,"column":8},"end":{"line":10,"column":9}}],"line":7},"1":{"loc":{"start":{"line":7,"column":12},"end":{"line":7,"column":78}},"type":"binary-expr","locations":[{"start":{"line":7,"column":12},"end":{"line":7,"column":39}},{"start":{"line":7,"column":43},"end":{"line":7,"column":78}}],"line":7}},"s":{"0":3,"1":3,"2":3,"3":3,"4":3,"5":0,"6":0,"7":0,"8":0,"9":0,"10":0},"f":{"0":0,"1":0},"b":{"0":[0,0],"1":[0,0]},"_coverageSchema":"332fd63041d2c1bcb487cc26dd0d5f7d97098a6c","hash":"719452d5098f1490563b5c6a18b03a225d99c78c"}
,"/Users/kushanjoshi/code/open/idly-mono/packages/idly-osm/src/helpers/getNodeGeometry.ts": {"path":"/Users/kushanjoshi/code/open/idly-mono/packages/idly-osm/src/helpers/getNodeGeometry.ts","statementMap":{"0":{"start":{"line":1,"column":13},"end":{"line":1,"column":42}},"1":{"start":{"line":1,"column":42},"end":{"line":1,"column":55}},"2":{"start":{"line":2,"column":0},"end":{"line":2,"column":62}},"3":{"start":{"line":3,"column":21},"end":{"line":3,"column":62}},"4":{"start":{"line":5,"column":4},"end":{"line":8,"column":46}},"5":{"start":{"line":6,"column":8},"end":{"line":8,"column":46}},"6":{"start":{"line":9,"column":4},"end":{"line":9,"column":42}},"7":{"start":{"line":11,"column":0},"end":{"line":11,"column":42}}},"fnMap":{"0":{"name":"getNodeGeometry","decl":{"start":{"line":4,"column":9},"end":{"line":4,"column":24}},"loc":{"start":{"line":4,"column":41},"end":{"line":10,"column":1}},"line":4}},"branchMap":{"0":{"loc":{"start":{"line":5,"column":4},"end":{"line":8,"column":46}},"type":"if","locations":[{"start":{"line":5,"column":4},"end":{"line":8,"column":46}},{"start":{"line":5,"column":4},"end":{"line":8,"column":46}}],"line":5},"1":{"loc":{"start":{"line":6,"column":15},"end":{"line":8,"column":45}},"type":"cond-expr","locations":[{"start":{"line":7,"column":14},"end":{"line":7,"column":52}},{"start":{"line":8,"column":14},"end":{"line":8,"column":45}}],"line":6}},"s":{"0":4,"1":4,"2":4,"3":4,"4":10,"5":6,"6":4,"7":4},"f":{"0":10},"b":{"0":[6,4],"1":[2,4]},"_coverageSchema":"332fd63041d2c1bcb487cc26dd0d5f7d97098a6c","hash":"7d5ac12d50ee40c435262fdbeb4e8903dbcc81e0"}
,"/Users/kushanjoshi/code/open/idly-mono/packages/idly-osm/src/helpers/getRelationGeometry.ts": {"path":"/Users/kushanjoshi/code/open/idly-mono/packages/idly-osm/src/helpers/getRelationGeometry.ts","statementMap":{"0":{"start":{"line":1,"column":13},"end":{"line":1,"column":42}},"1":{"start":{"line":1,"column":42},"end":{"line":1,"column":55}},"2":{"start":{"line":2,"column":0},"end":{"line":2,"column":62}},"3":{"start":{"line":3,"column":21},"end":{"line":3,"column":62}},"4":{"start":{"line":6,"column":4},"end":{"line":6,"column":45}},"5":{"start":{"line":8,"column":0},"end":{"line":8,"column":50}}},"fnMap":{"0":{"name":"getRelationGeometry","decl":{"start":{"line":5,"column":9},"end":{"line":5,"column":28}},"loc":{"start":{"line":5,"column":31},"end":{"line":7,"column":1}},"line":5}},"branchMap":{},"s":{"0":1,"1":1,"2":1,"3":1,"4":1,"5":1},"f":{"0":1},"b":{},"_coverageSchema":"332fd63041d2c1bcb487cc26dd0d5f7d97098a6c","hash":"b2f64962ad8f22babf42c199fcaf10b440454b63"}
,"/Users/kushanjoshi/code/open/idly-mono/packages/idly-osm/src/helpers/getWayGeometry.ts": {"path":"/Users/kushanjoshi/code/open/idly-mono/packages/idly-osm/src/helpers/getWayGeometry.ts","statementMap":{"0":{"start":{"line":1,"column":13},"end":{"line":1,"column":42}},"1":{"start":{"line":1,"column":42},"end":{"line":1,"column":55}},"2":{"start":{"line":2,"column":0},"end":{"line":2,"column":62}},"3":{"start":{"line":3,"column":21},"end":{"line":3,"column":62}},"4":{"start":{"line":4,"column":17},"end":{"line":4,"column":45}},"5":{"start":{"line":5,"column":0},"end":{"line":5,"column":119}},"6":{"start":{"line":5,"column":34},"end":{"line":5,"column":118}}},"fnMap":{"0":{"name":"(anonymous_0)","decl":{"start":{"line":5,"column":25},"end":{"line":5,"column":26}},"loc":{"start":{"line":5,"column":34},"end":{"line":5,"column":118}},"line":5}},"branchMap":{"0":{"loc":{"start":{"line":5,"column":34},"end":{"line":5,"column":118}},"type":"cond-expr","locations":[{"start":{"line":5,"column":57},"end":{"line":5,"column":86}},{"start":{"line":5,"column":89},"end":{"line":5,"column":118}}],"line":5}},"s":{"0":1,"1":1,"2":1,"3":1,"4":1,"5":1,"6":5},"f":{"0":5},"b":{"0":[3,2]},"_coverageSchema":"332fd63041d2c1bcb487cc26dd0d5f7d97098a6c","hash":"7f6e73dd03608abaa329eea25eaf6423ad10d637"}
,"/Users/kushanjoshi/code/open/idly-mono/packages/idly-osm/src/helpers/isAddressOnLine.ts": {"path":"/Users/kushanjoshi/code/open/idly-mono/packages/idly-osm/src/helpers/isAddressOnLine.ts","statementMap":{"0":{"start":{"line":1,"column":13},"end":{"line":1,"column":42}},"1":{"start":{"line":1,"column":42},"end":{"line":1,"column":55}},"2":{"start":{"line":2,"column":0},"end":{"line":2,"column":62}},"3":{"start":{"line":5,"column":4},"end":{"line":5,"column":17}},"4":{"start":{"line":17,"column":0},"end":{"line":17,"column":42}}},"fnMap":{"0":{"name":"isOnAddressLine","decl":{"start":{"line":4,"column":9},"end":{"line":4,"column":24}},"loc":{"start":{"line":4,"column":33},"end":{"line":16,"column":1}},"line":4}},"branchMap":{},"s":{"0":5,"1":5,"2":5,"3":3,"4":5},"f":{"0":3},"b":{},"_coverageSchema":"332fd63041d2c1bcb487cc26dd0d5f7d97098a6c","hash":"71707ff2b6b34ad9844556d22e266a6cc2675c3b"}
,"/Users/kushanjoshi/code/open/idly-mono/packages/idly-osm/src/helpers/isArea.ts": {"path":"/Users/kushanjoshi/code/open/idly-mono/packages/idly-osm/src/helpers/isArea.ts","statementMap":{"0":{"start":{"line":1,"column":13},"end":{"line":1,"column":42}},"1":{"start":{"line":1,"column":42},"end":{"line":1,"column":55}},"2":{"start":{"line":2,"column":0},"end":{"line":2,"column":62}},"3":{"start":{"line":3,"column":20},"end":{"line":3,"column":61}},"4":{"start":{"line":4,"column":25},"end":{"line":4,"column":61}},"5":{"start":{"line":5,"column":19},"end":{"line":5,"column":49}},"6":{"start":{"line":6,"column":0},"end":{"line":12,"column":3}},"7":{"start":{"line":7,"column":4},"end":{"line":8,"column":20}},"8":{"start":{"line":8,"column":8},"end":{"line":8,"column":20}},"9":{"start":{"line":9,"column":4},"end":{"line":10,"column":21}},"10":{"start":{"line":10,"column":8},"end":{"line":10,"column":21}},"11":{"start":{"line":11,"column":4},"end":{"line":11,"column":53}}},"fnMap":{"0":{"name":"(anonymous_0)","decl":{"start":{"line":6,"column":39},"end":{"line":6,"column":40}},"loc":{"start":{"line":6,"column":48},"end":{"line":12,"column":1}},"line":6}},"branchMap":{"0":{"loc":{"start":{"line":7,"column":4},"end":{"line":8,"column":20}},"type":"if","locations":[{"start":{"line":7,"column":4},"end":{"line":8,"column":20}},{"start":{"line":7,"column":4},"end":{"line":8,"column":20}}],"line":7},"1":{"loc":{"start":{"line":9,"column":4},"end":{"line":10,"column":21}},"type":"if","locations":[{"start":{"line":9,"column":4},"end":{"line":10,"column":21}},{"start":{"line":9,"column":4},"end":{"line":10,"column":21}}],"line":9},"2":{"loc":{"start":{"line":9,"column":8},"end":{"line":9,"column":66}},"type":"binary-expr","locations":[{"start":{"line":9,"column":8},"end":{"line":9,"column":33}},{"start":{"line":9,"column":37},"end":{"line":9,"column":66}}],"line":9}},"s":{"0":3,"1":3,"2":3,"3":3,"4":3,"5":3,"6":3,"7":8,"8":2,"9":6,"10":6,"11":0},"f":{"0":8},"b":{"0":[2,6],"1":[6,0],"2":[6,0]},"_coverageSchema":"332fd63041d2c1bcb487cc26dd0d5f7d97098a6c","hash":"6fc9d1d28e4d172c39eab4cc85c14bac9f43e555"}
,"/Users/kushanjoshi/code/open/idly-mono/packages/idly-osm/src/helpers/isClosed.ts": {"path":"/Users/kushanjoshi/code/open/idly-mono/packages/idly-osm/src/helpers/isClosed.ts","statementMap":{"0":{"start":{"line":1,"column":13},"end":{"line":1,"column":42}},"1":{"start":{"line":1,"column":42},"end":{"line":1,"column":55}},"2":{"start":{"line":2,"column":0},"end":{"line":2,"column":62}},"3":{"start":{"line":4,"column":4},"end":{"line":5,"column":67}},"4":{"start":{"line":7,"column":0},"end":{"line":7,"column":28}}},"fnMap":{"0":{"name":"isClosed","decl":{"start":{"line":3,"column":9},"end":{"line":3,"column":17}},"loc":{"start":{"line":3,"column":26},"end":{"line":6,"column":1}},"line":3}},"branchMap":{"0":{"loc":{"start":{"line":4,"column":12},"end":{"line":5,"column":65}},"type":"binary-expr","locations":[{"start":{"line":4,"column":12},"end":{"line":4,"column":35}},{"start":{"line":5,"column":8},"end":{"line":5,"column":65}}],"line":4}},"s":{"0":3,"1":3,"2":3,"3":6,"4":3},"f":{"0":6},"b":{"0":[6,2]},"_coverageSchema":"332fd63041d2c1bcb487cc26dd0d5f7d97098a6c","hash":"0da169fbd8c03eff57be75657db926f3f3b2b634"}
,"/Users/kushanjoshi/code/open/idly-mono/packages/idly-osm/src/parsers/node.ts": {"path":"/Users/kushanjoshi/code/open/idly-mono/packages/idly-osm/src/parsers/node.ts","statementMap":{"0":{"start":{"line":1,"column":13},"end":{"line":1,"column":42}},"1":{"start":{"line":1,"column":42},"end":{"line":1,"column":55}},"2":{"start":{"line":2,"column":0},"end":{"line":2,"column":62}},"3":{"start":{"line":3,"column":26},"end":{"line":3,"column":63}},"4":{"start":{"line":4,"column":18},"end":{"line":4,"column":47}},"5":{"start":{"line":5,"column":0},"end":{"line":5,"column":37}},"6":{"start":{"line":7,"column":4},"end":{"line":7,"column":102}},"7":{"start":{"line":9,"column":0},"end":{"line":9,"column":46}},"8":{"start":{"line":10,"column":0},"end":{"line":17,"column":2}},"9":{"start":{"line":11,"column":18},"end":{"line":11,"column":64}},"10":{"start":{"line":12,"column":4},"end":{"line":16,"column":6}}},"fnMap":{"0":{"name":"nodePropertiesGen","decl":{"start":{"line":6,"column":9},"end":{"line":6,"column":26}},"loc":{"start":{"line":6,"column":45},"end":{"line":8,"column":1}},"line":6},"1":{"name":"(anonymous_1)","decl":{"start":{"line":10,"column":26},"end":{"line":10,"column":27}},"loc":{"start":{"line":10,"column":46},"end":{"line":17,"column":1}},"line":10}},"branchMap":{"0":{"loc":{"start":{"line":13,"column":14},"end":{"line":13,"column":64}},"type":"binary-expr","locations":[{"start":{"line":13,"column":15},"end":{"line":13,"column":20}},{"start":{"line":13,"column":24},"end":{"line":13,"column":34}},{"start":{"line":13,"column":39},"end":{"line":13,"column":64}}],"line":13}},"s":{"0":2,"1":2,"2":2,"3":2,"4":2,"5":2,"6":5,"7":2,"8":2,"9":8,"10":8},"f":{"0":5,"1":8},"b":{"0":[8,7,8]},"_coverageSchema":"332fd63041d2c1bcb487cc26dd0d5f7d97098a6c","hash":"372059fe26a414cd542a643494633112186347f8"}
,"/Users/kushanjoshi/code/open/idly-mono/packages/idly-osm/src/parsers/way.ts": {"path":"/Users/kushanjoshi/code/open/idly-mono/packages/idly-osm/src/parsers/way.ts","statementMap":{"0":{"start":{"line":1,"column":13},"end":{"line":1,"column":42}},"1":{"start":{"line":1,"column":42},"end":{"line":1,"column":55}},"2":{"start":{"line":2,"column":0},"end":{"line":2,"column":62}},"3":{"start":{"line":3,"column":20},"end":{"line":3,"column":61}},"4":{"start":{"line":4,"column":21},"end":{"line":4,"column":62}},"5":{"start":{"line":5,"column":17},"end":{"line":5,"column":45}},"6":{"start":{"line":6,"column":21},"end":{"line":6,"column":56}},"7":{"start":{"line":7,"column":18},"end":{"line":7,"column":47}},"8":{"start":{"line":8,"column":31},"end":{"line":8,"column":84}},"9":{"start":{"line":10,"column":21},"end":{"line":10,"column":105}},"10":{"start":{"line":11,"column":39},"end":{"line":11,"column":71}},"11":{"start":{"line":12,"column":18},"end":{"line":12,"column":68}},"12":{"start":{"line":13,"column":4},"end":{"line":19,"column":6}},"13":{"start":{"line":21,"column":0},"end":{"line":21,"column":44}}},"fnMap":{"0":{"name":"wayPropertiesGen","decl":{"start":{"line":9,"column":9},"end":{"line":9,"column":25}},"loc":{"start":{"line":9,"column":38},"end":{"line":20,"column":1}},"line":9}},"branchMap":{"0":{"loc":{"start":{"line":10,"column":21},"end":{"line":10,"column":105}},"type":"cond-expr","locations":[{"start":{"line":10,"column":44},"end":{"line":10,"column":73}},{"start":{"line":10,"column":76},"end":{"line":10,"column":105}}],"line":10},"1":{"loc":{"start":{"line":14,"column":14},"end":{"line":14,"column":57}},"type":"binary-expr","locations":[{"start":{"line":14,"column":14},"end":{"line":14,"column":34}},{"start":{"line":14,"column":38},"end":{"line":14,"column":57}}],"line":14},"2":{"loc":{"start":{"line":15,"column":14},"end":{"line":15,"column":33}},"type":"binary-expr","locations":[{"start":{"line":15,"column":14},"end":{"line":15,"column":19}},{"start":{"line":15,"column":23},"end":{"line":15,"column":33}}],"line":15}},"s":{"0":2,"1":2,"2":2,"3":2,"4":2,"5":2,"6":2,"7":2,"8":2,"9":4,"10":4,"11":4,"12":4,"13":2},"f":{"0":4},"b":{"0":[0,4],"1":[4,3],"2":[4,4]},"_coverageSchema":"332fd63041d2c1bcb487cc26dd0d5f7d97098a6c","hash":"8814952379ec82f489008c14a44d462e4cf8b019"}
,"/Users/kushanjoshi/code/open/idly-mono/packages/idly-osm/src/presets/areaKeys.ts": {"path":"/Users/kushanjoshi/code/open/idly-mono/packages/idly-osm/src/presets/areaKeys.ts","statementMap":{"0":{"start":{"line":1,"column":13},"end":{"line":1,"column":42}},"1":{"start":{"line":1,"column":42},"end":{"line":1,"column":55}},"2":{"start":{"line":2,"column":0},"end":{"line":2,"column":62}},"3":{"start":{"line":3,"column":20},"end":{"line":3,"column":40}},"4":{"start":{"line":4,"column":10},"end":{"line":4,"column":27}},"5":{"start":{"line":6,"column":24},"end":{"line":6,"column":41}},"6":{"start":{"line":7,"column":19},"end":{"line":7,"column":71}},"7":{"start":{"line":9,"column":20},"end":{"line":9,"column":58}},"8":{"start":{"line":14,"column":4},"end":{"line":26,"column":7}},"9":{"start":{"line":16,"column":8},"end":{"line":17,"column":18}},"10":{"start":{"line":17,"column":12},"end":{"line":17,"column":18}},"11":{"start":{"line":18,"column":8},"end":{"line":19,"column":19}},"12":{"start":{"line":19,"column":12},"end":{"line":19,"column":19}},"13":{"start":{"line":20,"column":8},"end":{"line":21,"column":19}},"14":{"start":{"line":21,"column":12},"end":{"line":21,"column":19}},"15":{"start":{"line":22,"column":8},"end":{"line":25,"column":9}},"16":{"start":{"line":24,"column":12},"end":{"line":24,"column":96}},"17":{"start":{"line":28,"column":4},"end":{"line":43,"column":7}},"18":{"start":{"line":30,"column":8},"end":{"line":31,"column":18}},"19":{"start":{"line":31,"column":12},"end":{"line":31,"column":18}},"20":{"start":{"line":32,"column":8},"end":{"line":33,"column":19}},"21":{"start":{"line":33,"column":12},"end":{"line":33,"column":19}},"22":{"start":{"line":34,"column":8},"end":{"line":35,"column":19}},"23":{"start":{"line":35,"column":12},"end":{"line":35,"column":19}},"24":{"start":{"line":36,"column":22},"end":{"line":36,"column":33}},"25":{"start":{"line":37,"column":8},"end":{"line":42,"column":9}},"26":{"start":{"line":41,"column":12},"end":{"line":41,"column":68}},"27":{"start":{"line":44,"column":4},"end":{"line":44,"column":25}},"28":{"start":{"line":46,"column":0},"end":{"line":46,"column":36}}},"fnMap":{"0":{"name":"initAreaKeys","decl":{"start":{"line":5,"column":9},"end":{"line":5,"column":21}},"loc":{"start":{"line":5,"column":27},"end":{"line":45,"column":1}},"line":5},"1":{"name":"(anonymous_1)","decl":{"start":{"line":14,"column":20},"end":{"line":14,"column":21}},"loc":{"start":{"line":14,"column":33},"end":{"line":26,"column":5}},"line":14},"2":{"name":"(anonymous_2)","decl":{"start":{"line":28,"column":20},"end":{"line":28,"column":21}},"loc":{"start":{"line":28,"column":33},"end":{"line":43,"column":5}},"line":28}},"branchMap":{"0":{"loc":{"start":{"line":18,"column":8},"end":{"line":19,"column":19}},"type":"if","locations":[{"start":{"line":18,"column":8},"end":{"line":19,"column":19}},{"start":{"line":18,"column":8},"end":{"line":19,"column":19}}],"line":18},"1":{"loc":{"start":{"line":20,"column":8},"end":{"line":21,"column":19}},"type":"if","locations":[{"start":{"line":20,"column":8},"end":{"line":21,"column":19}},{"start":{"line":20,"column":8},"end":{"line":21,"column":19}}],"line":20},"2":{"loc":{"start":{"line":22,"column":8},"end":{"line":25,"column":9}},"type":"if","locations":[{"start":{"line":22,"column":8},"end":{"line":25,"column":9}},{"start":{"line":22,"column":8},"end":{"line":25,"column":9}}],"line":22},"3":{"loc":{"start":{"line":24,"column":51},"end":{"line":24,"column":94}},"type":"binary-expr","locations":[{"start":{"line":24,"column":51},"end":{"line":24,"column":73}},{"start":{"line":24,"column":77},"end":{"line":24,"column":94}}],"line":24},"4":{"loc":{"start":{"line":32,"column":8},"end":{"line":33,"column":19}},"type":"if","locations":[{"start":{"line":32,"column":8},"end":{"line":33,"column":19}},{"start":{"line":32,"column":8},"end":{"line":33,"column":19}}],"line":32},"5":{"loc":{"start":{"line":34,"column":8},"end":{"line":35,"column":19}},"type":"if","locations":[{"start":{"line":34,"column":8},"end":{"line":35,"column":19}},{"start":{"line":34,"column":8},"end":{"line":35,"column":19}}],"line":34},"6":{"loc":{"start":{"line":37,"column":8},"end":{"line":42,"column":9}},"type":"if","locations":[{"start":{"line":37,"column":8},"end":{"line":42,"column":9}},{"start":{"line":37,"column":8},"end":{"line":42,"column":9}}],"line":37},"7":{"loc":{"start":{"line":37,"column":12},"end":{"line":39,"column":25}},"type":"binary-expr","locations":[{"start":{"line":37,"column":12},"end":{"line":37,"column":34}},{"start":{"line":38,"column":12},"end":{"line":38,"column":45}},{"start":{"line":39,"column":12},"end":{"line":39,"column":25}}],"line":37}},"s":{"0":5,"1":5,"2":5,"3":5,"4":5,"5":18,"6":18,"7":18,"8":18,"9":5336,"10":5207,"11":5336,"12":129,"13":5207,"14":781,"15":4426,"16":3671,"17":18,"18":5336,"19":5207,"20":5336,"21":129,"22":5207,"23":781,"24":4426,"25":4426,"26":272,"27":18,"28":5},"f":{"0":18,"1":5336,"2":5336},"b":{"0":[129,5207],"1":[781,4426],"2":[3671,755],"3":[3671,203],"4":[129,5207],"5":[781,4426],"6":[272,4154],"7":[4426,4202,307]},"_coverageSchema":"332fd63041d2c1bcb487cc26dd0d5f7d97098a6c","hash":"c66b6186a1fae2108716a0e32804c56cdfb25b6d"}
,"/Users/kushanjoshi/code/open/idly-mono/packages/idly-osm/src/presets/category.ts": {"path":"/Users/kushanjoshi/code/open/idly-mono/packages/idly-osm/src/presets/category.ts","statementMap":{"0":{"start":{"line":1,"column":13},"end":{"line":1,"column":42}},"1":{"start":{"line":1,"column":42},"end":{"line":1,"column":55}},"2":{"start":{"line":2,"column":0},"end":{"line":2,"column":62}},"3":{"start":{"line":3,"column":10},"end":{"line":3,"column":27}},"4":{"start":{"line":4,"column":21},"end":{"line":4,"column":53}},"5":{"start":{"line":5,"column":12},"end":{"line":5,"column":35}},"6":{"start":{"line":7,"column":4},"end":{"line":7,"column":33}},"7":{"start":{"line":8,"column":4},"end":{"line":8,"column":21}},"8":{"start":{"line":9,"column":4},"end":{"line":11,"column":8}},"9":{"start":{"line":10,"column":8},"end":{"line":10,"column":29}},"10":{"start":{"line":12,"column":4},"end":{"line":14,"column":6}},"11":{"start":{"line":13,"column":8},"end":{"line":13,"column":56}},"12":{"start":{"line":15,"column":4},"end":{"line":17,"column":6}},"13":{"start":{"line":16,"column":8},"end":{"line":16,"column":18}},"14":{"start":{"line":18,"column":4},"end":{"line":20,"column":6}},"15":{"start":{"line":19,"column":8},"end":{"line":19,"column":76}},"16":{"start":{"line":21,"column":4},"end":{"line":23,"column":6}},"17":{"start":{"line":22,"column":8},"end":{"line":22,"column":18}},"18":{"start":{"line":24,"column":4},"end":{"line":24,"column":20}},"19":{"start":{"line":26,"column":0},"end":{"line":26,"column":40}}},"fnMap":{"0":{"name":"presetCategory","decl":{"start":{"line":6,"column":9},"end":{"line":6,"column":23}},"loc":{"start":{"line":6,"column":43},"end":{"line":25,"column":1}},"line":6},"1":{"name":"(anonymous_1)","decl":{"start":{"line":9,"column":74},"end":{"line":9,"column":75}},"loc":{"start":{"line":9,"column":89},"end":{"line":11,"column":5}},"line":9},"2":{"name":"(anonymous_2)","decl":{"start":{"line":12,"column":29},"end":{"line":12,"column":30}},"loc":{"start":{"line":12,"column":49},"end":{"line":14,"column":5}},"line":12},"3":{"name":"(anonymous_3)","decl":{"start":{"line":15,"column":26},"end":{"line":15,"column":27}},"loc":{"start":{"line":15,"column":38},"end":{"line":17,"column":5}},"line":15},"4":{"name":"(anonymous_4)","decl":{"start":{"line":18,"column":20},"end":{"line":18,"column":21}},"loc":{"start":{"line":18,"column":32},"end":{"line":20,"column":5}},"line":18},"5":{"name":"(anonymous_5)","decl":{"start":{"line":21,"column":21},"end":{"line":21,"column":22}},"loc":{"start":{"line":21,"column":33},"end":{"line":23,"column":5}},"line":21}},"branchMap":{},"s":{"0":6,"1":6,"2":6,"3":6,"4":6,"5":6,"6":100,"7":100,"8":100,"9":744,"10":100,"11":2,"12":100,"13":0,"14":100,"15":0,"16":100,"17":0,"18":100,"19":6},"f":{"0":100,"1":744,"2":2,"3":0,"4":0,"5":0},"b":{},"_coverageSchema":"332fd63041d2c1bcb487cc26dd0d5f7d97098a6c","hash":"0cd579f17bfaaa78e229183524d05808827646fe"}
,"/Users/kushanjoshi/code/open/idly-mono/packages/idly-osm/src/presets/collection.ts": {"path":"/Users/kushanjoshi/code/open/idly-mono/packages/idly-osm/src/presets/collection.ts","statementMap":{"0":{"start":{"line":1,"column":13},"end":{"line":1,"column":42}},"1":{"start":{"line":1,"column":42},"end":{"line":1,"column":55}},"2":{"start":{"line":2,"column":0},"end":{"line":2,"column":62}},"3":{"start":{"line":3,"column":10},"end":{"line":3,"column":27}},"4":{"start":{"line":4,"column":23},"end":{"line":4,"column":57}},"5":{"start":{"line":6,"column":29},"end":{"line":6,"column":31}},"6":{"start":{"line":7,"column":33},"end":{"line":7,"column":35}},"7":{"start":{"line":8,"column":20},"end":{"line":123,"column":5}},"8":{"start":{"line":11,"column":12},"end":{"line":13,"column":15}},"9":{"start":{"line":12,"column":16},"end":{"line":12,"column":35}},"10":{"start":{"line":16,"column":12},"end":{"line":18,"column":16}},"11":{"start":{"line":17,"column":16},"end":{"line":17,"column":49}},"12":{"start":{"line":21,"column":12},"end":{"line":22,"column":28}},"13":{"start":{"line":22,"column":16},"end":{"line":22,"column":28}},"14":{"start":{"line":24,"column":30},"end":{"line":24,"column":46}},"15":{"start":{"line":25,"column":16},"end":{"line":25,"column":59}},"16":{"start":{"line":28,"column":34},"end":{"line":28,"column":51}},"17":{"start":{"line":29,"column":16},"end":{"line":31,"column":17}},"18":{"start":{"line":30,"column":20},"end":{"line":30,"column":80}},"19":{"start":{"line":32,"column":16},"end":{"line":32,"column":42}},"20":{"start":{"line":34,"column":12},"end":{"line":34,"column":40}},"21":{"start":{"line":35,"column":31},"end":{"line":37,"column":14}},"22":{"start":{"line":36,"column":16},"end":{"line":36,"column":71}},"23":{"start":{"line":38,"column":32},"end":{"line":40,"column":14}},"24":{"start":{"line":39,"column":16},"end":{"line":39,"column":45}},"25":{"start":{"line":42,"column":32},"end":{"line":55,"column":14}},"26":{"start":{"line":43,"column":16},"end":{"line":43,"column":55}},"27":{"start":{"line":46,"column":16},"end":{"line":46,"column":54}},"28":{"start":{"line":47,"column":16},"end":{"line":48,"column":29}},"29":{"start":{"line":48,"column":20},"end":{"line":48,"column":29}},"30":{"start":{"line":49,"column":16},"end":{"line":51,"column":62}},"31":{"start":{"line":52,"column":16},"end":{"line":53,"column":29}},"32":{"start":{"line":53,"column":20},"end":{"line":53,"column":29}},"33":{"start":{"line":54,"column":16},"end":{"line":54,"column":57}},"34":{"start":{"line":57,"column":33},"end":{"line":59,"column":14}},"35":{"start":{"line":58,"column":16},"end":{"line":58,"column":56}},"36":{"start":{"line":61,"column":37},"end":{"line":63,"column":14}},"37":{"start":{"line":62,"column":16},"end":{"line":62,"column":79}},"38":{"start":{"line":65,"column":32},"end":{"line":80,"column":14}},"39":{"start":{"line":67,"column":16},"end":{"line":70,"column":18}},"40":{"start":{"line":73,"column":16},"end":{"line":73,"column":89}},"41":{"start":{"line":76,"column":16},"end":{"line":76,"column":39}},"42":{"start":{"line":79,"column":16},"end":{"line":79,"column":32}},"43":{"start":{"line":82,"column":33},"end":{"line":87,"column":14}},"44":{"start":{"line":83,"column":16},"end":{"line":86,"column":19}},"45":{"start":{"line":84,"column":20},"end":{"line":85,"column":27}},"46":{"start":{"line":88,"column":39},"end":{"line":98,"column":14}},"47":{"start":{"line":89,"column":16},"end":{"line":89,"column":57}},"48":{"start":{"line":91,"column":16},"end":{"line":91,"column":45}},"49":{"start":{"line":92,"column":16},"end":{"line":92,"column":45}},"50":{"start":{"line":93,"column":26},"end":{"line":93,"column":61}},"51":{"start":{"line":94,"column":16},"end":{"line":97,"column":29}},"52":{"start":{"line":95,"column":20},"end":{"line":95,"column":47}},"53":{"start":{"line":97,"column":20},"end":{"line":97,"column":29}},"54":{"start":{"line":99,"column":39},"end":{"line":116,"column":14}},"55":{"start":{"line":101,"column":16},"end":{"line":104,"column":18}},"56":{"start":{"line":107,"column":16},"end":{"line":109,"column":23}},"57":{"start":{"line":112,"column":16},"end":{"line":112,"column":39}},"58":{"start":{"line":115,"column":16},"end":{"line":115,"column":32}},"59":{"start":{"line":117,"column":26},"end":{"line":117,"column":48}},"60":{"start":{"line":118,"column":28},"end":{"line":120,"column":47}},"61":{"start":{"line":121,"column":12},"end":{"line":121,"column":67}},"62":{"start":{"line":124,"column":4},"end":{"line":124,"column":19}},"63":{"start":{"line":126,"column":0},"end":{"line":126,"column":44}}},"fnMap":{"0":{"name":"presetCollection","decl":{"start":{"line":5,"column":9},"end":{"line":5,"column":25}},"loc":{"start":{"line":5,"column":38},"end":{"line":125,"column":1}},"line":5},"1":{"name":"(anonymous_1)","decl":{"start":{"line":11,"column":43},"end":{"line":11,"column":44}},"loc":{"start":{"line":11,"column":56},"end":{"line":13,"column":13}},"line":11},"2":{"name":"(anonymous_2)","decl":{"start":{"line":16,"column":59},"end":{"line":16,"column":60}},"loc":{"start":{"line":16,"column":72},"end":{"line":18,"column":13}},"line":16},"3":{"name":"leading","decl":{"start":{"line":23,"column":21},"end":{"line":23,"column":28}},"loc":{"start":{"line":23,"column":32},"end":{"line":26,"column":13}},"line":23},"4":{"name":"suggestionName","decl":{"start":{"line":27,"column":21},"end":{"line":27,"column":35}},"loc":{"start":{"line":27,"column":42},"end":{"line":33,"column":13}},"line":27},"5":{"name":"(anonymous_5)","decl":{"start":{"line":35,"column":57},"end":{"line":35,"column":58}},"loc":{"start":{"line":35,"column":70},"end":{"line":37,"column":13}},"line":35},"6":{"name":"(anonymous_6)","decl":{"start":{"line":38,"column":58},"end":{"line":38,"column":59}},"loc":{"start":{"line":38,"column":71},"end":{"line":40,"column":13}},"line":38},"7":{"name":"(anonymous_7)","decl":{"start":{"line":42,"column":53},"end":{"line":42,"column":54}},"loc":{"start":{"line":42,"column":66},"end":{"line":44,"column":13}},"line":42},"8":{"name":"(anonymous_8)","decl":{"start":{"line":44,"column":20},"end":{"line":44,"column":21}},"loc":{"start":{"line":44,"column":36},"end":{"line":55,"column":13}},"line":44},"9":{"name":"(anonymous_9)","decl":{"start":{"line":57,"column":54},"end":{"line":57,"column":55}},"loc":{"start":{"line":57,"column":67},"end":{"line":59,"column":13}},"line":57},"10":{"name":"(anonymous_10)","decl":{"start":{"line":61,"column":58},"end":{"line":61,"column":59}},"loc":{"start":{"line":61,"column":71},"end":{"line":63,"column":13}},"line":61},"11":{"name":"(anonymous_11)","decl":{"start":{"line":66,"column":21},"end":{"line":66,"column":22}},"loc":{"start":{"line":66,"column":34},"end":{"line":71,"column":13}},"line":66},"12":{"name":"(anonymous_12)","decl":{"start":{"line":72,"column":24},"end":{"line":72,"column":25}},"loc":{"start":{"line":72,"column":37},"end":{"line":74,"column":13}},"line":72},"13":{"name":"(anonymous_13)","decl":{"start":{"line":75,"column":22},"end":{"line":75,"column":23}},"loc":{"start":{"line":75,"column":38},"end":{"line":77,"column":13}},"line":75},"14":{"name":"(anonymous_14)","decl":{"start":{"line":78,"column":21},"end":{"line":78,"column":22}},"loc":{"start":{"line":78,"column":34},"end":{"line":80,"column":13}},"line":78},"15":{"name":"(anonymous_15)","decl":{"start":{"line":82,"column":54},"end":{"line":82,"column":55}},"loc":{"start":{"line":82,"column":67},"end":{"line":87,"column":13}},"line":82},"16":{"name":"(anonymous_16)","decl":{"start":{"line":83,"column":47},"end":{"line":83,"column":48}},"loc":{"start":{"line":83,"column":60},"end":{"line":86,"column":17}},"line":83},"17":{"name":"(anonymous_17)","decl":{"start":{"line":88,"column":61},"end":{"line":88,"column":62}},"loc":{"start":{"line":88,"column":74},"end":{"line":90,"column":13}},"line":88},"18":{"name":"(anonymous_18)","decl":{"start":{"line":90,"column":20},"end":{"line":90,"column":21}},"loc":{"start":{"line":90,"column":36},"end":{"line":98,"column":13}},"line":90},"19":{"name":"(anonymous_19)","decl":{"start":{"line":100,"column":21},"end":{"line":100,"column":22}},"loc":{"start":{"line":100,"column":34},"end":{"line":105,"column":13}},"line":100},"20":{"name":"(anonymous_20)","decl":{"start":{"line":106,"column":24},"end":{"line":106,"column":25}},"loc":{"start":{"line":106,"column":37},"end":{"line":110,"column":13}},"line":106},"21":{"name":"(anonymous_21)","decl":{"start":{"line":111,"column":22},"end":{"line":111,"column":23}},"loc":{"start":{"line":111,"column":38},"end":{"line":113,"column":13}},"line":111},"22":{"name":"(anonymous_22)","decl":{"start":{"line":114,"column":21},"end":{"line":114,"column":22}},"loc":{"start":{"line":114,"column":34},"end":{"line":116,"column":13}},"line":114}},"branchMap":{"0":{"loc":{"start":{"line":21,"column":12},"end":{"line":22,"column":28}},"type":"if","locations":[{"start":{"line":21,"column":12},"end":{"line":22,"column":28}},{"start":{"line":21,"column":12},"end":{"line":22,"column":28}}],"line":21},"1":{"loc":{"start":{"line":25,"column":23},"end":{"line":25,"column":58}},"type":"binary-expr","locations":[{"start":{"line":25,"column":23},"end":{"line":25,"column":34}},{"start":{"line":25,"column":38},"end":{"line":25,"column":58}}],"line":25},"2":{"loc":{"start":{"line":29,"column":16},"end":{"line":31,"column":17}},"type":"if","locations":[{"start":{"line":29,"column":16},"end":{"line":31,"column":17}},{"start":{"line":29,"column":16},"end":{"line":31,"column":17}}],"line":29},"3":{"loc":{"start":{"line":36,"column":23},"end":{"line":36,"column":70}},"type":"binary-expr","locations":[{"start":{"line":36,"column":23},"end":{"line":36,"column":45}},{"start":{"line":36,"column":49},"end":{"line":36,"column":70}}],"line":36},"4":{"loc":{"start":{"line":47,"column":16},"end":{"line":48,"column":29}},"type":"if","locations":[{"start":{"line":47,"column":16},"end":{"line":48,"column":29}},{"start":{"line":47,"column":16},"end":{"line":48,"column":29}}],"line":47},"5":{"loc":{"start":{"line":52,"column":16},"end":{"line":53,"column":29}},"type":"if","locations":[{"start":{"line":52,"column":16},"end":{"line":53,"column":29}},{"start":{"line":52,"column":16},"end":{"line":53,"column":29}}],"line":52},"6":{"loc":{"start":{"line":58,"column":30},"end":{"line":58,"column":45}},"type":"binary-expr","locations":[{"start":{"line":58,"column":30},"end":{"line":58,"column":39}},{"start":{"line":58,"column":43},"end":{"line":58,"column":45}}],"line":58},"7":{"loc":{"start":{"line":62,"column":49},"end":{"line":62,"column":61}},"type":"binary-expr","locations":[{"start":{"line":62,"column":49},"end":{"line":62,"column":55}},{"start":{"line":62,"column":59},"end":{"line":62,"column":61}}],"line":62},"8":{"loc":{"start":{"line":83,"column":30},"end":{"line":83,"column":45}},"type":"binary-expr","locations":[{"start":{"line":83,"column":30},"end":{"line":83,"column":39}},{"start":{"line":83,"column":43},"end":{"line":83,"column":45}}],"line":83},"9":{"loc":{"start":{"line":94,"column":16},"end":{"line":97,"column":29}},"type":"if","locations":[{"start":{"line":94,"column":16},"end":{"line":97,"column":29}},{"start":{"line":94,"column":16},"end":{"line":97,"column":29}}],"line":94}},"s":{"0":7,"1":7,"2":7,"3":7,"4":7,"5":183,"6":183,"7":183,"8":1078,"9":605298,"10":4,"11":34,"12":8,"13":0,"14":226,"15":226,"16":0,"17":0,"18":0,"19":0,"20":8,"21":8,"22":79,"23":8,"24":79,"25":8,"26":78,"27":0,"28":0,"29":0,"30":0,"31":0,"32":0,"33":0,"34":8,"35":78,"36":8,"37":78,"38":8,"39":78,"40":78,"41":45,"42":32,"43":8,"44":78,"45":78,"46":8,"47":0,"48":0,"49":0,"50":0,"51":0,"52":0,"53":0,"54":8,"55":0,"56":0,"57":0,"58":0,"59":8,"60":8,"61":8,"62":183,"63":7},"f":{"0":183,"1":605298,"2":34,"3":226,"4":0,"5":79,"6":79,"7":78,"8":0,"9":78,"10":78,"11":78,"12":78,"13":45,"14":32,"15":78,"16":78,"17":0,"18":0,"19":0,"20":0,"21":0,"22":0},"b":{"0":[0,8],"1":[226,217],"2":[0,0],"3":[79,78],"4":[0,0],"5":[0,0],"6":[78,0],"7":[78,0],"8":[78,0],"9":[0,0]},"_coverageSchema":"332fd63041d2c1bcb487cc26dd0d5f7d97098a6c","hash":"866de3be78038b10aa111d0900423a9027c23384"}
,"/Users/kushanjoshi/code/open/idly-mono/packages/idly-osm/src/presets/field.ts": {"path":"/Users/kushanjoshi/code/open/idly-mono/packages/idly-osm/src/presets/field.ts","statementMap":{"0":{"start":{"line":1,"column":13},"end":{"line":1,"column":42}},"1":{"start":{"line":1,"column":42},"end":{"line":1,"column":55}},"2":{"start":{"line":2,"column":0},"end":{"line":2,"column":62}},"3":{"start":{"line":3,"column":10},"end":{"line":3,"column":27}},"4":{"start":{"line":4,"column":12},"end":{"line":4,"column":35}},"5":{"start":{"line":6,"column":4},"end":{"line":6,"column":27}},"6":{"start":{"line":7,"column":4},"end":{"line":7,"column":18}},"7":{"start":{"line":8,"column":4},"end":{"line":10,"column":6}},"8":{"start":{"line":9,"column":8},"end":{"line":9,"column":62}},"9":{"start":{"line":11,"column":4},"end":{"line":13,"column":6}},"10":{"start":{"line":12,"column":8},"end":{"line":12,"column":68}},"11":{"start":{"line":14,"column":4},"end":{"line":16,"column":6}},"12":{"start":{"line":15,"column":8},"end":{"line":15,"column":49}},"13":{"start":{"line":17,"column":24},"end":{"line":17,"column":41}},"14":{"start":{"line":18,"column":4},"end":{"line":20,"column":6}},"15":{"start":{"line":19,"column":8},"end":{"line":19,"column":64}},"16":{"start":{"line":21,"column":4},"end":{"line":21,"column":17}},"17":{"start":{"line":23,"column":0},"end":{"line":23,"column":34}}},"fnMap":{"0":{"name":"presetField","decl":{"start":{"line":5,"column":9},"end":{"line":5,"column":20}},"loc":{"start":{"line":5,"column":32},"end":{"line":22,"column":1}},"line":5},"1":{"name":"(anonymous_1)","decl":{"start":{"line":8,"column":26},"end":{"line":8,"column":27}},"loc":{"start":{"line":8,"column":46},"end":{"line":10,"column":5}},"line":8},"2":{"name":"(anonymous_2)","decl":{"start":{"line":11,"column":14},"end":{"line":11,"column":15}},"loc":{"start":{"line":11,"column":40},"end":{"line":13,"column":5}},"line":11},"3":{"name":"(anonymous_3)","decl":{"start":{"line":14,"column":18},"end":{"line":14,"column":19}},"loc":{"start":{"line":14,"column":30},"end":{"line":16,"column":5}},"line":14},"4":{"name":"(anonymous_4)","decl":{"start":{"line":18,"column":24},"end":{"line":18,"column":25}},"loc":{"start":{"line":18,"column":36},"end":{"line":20,"column":5}},"line":18}},"branchMap":{"0":{"loc":{"start":{"line":9,"column":15},"end":{"line":9,"column":61}},"type":"binary-expr","locations":[{"start":{"line":9,"column":15},"end":{"line":9,"column":30}},{"start":{"line":9,"column":34},"end":{"line":9,"column":61}}],"line":9}},"s":{"0":5,"1":5,"2":5,"3":5,"4":5,"5":1649,"6":1649,"7":1649,"8":4,"9":1649,"10":0,"11":1649,"12":0,"13":1649,"14":1649,"15":0,"16":1649,"17":5},"f":{"0":1649,"1":4,"2":0,"3":0,"4":0},"b":{"0":[4,4]},"_coverageSchema":"332fd63041d2c1bcb487cc26dd0d5f7d97098a6c","hash":"65895000c55a67239d6af0e6af09c57eaf829502"}
,"/Users/kushanjoshi/code/open/idly-mono/packages/idly-osm/src/presets/match.ts": {"path":"/Users/kushanjoshi/code/open/idly-mono/packages/idly-osm/src/presets/match.ts","statementMap":{"0":{"start":{"line":1,"column":13},"end":{"line":1,"column":42}},"1":{"start":{"line":1,"column":42},"end":{"line":1,"column":55}},"2":{"start":{"line":2,"column":0},"end":{"line":2,"column":62}},"3":{"start":{"line":3,"column":21},"end":{"line":3,"column":62}},"4":{"start":{"line":4,"column":26},"end":{"line":4,"column":63}},"5":{"start":{"line":6,"column":4},"end":{"line":7,"column":45}},"6":{"start":{"line":7,"column":8},"end":{"line":7,"column":45}},"7":{"start":{"line":13,"column":4},"end":{"line":15,"column":5}},"8":{"start":{"line":14,"column":8},"end":{"line":14,"column":50}},"9":{"start":{"line":17,"column":15},"end":{"line":17,"column":17}},"10":{"start":{"line":19,"column":28},"end":{"line":19,"column":47}},"11":{"start":{"line":20,"column":4},"end":{"line":31,"column":7}},"12":{"start":{"line":21,"column":27},"end":{"line":21,"column":45}},"13":{"start":{"line":22,"column":8},"end":{"line":23,"column":19}},"14":{"start":{"line":23,"column":12},"end":{"line":23,"column":19}},"15":{"start":{"line":24,"column":8},"end":{"line":30,"column":9}},"16":{"start":{"line":25,"column":26},"end":{"line":25,"column":56}},"17":{"start":{"line":26,"column":12},"end":{"line":29,"column":13}},"18":{"start":{"line":27,"column":16},"end":{"line":27,"column":29}},"19":{"start":{"line":28,"column":16},"end":{"line":28,"column":38}},"20":{"start":{"line":32,"column":4},"end":{"line":32,"column":39}},"21":{"start":{"line":34,"column":0},"end":{"line":34,"column":36}}},"fnMap":{"0":{"name":"presetsMatch","decl":{"start":{"line":5,"column":9},"end":{"line":5,"column":21}},"loc":{"start":{"line":5,"column":60},"end":{"line":33,"column":1}},"line":5},"1":{"name":"(anonymous_1)","decl":{"start":{"line":20,"column":17},"end":{"line":20,"column":18}},"loc":{"start":{"line":20,"column":27},"end":{"line":31,"column":5}},"line":20}},"branchMap":{"0":{"loc":{"start":{"line":6,"column":4},"end":{"line":7,"column":45}},"type":"if","locations":[{"start":{"line":6,"column":4},"end":{"line":7,"column":45}},{"start":{"line":6,"column":4},"end":{"line":7,"column":45}}],"line":6},"1":{"loc":{"start":{"line":13,"column":4},"end":{"line":15,"column":5}},"type":"if","locations":[{"start":{"line":13,"column":4},"end":{"line":15,"column":5}},{"start":{"line":13,"column":4},"end":{"line":15,"column":5}}],"line":13},"2":{"loc":{"start":{"line":13,"column":8},"end":{"line":13,"column":91}},"type":"binary-expr","locations":[{"start":{"line":13,"column":8},"end":{"line":13,"column":52}},{"start":{"line":13,"column":56},"end":{"line":13,"column":91}}],"line":13},"3":{"loc":{"start":{"line":22,"column":8},"end":{"line":23,"column":19}},"type":"if","locations":[{"start":{"line":22,"column":8},"end":{"line":23,"column":19}},{"start":{"line":22,"column":8},"end":{"line":23,"column":19}}],"line":22},"4":{"loc":{"start":{"line":26,"column":12},"end":{"line":29,"column":13}},"type":"if","locations":[{"start":{"line":26,"column":12},"end":{"line":29,"column":13}},{"start":{"line":26,"column":12},"end":{"line":29,"column":13}}],"line":26},"5":{"loc":{"start":{"line":32,"column":11},"end":{"line":32,"column":38}},"type":"binary-expr","locations":[{"start":{"line":32,"column":11},"end":{"line":32,"column":16}},{"start":{"line":32,"column":20},"end":{"line":32,"column":38}}],"line":32}},"s":{"0":5,"1":5,"2":5,"3":5,"4":5,"5":18,"6":0,"7":18,"8":0,"9":18,"10":18,"11":18,"12":21,"13":21,"14":7,"15":14,"16":6169,"17":6169,"18":16,"19":16,"20":18,"21":5},"f":{"0":18,"1":21},"b":{"0":[0,18],"1":[0,18],"2":[18,3],"3":[7,14],"4":[16,6153],"5":[18,10]},"_coverageSchema":"332fd63041d2c1bcb487cc26dd0d5f7d97098a6c","hash":"185d8d60bb49eb9efb316e1a3e0469d1630fe75f"}
,"/Users/kushanjoshi/code/open/idly-mono/packages/idly-osm/src/presets/preset.ts": {"path":"/Users/kushanjoshi/code/open/idly-mono/packages/idly-osm/src/presets/preset.ts","statementMap":{"0":{"start":{"line":1,"column":13},"end":{"line":1,"column":42}},"1":{"start":{"line":1,"column":42},"end":{"line":1,"column":55}},"2":{"start":{"line":2,"column":0},"end":{"line":2,"column":62}},"3":{"start":{"line":3,"column":10},"end":{"line":3,"column":27}},"4":{"start":{"line":4,"column":12},"end":{"line":4,"column":35}},"5":{"start":{"line":6,"column":4},"end":{"line":6,"column":29}},"6":{"start":{"line":7,"column":4},"end":{"line":7,"column":19}},"7":{"start":{"line":8,"column":4},"end":{"line":8,"column":57}},"8":{"start":{"line":9,"column":4},"end":{"line":9,"column":44}},"9":{"start":{"line":11,"column":8},"end":{"line":11,"column":25}},"10":{"start":{"line":13,"column":4},"end":{"line":15,"column":6}},"11":{"start":{"line":14,"column":8},"end":{"line":14,"column":54}},"12":{"start":{"line":16,"column":4},"end":{"line":16,"column":50}},"13":{"start":{"line":17,"column":4},"end":{"line":35,"column":6}},"14":{"start":{"line":21,"column":27},"end":{"line":21,"column":38}},"15":{"start":{"line":22,"column":20},"end":{"line":22,"column":21}},"16":{"start":{"line":23,"column":8},"end":{"line":33,"column":9}},"17":{"start":{"line":24,"column":12},"end":{"line":32,"column":13}},"18":{"start":{"line":25,"column":16},"end":{"line":25,"column":46}},"19":{"start":{"line":27,"column":17},"end":{"line":32,"column":13}},"20":{"start":{"line":28,"column":16},"end":{"line":28,"column":50}},"21":{"start":{"line":31,"column":16},"end":{"line":31,"column":26}},"22":{"start":{"line":34,"column":8},"end":{"line":34,"column":21}},"23":{"start":{"line":36,"column":4},"end":{"line":38,"column":6}},"24":{"start":{"line":37,"column":8},"end":{"line":37,"column":69}},"25":{"start":{"line":39,"column":17},"end":{"line":39,"column":34}},"26":{"start":{"line":40,"column":4},"end":{"line":47,"column":6}},"27":{"start":{"line":41,"column":8},"end":{"line":45,"column":9}},"28":{"start":{"line":42,"column":12},"end":{"line":42,"column":31}},"29":{"start":{"line":43,"column":12},"end":{"line":43,"column":37}},"30":{"start":{"line":44,"column":12},"end":{"line":44,"column":75}},"31":{"start":{"line":46,"column":8},"end":{"line":46,"column":51}},"32":{"start":{"line":48,"column":4},"end":{"line":54,"column":6}},"33":{"start":{"line":49,"column":8},"end":{"line":53,"column":31}},"34":{"start":{"line":55,"column":4},"end":{"line":58,"column":6}},"35":{"start":{"line":56,"column":25},"end":{"line":56,"column":56}},"36":{"start":{"line":57,"column":8},"end":{"line":57,"column":90}},"37":{"start":{"line":59,"column":22},"end":{"line":59,"column":44}},"38":{"start":{"line":60,"column":4},"end":{"line":78,"column":6}},"39":{"start":{"line":61,"column":18},"end":{"line":61,"column":78}},"40":{"start":{"line":62,"column":20},"end":{"line":62,"column":55}},"41":{"start":{"line":63,"column":8},"end":{"line":71,"column":9}},"42":{"start":{"line":64,"column":12},"end":{"line":70,"column":13}},"43":{"start":{"line":65,"column":16},"end":{"line":65,"column":28}},"44":{"start":{"line":66,"column":16},"end":{"line":66,"column":41}},"45":{"start":{"line":69,"column":16},"end":{"line":69,"column":40}},"46":{"start":{"line":72,"column":8},"end":{"line":77,"column":9}},"47":{"start":{"line":73,"column":12},"end":{"line":73,"column":27}},"48":{"start":{"line":76,"column":12},"end":{"line":76,"column":34}},"49":{"start":{"line":79,"column":23},"end":{"line":79,"column":55}},"50":{"start":{"line":80,"column":4},"end":{"line":93,"column":6}},"51":{"start":{"line":81,"column":8},"end":{"line":81,"column":48}},"52":{"start":{"line":82,"column":8},"end":{"line":90,"column":9}},"53":{"start":{"line":83,"column":12},"end":{"line":89,"column":13}},"54":{"start":{"line":84,"column":30},"end":{"line":84,"column":46}},"55":{"start":{"line":85,"column":16},"end":{"line":88,"column":17}},"56":{"start":{"line":87,"column":20},"end":{"line":87,"column":43}},"57":{"start":{"line":91,"column":8},"end":{"line":91,"column":25}},"58":{"start":{"line":92,"column":8},"end":{"line":92,"column":20}},"59":{"start":{"line":94,"column":22},"end":{"line":94,"column":51}},"60":{"start":{"line":98,"column":4},"end":{"line":140,"column":6}},"61":{"start":{"line":100,"column":8},"end":{"line":100,"column":29}},"62":{"start":{"line":101,"column":8},"end":{"line":108,"column":9}},"63":{"start":{"line":102,"column":12},"end":{"line":107,"column":13}},"64":{"start":{"line":103,"column":16},"end":{"line":103,"column":32}},"65":{"start":{"line":106,"column":16},"end":{"line":106,"column":39}},"66":{"start":{"line":113,"column":8},"end":{"line":113,"column":25}},"67":{"start":{"line":114,"column":8},"end":{"line":127,"column":9}},"68":{"start":{"line":115,"column":31},"end":{"line":115,"column":35}},"69":{"start":{"line":116,"column":12},"end":{"line":123,"column":13}},"70":{"start":{"line":117,"column":16},"end":{"line":122,"column":17}},"71":{"start":{"line":118,"column":20},"end":{"line":121,"column":21}},"72":{"start":{"line":119,"column":24},"end":{"line":119,"column":45}},"73":{"start":{"line":120,"column":24},"end":{"line":120,"column":30}},"74":{"start":{"line":124,"column":12},"end":{"line":126,"column":13}},"75":{"start":{"line":125,"column":16},"end":{"line":125,"column":34}},"76":{"start":{"line":128,"column":8},"end":{"line":138,"column":9}},"77":{"start":{"line":129,"column":12},"end":{"line":137,"column":13}},"78":{"start":{"line":130,"column":30},"end":{"line":130,"column":46}},"79":{"start":{"line":131,"column":16},"end":{"line":136,"column":17}},"80":{"start":{"line":135,"column":20},"end":{"line":135,"column":52}},"81":{"start":{"line":139,"column":8},"end":{"line":139,"column":20}},"82":{"start":{"line":141,"column":4},"end":{"line":141,"column":18}},"83":{"start":{"line":143,"column":0},"end":{"line":143,"column":36}}},"fnMap":{"0":{"name":"presetPreset","decl":{"start":{"line":5,"column":9},"end":{"line":5,"column":21}},"loc":{"start":{"line":5,"column":42},"end":{"line":142,"column":1}},"line":5},"1":{"name":"getFields","decl":{"start":{"line":10,"column":13},"end":{"line":10,"column":22}},"loc":{"start":{"line":10,"column":26},"end":{"line":12,"column":5}},"line":10},"2":{"name":"(anonymous_2)","decl":{"start":{"line":13,"column":27},"end":{"line":13,"column":28}},"loc":{"start":{"line":13,"column":47},"end":{"line":15,"column":5}},"line":13},"3":{"name":"(anonymous_3)","decl":{"start":{"line":17,"column":24},"end":{"line":17,"column":25}},"loc":{"start":{"line":17,"column":40},"end":{"line":35,"column":5}},"line":17},"4":{"name":"(anonymous_4)","decl":{"start":{"line":36,"column":15},"end":{"line":36,"column":16}},"loc":{"start":{"line":36,"column":41},"end":{"line":38,"column":5}},"line":36},"5":{"name":"(anonymous_5)","decl":{"start":{"line":40,"column":18},"end":{"line":40,"column":19}},"loc":{"start":{"line":40,"column":30},"end":{"line":47,"column":5}},"line":40},"6":{"name":"(anonymous_6)","decl":{"start":{"line":48,"column":19},"end":{"line":48,"column":20}},"loc":{"start":{"line":48,"column":31},"end":{"line":54,"column":5}},"line":48},"7":{"name":"(anonymous_7)","decl":{"start":{"line":55,"column":24},"end":{"line":55,"column":25}},"loc":{"start":{"line":55,"column":36},"end":{"line":58,"column":5}},"line":55},"8":{"name":"(anonymous_8)","decl":{"start":{"line":60,"column":23},"end":{"line":60,"column":24}},"loc":{"start":{"line":60,"column":43},"end":{"line":78,"column":5}},"line":60},"9":{"name":"(anonymous_9)","decl":{"start":{"line":80,"column":24},"end":{"line":80,"column":25}},"loc":{"start":{"line":80,"column":50},"end":{"line":93,"column":5}},"line":80},"10":{"name":"(anonymous_10)","decl":{"start":{"line":98,"column":23},"end":{"line":98,"column":24}},"loc":{"start":{"line":98,"column":59},"end":{"line":140,"column":5}},"line":98}},"branchMap":{"0":{"loc":{"start":{"line":8,"column":21},"end":{"line":8,"column":40}},"type":"binary-expr","locations":[{"start":{"line":8,"column":21},"end":{"line":8,"column":34}},{"start":{"line":8,"column":38},"end":{"line":8,"column":40}}],"line":8},"1":{"loc":{"start":{"line":9,"column":22},"end":{"line":9,"column":43}},"type":"binary-expr","locations":[{"start":{"line":9,"column":22},"end":{"line":9,"column":37}},{"start":{"line":9,"column":41},"end":{"line":9,"column":43}}],"line":9},"2":{"loc":{"start":{"line":16,"column":27},"end":{"line":16,"column":49}},"type":"binary-expr","locations":[{"start":{"line":16,"column":27},"end":{"line":16,"column":44}},{"start":{"line":16,"column":48},"end":{"line":16,"column":49}}],"line":16},"3":{"loc":{"start":{"line":24,"column":12},"end":{"line":32,"column":13}},"type":"if","locations":[{"start":{"line":24,"column":12},"end":{"line":32,"column":13}},{"start":{"line":24,"column":12},"end":{"line":32,"column":13}}],"line":24},"4":{"loc":{"start":{"line":27,"column":17},"end":{"line":32,"column":13}},"type":"if","locations":[{"start":{"line":27,"column":17},"end":{"line":32,"column":13}},{"start":{"line":27,"column":17},"end":{"line":32,"column":13}}],"line":27},"5":{"loc":{"start":{"line":27,"column":21},"end":{"line":27,"column":59}},"type":"binary-expr","locations":[{"start":{"line":27,"column":21},"end":{"line":27,"column":43}},{"start":{"line":27,"column":47},"end":{"line":27,"column":59}}],"line":27},"6":{"loc":{"start":{"line":39,"column":17},"end":{"line":39,"column":34}},"type":"binary-expr","locations":[{"start":{"line":39,"column":17},"end":{"line":39,"column":28}},{"start":{"line":39,"column":32},"end":{"line":39,"column":34}}],"line":39},"7":{"loc":{"start":{"line":41,"column":8},"end":{"line":45,"column":9}},"type":"if","locations":[{"start":{"line":41,"column":8},"end":{"line":45,"column":9}},{"start":{"line":41,"column":8},"end":{"line":45,"column":9}}],"line":41},"8":{"loc":{"start":{"line":57,"column":16},"end":{"line":57,"column":88}},"type":"binary-expr","locations":[{"start":{"line":57,"column":16},"end":{"line":57,"column":30}},{"start":{"line":57,"column":35},"end":{"line":57,"column":49}},{"start":{"line":57,"column":53},"end":{"line":57,"column":87}}],"line":57},"9":{"loc":{"start":{"line":59,"column":22},"end":{"line":59,"column":44}},"type":"binary-expr","locations":[{"start":{"line":59,"column":22},"end":{"line":59,"column":38}},{"start":{"line":59,"column":42},"end":{"line":59,"column":44}}],"line":59},"10":{"loc":{"start":{"line":61,"column":18},"end":{"line":61,"column":78}},"type":"binary-expr","locations":[{"start":{"line":61,"column":18},"end":{"line":61,"column":31}},{"start":{"line":61,"column":35},"end":{"line":61,"column":78}}],"line":61},"11":{"loc":{"start":{"line":62,"column":20},"end":{"line":62,"column":55}},"type":"binary-expr","locations":[{"start":{"line":62,"column":20},"end":{"line":62,"column":35}},{"start":{"line":62,"column":39},"end":{"line":62,"column":55}}],"line":62},"12":{"loc":{"start":{"line":63,"column":8},"end":{"line":71,"column":9}},"type":"if","locations":[{"start":{"line":63,"column":8},"end":{"line":71,"column":9}},{"start":{"line":63,"column":8},"end":{"line":71,"column":9}}],"line":63},"13":{"loc":{"start":{"line":63,"column":12},"end":{"line":63,"column":53}},"type":"binary-expr","locations":[{"start":{"line":63,"column":12},"end":{"line":63,"column":35}},{"start":{"line":63,"column":39},"end":{"line":63,"column":53}}],"line":63},"14":{"loc":{"start":{"line":64,"column":12},"end":{"line":70,"column":13}},"type":"if","locations":[{"start":{"line":64,"column":12},"end":{"line":70,"column":13}},{"start":{"line":64,"column":12},"end":{"line":70,"column":13}}],"line":64},"15":{"loc":{"start":{"line":72,"column":8},"end":{"line":77,"column":9}},"type":"if","locations":[{"start":{"line":72,"column":8},"end":{"line":77,"column":9}},{"start":{"line":72,"column":8},"end":{"line":77,"column":9}}],"line":72},"16":{"loc":{"start":{"line":79,"column":23},"end":{"line":79,"column":55}},"type":"binary-expr","locations":[{"start":{"line":79,"column":23},"end":{"line":79,"column":40}},{"start":{"line":79,"column":44},"end":{"line":79,"column":55}}],"line":79},"17":{"loc":{"start":{"line":83,"column":12},"end":{"line":89,"column":13}},"type":"if","locations":[{"start":{"line":83,"column":12},"end":{"line":89,"column":13}},{"start":{"line":83,"column":12},"end":{"line":89,"column":13}}],"line":83},"18":{"loc":{"start":{"line":85,"column":16},"end":{"line":88,"column":17}},"type":"if","locations":[{"start":{"line":85,"column":16},"end":{"line":88,"column":17}},{"start":{"line":85,"column":16},"end":{"line":88,"column":17}}],"line":85},"19":{"loc":{"start":{"line":85,"column":20},"end":{"line":86,"column":53}},"type":"binary-expr","locations":[{"start":{"line":85,"column":20},"end":{"line":85,"column":49}},{"start":{"line":86,"column":20},"end":{"line":86,"column":53}}],"line":85},"20":{"loc":{"start":{"line":94,"column":22},"end":{"line":94,"column":51}},"type":"binary-expr","locations":[{"start":{"line":94,"column":22},"end":{"line":94,"column":36}},{"start":{"line":94,"column":40},"end":{"line":94,"column":51}}],"line":94},"21":{"loc":{"start":{"line":102,"column":12},"end":{"line":107,"column":13}},"type":"if","locations":[{"start":{"line":102,"column":12},"end":{"line":107,"column":13}},{"start":{"line":102,"column":12},"end":{"line":107,"column":13}}],"line":102},"22":{"loc":{"start":{"line":114,"column":8},"end":{"line":127,"column":9}},"type":"if","locations":[{"start":{"line":114,"column":8},"end":{"line":127,"column":9}},{"start":{"line":114,"column":8},"end":{"line":127,"column":9}}],"line":114},"23":{"loc":{"start":{"line":116,"column":12},"end":{"line":123,"column":13}},"type":"if","locations":[{"start":{"line":116,"column":12},"end":{"line":123,"column":13}},{"start":{"line":116,"column":12},"end":{"line":123,"column":13}}],"line":116},"24":{"loc":{"start":{"line":118,"column":20},"end":{"line":121,"column":21}},"type":"if","locations":[{"start":{"line":118,"column":20},"end":{"line":121,"column":21}},{"start":{"line":118,"column":20},"end":{"line":121,"column":21}}],"line":118},"25":{"loc":{"start":{"line":124,"column":12},"end":{"line":126,"column":13}},"type":"if","locations":[{"start":{"line":124,"column":12},"end":{"line":126,"column":13}},{"start":{"line":124,"column":12},"end":{"line":126,"column":13}}],"line":124},"26":{"loc":{"start":{"line":129,"column":12},"end":{"line":137,"column":13}},"type":"if","locations":[{"start":{"line":129,"column":12},"end":{"line":137,"column":13}},{"start":{"line":129,"column":12},"end":{"line":137,"column":13}}],"line":129},"27":{"loc":{"start":{"line":131,"column":16},"end":{"line":136,"column":17}},"type":"if","locations":[{"start":{"line":131,"column":16},"end":{"line":136,"column":17}},{"start":{"line":131,"column":16},"end":{"line":136,"column":17}}],"line":131},"28":{"loc":{"start":{"line":131,"column":20},"end":{"line":134,"column":33}},"type":"binary-expr","locations":[{"start":{"line":131,"column":20},"end":{"line":131,"column":49}},{"start":{"line":132,"column":20},"end":{"line":132,"column":29}},{"start":{"line":133,"column":20},"end":{"line":133,"column":36}},{"start":{"line":134,"column":20},"end":{"line":134,"column":33}}],"line":131}},"s":{"0":7,"1":7,"2":7,"3":7,"4":7,"5":15315,"6":15315,"7":15315,"8":15315,"9":68485,"10":15315,"11":36,"12":15315,"13":15315,"14":6174,"15":6174,"16":6174,"17":6175,"18":15,"19":6160,"20":26,"21":6134,"22":40,"23":15315,"24":390,"25":15315,"26":15315,"27":234,"28":0,"29":0,"30":0,"31":234,"32":15315,"33":156,"34":15315,"35":4,"36":4,"37":15315,"38":15315,"39":0,"40":0,"41":0,"42":0,"43":0,"44":0,"45":0,"46":0,"47":0,"48":0,"49":15315,"50":15315,"51":5,"52":5,"53":2,"54":2,"55":2,"56":1,"57":5,"58":5,"59":15315,"60":15315,"61":8,"62":8,"63":9,"64":1,"65":8,"66":8,"67":8,"68":5,"69":5,"70":4,"71":4,"72":3,"73":3,"74":5,"75":2,"76":8,"77":2,"78":2,"79":2,"80":1,"81":8,"82":15315,"83":7},"f":{"0":15315,"1":68485,"2":36,"3":6174,"4":390,"5":234,"6":156,"7":4,"8":0,"9":5,"10":8},"b":{"0":[15315,905],"1":[15315,20],"2":[15315,14908],"3":[15,6160],"4":[26,6134],"5":[6160,26],"6":[15315,85],"7":[0,234],"8":[4,3,2],"9":[15315,14783],"10":[0,0],"11":[0,0],"12":[0,0],"13":[0,0],"14":[0,0],"15":[0,0],"16":[15315,15195],"17":[2,0],"18":[1,1],"19":[2,2],"20":[15315,15195],"21":[1,8],"22":[5,3],"23":[4,1],"24":[3,1],"25":[2,3],"26":[2,0],"27":[1,1],"28":[2,1,1,1]},"_coverageSchema":"332fd63041d2c1bcb487cc26dd0d5f7d97098a6c","hash":"0e5c6bce948348bac9843b9da3054fe770303d54"}
,"/Users/kushanjoshi/code/open/idly-mono/packages/idly-osm/src/presets/presets.ts": {"path":"/Users/kushanjoshi/code/open/idly-mono/packages/idly-osm/src/presets/presets.ts","statementMap":{"0":{"start":{"line":1,"column":13},"end":{"line":1,"column":42}},"1":{"start":{"line":1,"column":42},"end":{"line":1,"column":55}},"2":{"start":{"line":2,"column":0},"end":{"line":2,"column":62}},"3":{"start":{"line":3,"column":21},"end":{"line":3,"column":62}},"4":{"start":{"line":4,"column":20},"end":{"line":4,"column":61}},"5":{"start":{"line":5,"column":14},"end":{"line":5,"column":38}},"6":{"start":{"line":6,"column":10},"end":{"line":6,"column":27}},"7":{"start":{"line":7,"column":19},"end":{"line":7,"column":49}},"8":{"start":{"line":8,"column":21},"end":{"line":8,"column":53}},"9":{"start":{"line":9,"column":16},"end":{"line":9,"column":43}},"10":{"start":{"line":10,"column":17},"end":{"line":10,"column":45}},"11":{"start":{"line":11,"column":19},"end":{"line":11,"column":49}},"12":{"start":{"line":12,"column":16},"end":{"line":12,"column":43}},"13":{"start":{"line":15,"column":8},"end":{"line":15,"column":23}},"14":{"start":{"line":16,"column":8},"end":{"line":16,"column":24}},"15":{"start":{"line":17,"column":8},"end":{"line":17,"column":22}},"16":{"start":{"line":18,"column":8},"end":{"line":18,"column":22}},"17":{"start":{"line":19,"column":8},"end":{"line":19,"column":26}},"18":{"start":{"line":22,"column":8},"end":{"line":44,"column":9}},"19":{"start":{"line":23,"column":12},"end":{"line":23,"column":31}},"20":{"start":{"line":25,"column":13},"end":{"line":44,"column":9}},"21":{"start":{"line":31,"column":12},"end":{"line":31,"column":32}},"22":{"start":{"line":33,"column":13},"end":{"line":44,"column":9}},"23":{"start":{"line":34,"column":12},"end":{"line":34,"column":30}},"24":{"start":{"line":36,"column":13},"end":{"line":44,"column":9}},"25":{"start":{"line":37,"column":12},"end":{"line":37,"column":30}},"26":{"start":{"line":39,"column":13},"end":{"line":44,"column":9}},"27":{"start":{"line":40,"column":12},"end":{"line":40,"column":34}},"28":{"start":{"line":43,"column":12},"end":{"line":43,"column":55}},"29":{"start":{"line":47,"column":8},"end":{"line":64,"column":9}},"30":{"start":{"line":48,"column":12},"end":{"line":48,"column":30}},"31":{"start":{"line":50,"column":13},"end":{"line":64,"column":9}},"32":{"start":{"line":51,"column":12},"end":{"line":51,"column":31}},"33":{"start":{"line":53,"column":13},"end":{"line":64,"column":9}},"34":{"start":{"line":54,"column":12},"end":{"line":54,"column":29}},"35":{"start":{"line":56,"column":13},"end":{"line":64,"column":9}},"36":{"start":{"line":57,"column":12},"end":{"line":57,"column":29}},"37":{"start":{"line":59,"column":13},"end":{"line":64,"column":9}},"38":{"start":{"line":60,"column":12},"end":{"line":60,"column":33}},"39":{"start":{"line":63,"column":12},"end":{"line":63,"column":46}},"40":{"start":{"line":67,"column":0},"end":{"line":67,"column":22}},"41":{"start":{"line":69,"column":16},"end":{"line":69,"column":49}},"42":{"start":{"line":70,"column":19},"end":{"line":70,"column":52}},"43":{"start":{"line":71,"column":4},"end":{"line":71,"column":24}},"44":{"start":{"line":72,"column":4},"end":{"line":72,"column":27}},"45":{"start":{"line":73,"column":19},"end":{"line":73,"column":21}},"46":{"start":{"line":74,"column":22},"end":{"line":74,"column":24}},"47":{"start":{"line":75,"column":18},"end":{"line":75,"column":29}},"48":{"start":{"line":76,"column":21},"end":{"line":76,"column":35}},"49":{"start":{"line":77,"column":4},"end":{"line":83,"column":5}},"50":{"start":{"line":78,"column":8},"end":{"line":82,"column":11}},"51":{"start":{"line":79,"column":12},"end":{"line":79,"column":53}},"52":{"start":{"line":80,"column":12},"end":{"line":81,"column":43}},"53":{"start":{"line":81,"column":16},"end":{"line":81,"column":43}},"54":{"start":{"line":84,"column":4},"end":{"line":88,"column":5}},"55":{"start":{"line":85,"column":8},"end":{"line":87,"column":11}},"56":{"start":{"line":86,"column":12},"end":{"line":86,"column":71}},"57":{"start":{"line":89,"column":4},"end":{"line":93,"column":5}},"58":{"start":{"line":90,"column":8},"end":{"line":92,"column":11}},"59":{"start":{"line":91,"column":12},"end":{"line":91,"column":72}},"60":{"start":{"line":94,"column":4},"end":{"line":101,"column":5}},"61":{"start":{"line":95,"column":24},"end":{"line":95,"column":45}},"62":{"start":{"line":96,"column":8},"end":{"line":96,"column":113}},"63":{"start":{"line":97,"column":8},"end":{"line":97,"column":113}},"64":{"start":{"line":98,"column":8},"end":{"line":98,"column":115}},"65":{"start":{"line":99,"column":8},"end":{"line":99,"column":117}},"66":{"start":{"line":100,"column":8},"end":{"line":100,"column":121}},"67":{"start":{"line":102,"column":4},"end":{"line":118,"column":5}},"68":{"start":{"line":103,"column":25},"end":{"line":103,"column":40}},"69":{"start":{"line":104,"column":8},"end":{"line":105,"column":21}},"70":{"start":{"line":105,"column":12},"end":{"line":105,"column":21}},"71":{"start":{"line":106,"column":8},"end":{"line":117,"column":9}},"72":{"start":{"line":107,"column":22},"end":{"line":107,"column":35}},"73":{"start":{"line":111,"column":12},"end":{"line":116,"column":13}},"74":{"start":{"line":112,"column":16},"end":{"line":115,"column":17}},"75":{"start":{"line":113,"column":20},"end":{"line":113,"column":38}},"76":{"start":{"line":114,"column":20},"end":{"line":114,"column":38}},"77":{"start":{"line":119,"column":16},"end":{"line":121,"column":5}},"78":{"start":{"line":120,"column":8},"end":{"line":120,"column":26}},"79":{"start":{"line":122,"column":4},"end":{"line":122,"column":51}},"80":{"start":{"line":124,"column":0},"end":{"line":124,"column":34}},"81":{"start":{"line":125,"column":0},"end":{"line":125,"column":32}},"82":{"start":{"line":126,"column":0},"end":{"line":126,"column":64}},"83":{"start":{"line":127,"column":0},"end":{"line":127,"column":144}},"84":{"start":{"line":127,"column":45},"end":{"line":127,"column":143}},"85":{"start":{"line":128,"column":0},"end":{"line":128,"column":184}},"86":{"start":{"line":128,"column":62},"end":{"line":128,"column":182}},"87":{"start":{"line":129,"column":0},"end":{"line":129,"column":186}},"88":{"start":{"line":129,"column":63},"end":{"line":129,"column":184}},"89":{"start":{"line":130,"column":0},"end":{"line":130,"column":182}},"90":{"start":{"line":130,"column":61},"end":{"line":130,"column":180}},"91":{"start":{"line":131,"column":0},"end":{"line":131,"column":182}},"92":{"start":{"line":131,"column":61},"end":{"line":131,"column":180}},"93":{"start":{"line":132,"column":0},"end":{"line":132,"column":199}},"94":{"start":{"line":132,"column":69},"end":{"line":132,"column":197}},"95":{"start":{"line":133,"column":0},"end":{"line":149,"column":2}},"96":{"start":{"line":134,"column":4},"end":{"line":136,"column":5}},"97":{"start":{"line":135,"column":8},"end":{"line":135,"column":43}},"98":{"start":{"line":137,"column":4},"end":{"line":139,"column":5}},"99":{"start":{"line":138,"column":8},"end":{"line":138,"column":44}},"100":{"start":{"line":140,"column":4},"end":{"line":142,"column":5}},"101":{"start":{"line":141,"column":8},"end":{"line":141,"column":50}},"102":{"start":{"line":143,"column":4},"end":{"line":145,"column":5}},"103":{"start":{"line":144,"column":8},"end":{"line":144,"column":42}},"104":{"start":{"line":146,"column":4},"end":{"line":148,"column":5}},"105":{"start":{"line":147,"column":8},"end":{"line":147,"column":42}}},"fnMap":{"0":{"name":"(anonymous_0)","decl":{"start":{"line":14,"column":4},"end":{"line":14,"column":5}},"loc":{"start":{"line":14,"column":24},"end":{"line":20,"column":5}},"line":14},"1":{"name":"(anonymous_1)","decl":{"start":{"line":21,"column":4},"end":{"line":21,"column":5}},"loc":{"start":{"line":21,"column":18},"end":{"line":45,"column":5}},"line":21},"2":{"name":"(anonymous_2)","decl":{"start":{"line":46,"column":4},"end":{"line":46,"column":5}},"loc":{"start":{"line":46,"column":11},"end":{"line":65,"column":5}},"line":46},"3":{"name":"initPresets","decl":{"start":{"line":68,"column":9},"end":{"line":68,"column":20}},"loc":{"start":{"line":68,"column":52},"end":{"line":123,"column":1}},"line":68},"4":{"name":"(anonymous_4)","decl":{"start":{"line":78,"column":28},"end":{"line":78,"column":29}},"loc":{"start":{"line":78,"column":46},"end":{"line":82,"column":9}},"line":78},"5":{"name":"(anonymous_5)","decl":{"start":{"line":85,"column":29},"end":{"line":85,"column":30}},"loc":{"start":{"line":85,"column":47},"end":{"line":87,"column":9}},"line":85},"6":{"name":"(anonymous_6)","decl":{"start":{"line":90,"column":32},"end":{"line":90,"column":33}},"loc":{"start":{"line":90,"column":50},"end":{"line":92,"column":9}},"line":90},"7":{"name":"(anonymous_7)","decl":{"start":{"line":119,"column":16},"end":{"line":119,"column":17}},"loc":{"start":{"line":119,"column":30},"end":{"line":121,"column":5}},"line":119},"8":{"name":"(anonymous_8)","decl":{"start":{"line":127,"column":25},"end":{"line":127,"column":26}},"loc":{"start":{"line":127,"column":45},"end":{"line":127,"column":143}},"line":127},"9":{"name":"(anonymous_9)","decl":{"start":{"line":128,"column":52},"end":{"line":128,"column":53}},"loc":{"start":{"line":128,"column":62},"end":{"line":128,"column":182}},"line":128},"10":{"name":"(anonymous_10)","decl":{"start":{"line":129,"column":53},"end":{"line":129,"column":54}},"loc":{"start":{"line":129,"column":63},"end":{"line":129,"column":184}},"line":129},"11":{"name":"(anonymous_11)","decl":{"start":{"line":130,"column":51},"end":{"line":130,"column":52}},"loc":{"start":{"line":130,"column":61},"end":{"line":130,"column":180}},"line":130},"12":{"name":"(anonymous_12)","decl":{"start":{"line":131,"column":51},"end":{"line":131,"column":52}},"loc":{"start":{"line":131,"column":61},"end":{"line":131,"column":180}},"line":131},"13":{"name":"(anonymous_13)","decl":{"start":{"line":132,"column":59},"end":{"line":132,"column":60}},"loc":{"start":{"line":132,"column":69},"end":{"line":132,"column":197}},"line":132},"14":{"name":"(anonymous_14)","decl":{"start":{"line":133,"column":31},"end":{"line":133,"column":32}},"loc":{"start":{"line":133,"column":45},"end":{"line":149,"column":1}},"line":133}},"branchMap":{"0":{"loc":{"start":{"line":14,"column":16},"end":{"line":14,"column":22}},"type":"default-arg","locations":[{"start":{"line":14,"column":20},"end":{"line":14,"column":22}}],"line":14},"1":{"loc":{"start":{"line":22,"column":8},"end":{"line":44,"column":9}},"type":"if","locations":[{"start":{"line":22,"column":8},"end":{"line":44,"column":9}},{"start":{"line":22,"column":8},"end":{"line":44,"column":9}}],"line":22},"2":{"loc":{"start":{"line":25,"column":13},"end":{"line":44,"column":9}},"type":"if","locations":[{"start":{"line":25,"column":13},"end":{"line":44,"column":9}},{"start":{"line":25,"column":13},"end":{"line":44,"column":9}}],"line":25},"3":{"loc":{"start":{"line":25,"column":17},"end":{"line":25,"column":102}},"type":"binary-expr","locations":[{"start":{"line":25,"column":17},"end":{"line":25,"column":54}},{"start":{"line":25,"column":58},"end":{"line":25,"column":102}}],"line":25},"4":{"loc":{"start":{"line":33,"column":13},"end":{"line":44,"column":9}},"type":"if","locations":[{"start":{"line":33,"column":13},"end":{"line":44,"column":9}},{"start":{"line":33,"column":13},"end":{"line":44,"column":9}}],"line":33},"5":{"loc":{"start":{"line":36,"column":13},"end":{"line":44,"column":9}},"type":"if","locations":[{"start":{"line":36,"column":13},"end":{"line":44,"column":9}},{"start":{"line":36,"column":13},"end":{"line":44,"column":9}}],"line":36},"6":{"loc":{"start":{"line":39,"column":13},"end":{"line":44,"column":9}},"type":"if","locations":[{"start":{"line":39,"column":13},"end":{"line":44,"column":9}},{"start":{"line":39,"column":13},"end":{"line":44,"column":9}}],"line":39},"7":{"loc":{"start":{"line":47,"column":8},"end":{"line":64,"column":9}},"type":"if","locations":[{"start":{"line":47,"column":8},"end":{"line":64,"column":9}},{"start":{"line":47,"column":8},"end":{"line":64,"column":9}}],"line":47},"8":{"loc":{"start":{"line":50,"column":13},"end":{"line":64,"column":9}},"type":"if","locations":[{"start":{"line":50,"column":13},"end":{"line":64,"column":9}},{"start":{"line":50,"column":13},"end":{"line":64,"column":9}}],"line":50},"9":{"loc":{"start":{"line":50,"column":17},"end":{"line":50,"column":102}},"type":"binary-expr","locations":[{"start":{"line":50,"column":17},"end":{"line":50,"column":54}},{"start":{"line":50,"column":58},"end":{"line":50,"column":102}}],"line":50},"10":{"loc":{"start":{"line":53,"column":13},"end":{"line":64,"column":9}},"type":"if","locations":[{"start":{"line":53,"column":13},"end":{"line":64,"column":9}},{"start":{"line":53,"column":13},"end":{"line":64,"column":9}}],"line":53},"11":{"loc":{"start":{"line":56,"column":13},"end":{"line":64,"column":9}},"type":"if","locations":[{"start":{"line":56,"column":13},"end":{"line":64,"column":9}},{"start":{"line":56,"column":13},"end":{"line":64,"column":9}}],"line":56},"12":{"loc":{"start":{"line":59,"column":13},"end":{"line":64,"column":9}},"type":"if","locations":[{"start":{"line":59,"column":13},"end":{"line":64,"column":9}},{"start":{"line":59,"column":13},"end":{"line":64,"column":9}}],"line":59},"13":{"loc":{"start":{"line":68,"column":21},"end":{"line":68,"column":50}},"type":"default-arg","locations":[{"start":{"line":68,"column":25},"end":{"line":68,"column":50}}],"line":68},"14":{"loc":{"start":{"line":77,"column":4},"end":{"line":83,"column":5}},"type":"if","locations":[{"start":{"line":77,"column":4},"end":{"line":83,"column":5}},{"start":{"line":77,"column":4},"end":{"line":83,"column":5}}],"line":77},"15":{"loc":{"start":{"line":80,"column":12},"end":{"line":81,"column":43}},"type":"if","locations":[{"start":{"line":80,"column":12},"end":{"line":81,"column":43}},{"start":{"line":80,"column":12},"end":{"line":81,"column":43}}],"line":80},"16":{"loc":{"start":{"line":84,"column":4},"end":{"line":88,"column":5}},"type":"if","locations":[{"start":{"line":84,"column":4},"end":{"line":88,"column":5}},{"start":{"line":84,"column":4},"end":{"line":88,"column":5}}],"line":84},"17":{"loc":{"start":{"line":89,"column":4},"end":{"line":93,"column":5}},"type":"if","locations":[{"start":{"line":89,"column":4},"end":{"line":93,"column":5}},{"start":{"line":89,"column":4},"end":{"line":93,"column":5}}],"line":89},"18":{"loc":{"start":{"line":94,"column":4},"end":{"line":101,"column":5}},"type":"if","locations":[{"start":{"line":94,"column":4},"
[...]
,{"start":{"line":134,"column":4},"end":{"line":136,"column":5}}],"line":134},"23":{"loc":{"start":{"line":137,"column":4},"end":{"line":139,"column":5}},"type":"if","locations":[{"start":{"line":137,"column":4},"end":{"line":139,"column":5}},{"start":{"line":137,"column":4},"end":{"line":139,"column":5}}],"line":137},"24":{"loc":{"start":{"line":140,"column":4},"end":{"line":142,"column":5}},"type":"if","locations":[{"start":{"line":140,"column":4},"end":{"line":142,"column":5}},{"start":{"line":140,"column":4},"end":{"line":142,"column":5}}],"line":140},"25":{"loc":{"start":{"line":143,"column":4},"end":{"line":145,"column":5}},"type":"if","locations":[{"start":{"line":143,"column":4},"end":{"line":145,"column":5}},{"start":{"line":143,"column":4},"end":{"line":145,"column":5}}],"line":143},"26":{"loc":{"start":{"line":146,"column":4},"end":{"line":148,"column":5}},"type":"if","locations":[{"start":{"line":146,"column":4},"end":{"line":148,"column":5}},{"start":{"line":146,"column":4},"end":{"line":148,"column":5}}],"line":146}},"s":{"0":5,"1":5,"2":5,"3":5,"4":5,"5":5,"6":5,"7":5,"8":5,"9":5,"10":5,"11":5,"12":5,"13":32,"14":32,"15":32,"16":32,"17":32,"18":35,"19":7,"20":28,"21":7,"22":21,"23":7,"24":14,"25":7,"26":7,"27":7,"28":0,"29":29619,"30":13575,"31":16044,"32":1154,"33":14890,"34":850,"35":14040,"36":13850,"37":190,"38":190,"39":0,"40":5,"41":16,"42":16,"43":16,"44":16,"45":16,"46":16,"47":16,"48":16,"49":16,"50":7,"51":1645,"52":1645,"53":98,"54":16,"55":16,"56":15277,"57":16,"58":7,"59":98,"60":16,"61":7,"62":7,"63":7,"64":7,"65":7,"66":7,"67":16,"68":15375,"69":15375,"70":98,"71":15277,"72":29601,"73":29601,"74":51288,"75":51288,"76":51288,"77":16,"78":0,"79":16,"80":5,"81":5,"82":5,"83":5,"84":0,"85":5,"86":4,"87":5,"88":3,"89":5,"90":4,"91":5,"92":0,"93":5,"94":1,"95":5,"96":12,"97":4,"98":8,"99":3,"100":5,"101":1,"102":4,"103":4,"104":0,"105":0},"f":{"0":32,"1":35,"2":29619,"3":16,"4":1645,"5":15277,"6":98,"7":0,"8":0,"9":4,"10":3,"11":4,"12":0,"13":1,"14":12},"b":{"0":[16],"1":[7,28],"2":[7,21],"3":[28,21],"4":[7,14],"5":[7,7],"6":[7,0],"7":[13575,16044],"8":[1154,14890],"9":[16044,14891],"10":[850,14040],"11":[13850,190],"12":[190,0],"13":[7],"14":[7,9],"15":[98,1547],"16":[16,0],"17":[7,9],"18":[7,9],"19":[98,15277],"20":[51288,0],"21":[51288,473],"22":[4,8],"23":[3,5],"24":[1,4],"25":[4,0],"26":[0,0]},"_coverageSchema":"332fd63041d2c1bcb487cc26dd0d5f7d97098a6c","hash":"c96a610ca2e5165e896ae4568b1af54a050bec09"}
,"/Users/kushanjoshi/code/open/idly-mono/packages/idly-osm/src/presets/t.ts": {"path":"/Users/kushanjoshi/code/open/idly-mono/packages/idly-osm/src/presets/t.ts","statementMap":{"0":{"start":{"line":1,"column":13},"end":{"line":1,"column":42}},"1":{"start":{"line":1,"column":42},"end":{"line":1,"column":55}},"2":{"start":{"line":2,"column":0},"end":{"line":2,"column":62}},"3":{"start":{"line":6,"column":21},"end":{"line":6,"column":40}},"4":{"start":{"line":7,"column":0},"end":{"line":7,"column":29}},"5":{"start":{"line":8,"column":0},"end":{"line":8,"column":30}},"6":{"start":{"line":10,"column":4},"end":{"line":15,"column":5}},"7":{"start":{"line":11,"column":8},"end":{"line":11,"column":34}},"8":{"start":{"line":13,"column":9},"end":{"line":15,"column":5}},"9":{"start":{"line":14,"column":8},"end":{"line":14,"column":48}},"10":{"start":{"line":17,"column":0},"end":{"line":17,"column":30}},"11":{"start":{"line":29,"column":4},"end":{"line":29,"column":39}},"12":{"start":{"line":30,"column":17},"end":{"line":35,"column":18}},"13":{"start":{"line":33,"column":8},"end":{"line":33,"column":43}},"14":{"start":{"line":36,"column":14},"end":{"line":36,"column":31}},"15":{"start":{"line":37,"column":4},"end":{"line":38,"column":30}},"16":{"start":{"line":38,"column":8},"end":{"line":38,"column":30}},"17":{"start":{"line":39,"column":4},"end":{"line":44,"column":5}},"18":{"start":{"line":40,"column":8},"end":{"line":42,"column":55}},"19":{"start":{"line":41,"column":12},"end":{"line":42,"column":55}},"20":{"start":{"line":42,"column":16},"end":{"line":42,"column":55}},"21":{"start":{"line":43,"column":8},"end":{"line":43,"column":19}},"22":{"start":{"line":45,"column":4},"end":{"line":47,"column":5}},"23":{"start":{"line":46,"column":8},"end":{"line":46,"column":29}},"24":{"start":{"line":48,"column":4},"end":{"line":50,"column":5}},"25":{"start":{"line":49,"column":8},"end":{"line":49,"column":25}},"26":{"start":{"line":51,"column":20},"end":{"line":51,"column":59}},"27":{"start":{"line":52,"column":4},"end":{"line":53,"column":31}},"28":{"start":{"line":53,"column":8},"end":{"line":53,"column":31}},"29":{"start":{"line":54,"column":4},"end":{"line":54,"column":19}},"30":{"start":{"line":56,"column":0},"end":{"line":56,"column":14}},"31":{"start":{"line":63,"column":4},"end":{"line":63,"column":32}},"32":{"start":{"line":65,"column":0},"end":{"line":65,"column":44}}},"fnMap":{"0":{"name":"setLocale","decl":{"start":{"line":9,"column":9},"end":{"line":9,"column":18}},"loc":{"start":{"line":9,"column":22},"end":{"line":16,"column":1}},"line":9},"1":{"name":"t","decl":{"start":{"line":28,"column":9},"end":{"line":28,"column":10}},"loc":{"start":{"line":28,"column":22},"end":{"line":55,"column":1}},"line":28},"2":{"name":"(anonymous_2)","decl":{"start":{"line":32,"column":13},"end":{"line":32,"column":14}},"loc":{"start":{"line":32,"column":27},"end":{"line":34,"column":5}},"line":32},"3":{"name":"setTextDirection","decl":{"start":{"line":62,"column":9},"end":{"line":62,"column":25}},"loc":{"start":{"line":62,"column":31},"end":{"line":64,"column":1}},"line":62}},"branchMap":{"0":{"loc":{"start":{"line":10,"column":4},"end":{"line":15,"column":5}},"type":"if","locations":[{"start":{"line":10,"column":4},"end":{"line":15,"column":5}},{"start":{"line":10,"column":4},"end":{"line":15,"column":5}}],"line":10},"1":{"loc":{"start":{"line":13,"column":9},"end":{"line":15,"column":5}},"type":"if","locations":[{"start":{"line":13,"column":9},"end":{"line":15,"column":5}},{"start":{"line":13,"column":9},"end":{"line":15,"column":5}}],"line":13},"2":{"loc":{"start":{"line":29,"column":10},"end":{"line":29,"column":38}},"type":"binary-expr","locations":[{"start":{"line":29,"column":10},"end":{"line":29,"column":13}},{"start":{"line":29,"column":17},"end":{"line":29,"column":38}}],"line":29},"3":{"loc":{"start":{"line":37,"column":11},"end":{"line":37,"column":43}},"type":"binary-expr","locations":[{"start":{"line":37,"column":11},"end":{"line":37,"column":28}},{"start":{"line":37,"column":32},"end":{"line":37,"column":43}}],"line":37},"4":{"loc":{"start":{"line":39,"column":4},"end":{"line":44,"column":5}},"type":"if","locations":[{"start":{"line":39,"column":4},"end":{"line":44,"column":5}},{"start":{"line":39,"column":4},"end":{"line":44,"column":5}}],"line":39},"5":{"loc":{"start":{"line":40,"column":8},"end":{"line":42,"column":55}},"type":"if","locations":[{"start":{"line":40,"column":8},"end":{"line":42,"column":55}},{"start":{"line":40,"column":8},"end":{"line":42,"column":55}}],"line":40},"6":{"loc":{"start":{"line":45,"column":4},"end":{"line":47,"column":5}},"type":"if","locations":[{"start":{"line":45,"column":4},"end":{"line":47,"column":5}},{"start":{"line":45,"column":4},"end":{"line":47,"column":5}}],"line":45},"7":{"loc":{"start":{"line":48,"column":4},"end":{"line":50,"column":5}},"type":"if","locations":[{"start":{"line":48,"column":4},"end":{"line":50,"column":5}},{"start":{"line":48,"column":4},"end":{"line":50,"column":5}}],"line":48},"8":{"loc":{"start":{"line":48,"column":8},"end":{"line":48,"column":27}},"type":"binary-expr","locations":[{"start":{"line":48,"column":8},"end":{"line":48,"column":9}},{"start":{"line":48,"column":13},"end":{"line":48,"column":27}}],"line":48},"9":{"loc":{"start":{"line":52,"column":4},"end":{"line":53,"column":31}},"type":"if","locations":[{"start":{"line":52,"column":4},"end":{"line":53,"column":31}},{"start":{"line":52,"column":4},"end":{"line":53,"column":31}}],"line":52}},"s":{"0":7,"1":7,"2":7,"3":7,"4":7,"5":7,"6":0,"7":0,"8":0,"9":0,"10":7,"11":390,"12":390,"13":1560,"14":390,"15":390,"16":0,"17":390,"18":0,"19":0,"20":0,"21":0,"22":390,"23":0,"24":390,"25":390,"26":0,"27":0,"28":0,"29":0,"30":7,"31":0,"32":7},"f":{"0":0,"1":390,"2":1560,"3":0},"b":{"0":[0,0],"1":[0,0],"2":[390,390],"3":[390,0],"4":[0,390],"5":[0,0],"6":[0,390],"7":[390,0],"8":[390,390],"9":[0,0]},"_coverageSchema":"332fd63041d2c1bcb487cc26dd0d5f7d97098a6c","hash":"378e0c906135a69fe3c11d630b9b103411f41d78"}
,"/Users/kushanjoshi/code/open/idly-mono/packages/idly-osm/src/tagClasses/tagClasses.ts": {"path":"/Users/kushanjoshi/code/open/idly-mono/packages/idly-osm/src/tagClasses/tagClasses.ts","statementMap":{"0":{"start":{"line":1,"column":13},"end":{"line":1,"column":42}},"1":{"start":{"line":1,"column":42},"end":{"line":1,"column":55}},"2":{"start":{"line":2,"column":0},"end":{"line":2,"column":62}},"3":{"start":{"line":3,"column":14},"end":{"line":3,"column":38}},"4":{"start":{"line":4,"column":18},"end":{"line":19,"column":1}},"5":{"start":{"line":20,"column":17},"end":{"line":29,"column":1}},"6":{"start":{"line":30,"column":20},"end":{"line":42,"column":1}},"7":{"start":{"line":43,"column":0},"end":{"line":68,"column":2}},"8":{"start":{"line":44,"column":18},"end":{"line":44,"column":20}},"9":{"start":{"line":51,"column":4},"end":{"line":66,"column":5}},"10":{"start":{"line":52,"column":8},"end":{"line":52,"column":27}},"11":{"start":{"line":53,"column":8},"end":{"line":53,"column":27}},"12":{"start":{"line":54,"column":8},"end":{"line":55,"column":21}},"13":{"start":{"line":55,"column":12},"end":{"line":55,"column":21}},"14":{"start":{"line":56,"column":8},"end":{"line":56,"column":22}},"15":{"start":{"line":57,"column":8},"end":{"line":64,"column":9}},"16":{"start":{"line":59,"column":12},"end":{"line":59,"column":27}},"17":{"start":{"line":60,"column":12},"end":{"line":60,"column":37}},"18":{"start":{"line":63,"column":12},"end":{"line":63,"column":67}},"19":{"start":{"line":65,"column":8},"end":{"line":65,"column":14}},"20":{"start":{"line":67,"column":4},"end":{"line":67,"column":37}},"21":{"start":{"line":70,"column":18},"end":{"line":70,"column":20}},"22":{"start":{"line":77,"column":4},"end":{"line":92,"column":5}},"23":{"start":{"line":78,"column":8},"end":{"line":78,"column":27}},"24":{"start":{"line":79,"column":8},"end":{"line":79,"column":27}},"25":{"start":{"line":80,"column":8},"end":{"line":81,"column":21}},"26":{"start":{"line":81,"column":12},"end":{"line":81,"column":21}},"27":{"start":{"line":82,"column":8},"end":{"line":82,"column":22}},"28":{"start":{"line":83,"column":8},"end":{"line":90,"column":9}},"29":{"start":{"line":85,"column":12},"end":{"line":85,"column":27}},"30":{"start":{"line":86,"column":12},"end":{"line":86,"column":37}},"31":{"start":{"line":89,"column":12},"end":{"line":89,"column":67}},"32":{"start":{"line":91,"column":8},"end":{"line":91,"column":14}},"33":{"start":{"line":94,"column":4},"end":{"line":117,"column":5}},"34":{"start":{"line":95,"column":8},"end":{"line":116,"column":9}},"35":{"start":{"line":96,"column":12},"end":{"line":96,"column":30}},"36":{"start":{"line":97,"column":12},"end":{"line":97,"column":31}},"37":{"start":{"line":98,"column":12},"end":{"line":99,"column":25}},"38":{"start":{"line":99,"column":16},"end":{"line":99,"column":25}},"39":{"start":{"line":100,"column":12},"end":{"line":113,"column":13}},"40":{"start":{"line":102,"column":16},"end":{"line":102,"column":29}},"41":{"start":{"line":104,"column":17},"end":{"line":113,"column":13}},"42":{"start":{"line":106,"column":16},"end":{"line":106,"column":29}},"43":{"start":{"line":108,"column":17},"end":{"line":113,"column":13}},"44":{"start":{"line":110,"column":16},"end":{"line":110,"column":29}},"45":{"start":{"line":111,"column":16},"end":{"line":111,"column":32}},"46":{"start":{"line":112,"column":16},"end":{"line":112,"column":43}},"47":{"start":{"line":114,"column":12},"end":{"line":115,"column":22}},"48":{"start":{"line":115,"column":16},"end":{"line":115,"column":22}},"49":{"start":{"line":118,"column":4},"end":{"line":120,"column":5}},"50":{"start":{"line":119,"column":8},"end":{"line":119,"column":54}},"51":{"start":{"line":122,"column":4},"end":{"line":128,"column":5}},"52":{"start":{"line":123,"column":8},"end":{"line":123,"column":29}},"53":{"start":{"line":124,"column":8},"end":{"line":124,"column":27}},"54":{"start":{"line":125,"column":8},"end":{"line":126,"column":21}},"55":{"start":{"line":126,"column":12},"end":{"line":126,"column":21}},"56":{"start":{"line":127,"column":8},"end":{"line":127,"column":63}},"57":{"start":{"line":130,"column":4},"end":{"line":141,"column":5}},"58":{"start":{"line":131,"column":20},"end":{"line":131,"column":48}},"59":{"start":{"line":132,"column":8},"end":{"line":137,"column":11}},"60":{"start":{"line":133,"column":12},"end":{"line":136,"column":13}},"61":{"start":{"line":134,"column":16},"end":{"line":134,"column":51}},"62":{"start":{"line":135,"column":16},"end":{"line":135,"column":29}},"63":{"start":{"line":138,"column":8},"end":{"line":140,"column":9}},"64":{"start":{"line":139,"column":12},"end":{"line":139,"column":38}},"65":{"start":{"line":142,"column":4},"end":{"line":142,"column":29}},"66":{"start":{"line":143,"column":4},"end":{"line":143,"column":19}},"67":{"start":{"line":145,"column":0},"end":{"line":145,"column":32}}},"fnMap":{"0":{"name":"(anonymous_0)","decl":{"start":{"line":43,"column":28},"end":{"line":43,"column":29}},"loc":{"start":{"line":43,"column":35},"end":{"line":68,"column":1}},"line":43},"1":{"name":"tagClasses","decl":{"start":{"line":69,"column":9},"end":{"line":69,"column":19}},"loc":{"start":{"line":69,"column":23},"end":{"line":144,"column":1}},"line":69},"2":{"name":"(anonymous_2)","decl":{"start":{"line":132,"column":18},"end":{"line":132,"column":19}},"loc":{"start":{"line":132,"column":28},"end":{"line":137,"column":9}},"line":132}},"branchMap":{"0":{"loc":{"start":{"line":54,"column":8},"end":{"line":55,"column":21}},"type":"if","locations":[{"start":{"line":54,"column":8},"end":{"line":55,"column":21}},{"start":{"line":54,"column":8},"end":{"line":55,"column":21}}],"line":54},"1":{"loc":{"start":{"line":54,"column":12},"end":{"line":54,"column":36}},"type":"binary-expr","locations":[{"start":{"line":54,"column":12},"end":{"line":54,"column":18}},{"start":{"line":54,"column":22},"end":{"line":54,"column":36}}],"line":54},"2":{"loc":{"start":{"line":57,"column":8},"end":{"line":64,"column":9}},"type":"if","locations":[{"start":{"line":57,"column":8},"end":{"line":64,"column":9}},{"start":{"line":57,"column":8},"end":{"line":64,"column":9}}],"line":57},"3":{"loc":{"start":{"line":80,"column":8},"end":{"line":81,"column":21}},"type":"if","locations":[{"start":{"line":80,"column":8},"end":{"line":81,"column":21}},{"start":{"line":80,"column":8},"end":{"line":81,"column":21}}],"line":80},"4":{"loc":{"start":{"line":80,"column":12},"end":{"line":80,"column":36}},"type":"binary-expr","locations":[{"start":{"line":80,"column":12},"end":{"line":80,"column":18}},{"start":{"line":80,"column":22},"end":{"line":80,"column":36}}],"line":80},"5":{"loc":{"start":{"line":83,"column":8},"end":{"line":90,"column":9}},"type":"if","locations":[{"start":{"line":83,"column":8},"end":{"line":90,"column":9}},{"start":{"line":83,"column":8},"end":{"line":90,"column":9}}],"line":83},"6":{"loc":{"start":{"line":94,"column":4},"end":{"line":117,"column":5}},"type":"if","locations":[{"start":{"line":94,"column":4},"end":{"line":117,"column":5}},{"start":{"line":94,"column":4},"end":{"line":117,"column":5}}],"line":94},"7":{"loc":{"start":{"line":98,"column":12},"end":{"line":99,"column":25}},"type":"if","locations":[{"start":{"line":98,"column":12},"end":{"line":99,"column":25}},{"start":{"line":98,"column":12},"end":{"line":99,"column":25}}],"line":98},"8":{"loc":{"start":{"line":98,"column":16},"end":{"line":98,"column":40}},"type":"binary-expr","locations":[{"start":{"line":98,"column":16},"end":{"line":98,"column":22}},{"start":{"line":98,"column":26},"end":{"line":98,"column":40}}],"line":98},"9":{"loc":{"start":{"line":100,"column":12},"end":{"line":113,"column":13}},"type":"if","locations":[{"start":{"line":100,"column":12},"end":{"line":113,"column":13}},{"start":{"line":100,"column":12},"end":{"line":113,"column":13}}],"line":100},"10":{"loc":{"start":{"line":104,"column":17},"end":{"line":113,"column":13}},"type":"if","locations":[{"start":{"line":104,"column":17},"end":{"line":113,"column":13}},{"start":{"line":104,"column":17},"end":{"line":113,"column":13}}],"line":104},"11":{"loc":{"start":{"line":104,"column":21},"end":{"line":104,"column":49}},"type":"binary-expr","locations":[{"start":{"line":104,"column":21},"end":{"line":104,"column":28}},{"start":{"line":104,"column":32},"end":{"line":104,"column":49}}],"line":104},"12":{"loc":{"start":{"line":108,"column":17},"end":{"line":113,"column":13}},"type":"if","locations":[{"start":{"line":108,"column":17},"end":{"line":113,"column":13}},{"start":{"line":108,"column":17},"end":{"line":113,"column":13}}],"line":108},"13":{"loc":{"start":{"line":108,"column":21},"end":{"line":108,"column":64}},"type":"binary-expr","locations":[{"start":{"line":108,"column":21},"end":{"line":108,"column":29}},{"start":{"line":108,"column":33},"end":{"line":108,"column":64}}],"line":108},"14":{"loc":{"start":{"line":114,"column":12},"end":{"line":115,"column":22}},"type":"if","locations":[{"start":{"line":114,"column":12},"end":{"line":115,"column":22}},{"start":{"line":114,"column":12},"end":{"line":115,"column":22}}],"line":114},"15":{"loc":{"start":{"line":118,"column":4},"end":{"line":120,"column":5}},"type":"if","locations":[{"start":{"line":118,"column":4},"end":{"line":120,"column":5}},{"start":{"line":118,"column":4},"end":{"line":120,"column":5}}],"line":118},"16":{"loc":{"start":{"line":125,"column":8},"end":{"line":126,"column":21}},"type":"if","locations":[{"start":{"line":125,"column":8},"end":{"line":126,"column":21}},{"start":{"line":125,"column":8},"end":{"line":126,"column":21}}],"line":125},"17":{"loc":{"start":{"line":125,"column":12},"end":{"line":125,"column":36}},"type":"binary-expr","locations":[{"start":{"line":125,"column":12},"end":{"line":125,"column":18}},{"start":{"line":125,"column":22},"end":{"line":125,"column":36}}],"line":125},"18":{"loc":{"start":{"line":130,"column":4},"end":{"line":141,"column":5}},"type":"if","locations":[{"start":{"line":130,"column":4},"end":{"line":141,"column":5}},{"start":{"line":130,"column":4},"end":{"line":141,"column":5}}],"line":130},"19":{"loc":{"start":{"line":133,"column":12},"end":{"line":136,"column":13}},"type":"if","locations":[{"start":{"line":133,"column":12},"end":{"line":136,"column":13}},{"start":{"line":133,"column":12},"end":{"line":136,"column":13}}],"line":133},"20":{"loc":{"start":{"line":138,"column":8},"end":{"line":140,"column":9}},"type":"if","locations":[{"start":{"line":138,"column":8},"end":{"line":140,"column":9}},{"start":{"line":138,"column":8},"end":{"line":140,"column":9}}],"line":138}},"s":{"0":3,"1":3,"2":3,"3":3,"4":3,"5":3,"6":3,"7":3,"8":4,"9":4,"10":8,"11":8,"12":8,"13":4,"14":4,"15":4,"16":0,"17":0,"18":4,"19":4,"20":4,"21":25,"22":25,"23":97,"24":97,"25":97,"26":75,"27":22,"28":22,"29":2,"30":2,"31":20,"32":22,"33":25,"34":23,"35":172,"36":172,"37":172,"38":168,"39":4,"40":1,"41":3,"42":1,"43":2,"44":1,"45":1,"46":1,"47":4,"48":3,"49":25,"50":5,"51":25,"52":275,"53":275,"54":275,"55":264,"56":11,"57":25,"58":17,"59":17,"60":29,"61":8,"62":8,"63":17,"64":5,"65":25,"66":25,"67":3},"f":{"0":4,"1":25,"2":29},"b":{"0":[4,4],"1":[8,4],"2":[0,4],"3":[75,22],"4":[97,22],"5":[2,20],"6":[23,2],"7":[168,4],"8":[172,4],"9":[1,3],"10":[1,2],"11":[3,2],"12":[1,1],"13":[2,1],"14":[3,1],"15":[5,20],"16":[264,11],"17":[275,12],"18":[17,8],"19":[8,21],"20":[5,12]},"_coverageSchema":"332fd63041d2c1bcb487cc26dd0d5f7d97098a6c","hash":"544d98e4032e7cf10b0d4b75b086bbef02502c9d"}
}
