TN:
SF:/Users/kushanjoshi/code/open/idly-mono/packages/idly-osm/src/worker.ts
FN:7,nameSpaceKeys
FN:9,(anonymous_1)
FN:19,onParseEntities
FNF:3
FNH:3
FNDA:6,nameSpaceKeys
FNDA:22,(anonymous_1)
FNDA:1,onParseEntities
DA:1,1
DA:2,1
DA:3,1
DA:4,1
DA:5,1
DA:6,1
DA:8,6
DA:9,6
DA:10,22
DA:12,6
DA:20,1
DA:21,1
DA:22,6
DA:23,4
DA:24,4
DA:26,6
DA:27,2
DA:30,1
DA:32,1
LF:19
LH:19
BRDA:22,0,0,4
BRDA:22,0,1,2
BRDA:26,1,0,2
BRDA:26,1,1,4
BRF:4
BRH:4
end_of_record
TN:
SF:/Users/kushanjoshi/code/open/idly-mono/packages/idly-osm/src/config/config.ts
FNF:0
FNH:0
DA:1,1
DA:2,1
DA:3,1
LF:3
LH:3
BRF:0
BRH:0
end_of_record
TN:
SF:/Users/kushanjoshi/code/open/idly-mono/packages/idly-osm/src/helpers/dummyParentWaysGen.ts
FN:3,dummyParentWaysGen
FN:5,(anonymous_1)
FNF:2
FNH:2
FNDA:2,dummyParentWaysGen
FNDA:8,(anonymous_1)
DA:1,2
DA:2,2
DA:4,2
DA:5,8
DA:6,2
DA:8,2
LF:6
LH:6
BRF:0
BRH:0
end_of_record
TN:
SF:/Users/kushanjoshi/code/open/idly-mono/packages/idly-osm/src/helpers/editDistance.ts
FN:4,utilEditDistance
FNF:1
FNH:1
FNDA:156,utilEditDistance
DA:1,7
DA:2,7
DA:3,7
DA:5,156
DA:6,156
DA:7,156
DA:8,0
DA:9,156
DA:10,78
DA:11,78
DA:12,78
DA:13,650
DA:15,78
DA:16,361
DA:18,78
DA:19,572
DA:20,2065
DA:21,143
DA:24,1922
DA:30,78
DA:32,7
LF:21
LH:20
BRDA:7,0,0,0
BRDA:7,0,1,156
BRDA:9,1,0,78
BRDA:9,1,1,78
BRDA:20,2,0,143
BRDA:20,2,1,1922
BRF:6
BRH:5
end_of_record
TN:
SF:/Users/kushanjoshi/code/open/idly-mono/packages/idly-osm/src/helpers/findInAreaKeys.ts
FN:4,(anonymous_0)
FN:6,(anonymous_1)
FNF:2
FNH:0
FNDA:0,(anonymous_0)
FNDA:0,(anonymous_1)
DA:1,3
DA:2,3
DA:3,3
DA:4,3
DA:5,0
DA:6,0
DA:7,0
DA:8,0
DA:9,0
DA:12,0
LF:10
LH:4
BRDA:7,0,0,0
BRDA:7,0,1,0
BRDA:7,1,0,0
BRDA:7,1,1,0
BRF:4
BRH:0
end_of_record
TN:
SF:/Users/kushanjoshi/code/open/idly-mono/packages/idly-osm/src/helpers/getNodeGeometry.ts
FN:4,getNodeGeometry
FNF:1
FNH:1
FNDA:10,getNodeGeometry
DA:1,4
DA:2,4
DA:3,4
DA:5,10
DA:6,6
DA:9,4
DA:11,4
LF:7
LH:7
BRDA:5,0,0,6
BRDA:5,0,1,4
BRDA:6,1,0,2
BRDA:6,1,1,4
BRF:4
BRH:4
end_of_record
TN:
SF:/Users/kushanjoshi/code/open/idly-mono/packages/idly-osm/src/helpers/getRelationGeometry.ts
FN:5,getRelationGeometry
FNF:1
FNH:1
FNDA:1,getRelationGeometry
DA:1,1
DA:2,1
DA:3,1
DA:6,1
DA:8,1
LF:5
LH:5
BRF:0
BRH:0
end_of_record
TN:
SF:/Users/kushanjoshi/code/open/idly-mono/packages/idly-osm/src/helpers/getWayGeometry.ts
FN:5,(anonymous_0)
FNF:1
FNH:1
FNDA:5,(anonymous_0)
DA:1,1
DA:2,1
DA:3,1
DA:4,1
DA:5,5
LF:5
LH:5
BRDA:5,0,0,3
BRDA:5,0,1,2
BRF:2
BRH:2
end_of_record
TN:
SF:/Users/kushanjoshi/code/open/idly-mono/packages/idly-osm/src/helpers/isAddressOnLine.ts
FN:4,isOnAddressLine
FNF:1
FNH:1
FNDA:3,isOnAddressLine
DA:1,5
DA:2,5
DA:5,3
DA:17,5
LF:4
LH:4
BRF:0
BRH:0
end_of_record
TN:
SF:/Users/kushanjoshi/code/open/idly-mono/packages/idly-osm/src/helpers/isArea.ts
FN:6,(anonymous_0)
FNF:1
FNH:1
FNDA:8,(anonymous_0)
DA:1,3
DA:2,3
DA:3,3
DA:4,3
DA:5,3
DA:6,3
DA:7,8
DA:8,2
DA:9,6
DA:10,6
DA:11,0
LF:11
LH:10
BRDA:7,0,0,2
BRDA:7,0,1,6
BRDA:9,1,0,6
BRDA:9,1,1,0
BRDA:9,2,0,6
BRDA:9,2,1,0
BRF:6
BRH:4
end_of_record
TN:
SF:/Users/kushanjoshi/code/open/idly-mono/packages/idly-osm/src/helpers/isClosed.ts
FN:3,isClosed
FNF:1
FNH:1
FNDA:6,isClosed
DA:1,3
DA:2,3
DA:4,6
DA:7,3
LF:4
LH:4
BRDA:4,0,0,6
BRDA:4,0,1,2
BRF:2
BRH:2
end_of_record
TN:
SF:/Users/kushanjoshi/code/open/idly-mono/packages/idly-osm/src/parsers/node.ts
FN:6,nodePropertiesGen
FN:10,(anonymous_1)
FNF:2
FNH:2
FNDA:5,nodePropertiesGen
FNDA:8,(anonymous_1)
DA:1,2
DA:2,2
DA:3,2
DA:4,2
DA:5,2
DA:7,5
DA:9,2
DA:10,2
DA:11,8
DA:12,8
LF:10
LH:10
BRDA:13,0,0,8
BRDA:13,0,1,7
BRDA:13,0,2,8
BRF:3
BRH:3
end_of_record
TN:
SF:/Users/kushanjoshi/code/open/idly-mono/packages/idly-osm/src/parsers/way.ts
FN:9,wayPropertiesGen
FNF:1
FNH:1
FNDA:4,wayPropertiesGen
DA:1,2
DA:2,2
DA:3,2
DA:4,2
DA:5,2
DA:6,2
DA:7,2
DA:8,2
DA:10,4
DA:11,4
DA:12,4
DA:13,4
DA:21,2
LF:13
LH:13
BRDA:10,0,0,0
BRDA:10,0,1,4
BRDA:14,1,0,4
BRDA:14,1,1,3
BRDA:15,2,0,4
BRDA:15,2,1,4
BRF:6
BRH:5
end_of_record
TN:
SF:/Users/kushanjoshi/code/open/idly-mono/packages/idly-osm/src/presets/areaKeys.ts
FN:5,initAreaKeys
FN:14,(anonymous_1)
FN:28,(anonymous_2)
FNF:3
FNH:3
FNDA:18,initAreaKeys
FNDA:5336,(anonymous_1)
FNDA:5336,(anonymous_2)
DA:1,5
DA:2,5
DA:3,5
DA:4,5
DA:6,18
DA:7,18
DA:9,18
DA:14,18
DA:16,5336
DA:17,5207
DA:18,5336
DA:19,129
DA:20,5207
DA:21,781
DA:22,4426
DA:24,3671
DA:28,18
DA:30,5336
DA:31,5207
DA:32,5336
DA:33,129
DA:34,5207
DA:35,781
DA:36,4426
DA:37,4426
DA:41,272
DA:44,18
DA:46,5
LF:28
LH:28
BRDA:18,0,0,129
BRDA:18,0,1,5207
BRDA:20,1,0,781
BRDA:20,1,1,4426
BRDA:22,2,0,3671
BRDA:22,2,1,755
BRDA:24,3,0,3671
BRDA:24,3,1,203
BRDA:32,4,0,129
BRDA:32,4,1,5207
BRDA:34,5,0,781
BRDA:34,5,1,4426
BRDA:37,6,0,272
BRDA:37,6,1,4154
BRDA:37,7,0,4426
BRDA:37,7,1,4202
BRDA:37,7,2,307
BRF:17
BRH:17
end_of_record
TN:
SF:/Users/kushanjoshi/code/open/idly-mono/packages/idly-osm/src/presets/category.ts
FN:6,presetCategory
FN:9,(anonymous_1)
FN:12,(anonymous_2)
FN:15,(anonymous_3)
FN:18,(anonymous_4)
FN:21,(anonymous_5)
FNF:6
FNH:3
FNDA:100,presetCategory
FNDA:744,(anonymous_1)
FNDA:2,(anonymous_2)
FNDA:0,(anonymous_3)
FNDA:0,(anonymous_4)
FNDA:0,(anonymous_5)
DA:1,6
DA:2,6
DA:3,6
DA:4,6
DA:5,6
DA:7,100
DA:8,100
DA:9,100
DA:10,744
DA:12,100
DA:13,2
DA:15,100
DA:16,0
DA:18,100
DA:19,0
DA:21,100
DA:22,0
DA:24,100
DA:26,6
LF:19
LH:16
BRF:0
BRH:0
end_of_record
TN:
SF:/Users/kushanjoshi/code/open/idly-mono/packages/idly-osm/src/presets/collection.ts
FN:5,presetCollection
FN:11,(anonymous_1)
FN:16,(anonymous_2)
FN:23,leading
FN:27,suggestionName
FN:35,(anonymous_5)
FN:38,(anonymous_6)
FN:42,(anonymous_7)
FN:44,(anonymous_8)
FN:57,(anonymous_9)
FN:61,(anonymous_10)
FN:66,(anonymous_11)
FN:72,(anonymous_12)
FN:75,(anonymous_13)
FN:78,(anonymous_14)
FN:82,(anonymous_15)
FN:83,(anonymous_16)
FN:88,(anonymous_17)
FN:90,(anonymous_18)
FN:100,(anonymous_19)
FN:106,(anonymous_20)
FN:111,(anonymous_21)
FN:114,(anonymous_22)
FNF:23
FNH:15
FNDA:183,presetCollection
FNDA:605298,(anonymous_1)
FNDA:34,(anonymous_2)
FNDA:226,leading
FNDA:0,suggestionName
FNDA:79,(anonymous_5)
FNDA:79,(anonymous_6)
FNDA:78,(anonymous_7)
FNDA:0,(anonymous_8)
FNDA:78,(anonymous_9)
FNDA:78,(anonymous_10)
FNDA:78,(anonymous_11)
FNDA:78,(anonymous_12)
FNDA:45,(anonymous_13)
FNDA:32,(anonymous_14)
FNDA:78,(anonymous_15)
FNDA:78,(anonymous_16)
FNDA:0,(anonymous_17)
FNDA:0,(anonymous_18)
FNDA:0,(anonymous_19)
FNDA:0,(anonymous_20)
FNDA:0,(anonymous_21)
FNDA:0,(anonymous_22)
DA:1,7
DA:2,7
DA:3,7
DA:4,7
DA:6,183
DA:7,183
DA:8,183
DA:11,1078
DA:12,605298
DA:16,4
DA:17,34
DA:21,8
DA:22,0
DA:24,226
DA:25,226
DA:28,0
DA:29,0
DA:30,0
DA:32,0
DA:34,8
DA:35,8
DA:36,79
DA:38,8
DA:39,79
DA:42,8
DA:43,78
DA:46,0
DA:47,0
DA:48,0
DA:49,0
DA:52,0
DA:53,0
DA:54,0
DA:57,8
DA:58,78
DA:61,8
DA:62,78
DA:65,8
DA:67,78
DA:73,78
DA:76,45
DA:79,32
DA:82,8
DA:83,78
DA:84,78
DA:88,8
DA:89,0
DA:91,0
DA:92,0
DA:93,0
DA:94,0
DA:95,0
DA:97,0
DA:99,8
DA:101,0
DA:107,0
DA:112,0
DA:115,0
DA:117,8
DA:118,8
DA:121,8
DA:124,183
DA:126,7
LF:63
LH:40
BRDA:21,0,0,0
BRDA:21,0,1,8
BRDA:25,1,0,226
BRDA:25,1,1,217
BRDA:29,2,0,0
BRDA:29,2,1,0
BRDA:36,3,0,79
BRDA:36,3,1,78
BRDA:47,4,0,0
BRDA:47,4,1,0
BRDA:52,5,0,0
BRDA:52,5,1,0
BRDA:58,6,0,78
BRDA:58,6,1,0
BRDA:62,7,0,78
BRDA:62,7,1,0
BRDA:83,8,0,78
BRDA:83,8,1,0
BRDA:94,9,0,0
BRDA:94,9,1,0
BRF:20
BRH:8
end_of_record
TN:
SF:/Users/kushanjoshi/code/open/idly-mono/packages/idly-osm/src/presets/field.ts
FN:5,presetField
FN:8,(anonymous_1)
FN:11,(anonymous_2)
FN:14,(anonymous_3)
FN:18,(anonymous_4)
FNF:5
FNH:2
FNDA:1649,presetField
FNDA:4,(anonymous_1)
FNDA:0,(anonymous_2)
FNDA:0,(anonymous_3)
FNDA:0,(anonymous_4)
DA:1,5
DA:2,5
DA:3,5
DA:4,5
DA:6,1649
DA:7,1649
DA:8,1649
DA:9,4
DA:11,1649
DA:12,0
DA:14,1649
DA:15,0
DA:17,1649
DA:18,1649
DA:19,0
DA:21,1649
DA:23,5
LF:17
LH:14
BRDA:9,0,0,4
BRDA:9,0,1,4
BRF:2
BRH:2
end_of_record
TN:
SF:/Users/kushanjoshi/code/open/idly-mono/packages/idly-osm/src/presets/match.ts
FN:5,presetsMatch
FN:20,(anonymous_1)
FNF:2
FNH:2
FNDA:18,presetsMatch
FNDA:21,(anonymous_1)
DA:1,5
DA:2,5
DA:3,5
DA:4,5
DA:6,18
DA:7,0
DA:13,18
DA:14,0
DA:17,18
DA:19,18
DA:20,18
DA:21,21
DA:22,21
DA:23,7
DA:24,14
DA:25,6169
DA:26,6169
DA:27,16
DA:28,16
DA:32,18
DA:34,5
LF:21
LH:19
BRDA:6,0,0,0
BRDA:6,0,1,18
BRDA:13,1,0,0
BRDA:13,1,1,18
BRDA:13,2,0,18
BRDA:13,2,1,3
BRDA:22,3,0,7
BRDA:22,3,1,14
BRDA:26,4,0,16
BRDA:26,4,1,6153
BRDA:32,5,0,18
BRDA:32,5,1,10
BRF:12
BRH:10
end_of_record
TN:
SF:/Users/kushanjoshi/code/open/idly-mono/packages/idly-osm/src/presets/preset.ts
FN:5,presetPreset
FN:10,getFields
FN:13,(anonymous_2)
FN:17,(anonymous_3)
FN:36,(anonymous_4)
FN:40,(anonymous_5)
FN:48,(anonymous_6)
FN:55,(anonymous_7)
FN:60,(anonymous_8)
FN:80,(anonymous_9)
FN:98,(anonymous_10)
FNF:11
FNH:10
FNDA:15315,presetPreset
FNDA:68485,getFields
FNDA:36,(anonymous_2)
FNDA:6174,(anonymous_3)
FNDA:390,(anonymous_4)
FNDA:234,(anonymous_5)
FNDA:156,(anonymous_6)
FNDA:4,(anonymous_7)
FNDA:0,(anonymous_8)
FNDA:5,(anonymous_9)
FNDA:8,(anonymous_10)
DA:1,7
DA:2,7
DA:3,7
DA:4,7
DA:6,15315
DA:7,15315
DA:8,15315
DA:9,15315
DA:11,68485
DA:13,15315
DA:14,36
DA:16,15315
DA:17,15315
DA:21,6174
DA:22,6174
DA:23,6174
DA:24,6175
DA:25,15
DA:27,6160
DA:28,26
DA:31,6134
DA:34,40
DA:36,15315
DA:37,390
DA:39,15315
DA:40,15315
DA:41,234
DA:42,0
DA:43,0
DA:44,0
DA:46,234
DA:48,15315
DA:49,156
DA:55,15315
DA:56,4
DA:57,4
DA:59,15315
DA:60,15315
DA:61,0
DA:62,0
DA:63,0
DA:64,0
DA:65,0
DA:66,0
DA:69,0
DA:72,0
DA:73,0
DA:76,0
DA:79,15315
DA:80,15315
DA:81,5
DA:82,5
DA:83,2
DA:84,2
DA:85,2
DA:87,1
DA:91,5
DA:92,5
DA:94,15315
DA:98,15315
DA:100,8
DA:101,8
DA:102,9
DA:103,1
DA:106,8
DA:113,8
DA:114,8
DA:115,5
DA:116,5
DA:117,4
DA:118,4
DA:119,3
DA:120,3
DA:124,5
DA:125,2
DA:128,8
DA:129,2
DA:130,2
DA:131,2
DA:135,1
DA:139,8
DA:141,15315
DA:143,7
LF:83
LH:70
BRDA:8,0,0,15315
BRDA:8,0,1,905
BRDA:9,1,0,15315
BRDA:9,1,1,20
BRDA:16,2,0,15315
BRDA:16,2,1,14908
BRDA:24,3,0,15
BRDA:24,3,1,6160
BRDA:27,4,0,26
BRDA:27,4,1,6134
BRDA:27,5,0,6160
BRDA:27,5,1,26
BRDA:39,6,0,15315
BRDA:39,6,1,85
BRDA:41,7,0,0
BRDA:41,7,1,234
BRDA:57,8,0,4
BRDA:57,8,1,3
BRDA:57,8,2,2
BRDA:59,9,0,15315
BRDA:59,9,1,14783
BRDA:61,10,0,0
BRDA:61,10,1,0
BRDA:62,11,0,0
BRDA:62,11,1,0
BRDA:63,12,0,0
BRDA:63,12,1,0
BRDA:63,13,0,0
BRDA:63,13,1,0
BRDA:64,14,0,0
BRDA:64,14,1,0
BRDA:72,15,0,0
BRDA:72,15,1,0
BRDA:79,16,0,15315
BRDA:79,16,1,15195
BRDA:83,17,0,2
BRDA:83,17,1,0
BRDA:85,18,0,1
BRDA:85,18,1,1
BRDA:85,19,0,2
BRDA:85,19,1,2
BRDA:94,20,0,15315
BRDA:94,20,1,15195
BRDA:102,21,0,1
BRDA:102,21,1,8
BRDA:114,22,0,5
BRDA:114,22,1,3
BRDA:116,23,0,4
BRDA:116,23,1,1
BRDA:118,24,0,3
BRDA:118,24,1,1
BRDA:124,25,0,2
BRDA:124,25,1,3
BRDA:129,26,0,2
BRDA:129,26,1,0
BRDA:131,27,0,1
BRDA:131,27,1,1
BRDA:131,28,0,2
BRDA:131,28,1,1
BRDA:131,28,2,1
BRDA:131,28,3,1
BRF:61
BRH:46
end_of_record
TN:
SF:/Users/kushanjoshi/code/open/idly-mono/packages/idly-osm/src/presets/presets.ts
FN:14,(anonymous_0)
FN:21,(anonymous_1)
FN:46,(anonymous_2)
FN:68,initPresets
FN:78,(anonymous_4)
FN:85,(anonymous_5)
FN:90,(anonymous_6)
FN:119,(anonymous_7)
FN:127,(anonymous_8)
FN:128,(anonymous_9)
FN:129,(anonymous_10)
FN:130,(anonymous_11)
FN:131,(anonymous_12)
FN:132,(anonymous_13)
FN:133,(anonymous_14)
FNF:15
FNH:12
FNDA:32,(anonymous_0)
FNDA:35,(anonymous_1)
FNDA:29619,(anonymous_2)
FNDA:16,initPresets
FNDA:1645,(anonymous_4)
FNDA:15277,(anonymous_5)
FNDA:98,(anonymous_6)
FNDA:0,(anonymous_7)
FNDA:0,(anonymous_8)
FNDA:4,(anonymous_9)
FNDA:3,(anonymous_10)
FNDA:4,(anonymous_11)
FNDA:0,(anonymous_12)
FNDA:1,(anonymous_13)
FNDA:12,(anonymous_14)
DA:1,5
DA:2,5
DA:3,5
DA:4,5
DA:5,5
DA:6,5
DA:7,5
DA:8,5
DA:9,5
DA:10,5
DA:11,5
DA:12,5
DA:15,32
DA:16,32
DA:17,32
DA:18,32
DA:19,32
DA:22,35
DA:23,7
DA:25,28
DA:31,7
DA:33,21
DA:34,7
DA:36,14
DA:37,7
DA:39,7
DA:40,7
DA:43,0
DA:47,29619
DA:48,13575
DA:50,16044
DA:51,1154
DA:53,14890
DA:54,850
DA:56,14040
DA:57,13850
DA:59,190
DA:60,190
DA:63,0
DA:67,5
DA:69,16
DA:70,16
DA:71,16
DA:72,16
DA:73,16
DA:74,16
DA:75,16
DA:76,16
DA:77,16
DA:78,7
DA:79,1645
DA:80,1645
DA:81,98
DA:84,16
DA:85,16
DA:86,15277
DA:89,16
DA:90,7
DA:91,98
DA:94,16
DA:95,7
DA:96,7
DA:97,7
DA:98,7
DA:99,7
DA:100,7
DA:102,16
DA:103,15375
DA:104,15375
DA:105,98
DA:106,15277
DA:107,29601
DA:111,29601
DA:112,51288
DA:113,51288
DA:114,51288
DA:119,16
DA:120,0
DA:122,16
DA:124,5
DA:125,5
DA:126,5
DA:127,5
DA:128,5
DA:129,5
DA:130,5
DA:131,5
DA:132,5
DA:133,5
DA:134,12
DA:135,4
DA:137,8
DA:138,3
DA:140,5
DA:141,1
DA:143,4
DA:144,4
DA:146,0
DA:147,0
LF:99
LH:94
BRDA:14,0,0,16
BRDA:22,1,0,7
BRDA:22,1,1,28
BRDA:25,2,0,7
BRDA:25,2,1,21
BRDA:25,3,0,28
BRDA:25,3,1,21
BRDA:33,4,0,7
BRDA:33,4,1,14
BRDA:36,5,0,7
BRDA:36,5,1,7
BRDA:39,6,0,7
BRDA:39,6,1,0
BRDA:47,7,0,13575
BRDA:47,7,1,16044
BRDA:50,8,0,1154
BRDA:50,8,1,14890
BRDA:50,9,0,16044
BRDA:50,9,1,14891
BRDA:53,10,0,850
BRDA:53,10,1,14040
BRDA:56,11,0,13850
BRDA:56,11,1,190
BRDA:59,12,0,190
BRDA:59,12,1,0
BRDA:68,13,0,7
BRDA:77,14,0,7
BRDA:77,14,1,9
BRDA:80,15,0,98
BRDA:80,15,1,1547
BRDA:84,16,0,16
BRDA:84,16,1,0
BRDA:89,17,0,7
BRDA:89,17,1,9
BRDA:94,18,0,7
BRDA:94,18,1,9
BRDA:104,19,0,98
BRDA:104,19,1,15277
BRDA:112,20,0,51288
BRDA:112,20,1,0
BRDA:113,21,0,51288
BRDA:113,21,1,473
BRDA:134,22,0,4
BRDA:134,22,1,8
BRDA:137,23,0,3
BRDA:137,23,1,5
BRDA:140,24,0,1
BRDA:140,24,1,4
BRDA:143,25,0,4
BRDA:143,25,1,0
BRDA:146,26,0,0
BRDA:146,26,1,0
BRF:52
BRH:45
end_of_record
TN:
SF:/Users/kushanjoshi/code/open/idly-mono/packages/idly-osm/src/presets/t.ts
FN:9,setLocale
FN:28,t
FN:32,(anonymous_2)
FN:62,setTextDirection
FNF:4
FNH:2
FNDA:0,setLocale
FNDA:390,t
FNDA:1560,(anonymous_2)
FNDA:0,setTextDirection
DA:1,7
DA:2,7
DA:6,7
DA:7,7
DA:8,7
DA:10,0
DA:11,0
DA:13,0
DA:14,0
DA:17,7
DA:29,390
DA:30,390
DA:33,1560
DA:36,390
DA:37,390
DA:38,0
DA:39,390
DA:40,0
DA:41,0
DA:42,0
DA:43,0
DA:45,390
DA:46,0
DA:48,390
DA:49,390
DA:51,0
DA:52,0
DA:53,0
DA:54,0
DA:56,7
DA:63,0
DA:65,7
LF:32
LH:17
BRDA:10,0,0,0
BRDA:10,0,1,0
BRDA:13,1,0,0
BRDA:13,1,1,0
BRDA:29,2,0,390
BRDA:29,2,1,390
BRDA:37,3,0,390
BRDA:37,3,1,0
BRDA:39,4,0,0
BRDA:39,4,1,390
BRDA:40,5,0,0
BRDA:40,5,1,0
BRDA:45,6,0,0
BRDA:45,6,1,390
BRDA:48,7,0,390
BRDA:48,7,1,0
BRDA:48,8,0,390
BRDA:48,8,1,390
BRDA:52,9,0,0
BRDA:52,9,1,0
BRF:20
BRH:8
end_of_record
TN:
SF:/Users/kushanjoshi/code/open/idly-mono/packages/idly-osm/src/tagClasses/tagClasses.ts
FN:43,(anonymous_0)
FN:69,tagClasses
FN:132,(anonymous_2)
FNF:3
FNH:3
FNDA:4,(anonymous_0)
FNDA:25,tagClasses
FNDA:29,(anonymous_2)
DA:1,3
DA:2,3
DA:3,3
DA:4,3
DA:20,3
DA:30,3
DA:43,3
DA:44,4
DA:51,4
DA:52,8
DA:53,8
DA:54,8
DA:55,4
DA:56,4
DA:57,4
DA:59,0
DA:60,0
DA:63,4
DA:65,4
DA:67,4
DA:70,25
DA:77,25
DA:78,97
DA:79,97
DA:80,97
DA:81,75
DA:82,22
DA:83,22
DA:85,2
DA:86,2
DA:89,20
DA:91,22
DA:94,25
DA:95,23
DA:96,172
DA:97,172
DA:98,172
DA:99,168
DA:100,4
DA:102,1
DA:104,3
DA:106,1
DA:108,2
DA:110,1
DA:111,1
DA:112,1
DA:114,4
DA:115,3
DA:118,25
DA:119,5
DA:122,25
DA:123,275
DA:124,275
DA:125,275
DA:126,264
DA:127,11
DA:130,25
DA:131,17
DA:132,17
DA:133,29
DA:134,8
DA:135,8
DA:138,17
DA:139,5
DA:142,25
DA:143,25
DA:145,3
LF:67
LH:65
BRDA:54,0,0,4
BRDA:54,0,1,4
BRDA:54,1,0,8
BRDA:54,1,1,4
BRDA:57,2,0,0
BRDA:57,2,1,4
BRDA:80,3,0,75
BRDA:80,3,1,22
BRDA:80,4,0,97
BRDA:80,4,1,22
BRDA:83,5,0,2
BRDA:83,5,1,20
BRDA:94,6,0,23
BRDA:94,6,1,2
BRDA:98,7,0,168
BRDA:98,7,1,4
BRDA:98,8,0,172
BRDA:98,8,1,4
BRDA:100,9,0,1
BRDA:100,9,1,3
BRDA:104,10,0,1
BRDA:104,10,1,2
BRDA:104,11,0,3
BRDA:104,11,1,2
BRDA:108,12,0,1
BRDA:108,12,1,1
BRDA:108,13,0,2
BRDA:108,13,1,1
BRDA:114,14,0,3
BRDA:114,14,1,1
BRDA:118,15,0,5
BRDA:118,15,1,20
BRDA:125,16,0,264
BRDA:125,16,1,11
BRDA:125,17,0,275
BRDA:125,17,1,12
BRDA:130,18,0,17
BRDA:130,18,1,8
BRDA:133,19,0,8
BRDA:133,19,1,21
BRDA:138,20,0,5
BRDA:138,20,1,12
BRF:42
BRH:41
end_of_record
