TN:
SF:/Users/kushanjoshi/code/open/idly-mono/packages/idly-graph/src/graph/Tree.ts
FN:16,(anonymous_0)
FN:24,(anonymous_1)
FN:30,(anonymous_2)
FN:31,(anonymous_3)
FN:35,(anonymous_4)
FN:43,(anonymous_5)
FN:51,(anonymous_6)
FN:59,(anonymous_7)
FN:68,(anonymous_8)
FN:71,(anonymous_9)
FN:77,(anonymous_10)
FN:80,(anonymous_11)
FN:90,(anonymous_12)
FN:91,(anonymous_13)
FN:93,(anonymous_14)
FN:100,(anonymous_15)
FN:107,(anonymous_16)
FN:109,(anonymous_17)
FN:114,(anonymous_18)
FN:117,(anonymous_19)
FN:123,(anonymous_20)
FN:131,(anonymous_21)
FN:134,(anonymous_22)
FN:137,(anonymous_23)
FNF:24
FNH:9
FNDA:2,(anonymous_0)
FNDA:2,(anonymous_1)
FNDA:6,(anonymous_2)
FNDA:7,(anonymous_3)
FNDA:11,(anonymous_4)
FNDA:2,(anonymous_5)
FNDA:1,(anonymous_6)
FNDA:4,(anonymous_7)
FNDA:0,(anonymous_8)
FNDA:0,(anonymous_9)
FNDA:0,(anonymous_10)
FNDA:0,(anonymous_11)
FNDA:0,(anonymous_12)
FNDA:0,(anonymous_13)
FNDA:0,(anonymous_14)
FNDA:0,(anonymous_15)
FNDA:0,(anonymous_16)
FNDA:0,(anonymous_17)
FNDA:0,(anonymous_18)
FNDA:0,(anonymous_19)
FNDA:0,(anonymous_20)
FNDA:0,(anonymous_21)
FNDA:0,(anonymous_22)
FNDA:1,(anonymous_23)
DA:1,4
DA:2,4
DA:3,4
DA:4,4
DA:5,4
DA:6,4
DA:7,4
DA:8,4
DA:17,2
DA:18,2
DA:19,0
DA:21,2
DA:22,2
DA:25,2
DA:26,0
DA:28,2
DA:31,7
DA:32,6
DA:33,6
DA:37,11
DA:38,11
DA:39,11
DA:40,11
DA:44,2
DA:49,2
DA:52,1
DA:60,4
DA:61,1
DA:63,3
DA:69,0
DA:72,0
DA:73,0
DA:75,0
DA:78,0
DA:81,0
DA:82,0
DA:84,0
DA:85,0
DA:86,0
DA:88,0
DA:89,0
DA:90,0
DA:91,0
DA:94,0
DA:95,0
DA:96,0
DA:98,0
DA:101,0
DA:102,0
DA:104,0
DA:105,0
DA:108,0
DA:109,0
DA:110,0
DA:111,0
DA:112,0
DA:115,0
DA:118,0
DA:119,0
DA:120,0
DA:121,0
DA:124,0
DA:125,0
DA:129,0
DA:132,0
DA:135,0
DA:138,1
DA:139,1
DA:142,4
LF:69
LH:30
BRDA:18,0,0,0
BRDA:18,0,1,2
BRDA:18,1,0,2
BRDA:18,1,1,2
BRDA:18,1,2,2
BRDA:25,2,0,0
BRDA:25,2,1,2
BRDA:25,3,0,2
BRDA:25,3,1,2
BRDA:25,3,2,2
BRDA:35,4,0,6
BRDA:60,5,0,1
BRDA:60,5,1,3
BRDA:63,6,0,3
BRDA:63,6,1,2
BRDA:63,6,2,2
BRDA:63,6,3,2
BRDA:72,7,0,0
BRDA:72,7,1,0
BRDA:72,8,0,0
BRDA:72,8,1,0
BRDA:81,9,0,0
BRDA:81,9,1,0
BRDA:81,10,0,0
BRDA:81,10,1,0
BRDA:85,11,0,0
BRDA:85,11,1,0
BRDA:95,12,0,0
BRDA:95,12,1,0
BRDA:95,13,0,0
BRDA:95,13,1,0
BRDA:101,14,0,0
BRDA:101,14,1,0
BRDA:105,15,0,0
BRDA:105,15,1,0
BRDA:124,16,0,0
BRDA:124,16,1,0
BRDA:124,17,0,0
BRDA:124,17,1,0
BRF:39
BRH:15
end_of_record
TN:
SF:/Users/kushanjoshi/code/open/idly-mono/packages/idly-graph/src/misc/PromiseWorkerStub.ts
FN:4,(anonymous_0)
FN:8,(anonymous_1)
FNF:2
FNH:2
FNDA:8,(anonymous_0)
FNDA:12,(anonymous_1)
DA:1,4
DA:2,4
DA:5,8
DA:9,12
DA:10,12
DA:11,0
DA:13,12
DA:14,0
DA:16,12
DA:19,4
LF:10
LH:8
BRDA:10,0,0,0
BRDA:10,0,1,12
BRDA:13,1,0,0
BRDA:13,1,1,12
BRF:4
BRH:2
end_of_record
TN:
SF:/Users/kushanjoshi/code/open/idly-mono/packages/idly-graph/src/misc/calculateParentWays.ts
FN:5,calculateParentWays
FN:6,(anonymous_1)
FN:7,(anonymous_2)
FN:11,(anonymous_3)
FN:13,(anonymous_4)
FNF:5
FNH:5
FNDA:11,calculateParentWays
FNDA:11,(anonymous_1)
FNDA:17,(anonymous_2)
FNDA:4,(anonymous_3)
FNDA:4,(anonymous_4)
DA:1,4
DA:2,4
DA:3,4
DA:4,4
DA:6,11
DA:7,11
DA:8,17
DA:9,15
DA:11,2
DA:13,4
DA:19,4
LF:11
LH:11
BRDA:5,0,0,0
BRDA:5,1,0,11
BRDA:8,2,0,15
BRDA:8,2,1,2
BRDA:8,3,0,17
BRDA:8,3,1,17
BRDA:8,3,2,2
BRDA:13,4,0,4
BRF:8
BRH:7
end_of_record
TN:
SF:/Users/kushanjoshi/code/open/idly-mono/packages/idly-graph/src/misc/channelBuilder.ts
FN:9,channelBuilder
FN:10,(anonymous_1)
FN:11,(anonymous_2)
FN:16,(anonymous_3)
FNF:4
FNH:3
FNDA:8,channelBuilder
FNDA:8,(anonymous_1)
FNDA:8,(anonymous_2)
FNDA:0,(anonymous_3)
DA:1,3
DA:2,3
DA:10,8
DA:11,8
DA:12,8
DA:16,8
DA:17,0
DA:18,0
DA:23,3
LF:9
LH:7
BRF:0
BRH:0
end_of_record
TN:
SF:/Users/kushanjoshi/code/open/idly-mono/packages/idly-graph/src/misc/pluginsStub.ts
FN:3,pluginsStub
FN:11,(anonymous_1)
FN:13,(anonymous_2)
FNF:3
FNH:3
FNDA:4,pluginsStub
FNDA:6,(anonymous_1)
FNDA:24,(anonymous_2)
DA:1,3
DA:2,3
DA:6,4
DA:12,6
DA:13,6
DA:14,24
DA:16,6
DA:22,3
LF:8
LH:8
BRDA:3,0,0,4
BRF:1
BRH:1
end_of_record
TN:
SF:/Users/kushanjoshi/code/open/idly-mono/packages/idly-graph/src/operations/fetchEntities.ts
FN:2,(anonymous_0)
FN:3,(anonymous_1)
FN:4,fulfilled
FN:5,rejected
FN:6,step
FN:6,(anonymous_5)
FN:16,fetchEntities
FN:18,(anonymous_7)
FN:18,(anonymous_8)
FN:26,workerFetchEntities
FN:27,(anonymous_10)
FN:27,(anonymous_11)
FN:28,(anonymous_12)
FNF:13
FNH:12
FNDA:4,(anonymous_0)
FNDA:4,(anonymous_1)
FNDA:4,fulfilled
FNDA:0,rejected
FNDA:8,step
FNDA:4,(anonymous_5)
FNDA:2,fetchEntities
FNDA:2,(anonymous_7)
FNDA:2,(anonymous_8)
FNDA:2,workerFetchEntities
FNDA:2,(anonymous_10)
FNDA:2,(anonymous_11)
FNDA:5,(anonymous_12)
DA:1,3
DA:2,3
DA:3,4
DA:4,4
DA:5,0
DA:6,8
DA:7,4
DA:10,3
DA:11,3
DA:12,3
DA:13,3
DA:14,3
DA:17,2
DA:18,2
DA:19,2
DA:20,2
DA:21,2
DA:24,3
DA:27,2
DA:28,5
DA:29,2
DA:34,2
DA:37,3
LF:23
LH:22
BRDA:2,0,0,3
BRDA:2,0,1,3
BRDA:2,0,2,3
BRDA:3,1,0,4
BRDA:3,1,1,4
BRDA:6,2,0,4
BRDA:6,2,1,4
BRDA:7,3,0,4
BRDA:7,3,1,4
BRF:9
BRH:9
end_of_record
TN:
SF:/Users/kushanjoshi/code/open/idly-mono/packages/idly-graph/src/operations/fetchFeatures.ts
FN:2,(anonymous_0)
FN:3,(anonymous_1)
FN:4,fulfilled
FN:5,rejected
FN:6,step
FN:6,(anonymous_5)
FN:14,fetchFeatures
FN:16,(anonymous_7)
FN:16,(anonymous_8)
FN:24,workerFetchFeatures
FN:25,(anonymous_10)
FN:25,(anonymous_11)
FNF:12
FNH:11
FNDA:4,(anonymous_0)
FNDA:4,(anonymous_1)
FNDA:4,fulfilled
FNDA:0,rejected
FNDA:8,step
FNDA:4,(anonymous_5)
FNDA:2,fetchFeatures
FNDA:2,(anonymous_7)
FNDA:2,(anonymous_8)
FNDA:2,workerFetchFeatures
FNDA:2,(anonymous_10)
FNDA:2,(anonymous_11)
DA:1,3
DA:2,3
DA:3,4
DA:4,4
DA:5,0
DA:6,8
DA:7,4
DA:10,3
DA:11,3
DA:12,3
DA:15,2
DA:16,2
DA:17,2
DA:18,2
DA:19,2
DA:22,3
DA:25,2
DA:26,2
DA:27,2
DA:28,2
DA:31,3
LF:21
LH:20
BRDA:2,0,0,3
BRDA:2,0,1,3
BRDA:2,0,2,3
BRDA:3,1,0,4
BRDA:3,1,1,4
BRDA:6,2,0,4
BRDA:6,2,1,4
BRDA:7,3,0,4
BRDA:7,3,1,4
BRF:9
BRH:9
end_of_record
TN:
SF:/Users/kushanjoshi/code/open/idly-mono/packages/idly-graph/src/operations/fetchMap.ts
FN:2,(anonymous_0)
FN:3,(anonymous_1)
FN:4,fulfilled
FN:5,rejected
FN:6,step
FN:6,(anonymous_5)
FN:19,fetchMap
FN:21,(anonymous_7)
FN:21,(anonymous_8)
FN:29,workerFetchMap
FN:30,(anonymous_10)
FN:30,(anonymous_11)
FNF:12
FNH:11
FNDA:8,(anonymous_0)
FNDA:8,(anonymous_1)
FNDA:8,fulfilled
FNDA:0,rejected
FNDA:16,step
FNDA:8,(anonymous_5)
FNDA:4,fetchMap
FNDA:4,(anonymous_7)
FNDA:4,(anonymous_8)
FNDA:4,workerFetchMap
FNDA:4,(anonymous_10)
FNDA:4,(anonymous_11)
DA:1,3
DA:2,3
DA:3,8
DA:4,8
DA:5,0
DA:6,16
DA:7,8
DA:10,3
DA:11,3
DA:12,3
DA:13,3
DA:20,4
DA:21,4
DA:22,4
DA:23,4
DA:24,4
DA:27,3
DA:30,4
DA:31,4
DA:32,4
DA:33,4
DA:36,3
LF:22
LH:21
BRDA:2,0,0,3
BRDA:2,0,1,3
BRDA:2,0,2,3
BRDA:3,1,0,8
BRDA:3,1,1,8
BRDA:6,2,0,8
BRDA:6,2,1,8
BRDA:7,3,0,8
BRDA:7,3,1,8
BRF:9
BRH:9
end_of_record
TN:
SF:/Users/kushanjoshi/code/open/idly-mono/packages/idly-graph/src/operations/operations.ts
FN:8,controller
FN:31,operations
FN:33,(anonymous_2)
FNF:3
FNH:3
FNDA:7,controller
FNDA:3,operations
FNDA:7,(anonymous_2)
DA:1,3
DA:2,3
DA:3,3
DA:4,3
DA:5,3
DA:6,3
DA:7,3
DA:9,7
DA:13,3
DA:15,2
DA:17,2
DA:19,0
DA:20,0
DA:32,3
DA:33,3
DA:34,7
DA:37,3
LF:17
LH:15
BRDA:9,0,0,3
BRDA:9,0,1,2
BRDA:9,0,2,2
BRDA:9,0,3,0
BRF:4
BRH:3
end_of_record
TN:
SF:/Users/kushanjoshi/code/open/idly-mono/packages/idly-graph/src/operations/types.ts
FN:4,(anonymous_0)
FNF:1
FNH:1
FNDA:3,(anonymous_0)
DA:1,3
DA:2,3
DA:4,3
DA:5,3
DA:6,3
DA:7,3
DA:8,3
LF:7
LH:7
BRDA:9,0,0,3
BRDA:9,0,1,3
BRF:2
BRH:2
end_of_record
TN:
SF:/Users/kushanjoshi/code/open/idly-mono/packages/idly-graph/src/thread/fetchTile.ts
FN:2,(anonymous_0)
FN:3,(anonymous_1)
FN:4,fulfilled
FN:5,rejected
FN:6,step
FN:6,(anonymous_5)
FN:13,fetchTile
FN:14,(anonymous_7)
FNF:8
FNH:7
FNDA:2,(anonymous_0)
FNDA:2,(anonymous_1)
FNDA:3,fulfilled
FNDA:0,rejected
FNDA:4,step
FNDA:3,(anonymous_5)
FNDA:2,fetchTile
FNDA:2,(anonymous_7)
DA:1,1
DA:2,1
DA:3,2
DA:4,3
DA:5,0
DA:6,4
DA:7,2
DA:10,1
DA:11,1
DA:12,1
DA:14,2
DA:15,2
DA:16,2
DA:17,2
DA:18,2
DA:19,1
DA:21,1
DA:22,1
DA:23,1
DA:26,1
LF:20
LH:19
BRDA:2,0,0,1
BRDA:2,0,1,1
BRDA:2,0,2,1
BRDA:3,1,0,2
BRDA:3,1,1,2
BRDA:6,2,0,1
BRDA:6,2,1,3
BRDA:7,3,0,2
BRDA:7,3,1,2
BRDA:18,4,0,1
BRDA:18,4,1,1
BRF:11
BRH:11
end_of_record
TN:
SF:/Users/kushanjoshi/code/open/idly-mono/packages/idly-graph/src/thread/xmlToEntities.ts
FN:11,calculateParentWays
FN:12,(anonymous_1)
FN:13,(anonymous_2)
FN:14,(anonymous_3)
FN:15,(anonymous_4)
FN:22,stubParser
FN:26,(anonymous_6)
FN:39,xmlToEntities
FN:68,getVisible
FN:72,getMembers
FN:88,getNodes
FN:99,getTags
FN:110,getLoc
FN:115,nodeData
FN:133,relationData
FN:151,wayData
FN:169,foo
FNF:17
FNH:14
FNDA:86,calculateParentWays
FNDA:86,(anonymous_1)
FNDA:166,(anonymous_2)
FNDA:366,(anonymous_3)
FNDA:366,(anonymous_4)
FNDA:86,stubParser
FNDA:434,(anonymous_6)
FNDA:86,xmlToEntities
FNDA:434,getVisible
FNDA:0,getMembers
FNDA:166,getNodes
FNDA:434,getTags
FNDA:268,getLoc
FNDA:268,nodeData
FNDA:0,relationData
FNDA:166,wayData
FNDA:0,foo
DA:1,4
DA:2,4
DA:3,4
DA:4,4
DA:5,4
DA:6,4
DA:7,4
DA:8,4
DA:9,4
DA:10,4
DA:12,86
DA:13,86
DA:14,166
DA:15,366
DA:19,86
DA:21,4
DA:23,86
DA:24,0
DA:25,86
DA:26,434
DA:27,86
DA:32,4
DA:40,86
DA:41,0
DA:43,86
DA:45,86
DA:47,6
DA:49,86
DA:50,86
DA:51,86
DA:52,86
DA:53,958
DA:54,958
DA:55,268
DA:57,690
DA:58,0
DA:60,690
DA:61,166
DA:65,86
DA:67,4
DA:69,434
DA:73,0
DA:74,0
DA:75,0
DA:76,0
DA:77,0
DA:79,0
DA:86,0
DA:89,166
DA:90,166
DA:91,166
DA:93,166
DA:94,366
DA:97,166
DA:100,434
DA:101,434
DA:103,434
DA:104,6
DA:105,6
DA:108,434
DA:111,268
DA:112,268
DA:113,268
DA:116,268
DA:117,268
DA:134,0
DA:135,0
DA:152,166
DA:153,166
DA:170,0
LF:70
LH:57
BRDA:15,0,0,282
BRDA:22,1,0,6
BRDA:23,2,0,0
BRDA:23,2,1,86
BRDA:23,3,0,86
BRDA:23,3,1,86
BRDA:40,4,0,0
BRDA:40,4,1,86
BRDA:40,5,0,86
BRDA:40,5,1,86
BRDA:45,6,0,6
BRDA:45,6,1,80
BRDA:54,7,0,268
BRDA:54,7,1,690
BRDA:57,8,0,0
BRDA:57,8,1,690
BRDA:60,9,0,166
BRDA:60,9,1,524
BRDA:69,10,0,434
BRDA:69,10,1,434
BRDA:111,11,0,268
BRDA:111,11,1,268
BRDA:112,12,0,268
BRDA:112,12,1,268
BRDA:119,13,0,268
BRDA:119,13,1,268
BRDA:121,14,0,268
BRDA:121,14,1,268
BRDA:123,15,0,268
BRDA:123,15,1,267
BRDA:124,16,0,268
BRDA:124,16,1,267
BRDA:137,17,0,0
BRDA:137,17,1,0
BRDA:139,18,0,0
BRDA:139,18,1,0
BRDA:141,19,0,0
BRDA:141,19,1,0
BRDA:142,20,0,0
BRDA:142,20,1,0
BRDA:155,21,0,166
BRDA:155,21,1,166
BRDA:157,22,0,166
BRDA:157,22,1,166
BRDA:159,23,0,166
BRDA:159,23,1,166
BRDA:160,24,0,166
BRDA:160,24,1,166
BRF:48
BRH:37
end_of_record
TN:
SF:/Users/kushanjoshi/code/open/idly-mono/packages/idly-graph/src/worker/geojson/entityToGeoJSON.ts
FN:6,entityToGeoJSON
FN:8,(anonymous_1)
FNF:2
FNH:2
FNDA:6,entityToGeoJSON
FNDA:24,(anonymous_1)
DA:1,3
DA:2,3
DA:3,3
DA:4,3
DA:5,3
DA:7,6
DA:8,6
DA:9,24
DA:10,15
DA:12,9
DA:13,9
DA:15,0
DA:19,6
DA:21,3
LF:14
LH:13
BRDA:9,0,0,15
BRDA:9,0,1,9
BRDA:12,1,0,9
BRDA:12,1,1,0
BRDA:15,2,0,0
BRDA:15,2,1,0
BRF:6
BRH:3
end_of_record
TN:
SF:/Users/kushanjoshi/code/open/idly-mono/packages/idly-graph/src/worker/parsing/fetch.ts
FN:2,(anonymous_0)
FN:3,(anonymous_1)
FN:4,fulfilled
FN:5,rejected
FN:6,step
FN:6,(anonymous_5)
FN:15,(anonymous_6)
FN:19,fetchTile
FN:20,(anonymous_8)
FNF:9
FNH:7
FNDA:80,(anonymous_0)
FNDA:80,(anonymous_1)
FNDA:160,fulfilled
FNDA:0,rejected
FNDA:240,step
FNDA:160,(anonymous_5)
FNDA:0,(anonymous_6)
FNDA:80,fetchTile
FNDA:80,(anonymous_8)
DA:1,3
DA:2,3
DA:3,80
DA:4,160
DA:5,0
DA:6,240
DA:7,80
DA:10,3
DA:11,3
DA:12,3
DA:13,3
DA:14,3
DA:15,3
DA:16,0
DA:18,3
DA:20,80
DA:21,80
DA:22,80
DA:23,80
DA:24,80
DA:25,0
DA:27,80
DA:28,80
DA:29,80
DA:30,80
DA:31,80
DA:32,80
DA:35,0
DA:36,0
DA:40,3
LF:30
LH:25
BRDA:2,0,0,3
BRDA:2,0,1,3
BRDA:2,0,2,3
BRDA:3,1,0,80
BRDA:3,1,1,80
BRDA:6,2,0,80
BRDA:6,2,1,160
BRDA:7,3,0,80
BRDA:7,3,1,80
BRDA:24,4,0,0
BRDA:24,4,1,80
BRF:11
BRH:10
end_of_record
TN:
SF:/Users/kushanjoshi/code/open/idly-mono/packages/idly-graph/src/worker/parsing/fixtures.ts
FNF:0
FNH:0
DA:1,5
DA:2,5
DA:3,5
DA:10,5
DA:14,5
DA:28,5
DA:55,5
DA:103,5
LF:8
LH:8
BRF:0
BRH:0
end_of_record
TN:
SF:/Users/kushanjoshi/code/open/idly-mono/packages/idly-graph/src/worker/parsing/nodeToFeature.ts
FN:3,nodeCombiner
FNF:1
FNH:1
FNDA:18,nodeCombiner
DA:1,4
DA:2,4
DA:4,18
DA:14,4
LF:4
LH:4
BRF:0
BRH:0
end_of_record
TN:
SF:/Users/kushanjoshi/code/open/idly-mono/packages/idly-graph/src/worker/parsing/parser.ts
FN:11,calculateParentWays
FN:12,(anonymous_1)
FN:13,(anonymous_2)
FN:14,(anonymous_3)
FN:15,(anonymous_4)
FN:33,parseXML
FN:58,(anonymous_6)
FN:66,(anonymous_7)
FN:73,getVisible
FN:77,getMembers
FN:90,getNodes
FN:98,getTags
FN:107,getLoc
FN:113,nodeData
FN:132,wayData
FN:150,relationData
FNF:16
FNH:5
FNDA:5,calculateParentWays
FNDA:5,(anonymous_1)
FNDA:3,(anonymous_2)
FNDA:3,(anonymous_3)
FNDA:3,(anonymous_4)
FNDA:0,parseXML
FNDA:0,(anonymous_6)
FNDA:0,(anonymous_7)
FNDA:0,getVisible
FNDA:0,getMembers
FNDA:0,getNodes
FNDA:0,getTags
FNDA:0,getLoc
FNDA:0,nodeData
FNDA:0,wayData
FNDA:0,relationData
DA:1,1
DA:2,1
DA:3,1
DA:4,1
DA:5,1
DA:6,1
DA:7,1
DA:8,1
DA:9,1
DA:10,1
DA:12,5
DA:13,5
DA:14,3
DA:15,3
DA:19,5
DA:21,1
DA:22,1
DA:34,0
DA:35,0
DA:36,0
DA:37,0
DA:39,0
DA:41,0
DA:42,0
DA:43,0
DA:44,0
DA:45,0
DA:46,0
DA:51,0
DA:52,0
DA:53,0
DA:54,0
DA:55,0
DA:57,0
DA:58,0
DA:65,0
DA:66,0
DA:67,0
DA:72,1
DA:74,0
DA:78,0
DA:79,0
DA:80,0
DA:81,0
DA:82,0
DA:88,0
DA:91,0
DA:92,0
DA:93,0
DA:94,0
DA:96,0
DA:99,0
DA:100,0
DA:101,0
DA:102,0
DA:103,0
DA:105,0
DA:108,0
DA:109,0
DA:110,0
DA:112,1
DA:114,0
DA:115,0
DA:116,0
DA:133,0
DA:134,0
DA:151,0
DA:152,0
LF:68
LH:19
BRDA:15,0,0,2
BRDA:22,1,0,1
BRDA:22,1,1,0
BRDA:33,2,0,0
BRDA:34,3,0,0
BRDA:34,3,1,0
BRDA:34,4,0,0
BRDA:34,4,1,0
BRDA:37,5,0,0
BRDA:37,5,1,0
BRDA:54,6,0,0
BRDA:54,6,1,0
BRDA:74,7,0,0
BRDA:74,7,1,0
BRDA:108,8,0,0
BRDA:108,8,1,0
BRDA:109,9,0,0
BRDA:109,9,1,0
BRDA:121,10,0,0
BRDA:121,10,1,0
BRDA:123,11,0,0
BRDA:123,11,1,0
BRDA:125,12,0,0
BRDA:125,12,1,0
BRDA:126,13,0,0
BRDA:126,13,1,0
BRDA:139,14,0,0
BRDA:139,14,1,0
BRDA:141,15,0,0
BRDA:141,15,1,0
BRDA:143,16,0,0
BRDA:143,16,1,0
BRDA:144,17,0,0
BRDA:144,17,1,0
BRDA:157,18,0,0
BRDA:157,18,1,0
BRDA:159,19,0,0
BRDA:159,19,1,0
BRDA:161,20,0,0
BRDA:161,20,1,0
BRDA:162,21,0,0
BRDA:162,21,1,0
BRF:42
BRH:2
end_of_record
TN:
SF:/Users/kushanjoshi/code/open/idly-mono/packages/idly-graph/src/worker/parsing/wayToFeature.ts
FN:11,wayCombiner
FN:22,getCoordsFromTable
FN:23,(anonymous_2)
FN:36,wayToLineString
FNF:4
FNH:4
FNDA:12,wayCombiner
FNDA:15,getCoordsFromTable
FNDA:25,(anonymous_2)
FNDA:17,wayToLineString
DA:1,4
DA:2,4
DA:3,4
DA:4,4
DA:5,4
DA:14,12
DA:15,12
DA:16,1
DA:18,11
DA:19,11
DA:21,4
DA:23,15
DA:24,25
DA:25,1
DA:26,24
DA:27,24
DA:30,4
DA:37,17
DA:38,11
DA:40,6
DA:41,3
DA:44,3
DA:47,4
LF:23
LH:23
BRDA:15,0,0,1
BRDA:15,0,1,11
BRDA:24,1,0,1
BRDA:24,1,1,24
BRDA:37,2,0,11
BRDA:37,2,1,6
BRDA:40,3,0,3
BRDA:40,3,1,3
BRF:8
BRH:8
end_of_record
TN:
SF:/Users/kushanjoshi/code/open/idly-mono/packages/idly-graph/src/worker/store/manager.ts
FN:2,(anonymous_0)
FN:3,(anonymous_1)
FN:4,fulfilled
FN:5,rejected
FN:6,step
FN:6,(anonymous_5)
FN:22,(anonymous_6)
FN:26,(anonymous_7)
FN:31,(anonymous_8)
FN:39,(anonymous_9)
FN:43,(anonymous_10)
FN:45,(anonymous_11)
FN:48,(anonymous_12)
FN:49,(anonymous_13)
FN:51,(anonymous_14)
FN:52,(anonymous_15)
FN:60,(anonymous_16)
FN:61,(anonymous_17)
FN:83,(anonymous_18)
FN:84,(anonymous_19)
FN:84,(anonymous_20)
FN:86,(anonymous_21)
FN:88,(anonymous_22)
FN:92,(anonymous_23)
FN:98,(anonymous_24)
FN:103,(anonymous_25)
FN:104,(anonymous_26)
FNF:27
FNH:25
FNDA:12,(anonymous_0)
FNDA:12,(anonymous_1)
FNDA:12,fulfilled
FNDA:0,rejected
FNDA:24,step
FNDA:12,(anonymous_5)
FNDA:4,(anonymous_6)
FNDA:4,(anonymous_7)
FNDA:4,(anonymous_8)
FNDA:4,(anonymous_9)
FNDA:4,(anonymous_10)
FNDA:4,(anonymous_11)
FNDA:6,(anonymous_12)
FNDA:6,(anonymous_13)
FNDA:2,(anonymous_14)
FNDA:2,(anonymous_15)
FNDA:6,(anonymous_16)
FNDA:6,(anonymous_17)
FNDA:4,(anonymous_18)
FNDA:80,(anonymous_19)
FNDA:80,(anonymous_20)
FNDA:80,(anonymous_21)
FNDA:80,(anonymous_22)
FNDA:80,(anonymous_23)
FNDA:0,(anonymous_24)
FNDA:4,(anonymous_25)
FNDA:4,(anonymous_26)
DA:1,3
DA:2,3
DA:3,12
DA:4,12
DA:5,0
DA:6,24
DA:7,12
DA:10,3
DA:11,3
DA:12,3
DA:13,3
DA:14,3
DA:15,3
DA:16,3
DA:17,3
DA:18,3
DA:19,3
DA:23,4
DA:24,4
DA:25,4
DA:26,4
DA:27,4
DA:28,0
DA:29,0
DA:31,4
DA:32,4
DA:33,4
DA:34,0
DA:35,4
DA:40,4
DA:41,4
DA:42,4
DA:43,4
DA:46,4
DA:47,4
DA:48,6
DA:49,6
DA:52,2
DA:53,2
DA:54,2
DA:55,2
DA:56,2
DA:57,2
DA:61,6
DA:62,6
DA:63,6
DA:64,6
DA:65,6
DA:66,6
DA:67,6
DA:68,24
DA:69,0
DA:72,24
DA:76,6
DA:77,24
DA:79,6
DA:80,6
DA:84,80
DA:87,80
DA:89,80
DA:90,80
DA:93,80
DA:94,80
DA:95,80
DA:96,80
DA:99,0
DA:100,0
DA:104,4
DA:105,4
DA:106,4
DA:107,4
DA:108,4
DA:109,4
DA:110,4
DA:111,4
DA:112,4
DA:115,0
DA:120,3
LF:78
LH:70
BRDA:2,0,0,3
BRDA:2,0,1,3
BRDA:2,0,2,3
BRDA:3,1,0,12
BRDA:3,1,1,12
BRDA:6,2,0,12
BRDA:6,2,1,12
BRDA:7,3,0,12
BRDA:7,3,1,12
BRDA:27,4,0,0
BRDA:27,4,1,4
BRDA:33,5,0,0
BRDA:33,5,1,4
BRDA:33,6,0,4
BRDA:33,6,1,4
BRDA:33,6,2,4
BRDA:68,7,0,0
BRDA:68,7,1,24
BRF:18
BRH:15
end_of_record
TN:
SF:/Users/kushanjoshi/code/open/idly-mono/packages/idly-graph/src/worker/store/rbush.ts
FN:6,(anonymous_0)
FN:9,(anonymous_1)
FN:22,(anonymous_2)
FNF:3
FNH:3
FNDA:4,(anonymous_0)
FNDA:80,(anonymous_1)
FNDA:4,(anonymous_2)
DA:1,3
DA:2,3
DA:3,3
DA:4,3
DA:7,4
DA:10,80
DA:11,80
DA:18,80
DA:23,4
DA:31,3
LF:10
LH:10
BRF:0
BRH:0
end_of_record
TN:
SF:/Users/kushanjoshi/code/open/idly-mono/packages/idly-graph/src/worker/store/tilesCache.ts
FN:9,(anonymous_0)
FN:13,(anonymous_1)
FN:16,(anonymous_2)
FN:19,(anonymous_3)
FN:23,(anonymous_4)
FN:28,(anonymous_5)
FN:32,(anonymous_6)
FN:35,(anonymous_7)
FN:35,(anonymous_8)
FN:40,(anonymous_9)
FNF:10
FNH:9
FNDA:4,(anonymous_0)
FNDA:240,(anonymous_1)
FNDA:0,(anonymous_2)
FNDA:80,(anonymous_3)
FNDA:80,(anonymous_4)
FNDA:80,(anonymous_5)
FNDA:4,(anonymous_6)
FNDA:80,(anonymous_7)
FNDA:80,(anonymous_8)
FNDA:80,(anonymous_9)
DA:1,3
DA:2,3
DA:3,3
DA:4,3
DA:6,3
DA:7,3
DA:10,4
DA:11,4
DA:14,240
DA:17,0
DA:20,80
DA:21,80
DA:24,80
DA:25,80
DA:26,80
DA:29,80
DA:30,80
DA:33,4
DA:34,4
DA:35,80
DA:36,80
DA:37,80
DA:39,4
DA:40,80
DA:43,3
LF:25
LH:24
BRDA:30,0,0,80
BRDA:30,0,1,0
BRDA:33,1,0,4
BRDA:33,1,1,0
BRF:4
BRH:2
end_of_record
TN:
SF:/Users/kushanjoshi/code/open/idly-mono/packages/idly-graph/src/worker/util/recursiveLookup.ts
FN:4,recursiveLookup
FN:12,(anonymous_1)
FN:18,(anonymous_2)
FN:25,(anonymous_3)
FNF:4
FNH:2
FNDA:6,recursiveLookup
FNDA:4,(anonymous_1)
FNDA:0,(anonymous_2)
FNDA:0,(anonymous_3)
DA:1,3
DA:2,3
DA:3,3
DA:5,6
DA:6,0
DA:7,6
DA:8,6
DA:9,4
DA:11,2
DA:12,4
DA:13,2
DA:14,2
DA:17,0
DA:19,0
DA:20,0
DA:21,0
DA:23,0
DA:25,0
DA:26,0
DA:27,0
DA:30,3
LF:21
LH:12
BRDA:5,0,0,0
BRDA:5,0,1,6
BRDA:8,1,0,4
BRDA:8,1,1,2
BRDA:11,2,0,2
BRDA:11,2,1,0
BRDA:19,3,0,0
BRDA:19,3,1,0
BRF:8
BRH:4
end_of_record
