<?xml version="1.0" encoding="UTF-8"?>
<coverage generated="1500495193024" clover="3.2.0">
  <project timestamp="1500495193024" name="All files">
    <metrics statements="72" coveredstatements="69" conditionals="2" coveredconditionals="2" methods="21" coveredmethods="18" elements="95" coveredelements="89" complexity="0" loc="72" ncloc="72" packages="4" files="7" classes="7">
      <package name="entities">
        <metrics statements="30" coveredstatements="27" conditionals="0" coveredconditionals="0" methods="6" coveredmethods="3"/>
        <file name="node.ts" path="/Users/kepta/code/open/idly/src/osm/entities/node.ts">
          <metrics statements="10" coveredstatements="9" conditionals="0" coveredconditionals="0" methods="2" coveredmethods="1"/>
          <line num="1" count="3" type="stmt"/>
          <line num="2" count="3" type="stmt"/>
          <line num="3" count="3" type="stmt"/>
          <line num="4" count="3" type="stmt"/>
          <line num="5" count="3" type="stmt"/>
          <line num="6" count="3" type="stmt"/>
          <line num="15" count="0" type="stmt"/>
          <line num="18" count="3" type="stmt"/>
          <line num="20" count="20" type="stmt"/>
          <line num="22" count="3" type="stmt"/>
        </file>
        <file name="relation.ts" path="/Users/kepta/code/open/idly/src/osm/entities/relation.ts">
          <metrics statements="10" coveredstatements="9" conditionals="0" coveredconditionals="0" methods="2" coveredmethods="1"/>
          <line num="1" count="3" type="stmt"/>
          <line num="2" count="3" type="stmt"/>
          <line num="3" count="3" type="stmt"/>
          <line num="5" count="3" type="stmt"/>
          <line num="6" count="3" type="stmt"/>
          <line num="7" count="3" type="stmt"/>
          <line num="16" count="0" type="stmt"/>
          <line num="19" count="3" type="stmt"/>
          <line num="21" count="16" type="stmt"/>
          <line num="23" count="3" type="stmt"/>
        </file>
        <file name="way.ts" path="/Users/kepta/code/open/idly/src/osm/entities/way.ts">
          <metrics statements="10" coveredstatements="9" conditionals="0" coveredconditionals="0" methods="2" coveredmethods="1"/>
          <line num="1" count="3" type="stmt"/>
          <line num="2" count="3" type="stmt"/>
          <line num="3" count="3" type="stmt"/>
          <line num="4" count="3" type="stmt"/>
          <line num="5" count="3" type="stmt"/>
          <line num="7" count="3" type="stmt"/>
          <line num="16" count="0" type="stmt"/>
          <line num="19" count="3" type="stmt"/>
          <line num="21" count="13" type="stmt"/>
          <line num="23" count="3" type="stmt"/>
        </file>
      </package>
      <package name="history">
        <metrics statements="15" coveredstatements="15" conditionals="2" coveredconditionals="2" methods="6" coveredmethods="6"/>
        <file name="graph.ts" path="/Users/kepta/code/open/idly/src/osm/history/graph.ts">
          <metrics statements="15" coveredstatements="15" conditionals="2" coveredconditionals="2" methods="6" coveredmethods="6"/>
          <line num="1" count="2" type="stmt"/>
          <line num="2" count="2" type="stmt"/>
          <line num="3" count="2" type="stmt"/>
          <line num="4" count="2" type="stmt"/>
          <line num="5" count="2" type="stmt"/>
          <line num="12" count="15" type="stmt"/>
          <line num="15" count="2" type="stmt"/>
          <line num="17" count="19" type="cond" truecount="1" falsecount="0"/>
          <line num="18" count="57" type="stmt"/>
          <line num="19" count="57" type="stmt"/>
          <line num="20" count="57" type="stmt"/>
          <line num="21" count="49" type="stmt"/>
          <line num="25" count="49" type="stmt"/>
          <line num="26" count="19" type="stmt"/>
          <line num="32" count="2" type="stmt"/>
        </file>
      </package>
      <package name="modifiers">
        <metrics statements="15" coveredstatements="15" conditionals="0" coveredconditionals="0" methods="7" coveredmethods="7"/>
        <file name="graph.modifiers.ts" path="/Users/kepta/code/open/idly/src/osm/history/helpers.ts">
          <metrics statements="15" coveredstatements="15" conditionals="0" coveredconditionals="0" methods="7" coveredmethods="7"/>
          <line num="1" count="1" type="stmt"/>
          <line num="2" count="1" type="stmt"/>
          <line num="3" count="1" type="stmt"/>
          <line num="5" count="6" type="stmt"/>
          <line num="7" count="1" type="stmt"/>
          <line num="9" count="3" type="stmt"/>
          <line num="10" count="9" type="stmt"/>
          <line num="11" count="3" type="stmt"/>
          <line num="13" count="1" type="stmt"/>
          <line num="15" count="2" type="stmt"/>
          <line num="16" count="2" type="stmt"/>
          <line num="17" count="4" type="stmt"/>
          <line num="21" count="1" type="stmt"/>
          <line num="23" count="3" type="stmt"/>
          <line num="25" count="1" type="stmt"/>
        </file>
      </package>
      <package name="others">
        <metrics statements="12" coveredstatements="12" conditionals="0" coveredconditionals="0" methods="2" coveredmethods="2"/>
        <file name="properties.ts" path="/Users/kepta/code/open/idly/src/osm/others/properties.ts">
          <metrics statements="7" coveredstatements="7" conditionals="0" coveredconditionals="0" methods="1" coveredmethods="1"/>
          <line num="1" count="5" type="stmt"/>
          <line num="2" count="5" type="stmt"/>
          <line num="3" count="5" type="stmt"/>
          <line num="4" count="5" type="stmt"/>
          <line num="14" count="5" type="stmt"/>
          <line num="16" count="10" type="stmt"/>
          <line num="18" count="5" type="stmt"/>
        </file>
        <file name="tags.ts" path="/Users/kepta/code/open/idly/src/osm/others/tags.ts">
          <metrics statements="5" coveredstatements="5" conditionals="0" coveredconditionals="0" methods="1" coveredmethods="1"/>
          <line num="1" count="5" type="stmt"/>
          <line num="2" count="5" type="stmt"/>
          <line num="3" count="5" type="stmt"/>
          <line num="5" count="9" type="stmt"/>
          <line num="7" count="5" type="stmt"/>
        </file>
      </package>
    </metrics>
  </project>
</coverage>
