<?xml version="1.0" encoding="UTF-8"?>
<coverage generated="1517755587246" clover="3.2.0">
  <project timestamp="1517755587246" name="All files">
    <metrics statements="699" coveredstatements="574" conditionals="295" coveredconditionals="174" methods="199" coveredmethods="127" elements="1193" coveredelements="875" complexity="0" loc="699" ncloc="699" packages="12" files="37" classes="37">
      <package name="geo">
        <metrics statements="6" coveredstatements="6" conditionals="2" coveredconditionals="2" methods="1" coveredmethods="1"/>
        <file name="lngLatFactory.ts" path="/Users/kushanjoshi/code/open/idly-mono/packages/idly-common/src/geo/lngLatFactory.ts">
          <metrics statements="6" coveredstatements="6" conditionals="2" coveredconditionals="2" methods="1" coveredmethods="1"/>
          <line num="1" count="8" type="stmt"/>
          <line num="2" count="8" type="stmt"/>
          <line num="4" count="83" type="cond" truecount="2" falsecount="0"/>
          <line num="5" count="82" type="stmt"/>
          <line num="7" count="1" type="stmt"/>
          <line num="9" count="8" type="stmt"/>
        </file>
      </package>
      <package name="geojson">
        <metrics statements="64" coveredstatements="54" conditionals="25" coveredconditionals="16" methods="10" coveredmethods="8"/>
        <file name="entityToGeojson.ts" path="/Users/kushanjoshi/code/open/idly-mono/packages/idly-common/src/geojson/entityToGeojson.ts">
          <metrics statements="35" coveredstatements="25" conditionals="16" coveredconditionals="8" methods="7" coveredmethods="5"/>
          <line num="1" count="1" type="stmt"/>
          <line num="2" count="1" type="stmt"/>
          <line num="3" count="1" type="stmt"/>
          <line num="4" count="1" type="stmt"/>
          <line num="7" count="0" type="stmt"/>
          <line num="8" count="0" type="stmt"/>
          <line num="9" count="0" type="cond" truecount="0" falsecount="2"/>
          <line num="10" count="0" type="stmt"/>
          <line num="12" count="0" type="cond" truecount="0" falsecount="2"/>
          <line num="13" count="0" type="stmt"/>
          <line num="15" count="0" type="cond" truecount="0" falsecount="2"/>
          <line num="16" count="0" type="stmt"/>
          <line num="18" count="0" type="cond" truecount="0" falsecount="2"/>
          <line num="22" count="0" type="stmt"/>
          <line num="24" count="1" type="stmt"/>
          <line num="26" count="3" type="stmt"/>
          <line num="36" count="1" type="stmt"/>
          <line num="40" count="3" type="stmt"/>
          <line num="41" count="3" type="cond" truecount="2" falsecount="0"/>
          <line num="42" count="1" type="stmt"/>
          <line num="44" count="2" type="stmt"/>
          <line num="45" count="2" type="stmt"/>
          <line num="47" count="1" type="stmt"/>
          <line num="49" count="6" type="stmt"/>
          <line num="50" count="9" type="cond" truecount="2" falsecount="0"/>
          <line num="51" count="1" type="stmt"/>
          <line num="53" count="8" type="stmt"/>
          <line num="54" count="8" type="stmt"/>
          <line num="57" count="1" type="stmt"/>
          <line num="64" count="8" type="cond" truecount="2" falsecount="0"/>
          <line num="65" count="2" type="stmt"/>
          <line num="67" count="6" type="cond" truecount="2" falsecount="0"/>
          <line num="68" count="3" type="stmt"/>
          <line num="71" count="3" type="stmt"/>
          <line num="74" count="1" type="stmt"/>
        </file>
        <file name="nodeProps.ts" path="/Users/kushanjoshi/code/open/idly-mono/packages/idly-common/src/geojson/nodeProps.ts">
          <metrics statements="11" coveredstatements="11" conditionals="3" coveredconditionals="3" methods="2" coveredmethods="2"/>
          <line num="1" count="1" type="stmt"/>
          <line num="2" count="1" type="stmt"/>
          <line num="3" count="1" type="stmt"/>
          <line num="4" count="1" type="stmt"/>
          <line num="5" count="1" type="stmt"/>
          <line num="6" count="1" type="stmt"/>
          <line num="7" count="1" type="stmt"/>
          <line num="8" count="1" type="stmt"/>
          <line num="10" count="1" type="stmt"/>
          <line num="11" count="4" type="stmt"/>
          <line num="12" count="4" type="stmt"/>
        </file>
        <file name="presetMatch.ts" path="/Users/kushanjoshi/code/open/idly-mono/packages/idly-common/src/geojson/presetMatch.ts">
          <metrics statements="5" coveredstatements="5" conditionals="0" coveredconditionals="0" methods="0" coveredmethods="0"/>
          <line num="1" count="2" type="stmt"/>
          <line num="2" count="2" type="stmt"/>
          <line num="3" count="2" type="stmt"/>
          <line num="4" count="2" type="stmt"/>
          <line num="5" count="2" type="stmt"/>
        </file>
        <file name="wayProps.ts" path="/Users/kushanjoshi/code/open/idly-mono/packages/idly-common/src/geojson/wayProps.ts">
          <metrics statements="13" coveredstatements="13" conditionals="6" coveredconditionals="5" methods="1" coveredmethods="1"/>
          <line num="1" count="1" type="stmt"/>
          <line num="2" count="1" type="stmt"/>
          <line num="3" count="1" type="stmt"/>
          <line num="4" count="1" type="stmt"/>
          <line num="5" count="1" type="stmt"/>
          <line num="6" count="1" type="stmt"/>
          <line num="7" count="1" type="stmt"/>
          <line num="8" count="1" type="stmt"/>
          <line num="9" count="1" type="stmt"/>
          <line num="10" count="2" type="cond" truecount="1" falsecount="1"/>
          <line num="11" count="2" type="stmt"/>
          <line num="12" count="2" type="stmt"/>
          <line num="13" count="2" type="stmt"/>
        </file>
      </package>
      <package name="misc">
        <metrics statements="45" coveredstatements="44" conditionals="13" coveredconditionals="11" methods="9" coveredmethods="9"/>
        <file name="deepFreeze.ts" path="/Users/kushanjoshi/code/open/idly-mono/packages/idly-common/src/misc/deepFreeze.ts">
          <metrics statements="11" coveredstatements="11" conditionals="7" coveredconditionals="7" methods="2" coveredmethods="2"/>
          <line num="1" count="12" type="stmt"/>
          <line num="2" count="12" type="stmt"/>
          <line num="4" count="476" type="cond" truecount="2" falsecount="0"/>
          <line num="5" count="92" type="stmt"/>
          <line num="8" count="384" type="stmt"/>
          <line num="10" count="384" type="stmt"/>
          <line num="11" count="1406" type="stmt"/>
          <line num="13" count="1406" type="cond" truecount="4" falsecount="0"/>
          <line num="14" count="288" type="stmt"/>
          <line num="18" count="384" type="stmt"/>
          <line num="20" count="12" type="stmt"/>
        </file>
        <file name="isImmutableList.ts" path="/Users/kushanjoshi/code/open/idly-mono/packages/idly-common/src/misc/isImmutableList.ts">
          <metrics statements="5" coveredstatements="5" conditionals="0" coveredconditionals="0" methods="1" coveredmethods="1"/>
          <line num="1" count="1" type="stmt"/>
          <line num="2" count="1" type="stmt"/>
          <line num="3" count="1" type="stmt"/>
          <line num="5" count="2" type="stmt"/>
          <line num="7" count="1" type="stmt"/>
        </file>
        <file name="sortObjectKeys.ts" path="/Users/kushanjoshi/code/open/idly-mono/packages/idly-common/src/misc/sortObjectKeys.ts">
          <metrics statements="5" coveredstatements="5" conditionals="0" coveredconditionals="0" methods="2" coveredmethods="2"/>
          <line num="1" count="11" type="stmt"/>
          <line num="2" count="11" type="stmt"/>
          <line num="4" count="253" type="stmt"/>
          <line num="6" count="257" type="stmt"/>
          <line num="8" count="11" type="stmt"/>
        </file>
        <file name="weakCache.ts" path="/Users/kushanjoshi/code/open/idly-mono/packages/idly-common/src/misc/weakCache.ts">
          <metrics statements="24" coveredstatements="23" conditionals="6" coveredconditionals="4" methods="4" coveredmethods="4"/>
          <line num="1" count="9" type="stmt"/>
          <line num="2" count="9" type="stmt"/>
          <line num="8" count="15" type="stmt"/>
          <line num="9" count="15" type="stmt"/>
          <line num="10" count="86" type="stmt"/>
          <line num="11" count="86" type="cond" truecount="2" falsecount="0"/>
          <line num="12" count="36" type="stmt"/>
          <line num="14" count="50" type="stmt"/>
          <line num="15" count="50" type="stmt"/>
          <line num="16" count="50" type="stmt"/>
          <line num="19" count="9" type="stmt"/>
          <line num="22" count="1" type="stmt"/>
          <line num="23" count="1" type="stmt"/>
          <line num="24" count="1" type="stmt"/>
          <line num="25" count="1" type="cond" truecount="1" falsecount="1"/>
          <line num="26" count="1" type="stmt"/>
          <line num="27" count="1" type="stmt"/>
          <line num="29" count="1" type="stmt"/>
          <line num="30" count="1" type="cond" truecount="1" falsecount="1"/>
          <line num="31" count="0" type="stmt"/>
          <line num="33" count="1" type="stmt"/>
          <line num="34" count="1" type="stmt"/>
          <line num="35" count="1" type="stmt"/>
          <line num="38" count="9" type="stmt"/>
        </file>
      </package>
      <package name="osm">
        <metrics statements="102" coveredstatements="79" conditionals="41" coveredconditionals="19" methods="17" coveredmethods="12"/>
        <file name="entityFromString.ts" path="/Users/kushanjoshi/code/open/idly-mono/packages/idly-common/src/osm/entityFromString.ts">
          <metrics statements="22" coveredstatements="19" conditionals="8" coveredconditionals="5" methods="3" coveredmethods="3"/>
          <line num="1" count="5" type="stmt"/>
          <line num="2" count="5" type="stmt"/>
          <line num="3" count="5" type="stmt"/>
          <line num="4" count="5" type="stmt"/>
          <line num="5" count="5" type="stmt"/>
          <line num="6" count="5" type="stmt"/>
          <line num="8" count="5" type="stmt"/>
          <line num="9" count="5" type="stmt"/>
          <line num="10" count="92" type="cond" truecount="2" falsecount="0"/>
          <line num="11" count="49" type="stmt"/>
          <line num="13" count="43" type="stmt"/>
          <line num="14" count="43" type="stmt"/>
          <line num="15" count="43" type="stmt"/>
          <line num="18" count="5" type="stmt"/>
          <line num="19" count="5" type="stmt"/>
          <line num="21" count="43" type="cond" truecount="1" falsecount="1"/>
          <line num="22" count="0" type="stmt"/>
          <line num="24" count="43" type="cond" truecount="2" falsecount="2"/>
          <line num="26" count="37" type="stmt"/>
          <line num="28" count="6" type="stmt"/>
          <line num="30" count="0" type="stmt"/>
          <line num="32" count="0" type="stmt"/>
        </file>
        <file name="entityTableGen.ts" path="/Users/kushanjoshi/code/open/idly-mono/packages/idly-common/src/osm/entityTableGen.ts">
          <metrics statements="14" coveredstatements="9" conditionals="6" coveredconditionals="3" methods="6" coveredmethods="3"/>
          <line num="1" count="1" type="stmt"/>
          <line num="2" count="1" type="stmt"/>
          <line num="3" count="1" type="stmt"/>
          <line num="4" count="1" type="stmt"/>
          <line num="7" count="2" type="cond" truecount="1" falsecount="1"/>
          <line num="8" count="0" type="stmt"/>
          <line num="9" count="0" type="stmt"/>
          <line num="12" count="2" type="cond" truecount="1" falsecount="1"/>
          <line num="13" count="2" type="stmt"/>
          <line num="14" count="6" type="stmt"/>
          <line num="17" count="0" type="stmt"/>
          <line num="18" count="0" type="stmt"/>
          <line num="19" count="0" type="stmt"/>
          <line num="23" count="1" type="stmt"/>
        </file>
        <file name="entityToString.ts" path="/Users/kushanjoshi/code/open/idly-mono/packages/idly-common/src/osm/entityToString.ts">
          <metrics statements="17" coveredstatements="14" conditionals="3" coveredconditionals="2" methods="2" coveredmethods="1"/>
          <line num="1" count="5" type="stmt"/>
          <line num="2" count="5" type="stmt"/>
          <line num="3" count="5" type="stmt"/>
          <line num="4" count="5" type="stmt"/>
          <line num="5" count="5" type="stmt"/>
          <line num="6" count="5" type="stmt"/>
          <line num="7" count="5" type="stmt"/>
          <line num="12" count="92" type="cond" truecount="2" falsecount="1"/>
          <line num="14" count="83" type="stmt"/>
          <line num="15" count="83" type="stmt"/>
          <line num="18" count="9" type="stmt"/>
          <line num="19" count="9" type="stmt"/>
          <line num="22" count="0" type="stmt"/>
          <line num="23" count="0" type="stmt"/>
          <line num="26" count="92" type="stmt"/>
          <line num="30" count="0" type="stmt"/>
          <line num="32" count="5" type="stmt"/>
        </file>
        <file name="findInAreaKeys.ts" path="/Users/kushanjoshi/code/open/idly-mono/packages/idly-common/src/osm/findInAreaKeys.ts">
          <metrics statements="15" coveredstatements="6" conditionals="10" coveredconditionals="0" methods="1" coveredmethods="0"/>
          <line num="1" count="1" type="stmt"/>
          <line num="2" count="1" type="stmt"/>
          <line num="3" count="1" type="stmt"/>
          <line num="7" count="1" type="stmt"/>
          <line num="20" count="1" type="stmt"/>
          <line num="22" count="0" type="stmt"/>
          <line num="23" count="0" type="stmt"/>
          <line num="24" count="0" type="cond" truecount="0" falsecount="2"/>
          <line num="25" count="0" type="stmt"/>
          <line num="27" count="0" type="cond" truecount="0" falsecount="4"/>
          <line num="29" count="0" type="stmt"/>
          <line num="31" count="0" type="cond" truecount="0" falsecount="4"/>
          <line num="33" count="0" type="stmt"/>
          <line num="36" count="0" type="stmt"/>
          <line num="38" count="1" type="stmt"/>
        </file>
        <file name="getNodeGeometry.ts" path="/Users/kushanjoshi/code/open/idly-mono/packages/idly-common/src/osm/getNodeGeometry.ts">
          <metrics statements="7" coveredstatements="6" conditionals="2" coveredconditionals="1" methods="1" coveredmethods="1"/>
          <line num="1" count="1" type="stmt"/>
          <line num="2" count="1" type="stmt"/>
          <line num="3" count="1" type="stmt"/>
          <line num="5" count="1" type="cond" truecount="1" falsecount="1"/>
          <line num="6" count="1" type="stmt"/>
          <line num="8" count="0" type="stmt"/>
          <line num="10" count="1" type="stmt"/>
        </file>
        <file name="isArea.ts" path="/Users/kushanjoshi/code/open/idly-mono/packages/idly-common/src/osm/isArea.ts">
          <metrics statements="11" coveredstatements="9" conditionals="6" coveredconditionals="3" methods="1" coveredmethods="1"/>
          <line num="1" count="1" type="stmt"/>
          <line num="2" count="1" type="stmt"/>
          <line num="3" count="1" type="stmt"/>
          <line num="4" count="1" type="stmt"/>
          <line num="5" count="1" type="stmt"/>
          <line num="6" count="1" type="stmt"/>
          <line num="7" count="2" type="cond" truecount="1" falsecount="1"/>
          <line num="8" count="0" type="stmt"/>
          <line num="10" count="2" type="cond" truecount="2" falsecount="2"/>
          <line num="11" count="2" type="stmt"/>
          <line num="13" count="0" type="stmt"/>
        </file>
        <file name="isClosed.ts" path="/Users/kushanjoshi/code/open/idly-mono/packages/idly-common/src/osm/isClosed.ts">
          <metrics statements="4" coveredstatements="4" conditionals="2" coveredconditionals="1" methods="1" coveredmethods="1"/>
          <line num="1" count="1" type="stmt"/>
          <line num="2" count="1" type="stmt"/>
          <line num="4" count="2" type="cond" truecount="1" falsecount="1"/>
          <line num="6" count="1" type="stmt"/>
        </file>
        <file name="structures.ts" path="/Users/kushanjoshi/code/open/idly-mono/packages/idly-common/src/osm/structures.ts">
          <metrics statements="12" coveredstatements="12" conditionals="4" coveredconditionals="4" methods="2" coveredmethods="2"/>
          <line num="1" count="11" type="stmt"/>
          <line num="2" count="11" type="stmt"/>
          <line num="4" count="11" type="stmt"/>
          <line num="5" count="11" type="stmt"/>
          <line num="6" count="11" type="stmt"/>
          <line num="7" count="11" type="stmt"/>
          <line num="8" count="11" type="stmt"/>
          <line num="9" count="11" type="stmt"/>
          <line num="12" count="11" type="stmt"/>
          <line num="13" count="11" type="stmt"/>
          <line num="14" count="11" type="stmt"/>
          <line num="15" count="11" type="stmt"/>
        </file>
      </package>
      <package name="osm.compareEntities">
        <metrics statements="50" coveredstatements="43" conditionals="34" coveredconditionals="27" methods="3" coveredmethods="3"/>
        <file name="compareNode.ts" path="/Users/kushanjoshi/code/open/idly-mono/packages/idly-common/src/osm/compareEntities/compareNode.ts">
          <metrics statements="17" coveredstatements="14" conditionals="14" coveredconditionals="11" methods="1" coveredmethods="1"/>
          <line num="1" count="1" type="stmt"/>
          <line num="2" count="1" type="stmt"/>
          <line num="3" count="1" type="stmt"/>
          <line num="5" count="12" type="cond" truecount="2" falsecount="0"/>
          <line num="6" count="1" type="stmt"/>
          <line num="8" count="11" type="cond" truecount="1" falsecount="1"/>
          <line num="9" count="0" type="stmt"/>
          <line num="11" count="11" type="cond" truecount="4" falsecount="0"/>
          <line num="13" count="3" type="stmt"/>
          <line num="15" count="8" type="cond" truecount="2" falsecount="0"/>
          <line num="16" count="4" type="stmt"/>
          <line num="18" count="4" type="cond" truecount="1" falsecount="1"/>
          <line num="19" count="0" type="stmt"/>
          <line num="21" count="4" type="cond" truecount="1" falsecount="1"/>
          <line num="22" count="0" type="stmt"/>
          <line num="24" count="4" type="stmt"/>
          <line num="26" count="1" type="stmt"/>
        </file>
        <file name="compareTags.ts" path="/Users/kushanjoshi/code/open/idly-mono/packages/idly-common/src/osm/compareEntities/compareTags.ts">
          <metrics statements="13" coveredstatements="13" conditionals="6" coveredconditionals="6" methods="1" coveredmethods="1"/>
          <line num="1" count="3" type="stmt"/>
          <line num="2" count="3" type="stmt"/>
          <line num="5" count="26" type="cond" truecount="2" falsecount="0"/>
          <line num="6" count="1" type="stmt"/>
          <line num="8" count="25" type="stmt"/>
          <line num="9" count="25" type="stmt"/>
          <line num="10" count="25" type="cond" truecount="2" falsecount="0"/>
          <line num="11" count="3" type="stmt"/>
          <line num="14" count="22" type="stmt"/>
          <line num="15" count="76" type="cond" truecount="2" falsecount="0"/>
          <line num="16" count="5" type="stmt"/>
          <line num="19" count="17" type="stmt"/>
          <line num="21" count="3" type="stmt"/>
        </file>
        <file name="compareWay.ts" path="/Users/kushanjoshi/code/open/idly-mono/packages/idly-common/src/osm/compareEntities/compareWay.ts">
          <metrics statements="20" coveredstatements="16" conditionals="14" coveredconditionals="10" methods="1" coveredmethods="1"/>
          <line num="1" count="1" type="stmt"/>
          <line num="2" count="1" type="stmt"/>
          <line num="3" count="1" type="stmt"/>
          <line num="5" count="8" type="cond" truecount="1" falsecount="1"/>
          <line num="6" count="0" type="stmt"/>
          <line num="8" count="8" type="cond" truecount="1" falsecount="1"/>
          <line num="9" count="0" type="stmt"/>
          <line num="11" count="8" type="cond" truecount="2" falsecount="0"/>
          <line num="12" count="2" type="stmt"/>
          <line num="14" count="6" type="stmt"/>
          <line num="15" count="10" type="cond" truecount="2" falsecount="0"/>
          <line num="16" count="2" type="stmt"/>
          <line num="19" count="4" type="cond" truecount="2" falsecount="0"/>
          <line num="20" count="1" type="stmt"/>
          <line num="22" count="3" type="cond" truecount="1" falsecount="1"/>
          <line num="23" count="0" type="stmt"/>
          <line num="25" count="3" type="cond" truecount="1" falsecount="1"/>
          <line num="26" count="0" type="stmt"/>
          <line num="28" count="3" type="stmt"/>
          <line num="30" count="1" type="stmt"/>
        </file>
      </package>
      <package name="osm.entityFactory">
        <metrics statements="35" coveredstatements="34" conditionals="14" coveredconditionals="10" methods="5" coveredmethods="4"/>
        <file name="attributesFactory.ts" path="/Users/kushanjoshi/code/open/idly-mono/packages/idly-common/src/osm/entityFactory/attributesFactory.ts">
          <metrics statements="4" coveredstatements="4" conditionals="1" coveredconditionals="1" methods="1" coveredmethods="1"/>
          <line num="1" count="11" type="stmt"/>
          <line num="2" count="11" type="stmt"/>
          <line num="4" count="300" type="stmt"/>
          <line num="13" count="11" type="stmt"/>
        </file>
        <file name="nodeFactory.ts" path="/Users/kushanjoshi/code/open/idly-mono/packages/idly-common/src/osm/entityFactory/nodeFactory.ts">
          <metrics statements="9" coveredstatements="9" conditionals="4" coveredconditionals="4" methods="1" coveredmethods="1"/>
          <line num="1" count="8" type="stmt"/>
          <line num="2" count="8" type="stmt"/>
          <line num="3" count="8" type="stmt"/>
          <line num="4" count="8" type="stmt"/>
          <line num="5" count="8" type="stmt"/>
          <line num="6" count="8" type="stmt"/>
          <line num="7" count="8" type="stmt"/>
          <line num="9" count="153" type="stmt"/>
          <line num="17" count="8" type="stmt"/>
        </file>
        <file name="relationFactory.ts" path="/Users/kushanjoshi/code/open/idly-mono/packages/idly-common/src/osm/entityFactory/relationFactory.ts">
          <metrics statements="8" coveredstatements="7" conditionals="4" coveredconditionals="0" methods="1" coveredmethods="0"/>
          <line num="1" count="5" type="stmt"/>
          <line num="2" count="5" type="stmt"/>
          <line num="3" count="5" type="stmt"/>
          <line num="4" count="5" type="stmt"/>
          <line num="5" count="5" type="stmt"/>
          <line num="6" count="5" type="stmt"/>
          <line num="8" count="0" type="stmt"/>
          <line num="16" count="5" type="stmt"/>
        </file>
        <file name="tagsFactory.ts" path="/Users/kushanjoshi/code/open/idly-mono/packages/idly-common/src/osm/entityFactory/tagsFactory.ts">
          <metrics statements="6" coveredstatements="6" conditionals="1" coveredconditionals="1" methods="1" coveredmethods="1"/>
          <line num="1" count="11" type="stmt"/>
          <line num="2" count="11" type="stmt"/>
          <line num="3" count="11" type="stmt"/>
          <line num="7" count="11" type="stmt"/>
          <line num="9" count="253" type="stmt"/>
          <line num="11" count="11" type="stmt"/>
        </file>
        <file name="wayFactory.ts" path="/Users/kushanjoshi/code/open/idly-mono/packages/idly-common/src/osm/entityFactory/wayFactory.ts">
          <metrics statements="8" coveredstatements="8" conditionals="4" coveredconditionals="4" methods="1" coveredmethods="1"/>
          <line num="1" count="8" type="stmt"/>
          <line num="2" count="8" type="stmt"/>
          <line num="3" count="8" type="stmt"/>
          <line num="4" count="8" type="stmt"/>
          <line num="5" count="8" type="stmt"/>
          <line num="6" count="8" type="stmt"/>
          <line num="8" count="35" type="stmt"/>
          <line num="16" count="8" type="stmt"/>
        </file>
      </package>
      <package name="state.actions.entity">
        <metrics statements="16" coveredstatements="14" conditionals="6" coveredconditionals="5" methods="4" coveredmethods="3"/>
        <file name="createEntity.ts" path="/Users/kushanjoshi/code/open/idly-mono/packages/idly-common/src/state/actions/entity/createEntity.ts">
          <metrics statements="16" coveredstatements="14" conditionals="6" coveredconditionals="5" methods="4" coveredmethods="3"/>
          <line num="1" count="5" type="stmt"/>
          <line num="2" count="5" type="stmt"/>
          <line num="3" count="5" type="stmt"/>
          <line num="4" count="5" type="stmt"/>
          <line num="6" count="92" type="cond" truecount="2" falsecount="0"/>
          <line num="7" count="4" type="stmt"/>
          <line num="9" count="92" type="cond" truecount="3" falsecount="1"/>
          <line num="10" count="0" type="stmt"/>
          <line num="12" count="92" type="stmt"/>
          <line num="14" count="5" type="stmt"/>
          <line num="16" count="54" type="stmt"/>
          <line num="18" count="5" type="stmt"/>
          <line num="20" count="6" type="stmt"/>
          <line num="22" count="5" type="stmt"/>
          <line num="24" count="0" type="stmt"/>
          <line num="26" count="5" type="stmt"/>
        </file>
      </package>
      <package name="state.actions.tree">
        <metrics statements="26" coveredstatements="26" conditionals="8" coveredconditionals="8" methods="7" coveredmethods="7"/>
        <file name="changeTags.ts" path="/Users/kushanjoshi/code/open/idly-mono/packages/idly-common/src/state/actions/tree/changeTags.ts">
          <metrics statements="7" coveredstatements="7" conditionals="0" coveredconditionals="0" methods="3" coveredmethods="3"/>
          <line num="1" count="1" type="stmt"/>
          <line num="2" count="1" type="stmt"/>
          <line num="3" count="1" type="stmt"/>
          <line num="5" count="1" type="stmt"/>
          <line num="6" count="1" type="stmt"/>
          <line num="7" count="1" type="stmt"/>
          <line num="10" count="1" type="stmt"/>
        </file>
        <file name="modifyLeaf.ts" path="/Users/kushanjoshi/code/open/idly-mono/packages/idly-common/src/state/actions/tree/modifyLeaf.ts">
          <metrics statements="19" coveredstatements="19" conditionals="8" coveredconditionals="8" methods="4" coveredmethods="4"/>
          <line num="1" count="3" type="stmt"/>
          <line num="2" count="3" type="stmt"/>
          <line num="3" count="3" type="stmt"/>
          <line num="4" count="3" type="stmt"/>
          <line num="7" count="15" type="stmt"/>
          <line num="8" count="15" type="stmt"/>
          <line num="9" count="15" type="stmt"/>
          <line num="11" count="14" type="stmt"/>
          <line num="12" count="14" type="stmt"/>
          <line num="15" count="3" type="stmt"/>
          <line num="17" count="15" type="cond" truecount="2" falsecount="0"/>
          <line num="18" count="11" type="stmt"/>
          <line num="20" count="4" type="cond" truecount="4" falsecount="0"/>
          <line num="21" count="1" type="stmt"/>
          <line num="23" count="3" type="stmt"/>
          <line num="24" count="3" type="stmt"/>
          <line num="25" count="3" type="stmt"/>
          <line num="27" count="3" type="stmt"/>
          <line num="31" count="7" type="cond" truecount="2" falsecount="0"/>
        </file>
      </package>
      <package name="state.graph">
        <metrics statements="95" coveredstatements="73" conditionals="32" coveredconditionals="21" methods="36" coveredmethods="27"/>
        <file name="Leaf.ts" path="/Users/kushanjoshi/code/open/idly-mono/packages/idly-common/src/state/graph/Leaf.ts">
          <metrics statements="69" coveredstatements="56" conditionals="21" coveredconditionals="14" methods="25" coveredmethods="19"/>
          <line num="1" count="4" type="stmt"/>
          <line num="2" count="4" type="stmt"/>
          <line num="3" count="4" type="stmt"/>
          <line num="4" count="4" type="stmt"/>
          <line num="5" count="4" type="stmt"/>
          <line num="6" count="4" type="stmt"/>
          <line num="9" count="51" type="stmt"/>
          <line num="10" count="51" type="cond" truecount="2" falsecount="0"/>
          <line num="11" count="17" type="stmt"/>
          <line num="13" count="34" type="stmt"/>
          <line num="14" count="34" type="cond" truecount="1" falsecount="1"/>
          <line num="16" count="34" type="stmt"/>
          <line num="18" count="34" type="stmt"/>
          <line num="21" count="1" type="stmt"/>
          <line num="25" count="1" type="stmt"/>
          <line num="27" count="4" type="stmt"/>
          <line num="29" count="1" type="stmt"/>
          <line num="33" count="34" type="stmt"/>
          <line num="34" count="34" type="stmt"/>
          <line num="38" count="43" type="stmt"/>
          <line num="41" count="45" type="stmt"/>
          <line num="47" count="28" type="stmt"/>
          <line num="48" count="28" type="cond" truecount="3" falsecount="1"/>
          <line num="49" count="0" type="stmt"/>
          <line num="51" count="28" type="stmt"/>
          <line num="52" count="28" type="cond" truecount="2" falsecount="0"/>
          <line num="53" count="25" type="stmt"/>
          <line num="55" count="3" type="stmt"/>
          <line num="59" count="7" type="stmt"/>
          <line num="62" count="16" type="stmt"/>
          <line num="65" count="0" type="stmt"/>
          <line num="68" count="1" type="stmt"/>
          <line num="71" count="0" type="stmt"/>
          <line num="74" count="1" type="stmt"/>
          <line num="77" count="4" type="stmt"/>
          <line num="82" count="4" type="stmt"/>
          <line num="83" count="16" type="stmt"/>
          <line num="84" count="16" type="cond" truecount="2" falsecount="0"/>
          <line num="85" count="3" type="stmt"/>
          <line num="87" count="13" type="stmt"/>
          <line num="92" count="4" type="stmt"/>
          <line num="93" count="16" type="stmt"/>
          <line num="94" count="16" type="stmt"/>
          <line num="95" count="16" type="cond" truecount="2" falsecount="0"/>
          <line num="96" count="7" type="stmt"/>
          <line num="98" count="9" type="stmt"/>
          <line num="100" count="19" type="stmt"/>
          <line num="101" count="4" type="stmt"/>
          <line num="102" count="1" type="stmt"/>
          <line num="103" count="1" type="stmt"/>
          <line num="104" count="1" type="cond" truecount="1" falsecount="2"/>
          <line num="107" count="0" type="stmt"/>
          <line num="108" count="0" type="stmt"/>
          <line num="111" count="2" type="stmt"/>
          <line num="112" count="1" type="stmt"/>
          <line num="115" count="0" type="stmt"/>
          <line num="116" count="0" type="cond" truecount="0" falsecount="2"/>
          <line num="117" count="0" type="stmt"/>
          <line num="120" count="0" type="stmt"/>
          <line num="123" count="1" type="stmt"/>
          <line num="125" count="4" type="stmt"/>
          <line num="126" count="0" type="stmt"/>
          <line num="127" count="0" type="stmt"/>
          <line num="129" count="4" type="cond" truecount="1" falsecount="1"/>
          <line num="135" count="19" type="stmt"/>
          <line num="138" count="0" type="stmt"/>
          <line num="140" count="4" type="stmt"/>
          <line num="143" count="0" type="stmt"/>
          <line num="145" count="4" type="stmt"/>
        </file>
        <file name="Tree.ts" path="/Users/kushanjoshi/code/open/idly-mono/packages/idly-common/src/state/graph/Tree.ts">
          <metrics statements="26" coveredstatements="17" conditionals="11" coveredconditionals="7" methods="11" coveredmethods="8"/>
          <line num="1" count="3" type="stmt"/>
          <line num="2" count="3" type="stmt"/>
          <line num="3" count="3" type="stmt"/>
          <line num="6" count="3" type="stmt"/>
          <line num="10" count="17" type="stmt"/>
          <line num="11" count="17" type="stmt"/>
          <line num="15" count="4" type="stmt"/>
          <line num="18" count="37" type="stmt"/>
          <line num="22" count="59" type="cond" truecount="2" falsecount="0"/>
          <line num="25" count="14" type="stmt"/>
          <line num="28" count="7" type="cond" truecount="2" falsecount="0"/>
          <line num="29" count="1" type="stmt"/>
          <line num="31" count="6" type="stmt"/>
          <line num="34" count="12" type="cond" truecount="2" falsecount="0"/>
          <line num="35" count="6" type="stmt"/>
          <line num="37" count="6" type="stmt"/>
          <line num="40" count="0" type="stmt"/>
          <line num="41" count="0" type="stmt"/>
          <line num="43" count="0" type="cond" truecount="0" falsecount="2"/>
          <line num="44" count="0" type="stmt"/>
          <line num="46" count="0" type="stmt"/>
          <line num="49" count="0" type="cond" truecount="0" falsecount="2"/>
          <line num="51" count="0" type="stmt"/>
          <line num="52" count="0" type="stmt"/>
          <line num="56" count="0" type="stmt"/>
          <line num="60" count="3" type="stmt"/>
        </file>
      </package>
      <package name="state2">
        <metrics statements="142" coveredstatements="97" conditionals="71" coveredconditionals="12" methods="75" coveredmethods="31"/>
        <file name="helper.ts" path="/Users/kushanjoshi/code/open/idly-mono/packages/idly-common/src/state2/helper.ts">
          <metrics statements="30" coveredstatements="25" conditionals="8" coveredconditionals="6" methods="11" coveredmethods="7"/>
          <line num="1" count="3" type="stmt"/>
          <line num="2" count="3" type="stmt"/>
          <line num="3" count="3" type="stmt"/>
          <line num="4" count="115" type="stmt"/>
          <line num="5" count="136" type="cond" truecount="2" falsecount="0"/>
          <line num="6" count="42" type="stmt"/>
          <line num="9" count="73" type="stmt"/>
          <line num="11" count="3" type="stmt"/>
          <line num="12" count="50" type="stmt"/>
          <line num="13" count="65" type="cond" truecount="2" falsecount="0"/>
          <line num="14" count="3" type="stmt"/>
          <line num="17" count="47" type="stmt"/>
          <line num="19" count="7" type="stmt"/>
          <line num="20" count="9" type="stmt"/>
          <line num="21" count="61" type="stmt"/>
          <line num="22" count="3" type="stmt"/>
          <line num="23" count="3" type="stmt"/>
          <line num="24" count="13" type="stmt"/>
          <line num="25" count="13" type="stmt"/>
          <line num="26" count="260" type="cond" truecount="2" falsecount="0"/>
          <line num="27" count="160" type="stmt"/>
          <line num="30" count="13" type="stmt"/>
          <line num="32" count="3" type="stmt"/>
          <line num="33" count="0" type="stmt"/>
          <line num="34" count="0" type="stmt"/>
          <line num="35" count="0" type="cond" truecount="0" falsecount="2"/>
          <line num="36" count="0" type="stmt"/>
          <line num="39" count="0" type="stmt"/>
          <line num="41" count="3" type="stmt"/>
          <line num="42" count="3" type="stmt"/>
        </file>
        <file name="index.ts" path="/Users/kushanjoshi/code/open/idly-mono/packages/idly-common/src/state2/index.ts">
          <metrics statements="25" coveredstatements="15" conditionals="6" coveredconditionals="0" methods="16" coveredmethods="3"/>
          <line num="1" count="1" type="stmt"/>
          <line num="2" count="1" type="stmt"/>
          <line num="3" count="1" type="stmt"/>
          <line num="4" count="1" type="stmt"/>
          <line num="5" count="1" type="stmt"/>
          <line num="6" count="1" type="stmt"/>
          <line num="7" count="1" type="stmt"/>
          <line num="15" count="1" type="stmt"/>
          <line num="16" count="0" type="stmt"/>
          <line num="17" count="0" type="stmt"/>
          <line num="18" count="0" type="stmt"/>
          <line num="19" count="0" type="cond" truecount="0" falsecount="2"/>
          <line num="22" count="0" type="stmt"/>
          <line num="24" count="0" type="stmt"/>
          <line num="25" count="0" type="stmt"/>
          <line num="28" count="0" type="stmt"/>
          <line num="29" count="0" type="cond" truecount="0" falsecount="2"/>
          <line num="31" count="1" type="stmt"/>
          <line num="32" count="1" type="cond" truecount="0" falsecount="2"/>
          <line num="34" count="0" type="stmt"/>
          <line num="36" count="1" type="stmt"/>
          <line num="37" count="4" type="stmt"/>
          <line num="38" count="1" type="stmt"/>
          <line num="39" count="1" type="stmt"/>
          <line num="40" count="3" type="stmt"/>
        </file>
        <file name="log.ts" path="/Users/kushanjoshi/code/open/idly-mono/packages/idly-common/src/state2/log.ts">
          <metrics statements="37" coveredstatements="35" conditionals="6" coveredconditionals="6" methods="26" coveredmethods="21"/>
          <line num="1" count="2" type="stmt"/>
          <line num="2" count="2" type="stmt"/>
          <line num="3" count="2" type="stmt"/>
          <line num="4" count="2" type="stmt"/>
          <line num="5" count="2" type="stmt"/>
          <line num="6" count="2" type="stmt"/>
          <line num="7" count="2" type="stmt"/>
          <line num="8" count="8" type="stmt"/>
          <line num="9" count="5" type="stmt"/>
          <line num="11" count="2" type="stmt"/>
          <line num="12" count="14" type="stmt"/>
          <line num="13" count="14" type="stmt"/>
          <line num="14" count="45" type="stmt"/>
          <line num="15" count="45" type="cond" truecount="2" falsecount="0"/>
          <line num="16" count="1" type="stmt"/>
          <line num="18" count="44" type="stmt"/>
          <line num="20" count="13" type="stmt"/>
          <line num="22" count="14" type="stmt"/>
          <line num="23" count="7" type="stmt"/>
          <line num="24" count="65" type="cond" truecount="2" falsecount="0"/>
          <line num="27" count="73" type="stmt"/>
          <line num="28" count="115" type="stmt"/>
          <line num="29" count="82" type="stmt"/>
          <line num="30" count="82" type="stmt"/>
          <line num="32" count="82" type="stmt"/>
          <line num="33" count="115" type="stmt"/>
          <line num="34" count="115" type="cond" truecount="2" falsecount="0"/>
          <line num="35" count="42" type="stmt"/>
          <line num="38" count="40" type="stmt"/>
          <line num="40" count="2" type="stmt"/>
          <line num="41" count="0" type="stmt"/>
          <line num="42" count="0" type="stmt"/>
          <line num="44" count="82" type="stmt"/>
          <line num="45" count="136" type="stmt"/>
          <line num="47" count="226" type="stmt"/>
          <line num="48" count="341" type="stmt"/>
          <line num="49" count="2" type="stmt"/>
        </file>
        <file name="validation.ts" path="/Users/kushanjoshi/code/open/idly-mono/packages/idly-common/src/state2/validation.ts">
          <metrics statements="50" coveredstatements="22" conditionals="51" coveredconditionals="0" methods="22" coveredmethods="0"/>
          <line num="1" count="1" type="stmt"/>
          <line num="2" count="1" type="stmt"/>
          <line num="3" count="1" type="stmt"/>
          <line num="4" count="1" type="stmt"/>
          <line num="5" count="1" type="stmt"/>
          <line num="6" count="1" type="stmt"/>
          <line num="7" count="1" type="stmt"/>
          <line num="8" count="1" type="stmt"/>
          <line num="9" count="1" type="stmt"/>
          <line num="10" count="1" type="stmt"/>
          <line num="11" count="1" type="cond" truecount="0" falsecount="2"/>
          <line num="12" count="1" type="cond" truecount="0" falsecount="3"/>
          <line num="15" count="1" type="cond" truecount="0" falsecount="2"/>
          <line num="17" count="0" type="stmt"/>
          <line num="18" count="0" type="stmt"/>
          <line num="19" count="1" type="cond" truecount="0" falsecount="2"/>
          <line num="21" count="0" type="stmt"/>
          <line num="22" count="0" type="cond" truecount="0" falsecount="2"/>
          <line num="23" count="1" type="cond" truecount="0" falsecount="6"/>
          <line num="29" count="1" type="stmt"/>
          <line num="30" count="0" type="cond" truecount="0" falsecount="2"/>
          <line num="31" count="0" type="stmt"/>
          <line num="33" count="0" type="cond" truecount="0" falsecount="2"/>
          <line num="34" count="0" type="stmt"/>
          <line num="36" count="0" type="cond" truecount="0" falsecount="2"/>
          <line num="37" count="0" type="stmt"/>
          <line num="39" count="0" type="stmt"/>
          <line num="41" count="1" type="cond" truecount="0" falsecount="2"/>
          <line num="42" count="1" type="cond" truecount="0" falsecount="2"/>
          <line num="43" count="0" type="stmt"/>
          <line num="44" count="1" type="cond" truecount="0" falsecount="6"/>
          <line num="50" count="1" type="cond" truecount="0" falsecount="6"/>
          <line num="56" count="1" type="stmt"/>
          <line num="57" count="0" type="cond" truecount="0" falsecount="2"/>
          <line num="58" count="0" type="stmt"/>
          <line num="60" count="0" type="stmt"/>
          <line num="61" count="0" type="cond" truecount="0" falsecount="2"/>
          <line num="62" count="0" type="stmt"/>
          <line num="64" count="0" type="stmt"/>
          <line num="66" count="1" type="stmt"/>
          <line num="67" count="0" type="stmt"/>
          <line num="68" count="0" type="cond" truecount="0" falsecount="2"/>
          <line num="69" count="0" type="stmt"/>
          <line num="71" count="0" type="cond" truecount="0" falsecount="2"/>
          <line num="72" count="0" type="stmt"/>
          <line num="74" count="0" type="cond" truecount="0" falsecount="2"/>
          <line num="75" count="0" type="stmt"/>
          <line num="77" count="0" type="cond" truecount="0" falsecount="2"/>
          <line num="78" count="0" type="stmt"/>
          <line num="81" count="0" type="stmt"/>
        </file>
      </package>
      <package name="state2.table">
        <metrics statements="50" coveredstatements="38" conditionals="5" coveredconditionals="1" methods="30" coveredmethods="20"/>
        <file name="index.ts" path="/Users/kushanjoshi/code/open/idly-mono/packages/idly-common/src/state2/table/index.ts">
          <metrics statements="28" coveredstatements="26" conditionals="1" coveredconditionals="1" methods="20" coveredmethods="17"/>
          <line num="1" count="2" type="stmt"/>
          <line num="2" count="2" type="stmt"/>
          <line num="3" count="2" type="stmt"/>
          <line num="4" count="2" type="stmt"/>
          <line num="5" count="2" type="stmt"/>
          <line num="6" count="2" type="stmt"/>
          <line num="7" count="2" type="stmt"/>
          <line num="8" count="11" type="stmt"/>
          <line num="9" count="15" type="cond" truecount="1" falsecount="0"/>
          <line num="10" count="15" type="stmt"/>
          <line num="11" count="220" type="stmt"/>
          <line num="13" count="4" type="stmt"/>
          <line num="14" count="4" type="stmt"/>
          <line num="15" count="5" type="stmt"/>
          <line num="17" count="2" type="stmt"/>
          <line num="18" count="0" type="stmt"/>
          <line num="19" count="0" type="stmt"/>
          <line num="20" count="260" type="stmt"/>
          <line num="21" count="2" type="stmt"/>
          <line num="23" count="11" type="stmt"/>
          <line num="24" count="2" type="stmt"/>
          <line num="25" count="15" type="stmt"/>
          <line num="26" count="220" type="stmt"/>
          <line num="27" count="15" type="stmt"/>
          <line num="29" count="2" type="stmt"/>
          <line num="30" count="4" type="stmt"/>
          <line num="31" count="5" type="stmt"/>
          <line num="32" count="4" type="stmt"/>
        </file>
        <file name="private.ts" path="/Users/kushanjoshi/code/open/idly-mono/packages/idly-common/src/state2/table/private.ts">
          <metrics statements="22" coveredstatements="12" conditionals="4" coveredconditionals="0" methods="10" coveredmethods="3"/>
          <line num="1" count="2" type="stmt"/>
          <line num="2" count="2" type="stmt"/>
          <line num="3" count="2" type="stmt"/>
          <line num="4" count="440" type="stmt"/>
          <line num="5" count="2" type="stmt"/>
          <line num="6" count="10" type="stmt"/>
          <line num="7" count="10" type="stmt"/>
          <line num="9" count="2" type="stmt"/>
          <line num="10" count="2" type="stmt"/>
          <line num="11" count="2" type="stmt"/>
          <line num="12" count="0" type="stmt"/>
          <line num="13" count="0" type="stmt"/>
          <line num="14" count="0" type="stmt"/>
          <line num="16" count="2" type="stmt"/>
          <line num="17" count="0" type="stmt"/>
          <line num="18" count="0" type="cond" truecount="0" falsecount="2"/>
          <line num="19" count="0" type="stmt"/>
          <line num="21" count="2" type="stmt"/>
          <line num="22" count="0" type="stmt"/>
          <line num="23" count="0" type="cond" truecount="0" falsecount="2"/>
          <line num="24" count="0" type="stmt"/>
          <line num="27" count="0" type="stmt"/>
        </file>
      </package>
      <package name="tagClasses">
        <metrics statements="68" coveredstatements="66" conditionals="44" coveredconditionals="42" methods="2" coveredmethods="2"/>
        <file name="tagClasses.ts" path="/Users/kushanjoshi/code/open/idly-mono/packages/idly-common/src/tagClasses/tagClasses.ts">
          <metrics statements="68" coveredstatements="66" conditionals="44" coveredconditionals="42" methods="2" coveredmethods="2"/>
          <line num="1" count="2" type="stmt"/>
          <line num="2" count="2" type="stmt"/>
          <line num="3" count="2" type="stmt"/>
          <line num="4" count="2" type="stmt"/>
          <line num="20" count="2" type="stmt"/>
          <line num="30" count="2" type="stmt"/>
          <line num="43" count="2" type="stmt"/>
          <line num="44" count="2" type="stmt"/>
          <line num="49" count="2" type="stmt"/>
          <line num="50" count="4" type="stmt"/>
          <line num="51" count="4" type="stmt"/>
          <line num="52" count="4" type="cond" truecount="4" falsecount="0"/>
          <line num="53" count="2" type="stmt"/>
          <line num="55" count="2" type="cond" truecount="1" falsecount="1"/>
          <line num="57" count="0" type="stmt"/>
          <line num="60" count="2" type="stmt"/>
          <line num="62" count="2" type="stmt"/>
          <line num="64" count="2" type="stmt"/>
          <line num="67" count="25" type="stmt"/>
          <line num="74" count="25" type="stmt"/>
          <line num="75" count="97" type="stmt"/>
          <line num="76" count="97" type="stmt"/>
          <line num="77" count="97" type="cond" truecount="4" falsecount="0"/>
          <line num="78" count="75" type="stmt"/>
          <line num="80" count="22" type="stmt"/>
          <line num="81" count="22" type="cond" truecount="2" falsecount="0"/>
          <line num="83" count="2" type="stmt"/>
          <line num="84" count="2" type="stmt"/>
          <line num="87" count="20" type="stmt"/>
          <line num="89" count="22" type="stmt"/>
          <line num="92" count="25" type="cond" truecount="2" falsecount="0"/>
          <line num="93" count="23" type="stmt"/>
          <line num="94" count="172" type="stmt"/>
          <line num="95" count="172" type="stmt"/>
          <line num="96" count="172" type="cond" truecount="4" falsecount="0"/>
          <line num="97" count="168" type="stmt"/>
          <line num="99" count="4" type="cond" truecount="2" falsecount="0"/>
          <line num="101" count="1" type="stmt"/>
          <line num="103" count="3" type="cond" truecount="4" falsecount="0"/>
          <line num="105" count="1" type="stmt"/>
          <line num="107" count="2" type="cond" truecount="4" falsecount="0"/>
          <line num="109" count="1" type="stmt"/>
          <line num="110" count="1" type="stmt"/>
          <line num="111" count="1" type="stmt"/>
          <line num="113" count="4" type="cond" truecount="2" falsecount="0"/>
          <line num="114" count="3" type="stmt"/>
          <line num="118" count="25" type="cond" truecount="2" falsecount="0"/>
          <line num="119" count="5" type="stmt"/>
          <line num="122" count="25" type="stmt"/>
          <line num="123" count="275" type="stmt"/>
          <line num="124" count="275" type="stmt"/>
          <line num="125" count="275" type="cond" truecount="4" falsecount="0"/>
          <line num="126" count="264" type="stmt"/>
          <line num="128" count="11" type="stmt"/>
          <line num="131" count="25" type="cond" truecount="2" falsecount="0"/>
          <line num="132" count="17" type="stmt"/>
          <line num="133" count="17" type="stmt"/>
          <line num="134" count="29" type="cond" truecount="1" falsecount="1"/>
          <line num="135" count="0" type="stmt"/>
          <line num="137" count="29" type="stmt"/>
          <line num="138" count="29" type="cond" truecount="2" falsecount="0"/>
          <line num="139" count="8" type="stmt"/>
          <line num="140" count="8" type="stmt"/>
          <line num="143" count="17" type="cond" truecount="2" falsecount="0"/>
          <line num="144" count="5" type="stmt"/>
          <line num="147" count="25" type="stmt"/>
          <line num="148" count="25" type="stmt"/>
          <line num="150" count="2" type="stmt"/>
        </file>
      </package>
    </metrics>
  </project>
</coverage>
