{"/Users/kushanjoshi/code/open/idly-mono/packages/idly-common/src/geo/lngLatFactory.ts": {"path":"/Users/kushanjoshi/code/open/idly-mono/packages/idly-common/src/geo/lngLatFactory.ts","statementMap":{"0":{"start":{"line":1,"column":13},"end":{"line":1,"column":1287}},"1":{"start":{"line":1,"column":1287},"end":{"line":1,"column":1300}},"2":{"start":{"line":2,"column":0},"end":{"line":2,"column":62}},"3":{"start":{"line":4,"column":4},"end":{"line":6,"column":5}},"4":{"start":{"line":5,"column":8},"end":{"line":5,"column":44}},"5":{"start":{"line":7,"column":4},"end":{"line":7,"column":34}},"6":{"start":{"line":9,"column":0},"end":{"line":9,"column":38}}},"fnMap":{"0":{"name":"lngLatFactory","decl":{"start":{"line":3,"column":9},"end":{"line":3,"column":22}},"loc":{"start":{"line":3,"column":28},"end":{"line":8,"column":1}},"line":3}},"branchMap":{"0":{"loc":{"start":{"line":4,"column":4},"end":{"line":6,"column":5}},"type":"if","locations":[{"start":{"line":4,"column":4},"end":{"line":6,"column":5}},{"start":{"line":4,"column":4},"end":{"line":6,"column":5}}],"line":4}},"s":{"0":8,"1":8,"2":8,"3":83,"4":82,"5":1,"6":8},"f":{"0":83},"b":{"0":[82,1]},"_coverageSchema":"332fd63041d2c1bcb487cc26dd0d5f7d97098a6c","hash":"fe6e2905446a983c644a91558c9b1319b169f907"}
,"/Users/kushanjoshi/code/open/idly-mono/packages/idly-common/src/geojson/entityToGeojson.ts": {"path":"/Users/kushanjoshi/code/open/idly-mono/packages/idly-common/src/geojson/entityToGeojson.ts","statementMap":{"0":{"start":{"line":1,"column":13},"end":{"line":1,"column":9738}},"1":{"start":{"line":1,"column":9738},"end":{"line":1,"column":9751}},"2":{"start":{"line":2,"column":0},"end":{"line":2,"column":62}},"3":{"start":{"line":3,"column":18},"end":{"line":3,"column":42}},"4":{"start":{"line":4,"column":21},"end":{"line":4,"column":49}},"5":{"start":{"line":7,"column":16},"end":{"line":7,"column":18}},"6":{"start":{"line":8,"column":4},"end":{"line":21,"column":7}},"7":{"start":{"line":9,"column":8},"end":{"line":11,"column":9}},"8":{"start":{"line":10,"column":12},"end":{"line":10,"column":19}},"9":{"start":{"line":12,"column":8},"end":{"line":20,"column":9}},"10":{"start":{"line":13,"column":12},"end":{"line":13,"column":66}},"11":{"start":{"line":15,"column":13},"end":{"line":20,"column":9}},"12":{"start":{"line":16,"column":12},"end":{"line":16,"column":78}},"13":{"start":{"line":18,"column":13},"end":{"line":20,"column":9}},"14":{"start":{"line":22,"column":4},"end":{"line":22,"column":15}},"15":{"start":{"line":24,"column":0},"end":{"line":24,"column":42}},"16":{"start":{"line":26,"column":4},"end":{"line":34,"column":6}},"17":{"start":{"line":36,"column":0},"end":{"line":36,"column":36}},"18":{"start":{"line":40,"column":29},"end":{"line":40,"column":65}},"19":{"start":{"line":41,"column":4},"end":{"line":43,"column":5}},"20":{"start":{"line":42,"column":8},"end":{"line":42,"column":64}},"21":{"start":{"line":44,"column":18},"end":{"line":44,"column":54}},"22":{"start":{"line":45,"column":4},"end":{"line":45,"column":149}},"23":{"start":{"line":47,"column":0},"end":{"line":47,"column":34}},"24":{"start":{"line":49,"column":4},"end":{"line":55,"column":7}},"25":{"start":{"line":50,"column":8},"end":{"line":52,"column":9}},"26":{"start":{"line":51,"column":12},"end":{"line":51,"column":51}},"27":{"start":{"line":53,"column":21},"end":{"line":53,"column":33}},"28":{"start":{"line":54,"column":8},"end":{"line":54,"column":44}},"29":{"start":{"line":57,"column":0},"end":{"line":57,"column":48}},"30":{"start":{"line":64,"column":4},"end":{"line":72,"column":5}},"31":{"start":{"line":65,"column":8},"end":{"line":65,"column":52}},"32":{"start":{"line":67,"column":9},"end":{"line":72,"column":5}},"33":{"start":{"line":68,"column":8},"end":{"line":68,"column":51}},"34":{"start":{"line":71,"column":8},"end":{"line":71,"column":68}},"35":{"start":{"line":74,"column":0},"end":{"line":74,"column":42}}},"fnMap":{"0":{"name":"entityToGeoJson","decl":{"start":{"line":6,"column":9},"end":{"line":6,"column":24}},"loc":{"start":{"line":6,"column":53},"end":{"line":23,"column":1}},"line":6},"1":{"name":"(anonymous_1)","decl":{"start":{"line":8,"column":24},"end":{"line":8,"column":25}},"loc":{"start":{"line":8,"column":40},"end":{"line":21,"column":5}},"line":8},"2":{"name":"nodeCombiner","decl":{"start":{"line":25,"column":9},"end":{"line":25,"column":21}},"loc":{"start":{"line":25,"column":43},"end":{"line":35,"column":1}},"line":25},"3":{"name":"wayCombiner","decl":{"start":{"line":37,"column":9},"end":{"line":37,"column":20}},"loc":{"start":{"line":37,"column":48},"end":{"line":46,"column":1}},"line":37},"4":{"name":"getCoordsFromTable","decl":{"start":{"line":48,"column":9},"end":{"line":48,"column":27}},"loc":{"start":{"line":48,"column":42},"end":{"line":56,"column":1}},"line":48},"5":{"name":"(anonymous_5)","decl":{"start":{"line":49,"column":21},"end":{"line":49,"column":22}},"loc":{"start":{"line":49,"column":26},"end":{"line":55,"column":5}},"line":49},"6":{"name":"wayToLineString","decl":{"start":{"line":63,"column":9},"end":{"line":63,"column":24}},"loc":{"start":{"line":63,"column":43},"end":{"line":73,"column":1}},"line":63}},"branchMap":{"0":{"loc":{"start":{"line":9,"column":8},"end":{"line":11,"column":9}},"type":"if","locations":[{"start":{"line":9,"column":8},"end":{"line":11,"column":9}},{"start":{"line":9,"column":8},"end":{"line":11,"column":9}}],"line":9},"1":{"loc":{"start":{"line":12,"column":8},"end":{"line":20,"column":9}},"type":"if","locations":[{"start":{"line":12,"column":8},"end":{"line":20,"column":9}},{"start":{"line":12,"column":8},"end":{"line":20,"column":9}}],"line":12},"2":{"loc":{"start":{"line":15,"column":13},"end":{"line":20,"column":9}},"type":"if","locations":[{"start":{"line":15,"column":13},"end":{"line":20,"column":9}},{"start":{"line":15,"column":13},"end":{"line":20,"column":9}}],"line":15},"3":{"loc":{"start":{"line":18,"column":13},"end":{"line":20,"column":9}},"type":"if","locations":[{"start":{"line":18,"column":13},"end":{"line":20,"column":9}},{"start":{"line":18,"column":13},"end":{"line":20,"column":9}}],"line":18},"4":{"loc":{"start":{"line":41,"column":4},"end":{"line":43,"column":5}},"type":"if","locations":[{"start":{"line":41,"column":4},"end":{"line":43,"column":5}},{"start":{"line":41,"column":4},"end":{"line":43,"column":5}}],"line":41},"5":{"loc":{"start":{"line":50,"column":8},"end":{"line":52,"column":9}},"type":"if","locations":[{"start":{"line":50,"column":8},"end":{"line":52,"column":9}},{"start":{"line":50,"column":8},"end":{"line":52,"column":9}}],"line":50},"6":{"loc":{"start":{"line":64,"column":4},"end":{"line":72,"column":5}},"type":"if","locations":[{"start":{"line":64,"column":4},"end":{"line":72,"column":5}},{"start":{"line":64,"column":4},"end":{"line":72,"column":5}}],"line":64},"7":{"loc":{"start":{"line":67,"column":9},"end":{"line":72,"column":5}},"type":"if","locations":[{"start":{"line":67,"column":9},"end":{"line":72,"column":5}},{"start":{"line":67,"column":9},"end":{"line":72,"column":5}}],"line":67}},"s":{"0":1,"1":1,"2":1,"3":1,"4":1,"5":0,"6":0,"7":0,"8":0,"9":0,"10":0,"11":0,"12":0,"13":0,"14":0,"15":1,"16":3,"17":1,"18":3,"19":3,"20":1,"21":2,"22":2,"23":1,"24":6,"25":9,"26":1,"27":8,"28":8,"29":1,"30":8,"31":2,"32":6,"33":3,"34":3,"35":1},"f":{"0":0,"1":0,"2":3,"3":3,"4":6,"5":9,"6":8},"b":{"0":[0,0],"1":[0,0],"2":[0,0],"3":[0,0],"4":[1,2],"5":[1,8],"6":[2,6],"7":[3,3]},"_coverageSchema":"332fd63041d2c1bcb487cc26dd0d5f7d97098a6c","hash":"6005ee069a9fda9e261f32f13da9ceb53d631bf2"}
,"/Users/kushanjoshi/code/open/idly-mono/packages/idly-common/src/geojson/nodeProps.ts": {"path":"/Users/kushanjoshi/code/open/idly-mono/packages/idly-common/src/geojson/nodeProps.ts","statementMap":{"0":{"start":{"line":1,"column":13},"end":{"line":1,"column":2791}},"1":{"start":{"line":1,"column":2791},"end":{"line":1,"column":2804}},"2":{"start":{"line":2,"column":0},"end":{"line":2,"column":62}},"3":{"start":{"line":3,"column":20},"end":{"line":3,"column":48}},"4":{"start":{"line":4,"column":26},"end":{"line":4,"column":59}},"5":{"start":{"line":5,"column":22},"end":{"line":5,"column":46}},"6":{"start":{"line":6,"column":0},"end":{"line":6,"column":37}},"7":{"start":{"line":7,"column":0},"end":{"line":9,"column":3}},"8":{"start":{"line":8,"column":4},"end":{"line":8,"column":92}},"9":{"start":{"line":10,"column":0},"end":{"line":17,"column":2}},"10":{"start":{"line":11,"column":18},"end":{"line":11,"column":59}},"11":{"start":{"line":12,"column":4},"end":{"line":16,"column":6}}},"fnMap":{"0":{"name":"(anonymous_0)","decl":{"start":{"line":7,"column":51},"end":{"line":7,"column":52}},"loc":{"start":{"line":7,"column":72},"end":{"line":9,"column":1}},"line":7},"1":{"name":"(anonymous_1)","decl":{"start":{"line":10,"column":26},"end":{"line":10,"column":27}},"loc":{"start":{"line":10,"column":46},"end":{"line":17,"column":1}},"line":10}},"branchMap":{"0":{"loc":{"start":{"line":14,"column":14},"end":{"line":14,"column":64}},"type":"binary-expr","locations":[{"start":{"line":14,"column":15},"end":{"line":14,"column":20}},{"start":{"line":14,"column":24},"end":{"line":14,"column":34}},{"start":{"line":14,"column":39},"end":{"line":14,"column":64}}],"line":14}},"s":{"0":1,"1":1,"2":1,"3":1,"4":1,"5":1,"6":1,"7":1,"8":1,"9":1,"10":4,"11":4},"f":{"0":1,"1":4},"b":{"0":[4,4,4]},"_coverageSchema":"332fd63041d2c1bcb487cc26dd0d5f7d97098a6c","hash":"b102553c5358965b26c0868db0b755d458c4fc46"}
,"/Users/kushanjoshi/code/open/idly-mono/packages/idly-common/src/geojson/presetMatch.ts": {"path":"/Users/kushanjoshi/code/open/idly-mono/packages/idly-common/src/geojson/presetMatch.ts","statementMap":{"0":{"start":{"line":1,"column":13},"end":{"line":1,"column":1205}},"1":{"start":{"line":1,"column":1205},"end":{"line":1,"column":1218}},"2":{"start":{"line":2,"column":0},"end":{"line":2,"column":62}},"3":{"start":{"line":3,"column":22},"end":{"line":3,"column":66}},"4":{"start":{"line":4,"column":0},"end":{"line":4,"column":49}},"5":{"start":{"line":5,"column":0},"end":{"line":5,"column":40}}},"fnMap":{},"branchMap":{},"s":{"0":2,"1":2,"2":2,"3":2,"4":2,"5":2},"f":{},"b":{},"_coverageSchema":"332fd63041d2c1bcb487cc26dd0d5f7d97098a6c","hash":"4c3b1d4d6a0e881b01616388d753e10646cdf8f7"}
,"/Users/kushanjoshi/code/open/idly-mono/packages/idly-common/src/geojson/wayProps.ts": {"path":"/Users/kushanjoshi/code/open/idly-mono/packages/idly-common/src/geojson/wayProps.ts","statementMap":{"0":{"start":{"line":1,"column":13},"end":{"line":1,"column":3162}},"1":{"start":{"line":1,"column":3162},"end":{"line":1,"column":3175}},"2":{"start":{"line":2,"column":0},"end":{"line":2,"column":62}},"3":{"start":{"line":3,"column":20},"end":{"line":3,"column":48}},"4":{"start":{"line":4,"column":21},"end":{"line":4,"column":49}},"5":{"start":{"line":5,"column":17},"end":{"line":5,"column":41}},"6":{"start":{"line":6,"column":21},"end":{"line":6,"column":56}},"7":{"start":{"line":7,"column":22},"end":{"line":7,"column":46}},"8":{"start":{"line":8,"column":31},"end":{"line":8,"column":84}},"9":{"start":{"line":9,"column":0},"end":{"line":20,"column":3}},"10":{"start":{"line":10,"column":21},"end":{"line":10,"column":105}},"11":{"start":{"line":11,"column":39},"end":{"line":11,"column":71}},"12":{"start":{"line":12,"column":18},"end":{"line":12,"column":63}},"13":{"start":{"line":13,"column":4},"end":{"line":19,"column":6}}},"fnMap":{"0":{"name":"(anonymous_0)","decl":{"start":{"line":9,"column":49},"end":{"line":9,"column":50}},"loc":{"start":{"line":9,"column":58},"end":{"line":20,"column":1}},"line":9}},"branchMap":{"0":{"loc":{"start":{"line":10,"column":21},"end":{"line":10,"column":105}},"type":"cond-expr","locations":[{"start":{"line":10,"column":44},"end":{"line":10,"column":73}},{"start":{"line":10,"column":76},"end":{"line":10,"column":105}}],"line":10},"1":{"loc":{"start":{"line":15,"column":14},"end":{"line":15,"column":33}},"type":"binary-expr","locations":[{"start":{"line":15,"column":14},"end":{"line":15,"column":19}},{"start":{"line":15,"column":23},"end":{"line":15,"column":33}}],"line":15},"2":{"loc":{"start":{"line":16,"column":14},"end":{"line":16,"column":43}},"type":"binary-expr","locations":[{"start":{"line":16,"column":14},"end":{"line":16,"column":27}},{"start":{"line":16,"column":31},"end":{"line":16,"column":43}}],"line":16}},"s":{"0":1,"1":1,"2":1,"3":1,"4":1,"5":1,"6":1,"7":1,"8":1,"9":1,"10":2,"11":2,"12":2,"13":2},"f":{"0":2},"b":{"0":[0,2],"1":[2,2],"2":[2,1]},"_coverageSchema":"332fd63041d2c1bcb487cc26dd0d5f7d97098a6c","hash":"aabdd3cbcf587c257524d8e6794adc749307f2f5"}
,"/Users/kushanjoshi/code/open/idly-mono/packages/idly-common/src/misc/deepFreeze.ts": {"path":"/Users/kushanjoshi/code/open/idly-mono/packages/idly-common/src/misc/deepFreeze.ts","statementMap":{"0":{"start":{"line":1,"column":13},"end":{"line":1,"column":2487}},"1":{"start":{"line":1,"column":2487},"end":{"line":1,"column":2500}},"2":{"start":{"line":2,"column":0},"end":{"line":2,"column":62}},"3":{"start":{"line":4,"column":4},"end":{"line":6,"column":5}},"4":{"start":{"line":5,"column":8},"end":{"line":5,"column":19}},"5":{"start":{"line":8,"column":22},"end":{"line":8,"column":53}},"6":{"start":{"line":10,"column":4},"end":{"line":16,"column":7}},"7":{"start":{"line":11,"column":21},"end":{"line":11,"column":30}},"8":{"start":{"line":13,"column":8},"end":{"line":15,"column":9}},"9":{"start":{"line":14,"column":12},"end":{"line":14,"column":29}},"10":{"start":{"line":18,"column":4},"end":{"line":18,"column":30}},"11":{"start":{"line":20,"column":0},"end":{"line":20,"column":32}}},"fnMap":{"0":{"name":"deepFreeze","decl":{"start":{"line":3,"column":9},"end":{"line":3,"column":19}},"loc":{"start":{"line":3,"column":40},"end":{"line":19,"column":1}},"line":3},"1":{"name":"(anonymous_1)","decl":{"start":{"line":10,"column":22},"end":{"line":10,"column":23}},"loc":{"start":{"line":10,"column":32},"end":{"line":16,"column":5}},"line":10}},"branchMap":{"0":{"loc":{"start":{"line":3,"column":25},"end":{"line":3,"column":38}},"type":"default-arg","locations":[{"start":{"line":3,"column":34},"end":{"line":3,"column":38}}],"line":3},"1":{"loc":{"start":{"line":4,"column":4},"end":{"line":6,"column":5}},"type":"if","locations":[{"start":{"line":4,"column":4},"end":{"line":6,"column":5}},{"start":{"line":4,"column":4},"end":{"line":6,"column":5}}],"line":4},"2":{"loc":{"start":{"line":13,"column":8},"end":{"line":15,"column":9}},"type":"if","locations":[{"start":{"line":13,"column":8},"end":{"line":15,"column":9}},{"start":{"line":13,"column":8},"end":{"line":15,"column":9}}],"line":13},"3":{"loc":{"start":{"line":13,"column":12},"end":{"line":13,"column":53}},"type":"binary-expr","locations":[{"start":{"line":13,"column":12},"end":{"line":13,"column":36}},{"start":{"line":13,"column":40},"end":{"line":13,"column":53}}],"line":13}},"s":{"0":12,"1":12,"2":12,"3":476,"4":92,"5":384,"6":384,"7":1406,"8":1406,"9":288,"10":384,"11":12},"f":{"0":476,"1":1406},"b":{"0":[288],"1":[92,384],"2":[288,1118],"3":[1406,288]},"_coverageSchema":"332fd63041d2c1bcb487cc26dd0d5f7d97098a6c","hash":"29805063f3a4972238f0bcd38ea16fe3eacb4700"}
,"/Users/kushanjoshi/code/open/idly-mono/packages/idly-common/src/misc/isImmutableList.ts": {"path":"/Users/kushanjoshi/code/open/idly-mono/packages/idly-common/src/misc/isImmutableList.ts","statementMap":{"0":{"start":{"line":1,"column":13},"end":{"line":1,"column":961}},"1":{"start":{"line":1,"column":961},"end":{"line":1,"column":974}},"2":{"start":{"line":2,"column":0},"end":{"line":2,"column":62}},"3":{"start":{"line":3,"column":20},"end":{"line":3,"column":40}},"4":{"start":{"line":5,"column":4},"end":{"line":5,"column":41}},"5":{"start":{"line":7,"column":0},"end":{"line":7,"column":42}}},"fnMap":{"0":{"name":"isImmutableList","decl":{"start":{"line":4,"column":9},"end":{"line":4,"column":24}},"loc":{"start":{"line":4,"column":31},"end":{"line":6,"column":1}},"line":4}},"branchMap":{},"s":{"0":1,"1":1,"2":1,"3":1,"4":2,"5":1},"f":{"0":2},"b":{},"_coverageSchema":"332fd63041d2c1bcb487cc26dd0d5f7d97098a6c","hash":"5665b47febea7c9b8634d462bac38b87208b5232"}
,"/Users/kushanjoshi/code/open/idly-mono/packages/idly-common/src/misc/sortObjectKeys.ts": {"path":"/Users/kushanjoshi/code/open/idly-mono/packages/idly-common/src/misc/sortObjectKeys.ts","statementMap":{"0":{"start":{"line":1,"column":13},"end":{"line":1,"column":1228}},"1":{"start":{"line":1,"column":1228},"end":{"line":1,"column":1241}},"2":{"start":{"line":2,"column":0},"end":{"line":2,"column":62}},"3":{"start":{"line":4,"column":4},"end":{"line":6,"column":56}},"4":{"start":{"line":6,"column":27},"end":{"line":6,"column":49}},"5":{"start":{"line":8,"column":0},"end":{"line":8,"column":40}}},"fnMap":{"0":{"name":"sortObjectKeys","decl":{"start":{"line":3,"column":9},"end":{"line":3,"column":23}},"loc":{"start":{"line":3,"column":33},"end":{"line":7,"column":1}},"line":3},"1":{"name":"(anonymous_1)","decl":{"start":{"line":6,"column":16},"end":{"line":6,"column":17}},"loc":{"start":{"line":6,"column":27},"end":{"line":6,"column":49}},"line":6}},"branchMap":{},"s":{"0":11,"1":11,"2":11,"3":253,"4":257,"5":11},"f":{"0":253,"1":257},"b":{},"_coverageSchema":"332fd63041d2c1bcb487cc26dd0d5f7d97098a6c","hash":"7d8babae8111fa9820652383418511209aefee89"}
,"/Users/kushanjoshi/code/open/idly-mono/packages/idly-common/src/misc/weakCache.ts": {"path":"/Users/kushanjoshi/code/open/idly-mono/packages/idly-common/src/misc/weakCache.ts","statementMap":{"0":{"start":{"line":1,"column":13},"end":{"line":1,"column":4261}},"1":{"start":{"line":1,"column":4261},"end":{"line":1,"column":4274}},"2":{"start":{"line":2,"column":0},"end":{"line":2,"column":62}},"3":{"start":{"line":8,"column":18},"end":{"line":8,"column":31}},"4":{"start":{"line":9,"column":4},"end":{"line":17,"column":6}},"5":{"start":{"line":10,"column":20},"end":{"line":10,"column":34}},"6":{"start":{"line":11,"column":8},"end":{"line":13,"column":9}},"7":{"start":{"line":12,"column":12},"end":{"line":12,"column":25}},"8":{"start":{"line":14,"column":8},"end":{"line":14,"column":24}},"9":{"start":{"line":15,"column":8},"end":{"line":15,"column":30}},"10":{"start":{"line":16,"column":8},"end":{"line":16,"column":21}},"11":{"start":{"line":19,"column":0},"end":{"line":19,"column":30}},"12":{"start":{"line":22,"column":18},"end":{"line":22,"column":31}},"13":{"start":{"line":23,"column":4},"end":{"line":36,"column":6}},"14":{"start":{"line":24,"column":31},"end":{"line":24,"column":46}},"15":{"start":{"line":25,"column":8},"end":{"line":28,"column":9}},"16":{"start":{"line":26,"column":12},"end":{"line":26,"column":45}},"17":{"start":{"line":27,"column":12},"end":{"line":27,"column":46}},"18":{"start":{"line":29,"column":20},"end":{"line":29,"column":46}},"19":{"start":{"line":30,"column":8},"end":{"line":32,"column":9}},"20":{"start":{"line":31,"column":12},"end":{"line":31,"column":25}},"21":{"start":{"line":33,"column":8},"end":{"line":33,"column":31}},"22":{"start":{"line":34,"column":8},"end":{"line":34,"column":42}},"23":{"start":{"line":35,"column":8},"end":{"line":35,"column":21}},"24":{"start":{"line":38,"column":0},"end":{"line":38,"column":32}}},"fnMap":{"0":{"name":"weakCache","decl":{"start":{"line":7,"column":9},"end":{"line":7,"column":18}},"loc":{"start":{"line":7,"column":23},"end":{"line":18,"column":1}},"line":7},"1":{"name":"(anonymous_1)","decl":{"start":{"line":9,"column":11},"end":{"line":9,"column":12}},"loc":{"start":{"line":9,"column":18},"end":{"line":17,"column":5}},"line":9},"2":{"name":"weakCache2","decl":{"start":{"line":21,"column":9},"end":{"line":21,"column":19}},"loc":{"start":{"line":21,"column":24},"end":{"line":37,"column":1}},"line":21},"3":{"name":"(anonymous_3)","decl":{"start":{"line":23,"column":11},"end":{"line":23,"column":12}},"loc":{"start":{"line":23,"column":27},"end":{"line":36,"column":5}},"line":23}},"branchMap":{"0":{"loc":{"start":{"line":11,"column":8},"end":{"line":13,"column":9}},"type":"if","locations":[{"start":{"line":11,"column":8},"end":{"line":13,"column":9}},{"start":{"line":11,"column":8},"end":{"line":13,"column":9}}],"line":11},"1":{"loc":{"start":{"line":25,"column":8},"end":{"line":28,"column":9}},"type":"if","locations":[{"start":{"line":25,"column":8},"end":{"line":28,"column":9}},{"start":{"line":25,"column":8},"end":{"line":28,"column":9}}],"line":25},"2":{"loc":{"start":{"line":30,"column":8},"end":{"line":32,"column":9}},"type":"if","locations":[{"start":{"line":30,"column":8},"end":{"line":32,"column":9}},{"start":{"line":30,"column":8},"end":{"line":32,"column":9}}],"line":30}},"s":{"0":9,"1":9,"2":9,"3":15,"4":15,"5":86,"6":86,"7":36,"8":50,"9":50,"10":50,"11":9,"12":1,"13":1,"14":1,"15":1,"16":1,"17":1,"18":1,"19":1,"20":0,"21":1,"22":1,"23":1,"24":9},"f":{"0":15,"1":86,"2":1,"3":1},"b":{"0":[36,50],"1":[1,0],"2":[0,1]},"_coverageSchema":"332fd63041d2c1bcb487cc26dd0d5f7d97098a6c","hash":"adccb458e94c69f0e594909889009e5aabe96337"}
,"/Users/kushanjoshi/code/open/idly-mono/packages/idly-common/src/osm/entityFromString.ts": {"path":"/Users/kushanjoshi/code/open/idly-mono/packages/idly-common/src/osm/entityFromString.ts","statementMap":{"0":{"start":{"line":1,"column":13},"end":{"line":1,"column":4447}},"1":{"start":{"line":1,"column":4447},"end":{"line":1,"column":4460}},"2":{"start":{"line":2,"column":0},"end":{"line":2,"column":62}},"3":{"start":{"line":3,"column":21},"end":{"line":3,"column":49}},"4":{"start":{"line":4,"column":22},"end":{"line":4,"column":60}},"5":{"start":{"line":5,"column":26},"end":{"line":5,"column":68}},"6":{"start":{"line":6,"column":21},"end":{"line":6,"column":58}},"7":{"start":{"line":8,"column":18},"end":{"line":8,"column":27}},"8":{"start":{"line":9,"column":4},"end":{"line":16,"column":6}},"9":{"start":{"line":10,"column":8},"end":{"line":12,"column":9}},"10":{"start":{"line":11,"column":12},"end":{"line":11,"column":40}},"11":{"start":{"line":13,"column":23},"end":{"line":13,"column":63}},"12":{"start":{"line":14,"column":8},"end":{"line":14,"column":37}},"13":{"start":{"line":15,"column":8},"end":{"line":15,"column":22}},"14":{"start":{"line":18,"column":0},"end":{"line":18,"column":54}},"15":{"start":{"line":19,"column":0},"end":{"line":19,"column":51}},"16":{"start":{"line":21,"column":4},"end":{"line":23,"column":5}},"17":{"start":{"line":22,"column":8},"end":{"line":22,"column":46}},"18":{"start":{"line":24,"column":4},"end":{"line":33,"column":5}},"19":{"start":{"line":26,"column":12},"end":{"line":26,"column":53}},"20":{"start":{"line":28,"column":12},"end":{"line":28,"column":51}},"21":{"start":{"line":30,"column":12},"end":{"line":30,"column":61}},"22":{"start":{"line":32,"column":12},"end":{"line":32,"column":50}}},"fnMap":{"0":{"name":"entityFromStringCache","decl":{"start":{"line":7,"column":9},"end":{"line":7,"column":30}},"loc":{"start":{"line":7,"column":33},"end":{"line":17,"column":1}},"line":7},"1":{"name":"(anonymous_1)","decl":{"start":{"line":9,"column":11},"end":{"line":9,"column":12}},"loc":{"start":{"line":9,"column":26},"end":{"line":16,"column":5}},"line":9},"2":{"name":"_entityFromString","decl":{"start":{"line":20,"column":9},"end":{"line":20,"column":26}},"loc":{"start":{"line":20,"column":35},"end":{"line":34,"column":1}},"line":20}},"branchMap":{"0":{"loc":{"start":{"line":10,"column":8},"end":{"line":12,"column":9}},"type":"if","locations":[{"start":{"line":10,"column":8},"end":{"line":12,"column":9}},{"start":{"line":10,"column":8},"end":{"line":12,"column":9}}],"line":10},"1":{"loc":{"start":{"line":21,"column":4},"end":{"line":23,"column":5}},"type":"if","locations":[{"start":{"line":21,"column":4},"end":{"line":23,"column":5}},{"start":{"line":21,"column":4},"end":{"line":23,"column":5}}],"line":21},"2":{"loc":{"start":{"line":24,"column":4},"end":{"line":33,"column":5}},"type":"switch","locations":[{"start":{"line":25,"column":8},"end":{"line":26,"column":53}},{"start":{"line":27,"column":8},"end":{"line":28,"column":51}},{"start":{"line":29,"column":8},"end":{"line":30,"column":61}},{"start":{"line":31,"column":8},"end":{"line":32,"column":50}}],"line":24}},"s":{"0":5,"1":5,"2":5,"3":5,"4":5,"5":5,"6":5,"7":5,"8":5,"9":92,"10":49,"11":43,"12":43,"13":43,"14":5,"15":5,"16":43,"17":0,"18":43,"19":37,"20":6,"21":0,"22":0},"f":{"0":5,"1":92,"2":43},"b":{"0":[49,43],"1":[0,43],"2":[37,6,0,0]},"_coverageSchema":"332fd63041d2c1bcb487cc26dd0d5f7d97098a6c","hash":"ca3939d1fea3e74625a7fd9326e292b3fe3a0780"}
,"/Users/kushanjoshi/code/open/idly-mono/packages/idly-common/src/osm/entityTableGen.ts": {"path":"/Users/kushanjoshi/code/open/idly-mono/packages/idly-common/src/osm/entityTableGen.ts","statementMap":{"0":{"start":{"line":1,"column":13},"end":{"line":1,"column":3388}},"1":{"start":{"line":1,"column":3388},"end":{"line":1,"column":3401}},"2":{"start":{"line":2,"column":0},"end":{"line":2,"column":62}},"3":{"start":{"line":3,"column":20},"end":{"line":3,"column":40}},"4":{"start":{"line":4,"column":26},"end":{"line":4,"column":60}},"5":{"start":{"line":7,"column":4},"end":{"line":11,"column":5}},"6":{"start":{"line":8,"column":8},"end":{"line":10,"column":11}},"7":{"start":{"line":9,"column":12},"end":{"line":9,"column":52}},"8":{"start":{"line":9,"column":36},"end":{"line":9,"column":50}},"9":{"start":{"line":12,"column":4},"end":{"line":16,"column":5}},"10":{"start":{"line":13,"column":8},"end":{"line":15,"column":11}},"11":{"start":{"line":14,"column":12},"end":{"line":14,"column":50}},"12":{"start":{"line":14,"column":34},"end":{"line":14,"column":48}},"13":{"start":{"line":17,"column":4},"end":{"line":21,"column":7}},"14":{"start":{"line":18,"column":8},"end":{"line":20,"column":9}},"15":{"start":{"line":19,"column":12},"end":{"line":19,"column":27}},"16":{"start":{"line":23,"column":0},"end":{"line":23,"column":40}}},"fnMap":{"0":{"name":"entityTableGen","decl":{"start":{"line":6,"column":9},"end":{"line":6,"column":23}},"loc":{"start":{"line":6,"column":72},"end":{"line":22,"column":1}},"line":6},"1":{"name":"(anonymous_1)","decl":{"start":{"line":8,"column":41},"end":{"line":8,"column":42}},"loc":{"start":{"line":8,"column":46},"end":{"line":10,"column":9}},"line":8},"2":{"name":"(anonymous_2)","decl":{"start":{"line":9,"column":29},"end":{"line":9,"column":30}},"loc":{"start":{"line":9,"column":36},"end":{"line":9,"column":50}},"line":9},"3":{"name":"(anonymous_3)","decl":{"start":{"line":13,"column":41},"end":{"line":13,"column":42}},"loc":{"start":{"line":13,"column":46},"end":{"line":15,"column":9}},"line":13},"4":{"name":"(anonymous_4)","decl":{"start":{"line":14,"column":29},"end":{"line":14,"column":30}},"loc":{"start":{"line":14,"column":34},"end":{"line":14,"column":48}},"line":14},"5":{"name":"(anonymous_5)","decl":{"start":{"line":17,"column":37},"end":{"line":17,"column":38}},"loc":{"start":{"line":17,"column":42},"end":{"line":21,"column":5}},"line":17}},"branchMap":{"0":{"loc":{"start":{"line":6,"column":24},"end":{"line":6,"column":37}},"type":"default-arg","locations":[{"start":{"line":6,"column":35},"end":{"line":6,"column":37}}],"line":6},"1":{"loc":{"start":{"line":6,"column":39},"end":{"line":6,"column":70}},"type":"default-arg","locations":[{"start":{"line":6,"column":53},"end":{"line":6,"column":70}}],"line":6},"2":{"loc":{"start":{"line":7,"column":4},"end":{"line":11,"column":5}},"type":"if","locations":[{"start":{"line":7,"column":4},"end":{"line":11,"column":5}},{"start":{"line":7,"column":4},"end":{"line":11,"column":5}}],"line":7},"3":{"loc":{"start":{"line":12,"column":4},"end":{"line":16,"column":5}},"type":"if","locations":[{"start":{"line":12,"column":4},"end":{"line":16,"column":5}},{"start":{"line":12,"column":4},"end":{"line":16,"column":5}}],"line":12}},"s":{"0":1,"1":1,"2":1,"3":1,"4":1,"5":2,"6":0,"7":0,"8":0,"9":2,"10":2,"11":2,"12":6,"13":0,"14":0,"15":0,"16":1},"f":{"0":2,"1":0,"2":0,"3":2,"4":6,"5":0},"b":{"0":[0],"1":[2],"2":[0,2],"3":[2,0]},"_coverageSchema":"332fd63041d2c1bcb487cc26dd0d5f7d97098a6c","hash":"3e708e03ff5ef5fe712aca36f20cca7c6cb89e4d"}
,"/Users/kushanjoshi/code/open/idly-mono/packages/idly-common/src/osm/entityToString.ts": {"path":"/Users/kushanjoshi/code/open/idly-mono/packages/idly-common/src/osm/entityToString.ts","statementMap":{"0":{"start":{"line":1,"column":13},"end":{"line":1,"column":3933}},"1":{"start":{"line":1,"column":3933},"end":{"line":1,"column":3946}},"2":{"start":{"line":2,"column":0},"end":{"line":2,"column":62}},"3":{"start":{"line":3,"column":22},"end":{"line":3,"column":60}},"4":{"start":{"line":4,"column":26},"end":{"line":4,"column":68}},"5":{"start":{"line":5,"column":21},"end":{"line":5,"column":58}},"6":{"start":{"line":6,"column":21},"end":{"line":6,"column":44}},"7":{"start":{"line":7,"column":0},"end":{"line":27,"column":2}},"8":{"start":{"line":12,"column":4},"end":{"line":25,"column":5}},"9":{"start":{"line":14,"column":12},"end":{"line":14,"column":67}},"10":{"start":{"line":15,"column":12},"end":{"line":15,"column":18}},"11":{"start":{"line":18,"column":12},"end":{"line":18,"column":65}},"12":{"start":{"line":19,"column":12},"end":{"line":19,"column":18}},"13":{"start":{"line":22,"column":12},"end":{"line":22,"column":75}},"14":{"start":{"line":23,"column":12},"end":{"line":23,"column":18}},"15":{"start":{"line":26,"column":4},"end":{"line":26,"column":39}},"16":{"start":{"line":30,"column":4},"end":{"line":30,"column":34}},"17":{"start":{"line":32,"column":0},"end":{"line":32,"column":52}}},"fnMap":{"0":{"name":"(anonymous_0)","decl":{"start":{"line":7,"column":25},"end":{"line":7,"column":26}},"loc":{"start":{"line":7,"column":37},"end":{"line":27,"column":1}},"line":7},"1":{"name":"unsafeEntityToString","decl":{"start":{"line":29,"column":9},"end":{"line":29,"column":29}},"loc":{"start":{"line":29,"column":38},"end":{"line":31,"column":1}},"line":29}},"branchMap":{"0":{"loc":{"start":{"line":12,"column":4},"end":{"line":25,"column":5}},"type":"switch","locations":[{"start":{"line":13,"column":8},"end":{"line":16,"column":9}},{"start":{"line":17,"column":8},"end":{"line":20,"column":9}},{"start":{"line":21,"column":8},"end":{"line":24,"column":9}}],"line":12}},"s":{"0":5,"1":5,"2":5,"3":5,"4":5,"5":5,"6":5,"7":5,"8":92,"9":83,"10":83,"11":9,"12":9,"13":0,"14":0,"15":92,"16":0,"17":5},"f":{"0":92,"1":0},"b":{"0":[83,9,0]},"_coverageSchema":"332fd63041d2c1bcb487cc26dd0d5f7d97098a6c","hash":"a6f43de6995b0ffd43cf14d12721323b045bc38d"}
,"/Users/kushanjoshi/code/open/idly-mono/packages/idly-common/src/osm/findInAreaKeys.ts": {"path":"/Users/kushanjoshi/code/open/idly-mono/packages/idly-common/src/osm/findInAreaKeys.ts","statementMap":{"0":{"start":{"line":1,"column":13},"end":{"line":1,"column":3977}},"1":{"start":{"line":1,"column":3977},"end":{"line":1,"column":3990}},"2":{"start":{"line":2,"column":0},"end":{"line":2,"column":62}},"3":{"start":{"line":3,"column":19},"end":{"line":3,"column":61}},"4":{"start":{"line":7,"column":17},"end":{"line":19,"column":1}},"5":{"start":{"line":20,"column":0},"end":{"line":20,"column":25}},"6":{"start":{"line":22,"column":21},"end":{"line":22,"column":45}},"7":{"start":{"line":23,"column":4},"end":{"line":35,"column":5}},"8":{"start":{"line":24,"column":8},"end":{"line":26,"column":9}},"9":{"start":{"line":25,"column":12},"end":{"line":25,"column":21}},"10":{"start":{"line":27,"column":8},"end":{"line":30,"column":9}},"11":{"start":{"line":29,"column":12},"end":{"line":29,"column":24}},"12":{"start":{"line":31,"column":8},"end":{"line":34,"column":9}},"13":{"start":{"line":33,"column":12},"end":{"line":33,"column":24}},"14":{"start":{"line":36,"column":4},"end":{"line":36,"column":17}},"15":{"start":{"line":38,"column":0},"end":{"line":38,"column":40}}},"fnMap":{"0":{"name":"findInAreaKeys","decl":{"start":{"line":21,"column":9},"end":{"line":21,"column":23}},"loc":{"start":{"line":21,"column":30},"end":{"line":37,"column":1}},"line":21}},"branchMap":{"0":{"loc":{"start":{"line":24,"column":8},"end":{"line":26,"column":9}},"type":"if","locations":[{"start":{"line":24,"column":8},"end":{"line":26,"column":9}},{"start":{"line":24,"column":8},"end":{"line":26,"column":9}}],"line":24},"1":{"loc":{"start":{"line":27,"column":8},"end":{"line":30,"column":9}},"type":"if","locations":[{"start":{"line":27,"column":8},"end":{"line":30,"column":9}},{"start":{"line":27,"column":8},"end":{"line":30,"column":9}}],"line":27},"2":{"loc":{"start":{"line":27,"column":12},"end":{"line":28,"column":52}},"type":"binary-expr","locations":[{"start":{"line":27,"column":12},"end":{"line":27,"column":40}},{"start":{"line":28,"column":12},"end":{"line":28,"column":52}}],"line":27},"3":{"loc":{"start":{"line":31,"column":8},"end":{"line":34,"column":9}},"type":"if","locations":[{"start":{"line":31,"column":8},"end":{"line":34,"column":9}},{"start":{"line":31,"column":8},"end":{"line":34,"column":9}}],"line":31},"4":{"loc":{"start":{"line":31,"column":12},"end":{"line":32,"column":51}},"type":"binary-expr","locations":[{"start":{"line":31,"column":12},"end":{"line":31,"column":40}},{"start":{"line":32,"column":12},"end":{"line":32,"column":51}}],"line":31}},"s":{"0":1,"1":1,"2":1,"3":1,"4":1,"5":1,"6":0,"7":0,"8":0,"9":0,"10":0,"11":0,"12":0,"13":0,"14":0,"15":1},"f":{"0":0},"b":{"0":[0,0],"1":[0,0],"2":[0,0],"3":[0,0],"4":[0,0]},"_coverageSchema":"332fd63041d2c1bcb487cc26dd0d5f7d97098a6c","hash":"19f0ae0683b56f3ec834f219c5599d0e84c21ac8"}
,"/Users/kushanjoshi/code/open/idly-mono/packages/idly-common/src/osm/getNodeGeometry.ts": {"path":"/Users/kushanjoshi/code/open/idly-mono/packages/idly-common/src/osm/getNodeGeometry.ts","statementMap":{"0":{"start":{"line":1,"column":13},"end":{"line":1,"column":1372}},"1":{"start":{"line":1,"column":1372},"end":{"line":1,"column":1385}},"2":{"start":{"line":2,"column":0},"end":{"line":2,"column":62}},"3":{"start":{"line":3,"column":21},"end":{"line":3,"column":49}},"4":{"start":{"line":5,"column":4},"end":{"line":7,"column":5}},"5":{"start":{"line":6,"column":8},"end":{"line":6,"column":46}},"6":{"start":{"line":8,"column":4},"end":{"line":8,"column":43}},"7":{"start":{"line":10,"column":0},"end":{"line":10,"column":42}}},"fnMap":{"0":{"name":"getNodeGeometry","decl":{"start":{"line":4,"column":9},"end":{"line":4,"column":24}},"loc":{"start":{"line":4,"column":36},"end":{"line":9,"column":1}},"line":4}},"branchMap":{"0":{"loc":{"start":{"line":5,"column":4},"end":{"line":7,"column":5}},"type":"if","locations":[{"start":{"line":5,"column":4},"end":{"line":7,"column":5}},{"start":{"line":5,"column":4},"end":{"line":7,"column":5}}],"line":5}},"s":{"0":1,"1":1,"2":1,"3":1,"4":1,"5":1,"6":0,"7":1},"f":{"0":1},"b":{"0":[1,0]},"_coverageSchema":"332fd63041d2c1bcb487cc26dd0d5f7d97098a6c","hash":"9af093f9534813f5aa098178b76371b21f4ac388"}
,"/Users/kushanjoshi/code/open/idly-mono/packages/idly-common/src/osm/isArea.ts": {"path":"/Users/kushanjoshi/code/open/idly-mono/packages/idly-common/src/osm/isArea.ts","statementMap":{"0":{"start":{"line":1,"column":13},"end":{"line":1,"column":1931}},"1":{"start":{"line":1,"column":1931},"end":{"line":1,"column":1944}},"2":{"start":{"line":2,"column":0},"end":{"line":2,"column":62}},"3":{"start":{"line":3,"column":20},"end":{"line":3,"column":48}},"4":{"start":{"line":4,"column":25},"end":{"line":4,"column":52}},"5":{"start":{"line":5,"column":19},"end":{"line":5,"column":40}},"6":{"start":{"line":6,"column":0},"end":{"line":14,"column":3}},"7":{"start":{"line":7,"column":4},"end":{"line":9,"column":5}},"8":{"start":{"line":8,"column":8},"end":{"line":8,"column":20}},"9":{"start":{"line":10,"column":4},"end":{"line":12,"column":5}},"10":{"start":{"line":11,"column":8},"end":{"line":11,"column":21}},"11":{"start":{"line":13,"column":4},"end":{"line":13,"column":53}}},"fnMap":{"0":{"name":"(anonymous_0)","decl":{"start":{"line":6,"column":39},"end":{"line":6,"column":40}},"loc":{"start":{"line":6,"column":48},"end":{"line":14,"column":1}},"line":6}},"branchMap":{"0":{"loc":{"start":{"line":7,"column":4},"end":{"line":9,"column":5}},"type":"if","locations":[{"start":{"line":7,"column":4},"end":{"line":9,"column":5}},{"start":{"line":7,"column":4},"end":{"line":9,"column":5}}],"line":7},"1":{"loc":{"start":{"line":10,"column":4},"end":{"line":12,"column":5}},"type":"if","locations":[{"start":{"line":10,"column":4},"end":{"line":12,"column":5}},{"start":{"line":10,"column":4},"end":{"line":12,"column":5}}],"line":10},"2":{"loc":{"start":{"line":10,"column":8},"end":{"line":10,"column":59}},"type":"binary-expr","locations":[{"start":{"line":10,"column":8},"end":{"line":10,"column":33}},{"start":{"line":10,"column":37},"end":{"line":10,"column":59}}],"line":10}},"s":{"0":1,"1":1,"2":1,"3":1,"4":1,"5":1,"6":1,"7":2,"8":0,"9":2,"10":2,"11":0},"f":{"0":2},"b":{"0":[0,2],"1":[2,0],"2":[2,0]},"_coverageSchema":"332fd63041d2c1bcb487cc26dd0d5f7d97098a6c","hash":"7c5d6e8b4729f115a7ec7021c5c6915a3b3cd84c"}
,"/Users/kushanjoshi/code/open/idly-mono/packages/idly-common/src/osm/isClosed.ts": {"path":"/Users/kushanjoshi/code/open/idly-mono/packages/idly-common/src/osm/isClosed.ts","statementMap":{"0":{"start":{"line":1,"column":13},"end":{"line":1,"column":995}},"1":{"start":{"line":1,"column":995},"end":{"line":1,"column":1008}},"2":{"start":{"line":2,"column":0},"end":{"line":2,"column":62}},"3":{"start":{"line":4,"column":4},"end":{"line":4,"column":68}},"4":{"start":{"line":6,"column":0},"end":{"line":6,"column":28}}},"fnMap":{"0":{"name":"isClosed","decl":{"start":{"line":3,"column":9},"end":{"line":3,"column":17}},"loc":{"start":{"line":3,"column":29},"end":{"line":5,"column":1}},"line":3}},"branchMap":{"0":{"loc":{"start":{"line":4,"column":11},"end":{"line":4,"column":67}},"type":"binary-expr","locations":[{"start":{"line":4,"column":11},"end":{"line":4,"column":27}},{"start":{"line":4,"column":31},"end":{"line":4,"column":67}}],"line":4}},"s":{"0":1,"1":1,"2":1,"3":2,"4":1},"f":{"0":2},"b":{"0":[2,0]},"_coverageSchema":"332fd63041d2c1bcb487cc26dd0d5f7d97098a6c","hash":"f8aa8e2a264bdfecedf1892fea9129e211921f0a"}
,"/Users/kushanjoshi/code/open/idly-mono/packages/idly-common/src/osm/structures.ts": {"path":"/Users/kushanjoshi/code/open/idly-mono/packages/idly-common/src/osm/structures.ts","statementMap":{"0":{"start":{"line":1,"column":13},"end":{"line":1,"column":3736}},"1":{"start":{"line":1,"column":3736},"end":{"line":1,"column":3749}},"2":{"start":{"line":2,"column":0},"end":{"line":2,"column":62}},"3":{"start":{"line":4,"column":0},"end":{"line":10,"column":68}},"4":{"start":{"line":5,"column":4},"end":{"line":5,"column":35}},"5":{"start":{"line":6,"column":4},"end":{"line":6,"column":37}},"6":{"start":{"line":7,"column":4},"end":{"line":7,"column":33}},"7":{"start":{"line":8,"column":4},"end":{"line":8,"column":33}},"8":{"start":{"line":9,"column":4},"end":{"line":9,"column":41}},"9":{"start":{"line":12,"column":0},"end":{"line":16,"column":65}},"10":{"start":{"line":13,"column":4},"end":{"line":13,"column":32}},"11":{"start":{"line":14,"column":4},"end":{"line":14,"column":30}},"12":{"start":{"line":15,"column":4},"end":{"line":15,"column":40}}},"fnMap":{"0":{"name":"(anonymous_0)","decl":{"start":{"line":4,"column":1},"end":{"line":4,"column":2}},"loc":{"start":{"line":4,"column":24},"end":{"line":10,"column":1}},"line":4},"1":{"name":"(anonymous_1)","decl":{"start":{"line":12,"column":1},"end":{"line":12,"column":2}},"loc":{"start":{"line":12,"column":23},"end":{"line":16,"column":1}},"line":12}},"branchMap":{"0":{"loc":{"start":{"line":10,"column":17},"end":{"line":10,"column":66}},"type":"binary-expr","locations":[{"start":{"line":10,"column":17},"end":{"line":10,"column":36}},{"start":{"line":10,"column":41},"end":{"line":10,"column":65}}],"line":10},"1":{"loc":{"start":{"line":16,"column":16},"end":{"line":16,"column":63}},"type":"binary-expr","locations":[{"start":{"line":16,"column":16},"end":{"line":16,"column":34}},{"start":{"line":16,"column":39},"end":{"line":16,"column":62}}],"line":16}},"s":{"0":11,"1":11,"2":11,"3":11,"4":11,"5":11,"6":11,"7":11,"8":11,"9":11,"10":11,"11":11,"12":11},"f":{"0":11,"1":11},"b":{"0":[11,11],"1":[11,11]},"_coverageSchema":"332fd63041d2c1bcb487cc26dd0d5f7d97098a6c","hash":"419bc39c4304041c7d081f479706f1b01682b0d9"}
,"/Users/kushanjoshi/code/open/idly-mono/packages/idly-common/src/osm/compareEntities/compareNode.ts": {"path":"/Users/kushanjoshi/code/open/idly-mono/packages/idly-common/src/osm/compareEntities/compareNode.ts","statementMap":{"0":{"start":{"line":1,"column":13},"end":{"line":1,"column":3252}},"1":{"start":{"line":1,"column":3252},"end":{"line":1,"column":3265}},"2":{"start":{"line":2,"column":0},"end":{"line":2,"column":62}},"3":{"start":{"line":3,"column":22},"end":{"line":3,"column":46}},"4":{"start":{"line":5,"column":4},"end":{"line":7,"column":5}},"5":{"start":{"line":6,"column":8},"end":{"line":6,"column":20}},"6":{"start":{"line":8,"column":4},"end":{"line":10,"column":5}},"7":{"start":{"line":9,"column":8},"end":{"line":9,"column":21}},"8":{"start":{"line":11,"column":4},"end":{"line":14,"column":5}},"9":{"start":{"line":13,"column":8},"end":{"line":13,"column":21}},"10":{"start":{"line":15,"column":4},"end":{"line":17,"column":5}},"11":{"start":{"line":16,"column":8},"end":{"line":16,"column":21}},"12":{"start":{"line":18,"column":4},"end":{"line":20,"column":5}},"13":{"start":{"line":19,"column":8},"end":{"line":19,"column":21}},"14":{"start":{"line":21,"column":4},"end":{"line":23,"column":5}},"15":{"start":{"line":22,"column":8},"end":{"line":22,"column":21}},"16":{"start":{"line":24,"column":4},"end":{"line":24,"column":16}},"17":{"start":{"line":26,"column":0},"end":{"line":26,"column":34}}},"fnMap":{"0":{"name":"compareNode","decl":{"start":{"line":4,"column":9},"end":{"line":4,"column":20}},"loc":{"start":{"line":4,"column":40},"end":{"line":25,"column":1}},"line":4}},"branchMap":{"0":{"loc":{"start":{"line":5,"column":4},"end":{"line":7,"column":5}},"type":"if","locations":[{"start":{"line":5,"column":4},"end":{"line":7,"column":5}},{"start":{"line":5,"column":4},"end":{"line":7,"column":5}}],"line":5},"1":{"loc":{"start":{"line":8,"column":4},"end":{"line":10,"column":5}},"type":"if","locations":[{"start":{"line":8,"column":4},"end":{"line":10,"column":5}},{"start":{"line":8,"column":4},"end":{"line":10,"column":5}}],"line":8},"2":{"loc":{"start":{"line":11,"column":4},"end":{"line":14,"column":5}},"type":"if","locations":[{"start":{"line":11,"column":4},"end":{"line":14,"column":5}},{"start":{"line":11,"column":4},"end":{"line":14,"column":5}}],"line":11},"3":{"loc":{"start":{"line":11,"column":8},"end":{"line":12,"column":53}},"type":"binary-expr","locations":[{"start":{"line":11,"column":8},"end":{"line":11,"column":53}},{"start":{"line":12,"column":8},"end":{"line":12,"column":53}}],"line":11},"4":{"loc":{"start":{"line":15,"column":4},"end":{"line":17,"column":5}},"type":"if","locations":[{"start":{"line":15,"column":4},"end":{"line":17,"column":5}},{"start":{"line":15,"column":4},"end":{"line":17,"column":5}}],"line":15},"5":{"loc":{"start":{"line":18,"column":4},"end":{"line":20,"column":5}},"type":"if","locations":[{"start":{"line":18,"column":4},"end":{"line":20,"column":5}},{"start":{"line":18,"column":4},"end":{"line":20,"column":5}}],"line":18},"6":{"loc":{"start":{"line":21,"column":4},"end":{"line":23,"column":5}},"type":"if","locations":[{"start":{"line":21,"column":4},"end":{"line":23,"column":5}},{"start":{"line":21,"column":4},"end":{"line":23,"column":5}}],"line":21}},"s":{"0":1,"1":1,"2":1,"3":1,"4":12,"5":1,"6":11,"7":0,"8":11,"9":3,"10":8,"11":4,"12":4,"13":0,"14":4,"15":0,"16":4,"17":1},"f":{"0":12},"b":{"0":[1,11],"1":[0,11],"2":[3,8],"3":[11,10],"4":[4,4],"5":[0,4],"6":[0,4]},"_coverageSchema":"332fd63041d2c1bcb487cc26dd0d5f7d97098a6c","hash":"9f26b1893a047fbf8edad3b58f5b604826f2f75c"}
,"/Users/kushanjoshi/code/open/idly-mono/packages/idly-common/src/osm/compareEntities/compareTags.ts": {"path":"/Users/kushanjoshi/code/open/idly-mono/packages/idly-common/src/osm/compareEntities/compareTags.ts","statementMap":{"0":{"start":{"line":1,"column":13},"end":{"line":1,"column":2540}},"1":{"start":{"line":1,"column":2540},"end":{"line":1,"column":2553}},"2":{"start":{"line":2,"column":0},"end":{"line":2,"column":62}},"3":{"start":{"line":5,"column":4},"end":{"line":7,"column":5}},"4":{"start":{"line":6,"column":8},"end":{"line":6,"column":20}},"5":{"start":{"line":8,"column":18},"end":{"line":8,"column":36}},"6":{"start":{"line":9,"column":18},"end":{"line":9,"column":36}},"7":{"start":{"line":10,"column":4},"end":{"line":12,"column":5}},"8":{"start":{"line":11,"column":8},"end":{"line":11,"column":21}},"9":{"start":{"line":14,"column":4},"end":{"line":18,"column":5}},"10":{"start":{"line":15,"column":8},"end":{"line":17,"column":9}},"11":{"start":{"line":16,"column":12},"end":{"line":16,"column":25}},"12":{"start":{"line":19,"column":4},"end":{"line":19,"column":16}},"13":{"start":{"line":21,"column":0},"end":{"line":21,"column":34}}},"fnMap":{"0":{"name":"compareTags","decl":{"start":{"line":4,"column":9},"end":{"line":4,"column":20}},"loc":{"start":{"line":4,"column":35},"end":{"line":20,"column":1}},"line":4}},"branchMap":{"0":{"loc":{"start":{"line":5,"column":4},"end":{"line":7,"column":5}},"type":"if","locations":[{"start":{"line":5,"column":4},"end":{"line":7,"column":5}},{"start":{"line":5,"column":4},"end":{"line":7,"column":5}}],"line":5},"1":{"loc":{"start":{"line":10,"column":4},"end":{"line":12,"column":5}},"type":"if","locations":[{"start":{"line":10,"column":4},"end":{"line":12,"column":5}},{"start":{"line":10,"column":4},"end":{"line":12,"column":5}}],"line":10},"2":{"loc":{"start":{"line":15,"column":8},"end":{"line":17,"column":9}},"type":"if","locations":[{"start":{"line":15,"column":8},"end":{"line":17,"column":9}},{"start":{"line":15,"column":8},"end":{"line":17,"column":9}}],"line":15}},"s":{"0":3,"1":3,"2":3,"3":26,"4":1,"5":25,"6":25,"7":25,"8":3,"9":22,"10":76,"11":5,"12":17,"13":3},"f":{"0":26},"b":{"0":[1,25],"1":[3,22],"2":[5,71]},"_coverageSchema":"332fd63041d2c1bcb487cc26dd0d5f7d97098a6c","hash":"09234a9b02dee223ec5f8687ae9646532cb1c19b"}
,"/Users/kushanjoshi/code/open/idly-mono/packages/idly-common/src/osm/compareEntities/compareWay.ts": {"path":"/Users/kushanjoshi/code/open/idly-mono/packages/idly-common/src/osm/compareEntities/compareWay.ts","statementMap":{"0":{"start":{"line":1,"column":13},"end":{"line":1,"column":3577}},"1":{"start":{"line":1,"column":3577},"end":{"line":1,"column":3590}},"2":{"start":{"line":2,"column":0},"end":{"line":2,"column":62}},"3":{"start":{"line":3,"column":22},"end":{"line":3,"column":46}},"4":{"start":{"line":5,"column":4},"end":{"line":7,"column":5}},"5":{"start":{"line":6,"column":8},"end":{"line":6,"column":20}},"6":{"start":{"line":8,"column":4},"end":{"line":10,"column":5}},"7":{"start":{"line":9,"column":8},"end":{"line":9,"column":21}},"8":{"start":{"line":11,"column":4},"end":{"line":13,"column":5}},"9":{"start":{"line":12,"column":8},"end":{"line":12,"column":21}},"10":{"start":{"line":14,"column":4},"end":{"line":18,"column":5}},"11":{"start":{"line":15,"column":8},"end":{"line":17,"column":9}},"12":{"start":{"line":16,"column":12},"end":{"line":16,"column":25}},"13":{"start":{"line":19,"column":4},"end":{"line":21,"column":5}},"14":{"start":{"line":20,"column":8},"end":{"line":20,"column":21}},"15":{"start":{"line":22,"column":4},"end":{"line":24,"column":5}},"16":{"start":{"line":23,"column":8},"end":{"line":23,"column":21}},"17":{"start":{"line":25,"column":4},"end":{"line":27,"column":5}},"18":{"start":{"line":26,"column":8},"end":{"line":26,"column":21}},"19":{"start":{"line":28,"column":4},"end":{"line":28,"column":16}},"20":{"start":{"line":30,"column":0},"end":{"line":30,"column":32}}},"fnMap":{"0":{"name":"compareWay","decl":{"start":{"line":4,"column":9},"end":{"line":4,"column":19}},"loc":{"start":{"line":4,"column":38},"end":{"line":29,"column":1}},"line":4}},"branchMap":{"0":{"loc":{"start":{"line":5,"column":4},"end":{"line":7,"column":5}},"type":"if","locations":[{"start":{"line":5,"column":4},"end":{"line":7,"column":5}},{"start":{"line":5,"column":4},"end":{"line":7,"column":5}}],"line":5},"1":{"loc":{"start":{"line":8,"column":4},"end":{"line":10,"column":5}},"type":"if","locations":[{"start":{"line":8,"column":4},"end":{"line":10,"column":5}},{"start":{"line":8,"column":4},"end":{"line":10,"column":5}}],"line":8},"2":{"loc":{"start":{"line":11,"column":4},"end":{"line":13,"column":5}},"type":"if","locations":[{"start":{"line":11,"column":4},"end":{"line":13,"column":5}},{"start":{"line":11,"column":4},"end":{"line":13,"column":5}}],"line":11},"3":{"loc":{"start":{"line":15,"column":8},"end":{"line":17,"column":9}},"type":"if","locations":[{"start":{"line":15,"column":8},"end":{"line":17,"column":9}},{"start":{"line":15,"column":8},"end":{"line":17,"column":9}}],"line":15},"4":{"loc":{"start":{"line":19,"column":4},"end":{"line":21,"column":5}},"type":"if","locations":[{"start":{"line":19,"column":4},"end":{"line":21,"column":5}},{"start":{"line":19,"column":4},"end":{"line":21,"column":5}}],"line":19},"5":{"loc":{"start":{"line":22,"column":4},"end":{"line":24,"column":5}},"type":"if","locations":[{"start":{"line":22,"column":4},"end":{"line":24,"column":5}},{"start":{"line":22,"column":4},"end":{"line":24,"column":5}}],"line":22},"6":{"loc":{"start":{"line":25,"column":4},"end":{"line":27,"column":5}},"type":"if","locations":[{"start":{"line":25,"column":4},"end":{"line":27,"column":5}},{"start":{"line":25,"column":4},"end":{"line":27,"column":5}}],"line":25}},"s":{"0":1,"1":1,"2":1,"3":1,"4":8,"5":0,"6":8,"7":0,"8":8,"9":2,"10":6,"11":10,"12":2,"13":4,"14":1,"15":3,"16":0,"17":3,"18":0,"19":3,"20":1},"f":{"0":8},"b":{"0":[0,8],"1":[0,8],"2":[2,6],"3":[2,8],"4":[1,3],"5":[0,3],"6":[0,3]},"_coverageSchema":"332fd63041d2c1bcb487cc26dd0d5f7d97098a6c","hash":"ee6ea0e95af01fec759591ac589af680ed8c4259"}
,"/Users/kushanjoshi/code/open/idly-mono/packages/idly-common/src/osm/entityFactory/attributesFactory.ts": {"path":"/Users/kushanjoshi/code/open/idly-mono/packages/idly-common/src/osm/entityFactory/attributesFactory.ts","statementMap":{"0":{"start":{"line":1,"column":13},"end":{"line":1,"column":1540}},"1":{"start":{"line":1,"column":1540},"end":{"line":1,"column":1553}},"2":{"start":{"line":2,"column":0},"end":{"line":2,"column":62}},"3":{"start":{"line":4,"column":4},"end":{"line":11,"column":6}},"4":{"start":{"line":13,"column":0},"end":{"line":13,"column":46}}},"fnMap":{"0":{"name":"attributesFactory","decl":{"start":{"line":3,"column":9},"end":{"line":3,"column":26}},"loc":{"start":{"line":3,"column":88},"end":{"line":12,"column":1}},"line":3}},"branchMap":{"0":{"loc":{"start":{"line":3,"column":27},"end":{"line":3,"column":86}},"type":"default-arg","locations":[{"start":{"line":3,"column":84},"end":{"line":3,"column":86}}],"line":3}},"s":{"0":11,"1":11,"2":11,"3":300,"4":11},"f":{"0":300},"b":{"0":[107]},"_coverageSchema":"332fd63041d2c1bcb487cc26dd0d5f7d97098a6c","hash":"bbeeec7dac5a8e232f7f1cf0fac4a68e4c3d061c"}
,"/Users/kushanjoshi/code/open/idly-mono/packages/idly-common/src/osm/entityFactory/nodeFactory.ts": {"path":"/Users/kushanjoshi/code/open/idly-mono/packages/idly-common/src/osm/entityFactory/nodeFactory.ts","statementMap":{"0":{"start":{"line":1,"column":13},"end":{"line":1,"column":2835}},"1":{"start":{"line":1,"column":2835},"end":{"line":1,"column":2848}},"2":{"start":{"line":2,"column":0},"end":{"line":2,"column":62}},"3":{"start":{"line":3,"column":24},"end":{"line":3,"column":58}},"4":{"start":{"line":4,"column":21},"end":{"line":4,"column":53}},"5":{"start":{"line":5,"column":21},"end":{"line":5,"column":45}},"6":{"start":{"line":6,"column":28},"end":{"line":6,"column":58}},"7":{"start":{"line":7,"column":22},"end":{"line":7,"column":46}},"8":{"start":{"line":9,"column":4},"end":{"line":15,"column":15}},"9":{"start":{"line":17,"column":0},"end":{"line":17,"column":34}}},"fnMap":{"0":{"name":"nodeFactory","decl":{"start":{"line":8,"column":9},"end":{"line":8,"column":20}},"loc":{"start":{"line":8,"column":180},"end":{"line":16,"column":1}},"line":8}},"branchMap":{"0":{"loc":{"start":{"line":8,"column":27},"end":{"line":8,"column":61}},"type":"default-arg","locations":[{"start":{"line":8,"column":34},"end":{"line":8,"column":61}}],"line":8},"1":{"loc":{"start":{"line":8,"column":63},"end":{"line":8,"column":106}},"type":"default-arg","locations":[{"start":{"line":8,"column":69},"end":{"line":8,"column":106}}],"line":8},"2":{"loc":{"start":{"line":8,"column":108},"end":{"line":8,"column":160}},"type":"default-arg","locations":[{"start":{"line":8,"column":121},"end":{"line":8,"column":160}}],"line":8},"3":{"loc":{"start":{"line":8,"column":165},"end":{"line":8,"column":178}},"type":"default-arg","locations":[{"start":{"line":8,"column":174},"end":{"line":8,"column":178}}],"line":8}},"s":{"0":8,"1":8,"2":8,"3":8,"4":8,"5":8,"6":8,"7":8,"8":153,"9":8},"f":{"0":153},"b":{"0":[26],"1":[52],"2":[81],"3":[70]},"_coverageSchema":"332fd63041d2c1bcb487cc26dd0d5f7d97098a6c","hash":"ce1acce1b051e8c51a3ebb6183e2dfda492eb7cb"}
,"/Users/kushanjoshi/code/open/idly-mono/packages/idly-common/src/osm/entityFactory/relationFactory.ts": {"path":"/Users/kushanjoshi/code/open/idly-mono/packages/idly-common/src/osm/entityFactory/relationFactory.ts","statementMap":{"0":{"start":{"line":1,"column":13},"end":{"line":1,"column":2713}},"1":{"start":{"line":1,"column":2713},"end":{"line":1,"column":2726}},"2":{"start":{"line":2,"column":0},"end":{"line":2,"column":62}},"3":{"start":{"line":3,"column":21},"end":{"line":3,"column":53}},"4":{"start":{"line":4,"column":21},"end":{"line":4,"column":45}},"5":{"start":{"line":5,"column":28},"end":{"line":5,"column":58}},"6":{"start":{"line":6,"column":22},"end":{"line":6,"column":46}},"7":{"start":{"line":8,"column":4},"end":{"line":14,"column":15}},"8":{"start":{"line":16,"column":0},"end":{"line":16,"column":42}}},"fnMap":{"0":{"name":"relationFactory","decl":{"start":{"line":7,"column":9},"end":{"line":7,"column":24}},"loc":{"start":{"line":7,"column":153},"end":{"line":15,"column":1}},"line":7}},"branchMap":{"0":{"loc":{"start":{"line":7,"column":31},"end":{"line":7,"column":65}},"type":"default-arg","locations":[{"start":{"line":7,"column":38},"end":{"line":7,"column":65}}],"line":7},"1":{"loc":{"start":{"line":7,"column":67},"end":{"line":7,"column":119}},"type":"default-arg","locations":[{"start":{"line":7,"column":80},"end":{"line":7,"column":119}}],"line":7},"2":{"loc":{"start":{"line":7,"column":121},"end":{"line":7,"column":133}},"type":"default-arg","locations":[{"start":{"line":7,"column":131},"end":{"line":7,"column":133}}],"line":7},"3":{"loc":{"start":{"line":7,"column":138},"end":{"line":7,"column":151}},"type":"default-arg","locations":[{"start":{"line":7,"column":147},"end":{"line":7,"column":151}}],"line":7}},"s":{"0":5,"1":5,"2":5,"3":5,"4":5,"5":5,"6":5,"7":0,"8":5},"f":{"0":0},"b":{"0":[0],"1":[0],"2":[0],"3":[0]},"_coverageSchema":"332fd63041d2c1bcb487cc26dd0d5f7d97098a6c","hash":"e38e8ee6de8ed33e62f7c61f4f36d7ae63ba0a11"}
,"/Users/kushanjoshi/code/open/idly-mono/packages/idly-common/src/osm/entityFactory/tagsFactory.ts": {"path":"/Users/kushanjoshi/code/open/idly-mono/packages/idly-common/src/osm/entityFactory/tagsFactory.ts","statementMap":{"0":{"start":{"line":1,"column":13},"end":{"line":1,"column":1560}},"1":{"start":{"line":1,"column":1560},"end":{"line":1,"column":1573}},"2":{"start":{"line":2,"column":0},"end":{"line":2,"column":62}},"3":{"start":{"line":3,"column":25},"end":{"line":3,"column":61}},"4":{"start":{"line":7,"column":17},"end":{"line":7,"column":19}},"5":{"start":{"line":9,"column":4},"end":{"line":9,"column":52}},"6":{"start":{"line":11,"column":0},"end":{"line":11,"column":34}}},"fnMap":{"0":{"name":"tagsFactory","decl":{"start":{"line":8,"column":9},"end":{"line":8,"column":20}},"loc":{"start":{"line":8,"column":41},"end":{"line":10,"column":1}},"line":8}},"branchMap":{"0":{"loc":{"start":{"line":8,"column":21},"end":{"line":8,"column":39}},"type":"default-arg","locations":[{"start":{"line":8,"column":31},"end":{"line":8,"column":39}}],"line":8}},"s":{"0":11,"1":11,"2":11,"3":11,"4":11,"5":253,"6":11},"f":{"0":253},"b":{"0":[32]},"_coverageSchema":"332fd63041d2c1bcb487cc26dd0d5f7d97098a6c","hash":"72fc9388c5965f4b02c570c0f4a997289217e394"}
,"/Users/kushanjoshi/code/open/idly-mono/packages/idly-common/src/osm/entityFactory/wayFactory.ts": {"path":"/Users/kushanjoshi/code/open/idly-mono/packages/idly-common/src/osm/entityFactory/wayFactory.ts","statementMap":{"0":{"start":{"line":1,"column":13},"end":{"line":1,"column":2564}},"1":{"start":{"line":1,"column":2564},"end":{"line":1,"column":2577}},"2":{"start":{"line":2,"column":0},"end":{"line":2,"column":62}},"3":{"start":{"line":3,"column":21},"end":{"line":3,"column":53}},"4":{"start":{"line":4,"column":21},"end":{"line":4,"column":45}},"5":{"start":{"line":5,"column":28},"end":{"line":5,"column":58}},"6":{"start":{"line":6,"column":22},"end":{"line":6,"column":46}},"7":{"start":{"line":8,"column":4},"end":{"line":14,"column":15}},"8":{"start":{"line":16,"column":0},"end":{"line":16,"column":32}}},"fnMap":{"0":{"name":"wayFactory","decl":{"start":{"line":7,"column":9},"end":{"line":7,"column":19}},"loc":{"start":{"line":7,"column":146},"end":{"line":15,"column":1}},"line":7}},"branchMap":{"0":{"loc":{"start":{"line":7,"column":26},"end":{"line":7,"column":60}},"type":"default-arg","locations":[{"start":{"line":7,"column":33},"end":{"line":7,"column":60}}],"line":7},"1":{"loc":{"start":{"line":7,"column":62},"end":{"line":7,"column":114}},"type":"default-arg","locations":[{"start":{"line":7,"column":75},"end":{"line":7,"column":114}}],"line":7},"2":{"loc":{"start":{"line":7,"column":116},"end":{"line":7,"column":126}},"type":"default-arg","locations":[{"start":{"line":7,"column":124},"end":{"line":7,"column":126}}],"line":7},"3":{"loc":{"start":{"line":7,"column":131},"end":{"line":7,"column":144}},"type":"default-arg","locations":[{"start":{"line":7,"column":140},"end":{"line":7,"column":144}}],"line":7}},"s":{"0":8,"1":8,"2":8,"3":8,"4":8,"5":8,"6":8,"7":35,"8":8},"f":{"0":35},"b":{"0":[6],"1":[26],"2":[2],"3":[26]},"_coverageSchema":"332fd63041d2c1bcb487cc26dd0d5f7d97098a6c","hash":"34284c317ea580ea22ae2bafbdf19aed24b2ebe7"}
,"/Users/kushanjoshi/code/open/idly-mono/packages/idly-common/src/state/actions/entity/createEntity.ts": {"path":"/Users/kushanjoshi/code/open/idly-mono/packages/idly-common/src/state/actions/entity/createEntity.ts","statementMap":{"0":{"start":{"line":1,"column":13},"end":{"line":1,"column":4436}},"1":{"start":{"line":1,"column":4436},"end":{"line":1,"column":4449}},"2":{"start":{"line":2,"column":0},"end":{"line":2,"column":62}},"3":{"start":{"line":3,"column":27},"end":{"line":3,"column":67}},"4":{"start":{"line":4,"column":25},"end":{"line":4,"column":63}},"5":{"start":{"line":6,"column":4},"end":{"line":8,"column":5}},"6":{"start":{"line":7,"column":8},"end":{"line":7,"column":44}},"7":{"start":{"line":9,"column":4},"end":{"line":11,"column":5}},"8":{"start":{"line":10,"column":8},"end":{"line":10,"column":46}},"9":{"start":{"line":12,"column":4},"end":{"line":12,"column":92}},"10":{"start":{"line":14,"column":0},"end":{"line":14,"column":36}},"11":{"start":{"line":16,"column":4},"end":{"line":16,"column":73}},"12":{"start":{"line":18,"column":0},"end":{"line":18,"column":32}},"13":{"start":{"line":20,"column":4},"end":{"line":20,"column":72}},"14":{"start":{"line":22,"column":0},"end":{"line":22,"column":30}},"15":{"start":{"line":24,"column":4},"end":{"line":24,"column":77}},"16":{"start":{"line":26,"column":0},"end":{"line":26,"column":40}}},"fnMap":{"0":{"name":"createEntity","decl":{"start":{"line":5,"column":9},"end":{"line":5,"column":21}},"loc":{"start":{"line":5,"column":34},"end":{"line":13,"column":1}},"line":5},"1":{"name":"createNode","decl":{"start":{"line":15,"column":9},"end":{"line":15,"column":19}},"loc":{"start":{"line":15,"column":32},"end":{"line":17,"column":1}},"line":15},"2":{"name":"createWay","decl":{"start":{"line":19,"column":9},"end":{"line":19,"column":18}},"loc":{"start":{"line":19,"column":31},"end":{"line":21,"column":1}},"line":19},"3":{"name":"createRelation","decl":{"start":{"line":23,"column":9},"end":{"line":23,"column":23}},"loc":{"start":{"line":23,"column":36},"end":{"line":25,"column":1}},"line":23}},"branchMap":{"0":{"loc":{"start":{"line":6,"column":4},"end":{"line":8,"column":5}},"type":"if","locations":[{"start":{"line":6,"column":4},"end":{"line":8,"column":5}},{"start":{"line":6,"column":4},"end":{"line":8,"column":5}}],"line":6},"1":{"loc":{"start":{"line":9,"column":4},"end":{"line":11,"column":5}},"type":"if","locations":[{"start":{"line":9,"column":4},"end":{"line":11,"column":5}},{"start":{"line":9,"column":4},"end":{"line":11,"column":5}}],"line":9},"2":{"loc":{"start":{"line":9,"column":8},"end":{"line":9,"column":42}},"type":"binary-expr","locations":[{"start":{"line":9,"column":8},"end":{"line":9,"column":22}},{"start":{"line":9,"column":26},"end":{"line":9,"column":42}}],"line":9}},"s":{"0":5,"1":5,"2":5,"3":5,"4":5,"5":92,"6":4,"7":92,"8":0,"9":92,"10":5,"11":54,"12":5,"13":6,"14":5,"15":0,"16":5},"f":{"0":92,"1":54,"2":6,"3":0},"b":{"0":[4,88],"1":[0,92],"2":[92,92]},"_coverageSchema":"332fd63041d2c1bcb487cc26dd0d5f7d97098a6c","hash":"dc10fbeb97439d5618ab3ad0fb16b3ffab481625"}
,"/Users/kushanjoshi/code/open/idly-mono/packages/idly-common/src/state/actions/tree/changeTags.ts": {"path":"/Users/kushanjoshi/code/open/idly-mono/packages/idly-common/src/state/actions/tree/changeTags.ts","statementMap":{"0":{"start":{"line":1,"column":13},"end":{"line":1,"column":1622}},"1":{"start":{"line":1,"column":1622},"end":{"line":1,"column":1635}},"2":{"start":{"line":2,"column":0},"end":{"line":2,"column":62}},"3":{"start":{"line":3,"column":21},"end":{"line":3,"column":44}},"4":{"start":{"line":5,"column":4},"end":{"line":8,"column":6}},"5":{"start":{"line":6,"column":24},"end":{"line":6,"column":81}},"6":{"start":{"line":6,"column":44},"end":{"line":6,"column":79}},"7":{"start":{"line":7,"column":8},"end":{"line":7,"column":54}},"8":{"start":{"line":10,"column":0},"end":{"line":10,"column":32}}},"fnMap":{"0":{"name":"changeTags","decl":{"start":{"line":4,"column":9},"end":{"line":4,"column":19}},"loc":{"start":{"line":4,"column":32},"end":{"line":9,"column":1}},"line":4},"1":{"name":"(anonymous_1)","decl":{"start":{"line":5,"column":11},"end":{"line":5,"column":12}},"loc":{"start":{"line":5,"column":21},"end":{"line":8,"column":5}},"line":5},"2":{"name":"(anonymous_2)","decl":{"start":{"line":6,"column":33},"end":{"line":6,"column":34}},"loc":{"start":{"line":6,"column":44},"end":{"line":6,"column":79}},"line":6}},"branchMap":{},"s":{"0":1,"1":1,"2":1,"3":1,"4":1,"5":1,"6":1,"7":1,"8":1},"f":{"0":1,"1":1,"2":1},"b":{},"_coverageSchema":"332fd63041d2c1bcb487cc26dd0d5f7d97098a6c","hash":"969f23874704a1514f0b12413117fb7fe99a8ade"}
,"/Users/kushanjoshi/code/open/idly-mono/packages/idly-common/src/state/actions/tree/modifyLeaf.ts": {"path":"/Users/kushanjoshi/code/open/idly-mono/packages/idly-common/src/state/actions/tree/modifyLeaf.ts","statementMap":{"0":{"start":{"line":1,"column":13},"end":{"line":1,"column":5358}},"1":{"start":{"line":1,"column":5358},"end":{"line":1,"column":5371}},"2":{"start":{"line":2,"column":0},"end":{"line":2,"column":62}},"3":{"start":{"line":3,"column":20},"end":{"line":3,"column":40}},"4":{"start":{"line":4,"column":21},"end":{"line":4,"column":55}},"5":{"start":{"line":7,"column":4},"end":{"line":13,"column":6}},"6":{"start":{"line":8,"column":23},"end":{"line":8,"column":39}},"7":{"start":{"line":9,"column":8},"end":{"line":9,"column":36}},"8":{"start":{"line":11,"column":26},"end":{"line":11,"column":75}},"9":{"start":{"line":12,"column":8},"end":{"line":12,"column":51}},"10":{"start":{"line":15,"column":0},"end":{"line":15,"column":32}},"11":{"start":{"line":17,"column":4},"end":{"line":19,"column":5}},"12":{"start":{"line":18,"column":8},"end":{"line":18,"column":15}},"13":{"start":{"line":20,"column":4},"end":{"line":22,"column":5}},"14":{"start":{"line":21,"column":8},"end":{"line":21,"column":99}},"15":{"start":{"line":23,"column":23},"end":{"line":23,"column":37}},"16":{"start":{"line":24,"column":22},"end":{"line":24,"column":49}},"17":{"start":{"line":25,"column":26},"end":{"line":25,"column":42}},"18":{"start":{"line":27,"column":4},"end":{"line":34,"column":129}},"19":{"start":{"line":31,"column":8},"end":{"line":31,"column":43}}},"fnMap":{"0":{"name":"modifyLeaf","decl":{"start":{"line":6,"column":9},"end":{"line":6,"column":19}},"loc":{"start":{"line":6,"column":26},"end":{"line":14,"column":1}},"line":6},"1":{"name":"(anonymous_1)","decl":{"start":{"line":7,"column":11},"end":{"line":7,"column":12}},"loc":{"start":{"line":7,"column":26},"end":{"line":13,"column":5}},"line":7},"2":{"name":"wayCheck","decl":{"start":{"line":16,"column":9},"end":{"line":16,"column":17}},"loc":{"start":{"line":16,"column":37},"end":{"line":35,"column":1}},"line":16},"3":{"name":"(anonymous_3)","decl":{"start":{"line":29,"column":13},"end":{"line":29,"column":14}},"loc":{"start":{"line":29,"column":21},"end":{"line":32,"column":5}},"line":29}},"branchMap":{"0":{"loc":{"start":{"line":17,"column":4},"end":{"line":19,"column":5}},"type":"if","locations":[{"start":{"line":17,"column":4},"end":{"line":19,"column":5}},{"start":{"line":17,"column":4},"end":{"line":19,"column":5}}],"line":17},"1":{"loc":{"start":{"line":20,"column":4},"end":{"line":22,"column":5}},"type":"if","locations":[{"start":{"line":20,"column":4},"end":{"line":22,"column":5}},{"start":{"line":20,"column":4},"end":{"line":22,"column":5}}],"line":20},"2":{"loc":{"start":{"line":20,"column":8},"end":{"line":20,"column":31}},"type":"binary-expr","locations":[{"start":{"line":20,"column":8},"end":{"line":20,"column":12}},{"start":{"line":20,"column":16},"end":{"line":20,"column":31}}],"line":20},"3":{"loc":{"start":{"line":31,"column":15},"end":{"line":31,"column":42}},"type":"binary-expr","locations":[{"start":{"line":31,"column":15},"end":{"line":31,"column":19}},{"start":{"line":31,"column":23},"end":{"line":31,"column":42}}],"line":31}},"s":{"0":3,"1":3,"2":3,"3":3,"4":3,"5":15,"6":15,"7":15,"8":14,"9":14,"10":3,"11":15,"12":11,"13":4,"14":1,"15":3,"16":3,"17":3,"18":3,"19":7},"f":{"0":15,"1":15,"2":15,"3":7},"b":{"0":[11,4],"1":[1,3],"2":[4,3],"3":[7,7]},"_coverageSchema":"332fd63041d2c1bcb487cc26dd0d5f7d97098a6c","hash":"db5c8141a757b74258bb7166390c265b8e655365"}
,"/Users/kushanjoshi/code/open/idly-mono/packages/idly-common/src/state/graph/Leaf.ts": {"path":"/Users/kushanjoshi/code/open/idly-mono/packages/idly-common/src/state/graph/Leaf.ts","statementMap":{"0":{"start":{"line":1,"column":13},"end":{"line":1,"column":15978}},"1":{"start":{"line":1,"column":15978},"end":{"line":1,"column":15991}},"2":{"start":{"line":2,"column":0},"end":{"line":2,"column":62}},"3":{"start":{"line":3,"column":20},"end":{"line":3,"column":51}},"4":{"start":{"line":4,"column":21},"end":{"line":4,"column":52}},"5":{"start":{"line":5,"column":23},"end":{"line":5,"column":64}},"6":{"start":{"line":6,"column":16},"end":{"line":6,"column":29}},"7":{"start":{"line":9,"column":24},"end":{"line":9,"column":45}},"8":{"start":{"line":10,"column":8},"end":{"line":12,"column":9}},"9":{"start":{"line":11,"column":12},"end":{"line":11,"column":27}},"10":{"start":{"line":13,"column":22},"end":{"line":13,"column":48}},"11":{"start":{"line":14,"column":8},"end":{"line":17,"column":9}},"12":{"start":{"line":16,"column":12},"end":{"line":16,"column":41}},"13":{"start":{"line":18,"column":8},"end":{"line":18,"column":21}},"14":{"start":{"line":21,"column":25},"end":{"line":23,"column":22}},"15":{"start":{"line":25,"column":8},"end":{"line":28,"column":9}},"16":{"start":{"line":27,"column":12},"end":{"line":27,"column":53}},"17":{"start":{"line":29,"column":8},"end":{"line":29,"column":24}},"18":{"start":{"line":33,"column":8},"end":{"line":33,"column":33}},"19":{"start":{"line":34,"column":8},"end":{"line":34,"column":29}},"20":{"start":{"line":38,"column":8},"end":{"line":38,"column":29}},"21":{"start":{"line":41,"column":8},"end":{"line":41,"column":27}},"22":{"start":{"line":47,"column":27},"end":{"line":47,"column":42}},"23":{"start":{"line":48,"column":8},"end":{"line":50,"column":9}},"24":{"start":{"line":49,"column":12},"end":{"line":49,"column":55}},"25":{"start":{"line":51,"column":26},"end":{"line":51,"column":65}},"26":{"start":{"line":52,"column":8},"end":{"line":54,"column":9}},"27":{"start":{"line":53,"column":12},"end":{"line":53,"column":48}},"28":{"start":{"line":55,"column":8},"end":{"line":55,"column":20}},"29":{"start":{"line":59,"column":8},"end":{"line":59,"column":42}},"30":{"start":{"line":62,"column":8},"end":{"line":62,"column":45}},"31":{"start":{"line":65,"column":8},"end":{"line":65,"column":39}},"32":{"start":{"line":68,"column":8},"end":{"line":68,"column":45}},"33":{"start":{"line":71,"column":8},"end":{"line":71,"column":46}},"34":{"start":{"line":74,"column":8},"end":{"line":74,"column":47}},"35":{"start":{"line":77,"column":0},"end":{"line":77,"column":20}},"36":{"start":{"line":82,"column":0},"end":{"line":88,"column":3}},"37":{"start":{"line":83,"column":21},"end":{"line":83,"column":39}},"38":{"start":{"line":84,"column":4},"end":{"line":86,"column":5}},"39":{"start":{"line":85,"column":8},"end":{"line":85,"column":18}},"40":{"start":{"line":87,"column":4},"end":{"line":87,"column":39}},"41":{"start":{"line":92,"column":0},"end":{"line":99,"column":3}},"42":{"start":{"line":93,"column":21},"end":{"line":93,"column":27}},"43":{"start":{"line":94,"column":21},"end":{"line":94,"column":39}},"44":{"start":{"line":95,"column":4},"end":{"line":97,"column":5}},"45":{"start":{"line":96,"column":8},"end":{"line":96,"column":24}},"46":{"start":{"line":98,"column":4},"end":{"line":98,"column":56}},"47":{"start":{"line":100,"column":0},"end":{"line":100,"column":83}},"48":{"start":{"line":100,"column":35},"end":{"line":100,"column":82}},"49":{"start":{"line":100,"column":68},"end":{"line":100,"column":81}},"50":{"start":{"line":101,"column":0},"end":{"line":124,"column":2}},"51":{"start":{"line":102,"column":16},"end":{"line":102,"column":25}},"52":{"start":{"line":103,"column":19},"end":{"line":103,"column":35}},"53":{"start":{"line":104,"column":4},"end":{"line":122,"column":5}},"54":{"start":{"line":107,"column":12},"end":{"line":107,"column":31}},"55":{"start":{"line":108,"column":12},"end":{"line":108,"column":18}},"56":{"start":{"line":111,"column":12},"end":{"line":111,"column":50}},"57":{"start":{"line":111,"column":38},"end":{"line":111,"column":48}},"58":{"start":{"line":112,"column":12},"end":{"line":112,"column":18}},"59":{"start":{"line":115,"column":12},"end":{"line":119,"column":15}},"60":{"start":{"line":116,"column":16},"end":{"line":118,"column":17}},"61":{"start":{"line":117,"column":20},"end":{"line":117,"column":34}},"62":{"start":{"line":120,"column":12},"end":{"line":120,"column":18}},"63":{"start":{"line":123,"column":4},"end":{"line":123,"column":20}},"64":{"start":{"line":125,"column":0},"end":{"line":128,"column":2}},"65":{"start":{"line":126,"column":22},"end":{"line":126,"column":51}},"66":{"start":{"line":127,"column":4},"end":{"line":127,"column":43}},"67":{"start":{"line":129,"column":0},"end":{"line":129,"column":72}},"68":{"start":{"line":129,"column":38},"end":{"line":129,"column":71}},"69":{"start":{"line":135,"column":0},"end":{"line":135,"column":106}},"70":{"start":{"line":135,"column":33},"end":{"line":135,"column":105}},"71":{"start":{"line":135,"column":86},"end":{"line":135,"column":103}},"72":{"start":{"line":138,"column":4},"end":{"line":138,"column":25}},"73":{"start":{"line":140,"column":0},"end":{"line":140,"column":34}},"74":{"start":{"line":143,"column":4},"end":{"line":143,"column":33}},"75":{"start":{"line":145,"column":0},"end":{"line":145,"column":28}}},"fnMap":{"0":{"name":"(anonymous_0)","decl":{"start":{"line":8,"column":4},"end":{"line":8,"column":5}},"loc":{"start":{"line":8,"column":36},"end":{"line":19,"column":5}},"line":8},"1":{"name":"(anonymous_1)","decl":{"start":{"line":20,"column":4},"end":{"line":20,"column":5}},"loc":{"start":{"line":20,"column":34},"end":{"line":30,"column":5}},"line":20},"2":{"name":"(anonymous_2)","decl":{"start":{"line":31,"column":4},"end":{"line":31,"column":5}},"loc":{"start":{"line":31,"column":34},"end":{"line":36,"column":5}},"line":31},"3":{"name":"(anonymous_3)","decl":{"start":{"line":37,"column":4},"end":{"line":37,"column":5}},"loc":{"start":{"line":37,"column":18},"end":{"line":39,"column":5}},"line":37},"4":{"name":"(anonymous_4)","decl":{"start":{"line":40,"column":4},"end":{"line":40,"column":5}},"loc":{"start":{"line":40,"column":16},"end":{"line":42,"column":5}},"line":40},"5":{"name":"(anonymous_5)","decl":{"start":{"line":46,"column":4},"end":{"line":46,"column":5}},"loc":{"start":{"line":46,"column":12},"end":{"line":56,"column":5}},"line":46},"6":{"name":"(anonymous_6)","decl":{"start":{"line":58,"column":4},"end":{"line":58,"column":5}},"loc":{"start":{"line":58,"column":15},"end":{"line":60,"column":5}},"line":58},"7":{"name":"(anonymous_7)","decl":{"start":{"line":61,"column":4},"end":{"line":61,"column":5}},"loc":{"start":{"line":61,"column":22},"end":{"line":63,"column":5}},"line":61},"8":{"name":"(anonymous_8)","decl":{"start":{"line":64,"column":4},"end":{"line":64,"column":5}},"loc":{"start":{"line":64,"column":16},"end":{"line":66,"column":5}},"line":64},"9":{"name":"(anonymous_9)","decl":{"start":{"line":67,"column":4},"end":{"line":67,"column":5}},"loc":{"start":{"line":67,"column":22},"end":{"line":69,"column":5}},"line":67},"10":{"name":"(anonymous_10)","decl":{"start":{"line":70,"column":4},"end":{"line":70,"column":5}},"loc":{"start":{"line":70,"column":23},"end":{"line":72,"column":5}},"line":70},"11":{"name":"(anonymous_11)","decl":{"start":{"line":73,"column":4},"end":{"line":73,"column":5}},"loc":{"start":{"line":73,"column":24},"end":{"line":75,"column":5}},"line":73},"12":{"name":"(anonymous_12)","decl":{"start":{"line":82,"column":48},"end":{"line":82,"column":49}},"loc":{"start":{"line":82,"column":58},"end":{"line":88,"column":1}},"line":82},"13":{"name":"(anonymous_13)","decl":{"start":{"line":92,"column":42},"end":{"line":92,"column":43}},"loc":{"start":{"line":92,"column":52},"end":{"line":99,"column":1}},"line":92},"14":{"name":"(anonymous_14)","decl":{"start":{"line":100,"column":25},"end":{"line":100,"column":26}},"loc":{"start":{"line":100,"column":35},"end":{"line":100,"column":82}},"line":100},"15":{"name":"(anonymous_15)","decl":{"start":{"line":100,"column":63},"end":{"line":100,"column":64}},"loc":{"start":{"line":100,"column":68},"end":{"line":100,"column":81}},"line":100},"16":{"name":"(anonymous_16)","decl":{"start":{"line":101,"column":26},"end":{"line":101,"column":27}},"loc":{"start":{"line":101,"column":36},"end":{"line":124,"column":1}},"line":101},"17":{"name":"(anonymous_17)","decl":{"start":{"line":111,"column":33},"end":{"line":111,"column":34}},"loc":{"start":{"line":111,"column":38},"end":{"line":111,"column":48}},"line":111},"18":{"name":"(anonymous_18)","decl":{"start":{"line":115,"column":35},"end":{"line":115,"column":36}},"loc":{"start":{"line":115,"column":40},"end":{"line":119,"column":13}},"line":115},"19":{"name":"(anonymous_19)","decl":{"start":{"line":125,"column":27},"end":{"line":125,"column":28}},"loc":{"start":{"line":125,"column":37},"end":{"line":128,"column":1}},"line":125},"20":{"name":"(anonymous_20)","decl":{"start":{"line":129,"column":28},"end":{"line":129,"column":29}},"loc":{"start":{"line":129,"column":38},"end":{"line":129,"column":71}},"line":129},"21":{"name":"(anonymous_21)","decl":{"start":{"line":135,"column":23},"end":{"line":135,"column":24}},"loc":{"start":{"line":135,"column":33},"end":{"line":135,"column":105}},"line":135},"22":{"name":"(anonymous_22)","decl":{"start":{"line":135,"column":81},"end":{"line":135,"column":82}},"loc":{"start":{"line":135,"column":86},"end":{"line":135,"column":103}},"line":135},"23":{"name":"cacheAccess","decl":{"start":{"line":137,"column":9},"end":{"line":137,"column":20}},"loc":{"start":{"line":137,"column":23},"end":{"line":139,"column":1}},"line":137},"24":{"name":"setCache","decl":{"start":{"line":141,"column":9},"end":{"line":141,"column":17}},"loc":{"start":{"line":141,"column":25},"end":{"line":144,"column":1}},"line":141}},"branchMap":{"0":{"loc":{"start":{"line":10,"column":8},"end":{"line":12,"column":9}},"type":"if","locations":[{"start":{"line":10,"column":8},"end":{"line":12,"column":9}},{"start":{"line":10,"column":8},"end":{"line":12,"column":9}}],"line":10},"1":{"loc":{"start":{"line":14,"column":8},"end":{"line":17,"column":9}},"type":"if","locations":[{"start":{"line":14,"column":8},"end":{"line":17,"column":9}},{"start":{"line":14,"column":8},"end":{"line":17,"column":9}}],"line":14},"2":{"loc":{"start":{"line":48,"column":8},"end":{"line":50,"column":9}},"type":"if","locations":[{"start":{"line":48,"column":8},"end":{"line":50,"column":9}},{"start":{"line":48,"column":8},"end":{"line":50,"column":9}}],"line":48},"3":{"loc":{"start":{"line":48,"column":12},"end":{"line":48,"column":61}},"type":"binary-expr","locations":[{"start":{"line":48,"column":12},"end":{"line":48,"column":25}},{"start":{"line":48,"column":29},"end":{"line":48,"column":61}}],"line":48},"4":{"loc":{"start":{"line":52,"column":8},"end":{"line":54,"column":9}},"type":"if","locations":[{"start":{"line":52,"column":8},"end":{"line":54,"column":9}},{"start":{"line":52,"column":8},"end":{"line":54,"column":9}}],"line":52},"5":{"loc":{"start":{"line":84,"column":4},"end":{"line":86,"column":5}},"type":"if","locations":[{"start":{"line":84,"column":4},"end":{"line":86,"column":5}},{"start":{"line":84,"column":4},"end":{"line":86,"column":5}}],"line":84},"6":{"loc":{"start":{"line":95,"column":4},"end":{"line":97,"column":5}},"type":"if","locations":[{"start":{"line":95,"column":4},"end":{"line":97,"column":5}},{"start":{"line":95,"column":4},"end":{"line":97,"column":5}}],"line":95},"7":{"loc":{"start":{"line":104,"column":4},"end":{"line":122,"column":5}},"type":"switch","locations":[{"start":{"line":106,"column":8},"end":{"line":109,"column":9}},{"start":{"line":110,"column":8},"end":{"line":113,"column":9}},{"start":{"line":114,"column":8},"end":{"line":121,"column":9}}],"line":104},"8":{"loc":{"start":{"line":116,"column":16},"end":{"line":118,"column":17}},"type":"if","locations":[{"start":{"line":116,"column":16},"end":{"line":118,"column":17}},{"start":{"line":116,"column":16},"end":{"line":118,"column":17}}],"line":116},"9":{"loc":{"start":{"line":129,"column":38},"end":{"line":129,"column":71}},"type":"cond-expr","locations":[{"start":{"line":129,"column":59},"end":{"line":129,"column":64}},{"start":{"line":129,"column":67},"end":{"line":129,"column":71}}],"line":129}},"s":{"0":4,"1":4,"2":4,"3":4,"4":4,"5":4,"6":4,"7":51,"8":51,"9":17,"10":34,"11":34,"12":34,"13":34,"14":1,"15":1,"16":4,"17":1,"18":34,"19":34,"20":43,"21":45,"22":28,"23":28,"24":0,"25":28,"26":28,"27":25,"28":3,"29":7,"30":16,"31":0,"32":1,"33":0,"34":1,"35":4,"36":4,"37":16,"38":16,"39":3,"40":13,"41":4,"42":16,"43":16,"44":16,"45":7,"46":9,"47":4,"48":7,"49":19,"50":4,"51":1,"52":1,"53":1,"54":0,"55":0,"56":1,"57":2,"58":1,"59":0,"60":0,"61":0,"62":0,"63":1,"64":4,"65":0,"66":0,"67":4,"68":1,"69":4,"70":7,"71":19,"72":0,"73":4,"74":0,"75":4},"f":{"0":51,"1":1,"2":34,"3":43,"4":45,"5":28,"6":7,"7":16,"8":0,"9":1,"10":0,"11":1,"12":16,"13":16,"14":7,"15":19,"16":1,"17":2,"18":0,"19":0,"20":1,"21":7,"22":19,"23":0,"24":0},"b":{"0":[17,34],"1":[34,0],"2":[0,28],"3":[28,28],"4":[25,3],"5":[3,13],"6":[7,9],"7":[0,1,0],"8":[0,0],"9":[0,1]},"_coverageSchema":"332fd63041d2c1bcb487cc26dd0d5f7d97098a6c","hash":"c0e2f0ae62db8
[...]
11,"column":80}},"line":11},"5":{"name":"(anonymous_5)","decl":{"start":{"line":11,"column":30},"end":{"line":11,"column":31}},"loc":{"start":{"line":11,"column":43},"end":{"line":11,"column":76}},"line":11},"6":{"name":"(anonymous_6)","decl":{"start":{"line":13,"column":32},"end":{"line":13,"column":33}},"loc":{"start":{"line":13,"column":50},"end":{"line":16,"column":10}},"line":13},"7":{"name":"(anonymous_7)","decl":{"start":{"line":14,"column":9},"end":{"line":14,"column":10}},"loc":{"start":{"line":14,"column":14},"end":{"line":14,"column":53}},"line":14},"8":{"name":"(anonymous_8)","decl":{"start":{"line":15,"column":9},"end":{"line":15,"column":10}},"loc":{"start":{"line":15,"column":14},"end":{"line":15,"column":73}},"line":15},"9":{"name":"(anonymous_9)","decl":{"start":{"line":15,"column":26},"end":{"line":15,"column":27}},"loc":{"start":{"line":15,"column":39},"end":{"line":15,"column":69}},"line":15},"10":{"name":"(anonymous_10)","decl":{"start":{"line":17,"column":35},"end":{"line":17,"column":36}},"loc":{"start":{"line":17,"column":56},"end":{"line":19,"column":19}},"line":17},"11":{"name":"(anonymous_11)","decl":{"start":{"line":18,"column":9},"end":{"line":18,"column":10}},"loc":{"start":{"line":18,"column":14},"end":{"line":18,"column":43}},"line":18},"12":{"name":"(anonymous_12)","decl":{"start":{"line":19,"column":12},"end":{"line":19,"column":13}},"loc":{"start":{"line":19,"column":17},"end":{"line":19,"column":18}},"line":19},"13":{"name":"(anonymous_13)","decl":{"start":{"line":20,"column":27},"end":{"line":20,"column":28}},"loc":{"start":{"line":20,"column":48},"end":{"line":20,"column":137}},"line":20},"14":{"name":"(anonymous_14)","decl":{"start":{"line":20,"column":71},"end":{"line":20,"column":72}},"loc":{"start":{"line":20,"column":76},"end":{"line":20,"column":97}},"line":20},"15":{"name":"(anonymous_15)","decl":{"start":{"line":23,"column":0},"end":{"line":23,"column":1}},"loc":{"start":{"line":23,"column":12},"end":{"line":23,"column":21}},"line":23},"16":{"name":"(anonymous_16)","decl":{"start":{"line":24,"column":30},"end":{"line":24,"column":31}},"loc":{"start":{"line":24,"column":61},"end":{"line":28,"column":1}},"line":24},"17":{"name":"(anonymous_17)","decl":{"start":{"line":26,"column":20},"end":{"line":26,"column":21}},"loc":{"start":{"line":26,"column":33},"end":{"line":26,"column":72}},"line":26},"18":{"name":"(anonymous_18)","decl":{"start":{"line":29,"column":33},"end":{"line":29,"column":34}},"loc":{"start":{"line":29,"column":51},"end":{"line":33,"column":1}},"line":29},"19":{"name":"(anonymous_19)","decl":{"start":{"line":31,"column":16},"end":{"line":31,"column":17}},"loc":{"start":{"line":31,"column":29},"end":{"line":31,"column":59}},"line":31}},"branchMap":{"0":{"loc":{"start":{"line":9,"column":48},"end":{"line":9,"column":60}},"type":"default-arg","locations":[{"start":{"line":9,"column":58},"end":{"line":9,"column":60}}],"line":9}},"s":{"0":2,"1":2,"2":2,"3":2,"4":2,"5":2,"6":2,"7":2,"8":1,"9":2,"10":11,"11":2,"12":15,"13":15,"14":15,"15":220,"16":2,"17":4,"18":4,"19":4,"20":5,"21":2,"22":0,"23":0,"24":0,"25":2,"26":13,"27":260,"28":2,"29":11,"30":2,"31":15,"32":15,"33":220,"34":15,"35":2,"36":4,"37":4,"38":5,"39":4},"f":{"0":1,"1":11,"2":15,"3":15,"4":15,"5":220,"6":4,"7":4,"8":4,"9":5,"10":0,"11":0,"12":0,"13":13,"14":260,"15":11,"16":15,"17":220,"18":4,"19":5},"b":{"0":[5]},"_coverageSchema":"332fd63041d2c1bcb487cc26dd0d5f7d97098a6c","hash":"14d016fef5b4ff9659ab038d2e392ebc9c7eef5e"}
,"/Users/kushanjoshi/code/open/idly-mono/packages/idly-common/src/state2/table/private.ts": {"path":"/Users/kushanjoshi/code/open/idly-mono/packages/idly-common/src/state2/table/private.ts","statementMap":{"0":{"start":{"line":1,"column":13},"end":{"line":1,"column":4027}},"1":{"start":{"line":1,"column":4027},"end":{"line":1,"column":4040}},"2":{"start":{"line":2,"column":0},"end":{"line":2,"column":62}},"3":{"start":{"line":3,"column":0},"end":{"line":3,"column":38}},"4":{"start":{"line":3,"column":28},"end":{"line":3,"column":37}},"5":{"start":{"line":4,"column":0},"end":{"line":4,"column":44}},"6":{"start":{"line":4,"column":32},"end":{"line":4,"column":43}},"7":{"start":{"line":5,"column":0},"end":{"line":8,"column":2}},"8":{"start":{"line":6,"column":4},"end":{"line":6,"column":16}},"9":{"start":{"line":7,"column":4},"end":{"line":7,"column":13}},"10":{"start":{"line":9,"column":0},"end":{"line":9,"column":38}},"11":{"start":{"line":9,"column":29},"end":{"line":9,"column":37}},"12":{"start":{"line":10,"column":0},"end":{"line":10,"column":38}},"13":{"start":{"line":10,"column":29},"end":{"line":10,"column":37}},"14":{"start":{"line":11,"column":0},"end":{"line":15,"column":2}},"15":{"start":{"line":12,"column":19},"end":{"line":12,"column":21}},"16":{"start":{"line":13,"column":4},"end":{"line":13,"column":25}},"17":{"start":{"line":13,"column":19},"end":{"line":13,"column":23}},"18":{"start":{"line":14,"column":4},"end":{"line":14,"column":18}},"19":{"start":{"line":16,"column":0},"end":{"line":20,"column":2}},"20":{"start":{"line":17,"column":19},"end":{"line":17,"column":21}},"21":{"start":{"line":18,"column":4},"end":{"line":18,"column":53}},"22":{"start":{"line":18,"column":25},"end":{"line":18,"column":51}},"23":{"start":{"line":19,"column":4},"end":{"line":19,"column":18}},"24":{"start":{"line":21,"column":0},"end":{"line":28,"column":2}},"25":{"start":{"line":22,"column":4},"end":{"line":26,"column":5}},"26":{"start":{"line":23,"column":8},"end":{"line":25,"column":9}},"27":{"start":{"line":24,"column":12},"end":{"line":24,"column":21}},"28":{"start":{"line":27,"column":4},"end":{"line":27,"column":11}}},"fnMap":{"0":{"name":"(anonymous_0)","decl":{"start":{"line":3,"column":22},"end":{"line":3,"column":23}},"loc":{"start":{"line":3,"column":28},"end":{"line":3,"column":37}},"line":3},"1":{"name":"(anonymous_1)","decl":{"start":{"line":4,"column":19},"end":{"line":4,"column":20}},"loc":{"start":{"line":4,"column":32},"end":{"line":4,"column":43}},"line":4},"2":{"name":"(anonymous_2)","decl":{"start":{"line":5,"column":22},"end":{"line":5,"column":23}},"loc":{"start":{"line":5,"column":32},"end":{"line":8,"column":1}},"line":5},"3":{"name":"(anonymous_3)","decl":{"start":{"line":9,"column":19},"end":{"line":9,"column":20}},"loc":{"start":{"line":9,"column":29},"end":{"line":9,"column":37}},"line":9},"4":{"name":"(anonymous_4)","decl":{"start":{"line":10,"column":19},"end":{"line":10,"column":20}},"loc":{"start":{"line":10,"column":29},"end":{"line":10,"column":37}},"line":10},"5":{"name":"(anonymous_5)","decl":{"start":{"line":11,"column":19},"end":{"line":11,"column":20}},"loc":{"start":{"line":11,"column":29},"end":{"line":15,"column":1}},"line":11},"6":{"name":"(anonymous_6)","decl":{"start":{"line":13,"column":14},"end":{"line":13,"column":15}},"loc":{"start":{"line":13,"column":19},"end":{"line":13,"column":23}},"line":13},"7":{"name":"(anonymous_7)","decl":{"start":{"line":16,"column":22},"end":{"line":16,"column":23}},"loc":{"start":{"line":16,"column":32},"end":{"line":20,"column":1}},"line":16},"8":{"name":"(anonymous_8)","decl":{"start":{"line":18,"column":14},"end":{"line":18,"column":15}},"loc":{"start":{"line":18,"column":25},"end":{"line":18,"column":51}},"line":18},"9":{"name":"(anonymous_9)","decl":{"start":{"line":21,"column":20},"end":{"line":21,"column":21}},"loc":{"start":{"line":21,"column":30},"end":{"line":28,"column":1}},"line":21}},"branchMap":{"0":{"loc":{"start":{"line":18,"column":25},"end":{"line":18,"column":51}},"type":"binary-expr","locations":[{"start":{"line":18,"column":25},"end":{"line":18,"column":33}},{"start":{"line":18,"column":37},"end":{"line":18,"column":51}}],"line":18},"1":{"loc":{"start":{"line":23,"column":8},"end":{"line":25,"column":9}},"type":"if","locations":[{"start":{"line":23,"column":8},"end":{"line":25,"column":9}},{"start":{"line":23,"column":8},"end":{"line":25,"column":9}}],"line":23}},"s":{"0":2,"1":2,"2":2,"3":2,"4":0,"5":2,"6":440,"7":2,"8":10,"9":10,"10":2,"11":1,"12":2,"13":0,"14":2,"15":0,"16":0,"17":0,"18":0,"19":2,"20":0,"21":0,"22":0,"23":0,"24":2,"25":0,"26":0,"27":0,"28":0},"f":{"0":0,"1":440,"2":10,"3":1,"4":0,"5":0,"6":0,"7":0,"8":0,"9":0},"b":{"0":[0,0],"1":[0,0]},"_coverageSchema":"332fd63041d2c1bcb487cc26dd0d5f7d97098a6c","hash":"9f0340d5d9618fabc941968d45fe16d8b44492d4"}
,"/Users/kushanjoshi/code/open/idly-mono/packages/idly-common/src/tagClasses/tagClasses.ts": {"path":"/Users/kushanjoshi/code/open/idly-mono/packages/idly-common/src/tagClasses/tagClasses.ts","statementMap":{"0":{"start":{"line":1,"column":13},"end":{"line":1,"column":14190}},"1":{"start":{"line":1,"column":14190},"end":{"line":1,"column":14203}},"2":{"start":{"line":2,"column":0},"end":{"line":2,"column":62}},"3":{"start":{"line":3,"column":23},"end":{"line":3,"column":60}},"4":{"start":{"line":4,"column":18},"end":{"line":19,"column":1}},"5":{"start":{"line":20,"column":17},"end":{"line":29,"column":1}},"6":{"start":{"line":30,"column":20},"end":{"line":42,"column":1}},"7":{"start":{"line":43,"column":0},"end":{"line":65,"column":2}},"8":{"start":{"line":44,"column":18},"end":{"line":44,"column":20}},"9":{"start":{"line":49,"column":4},"end":{"line":63,"column":5}},"10":{"start":{"line":50,"column":8},"end":{"line":50,"column":27}},"11":{"start":{"line":51,"column":8},"end":{"line":51,"column":26}},"12":{"start":{"line":52,"column":8},"end":{"line":54,"column":9}},"13":{"start":{"line":53,"column":12},"end":{"line":53,"column":21}},"14":{"start":{"line":55,"column":8},"end":{"line":61,"column":9}},"15":{"start":{"line":57,"column":12},"end":{"line":57,"column":37}},"16":{"start":{"line":60,"column":12},"end":{"line":60,"column":67}},"17":{"start":{"line":62,"column":8},"end":{"line":62,"column":14}},"18":{"start":{"line":64,"column":4},"end":{"line":64,"column":37}},"19":{"start":{"line":67,"column":18},"end":{"line":67,"column":20}},"20":{"start":{"line":74,"column":4},"end":{"line":90,"column":5}},"21":{"start":{"line":75,"column":8},"end":{"line":75,"column":27}},"22":{"start":{"line":76,"column":8},"end":{"line":76,"column":26}},"23":{"start":{"line":77,"column":8},"end":{"line":79,"column":9}},"24":{"start":{"line":78,"column":12},"end":{"line":78,"column":21}},"25":{"start":{"line":80,"column":8},"end":{"line":80,"column":22}},"26":{"start":{"line":81,"column":8},"end":{"line":88,"column":9}},"27":{"start":{"line":83,"column":12},"end":{"line":83,"column":27}},"28":{"start":{"line":84,"column":12},"end":{"line":84,"column":37}},"29":{"start":{"line":87,"column":12},"end":{"line":87,"column":67}},"30":{"start":{"line":89,"column":8},"end":{"line":89,"column":14}},"31":{"start":{"line":92,"column":4},"end":{"line":117,"column":5}},"32":{"start":{"line":93,"column":8},"end":{"line":116,"column":9}},"33":{"start":{"line":94,"column":12},"end":{"line":94,"column":30}},"34":{"start":{"line":95,"column":12},"end":{"line":95,"column":30}},"35":{"start":{"line":96,"column":12},"end":{"line":98,"column":13}},"36":{"start":{"line":97,"column":16},"end":{"line":97,"column":25}},"37":{"start":{"line":99,"column":12},"end":{"line":112,"column":13}},"38":{"start":{"line":101,"column":16},"end":{"line":101,"column":29}},"39":{"start":{"line":103,"column":17},"end":{"line":112,"column":13}},"40":{"start":{"line":105,"column":16},"end":{"line":105,"column":29}},"41":{"start":{"line":107,"column":17},"end":{"line":112,"column":13}},"42":{"start":{"line":109,"column":16},"end":{"line":109,"column":29}},"43":{"start":{"line":110,"column":16},"end":{"line":110,"column":32}},"44":{"start":{"line":111,"column":16},"end":{"line":111,"column":43}},"45":{"start":{"line":113,"column":12},"end":{"line":115,"column":13}},"46":{"start":{"line":114,"column":16},"end":{"line":114,"column":22}},"47":{"start":{"line":118,"column":4},"end":{"line":120,"column":5}},"48":{"start":{"line":119,"column":8},"end":{"line":119,"column":54}},"49":{"start":{"line":122,"column":4},"end":{"line":129,"column":5}},"50":{"start":{"line":123,"column":8},"end":{"line":123,"column":29}},"51":{"start":{"line":124,"column":8},"end":{"line":124,"column":26}},"52":{"start":{"line":125,"column":8},"end":{"line":127,"column":9}},"53":{"start":{"line":126,"column":12},"end":{"line":126,"column":21}},"54":{"start":{"line":128,"column":8},"end":{"line":128,"column":63}},"55":{"start":{"line":131,"column":4},"end":{"line":146,"column":5}},"56":{"start":{"line":132,"column":20},"end":{"line":132,"column":44}},"57":{"start":{"line":133,"column":8},"end":{"line":142,"column":9}},"58":{"start":{"line":134,"column":12},"end":{"line":136,"column":13}},"59":{"start":{"line":135,"column":16},"end":{"line":135,"column":25}},"60":{"start":{"line":137,"column":22},"end":{"line":137,"column":29}},"61":{"start":{"line":138,"column":12},"end":{"line":141,"column":13}},"62":{"start":{"line":139,"column":16},"end":{"line":139,"column":60}},"63":{"start":{"line":140,"column":16},"end":{"line":140,"column":22}},"64":{"start":{"line":143,"column":8},"end":{"line":145,"column":9}},"65":{"start":{"line":144,"column":12},"end":{"line":144,"column":38}},"66":{"start":{"line":147,"column":4},"end":{"line":147,"column":29}},"67":{"start":{"line":148,"column":4},"end":{"line":148,"column":19}},"68":{"start":{"line":150,"column":0},"end":{"line":150,"column":32}}},"fnMap":{"0":{"name":"(anonymous_0)","decl":{"start":{"line":43,"column":28},"end":{"line":43,"column":29}},"loc":{"start":{"line":43,"column":38},"end":{"line":65,"column":1}},"line":43},"1":{"name":"tagClasses","decl":{"start":{"line":66,"column":9},"end":{"line":66,"column":19}},"loc":{"start":{"line":66,"column":26},"end":{"line":149,"column":1}},"line":66}},"branchMap":{"0":{"loc":{"start":{"line":52,"column":8},"end":{"line":54,"column":9}},"type":"if","locations":[{"start":{"line":52,"column":8},"end":{"line":54,"column":9}},{"start":{"line":52,"column":8},"end":{"line":54,"column":9}}],"line":52},"1":{"loc":{"start":{"line":52,"column":12},"end":{"line":52,"column":36}},"type":"binary-expr","locations":[{"start":{"line":52,"column":12},"end":{"line":52,"column":18}},{"start":{"line":52,"column":22},"end":{"line":52,"column":36}}],"line":52},"2":{"loc":{"start":{"line":55,"column":8},"end":{"line":61,"column":9}},"type":"if","locations":[{"start":{"line":55,"column":8},"end":{"line":61,"column":9}},{"start":{"line":55,"column":8},"end":{"line":61,"column":9}}],"line":55},"3":{"loc":{"start":{"line":77,"column":8},"end":{"line":79,"column":9}},"type":"if","locations":[{"start":{"line":77,"column":8},"end":{"line":79,"column":9}},{"start":{"line":77,"column":8},"end":{"line":79,"column":9}}],"line":77},"4":{"loc":{"start":{"line":77,"column":12},"end":{"line":77,"column":36}},"type":"binary-expr","locations":[{"start":{"line":77,"column":12},"end":{"line":77,"column":18}},{"start":{"line":77,"column":22},"end":{"line":77,"column":36}}],"line":77},"5":{"loc":{"start":{"line":81,"column":8},"end":{"line":88,"column":9}},"type":"if","locations":[{"start":{"line":81,"column":8},"end":{"line":88,"column":9}},{"start":{"line":81,"column":8},"end":{"line":88,"column":9}}],"line":81},"6":{"loc":{"start":{"line":92,"column":4},"end":{"line":117,"column":5}},"type":"if","locations":[{"start":{"line":92,"column":4},"end":{"line":117,"column":5}},{"start":{"line":92,"column":4},"end":{"line":117,"column":5}}],"line":92},"7":{"loc":{"start":{"line":96,"column":12},"end":{"line":98,"column":13}},"type":"if","locations":[{"start":{"line":96,"column":12},"end":{"line":98,"column":13}},{"start":{"line":96,"column":12},"end":{"line":98,"column":13}}],"line":96},"8":{"loc":{"start":{"line":96,"column":16},"end":{"line":96,"column":40}},"type":"binary-expr","locations":[{"start":{"line":96,"column":16},"end":{"line":96,"column":22}},{"start":{"line":96,"column":26},"end":{"line":96,"column":40}}],"line":96},"9":{"loc":{"start":{"line":99,"column":12},"end":{"line":112,"column":13}},"type":"if","locations":[{"start":{"line":99,"column":12},"end":{"line":112,"column":13}},{"start":{"line":99,"column":12},"end":{"line":112,"column":13}}],"line":99},"10":{"loc":{"start":{"line":103,"column":17},"end":{"line":112,"column":13}},"type":"if","locations":[{"start":{"line":103,"column":17},"end":{"line":112,"column":13}},{"start":{"line":103,"column":17},"end":{"line":112,"column":13}}],"line":103},"11":{"loc":{"start":{"line":103,"column":21},"end":{"line":103,"column":49}},"type":"binary-expr","locations":[{"start":{"line":103,"column":21},"end":{"line":103,"column":28}},{"start":{"line":103,"column":32},"end":{"line":103,"column":49}}],"line":103},"12":{"loc":{"start":{"line":107,"column":17},"end":{"line":112,"column":13}},"type":"if","locations":[{"start":{"line":107,"column":17},"end":{"line":112,"column":13}},{"start":{"line":107,"column":17},"end":{"line":112,"column":13}}],"line":107},"13":{"loc":{"start":{"line":107,"column":21},"end":{"line":107,"column":64}},"type":"binary-expr","locations":[{"start":{"line":107,"column":21},"end":{"line":107,"column":29}},{"start":{"line":107,"column":33},"end":{"line":107,"column":64}}],"line":107},"14":{"loc":{"start":{"line":113,"column":12},"end":{"line":115,"column":13}},"type":"if","locations":[{"start":{"line":113,"column":12},"end":{"line":115,"column":13}},{"start":{"line":113,"column":12},"end":{"line":115,"column":13}}],"line":113},"15":{"loc":{"start":{"line":118,"column":4},"end":{"line":120,"column":5}},"type":"if","locations":[{"start":{"line":118,"column":4},"end":{"line":120,"column":5}},{"start":{"line":118,"column":4},"end":{"line":120,"column":5}}],"line":118},"16":{"loc":{"start":{"line":125,"column":8},"end":{"line":127,"column":9}},"type":"if","locations":[{"start":{"line":125,"column":8},"end":{"line":127,"column":9}},{"start":{"line":125,"column":8},"end":{"line":127,"column":9}}],"line":125},"17":{"loc":{"start":{"line":125,"column":12},"end":{"line":125,"column":36}},"type":"binary-expr","locations":[{"start":{"line":125,"column":12},"end":{"line":125,"column":18}},{"start":{"line":125,"column":22},"end":{"line":125,"column":36}}],"line":125},"18":{"loc":{"start":{"line":131,"column":4},"end":{"line":146,"column":5}},"type":"if","locations":[{"start":{"line":131,"column":4},"end":{"line":146,"column":5}},{"start":{"line":131,"column":4},"end":{"line":146,"column":5}}],"line":131},"19":{"loc":{"start":{"line":134,"column":12},"end":{"line":136,"column":13}},"type":"if","locations":[{"start":{"line":134,"column":12},"end":{"line":136,"column":13}},{"start":{"line":134,"column":12},"end":{"line":136,"column":13}}],"line":134},"20":{"loc":{"start":{"line":138,"column":12},"end":{"line":141,"column":13}},"type":"if","locations":[{"start":{"line":138,"column":12},"end":{"line":141,"column":13}},{"start":{"line":138,"column":12},"end":{"line":141,"column":13}}],"line":138},"21":{"loc":{"start":{"line":143,"column":8},"end":{"line":145,"column":9}},"type":"if","locations":[{"start":{"line":143,"column":8},"end":{"line":145,"column":9}},{"start":{"line":143,"column":8},"end":{"line":145,"column":9}}],"line":143}},"s":{"0":2,"1":2,"2":2,"3":2,"4":2,"5":2,"6":2,"7":2,"8":2,"9":2,"10":4,"11":4,"12":4,"13":2,"14":2,"15":0,"16":2,"17":2,"18":2,"19":25,"20":25,"21":97,"22":97,"23":97,"24":75,"25":22,"26":22,"27":2,"28":2,"29":20,"30":22,"31":25,"32":23,"33":172,"34":172,"35":172,"36":168,"37":4,"38":1,"39":3,"40":1,"41":2,"42":1,"43":1,"44":1,"45":4,"46":3,"47":25,"48":5,"49":25,"50":275,"51":275,"52":275,"53":264,"54":11,"55":25,"56":17,"57":17,"58":29,"59":0,"60":29,"61":29,"62":8,"63":8,"64":17,"65":5,"66":25,"67":25,"68":2},"f":{"0":2,"1":25},"b":{"0":[2,2],"1":[4,2],"2":[0,2],"3":[75,22],"4":[97,22],"5":[2,20],"6":[23,2],"7":[168,4],"8":[172,4],"9":[1,3],"10":[1,2],"11":[3,2],"12":[1,1],"13":[2,1],"14":[3,1],"15":[5,20],"16":[264,11],"17":[275,12],"18":[17,8],"19":[0,29],"20":[8,21],"21":[5,12]},"_coverageSchema":"332fd63041d2c1bcb487cc26dd0d5f7d97098a6c","hash":"0c516ae75c590e1646663aef26679b7a48e437f7"}
}
