TN:
SF:/Users/kushanjoshi/code/open/idly-mono/packages/idly-common/src/geo/lngLatFactory.ts
FN:3,lngLatFactory
FNF:1
FNH:1
FNDA:83,lngLatFactory
DA:1,8
DA:2,8
DA:4,83
DA:5,82
DA:7,1
DA:9,8
LF:6
LH:6
BRDA:4,0,0,82
BRDA:4,0,1,1
BRF:2
BRH:2
end_of_record
TN:
SF:/Users/kushanjoshi/code/open/idly-mono/packages/idly-common/src/geojson/entityToGeojson.ts
FN:6,entityToGeoJson
FN:8,(anonymous_1)
FN:25,nodeCombiner
FN:37,wayCombiner
FN:48,getCoordsFromTable
FN:49,(anonymous_5)
FN:63,wayToLineString
FNF:7
FNH:5
FNDA:0,entityToGeoJson
FNDA:0,(anonymous_1)
FNDA:3,nodeCombiner
FNDA:3,wayCombiner
FNDA:6,getCoordsFromTable
FNDA:9,(anonymous_5)
FNDA:8,wayToLineString
DA:1,1
DA:2,1
DA:3,1
DA:4,1
DA:7,0
DA:8,0
DA:9,0
DA:10,0
DA:12,0
DA:13,0
DA:15,0
DA:16,0
DA:18,0
DA:22,0
DA:24,1
DA:26,3
DA:36,1
DA:40,3
DA:41,3
DA:42,1
DA:44,2
DA:45,2
DA:47,1
DA:49,6
DA:50,9
DA:51,1
DA:53,8
DA:54,8
DA:57,1
DA:64,8
DA:65,2
DA:67,6
DA:68,3
DA:71,3
DA:74,1
LF:35
LH:25
BRDA:9,0,0,0
BRDA:9,0,1,0
BRDA:12,1,0,0
BRDA:12,1,1,0
BRDA:15,2,0,0
BRDA:15,2,1,0
BRDA:18,3,0,0
BRDA:18,3,1,0
BRDA:41,4,0,1
BRDA:41,4,1,2
BRDA:50,5,0,1
BRDA:50,5,1,8
BRDA:64,6,0,2
BRDA:64,6,1,6
BRDA:67,7,0,3
BRDA:67,7,1,3
BRF:16
BRH:8
end_of_record
TN:
SF:/Users/kushanjoshi/code/open/idly-mono/packages/idly-common/src/geojson/nodeProps.ts
FN:7,(anonymous_0)
FN:10,(anonymous_1)
FNF:2
FNH:2
FNDA:1,(anonymous_0)
FNDA:4,(anonymous_1)
DA:1,1
DA:2,1
DA:3,1
DA:4,1
DA:5,1
DA:6,1
DA:7,1
DA:8,1
DA:10,1
DA:11,4
DA:12,4
LF:11
LH:11
BRDA:14,0,0,4
BRDA:14,0,1,4
BRDA:14,0,2,4
BRF:3
BRH:3
end_of_record
TN:
SF:/Users/kushanjoshi/code/open/idly-mono/packages/idly-common/src/geojson/presetMatch.ts
FNF:0
FNH:0
DA:1,2
DA:2,2
DA:3,2
DA:4,2
DA:5,2
LF:5
LH:5
BRF:0
BRH:0
end_of_record
TN:
SF:/Users/kushanjoshi/code/open/idly-mono/packages/idly-common/src/geojson/wayProps.ts
FN:9,(anonymous_0)
FNF:1
FNH:1
FNDA:2,(anonymous_0)
DA:1,1
DA:2,1
DA:3,1
DA:4,1
DA:5,1
DA:6,1
DA:7,1
DA:8,1
DA:9,1
DA:10,2
DA:11,2
DA:12,2
DA:13,2
LF:13
LH:13
BRDA:10,0,0,0
BRDA:10,0,1,2
BRDA:15,1,0,2
BRDA:15,1,1,2
BRDA:16,2,0,2
BRDA:16,2,1,1
BRF:6
BRH:5
end_of_record
TN:
SF:/Users/kushanjoshi/code/open/idly-mono/packages/idly-common/src/misc/deepFreeze.ts
FN:3,deepFreeze
FN:10,(anonymous_1)
FNF:2
FNH:2
FNDA:476,deepFreeze
FNDA:1406,(anonymous_1)
DA:1,12
DA:2,12
DA:4,476
DA:5,92
DA:8,384
DA:10,384
DA:11,1406
DA:13,1406
DA:14,288
DA:18,384
DA:20,12
LF:11
LH:11
BRDA:3,0,0,288
BRDA:4,1,0,92
BRDA:4,1,1,384
BRDA:13,2,0,288
BRDA:13,2,1,1118
BRDA:13,3,0,1406
BRDA:13,3,1,288
BRF:7
BRH:7
end_of_record
TN:
SF:/Users/kushanjoshi/code/open/idly-mono/packages/idly-common/src/misc/isImmutableList.ts
FN:4,isImmutableList
FNF:1
FNH:1
FNDA:2,isImmutableList
DA:1,1
DA:2,1
DA:3,1
DA:5,2
DA:7,1
LF:5
LH:5
BRF:0
BRH:0
end_of_record
TN:
SF:/Users/kushanjoshi/code/open/idly-mono/packages/idly-common/src/misc/sortObjectKeys.ts
FN:3,sortObjectKeys
FN:6,(anonymous_1)
FNF:2
FNH:2
FNDA:253,sortObjectKeys
FNDA:257,(anonymous_1)
DA:1,11
DA:2,11
DA:4,253
DA:6,257
DA:8,11
LF:5
LH:5
BRF:0
BRH:0
end_of_record
TN:
SF:/Users/kushanjoshi/code/open/idly-mono/packages/idly-common/src/misc/weakCache.ts
FN:7,weakCache
FN:9,(anonymous_1)
FN:21,weakCache2
FN:23,(anonymous_3)
FNF:4
FNH:4
FNDA:15,weakCache
FNDA:86,(anonymous_1)
FNDA:1,weakCache2
FNDA:1,(anonymous_3)
DA:1,9
DA:2,9
DA:8,15
DA:9,15
DA:10,86
DA:11,86
DA:12,36
DA:14,50
DA:15,50
DA:16,50
DA:19,9
DA:22,1
DA:23,1
DA:24,1
DA:25,1
DA:26,1
DA:27,1
DA:29,1
DA:30,1
DA:31,0
DA:33,1
DA:34,1
DA:35,1
DA:38,9
LF:24
LH:23
BRDA:11,0,0,36
BRDA:11,0,1,50
BRDA:25,1,0,1
BRDA:25,1,1,0
BRDA:30,2,0,0
BRDA:30,2,1,1
BRF:6
BRH:4
end_of_record
TN:
SF:/Users/kushanjoshi/code/open/idly-mono/packages/idly-common/src/osm/entityFromString.ts
FN:7,entityFromStringCache
FN:9,(anonymous_1)
FN:20,_entityFromString
FNF:3
FNH:3
FNDA:5,entityFromStringCache
FNDA:92,(anonymous_1)
FNDA:43,_entityFromString
DA:1,5
DA:2,5
DA:3,5
DA:4,5
DA:5,5
DA:6,5
DA:8,5
DA:9,5
DA:10,92
DA:11,49
DA:13,43
DA:14,43
DA:15,43
DA:18,5
DA:19,5
DA:21,43
DA:22,0
DA:24,43
DA:26,37
DA:28,6
DA:30,0
DA:32,0
LF:22
LH:19
BRDA:10,0,0,49
BRDA:10,0,1,43
BRDA:21,1,0,0
BRDA:21,1,1,43
BRDA:24,2,0,37
BRDA:24,2,1,6
BRDA:24,2,2,0
BRDA:24,2,3,0
BRF:8
BRH:5
end_of_record
TN:
SF:/Users/kushanjoshi/code/open/idly-mono/packages/idly-common/src/osm/entityTableGen.ts
FN:6,entityTableGen
FN:8,(anonymous_1)
FN:9,(anonymous_2)
FN:13,(anonymous_3)
FN:14,(anonymous_4)
FN:17,(anonymous_5)
FNF:6
FNH:3
FNDA:2,entityTableGen
FNDA:0,(anonymous_1)
FNDA:0,(anonymous_2)
FNDA:2,(anonymous_3)
FNDA:6,(anonymous_4)
FNDA:0,(anonymous_5)
DA:1,1
DA:2,1
DA:3,1
DA:4,1
DA:7,2
DA:8,0
DA:9,0
DA:12,2
DA:13,2
DA:14,6
DA:17,0
DA:18,0
DA:19,0
DA:23,1
LF:14
LH:9
BRDA:6,0,0,0
BRDA:6,1,0,2
BRDA:7,2,0,0
BRDA:7,2,1,2
BRDA:12,3,0,2
BRDA:12,3,1,0
BRF:6
BRH:3
end_of_record
TN:
SF:/Users/kushanjoshi/code/open/idly-mono/packages/idly-common/src/osm/entityToString.ts
FN:7,(anonymous_0)
FN:29,unsafeEntityToString
FNF:2
FNH:1
FNDA:92,(anonymous_0)
FNDA:0,unsafeEntityToString
DA:1,5
DA:2,5
DA:3,5
DA:4,5
DA:5,5
DA:6,5
DA:7,5
DA:12,92
DA:14,83
DA:15,83
DA:18,9
DA:19,9
DA:22,0
DA:23,0
DA:26,92
DA:30,0
DA:32,5
LF:17
LH:14
BRDA:12,0,0,83
BRDA:12,0,1,9
BRDA:12,0,2,0
BRF:3
BRH:2
end_of_record
TN:
SF:/Users/kushanjoshi/code/open/idly-mono/packages/idly-common/src/osm/findInAreaKeys.ts
FN:21,findInAreaKeys
FNF:1
FNH:0
FNDA:0,findInAreaKeys
DA:1,1
DA:2,1
DA:3,1
DA:7,1
DA:20,1
DA:22,0
DA:23,0
DA:24,0
DA:25,0
DA:27,0
DA:29,0
DA:31,0
DA:33,0
DA:36,0
DA:38,1
LF:15
LH:6
BRDA:24,0,0,0
BRDA:24,0,1,0
BRDA:27,1,0,0
BRDA:27,1,1,0
BRDA:27,2,0,0
BRDA:27,2,1,0
BRDA:31,3,0,0
BRDA:31,3,1,0
BRDA:31,4,0,0
BRDA:31,4,1,0
BRF:10
BRH:0
end_of_record
TN:
SF:/Users/kushanjoshi/code/open/idly-mono/packages/idly-common/src/osm/getNodeGeometry.ts
FN:4,getNodeGeometry
FNF:1
FNH:1
FNDA:1,getNodeGeometry
DA:1,1
DA:2,1
DA:3,1
DA:5,1
DA:6,1
DA:8,0
DA:10,1
LF:7
LH:6
BRDA:5,0,0,1
BRDA:5,0,1,0
BRF:2
BRH:1
end_of_record
TN:
SF:/Users/kushanjoshi/code/open/idly-mono/packages/idly-common/src/osm/isArea.ts
FN:6,(anonymous_0)
FNF:1
FNH:1
FNDA:2,(anonymous_0)
DA:1,1
DA:2,1
DA:3,1
DA:4,1
DA:5,1
DA:6,1
DA:7,2
DA:8,0
DA:10,2
DA:11,2
DA:13,0
LF:11
LH:9
BRDA:7,0,0,0
BRDA:7,0,1,2
BRDA:10,1,0,2
BRDA:10,1,1,0
BRDA:10,2,0,2
BRDA:10,2,1,0
BRF:6
BRH:3
end_of_record
TN:
SF:/Users/kushanjoshi/code/open/idly-mono/packages/idly-common/src/osm/isClosed.ts
FN:3,isClosed
FNF:1
FNH:1
FNDA:2,isClosed
DA:1,1
DA:2,1
DA:4,2
DA:6,1
LF:4
LH:4
BRDA:4,0,0,2
BRDA:4,0,1,0
BRF:2
BRH:1
end_of_record
TN:
SF:/Users/kushanjoshi/code/open/idly-mono/packages/idly-common/src/osm/structures.ts
FN:4,(anonymous_0)
FN:12,(anonymous_1)
FNF:2
FNH:2
FNDA:11,(anonymous_0)
FNDA:11,(anonymous_1)
DA:1,11
DA:2,11
DA:4,11
DA:5,11
DA:6,11
DA:7,11
DA:8,11
DA:9,11
DA:12,11
DA:13,11
DA:14,11
DA:15,11
LF:12
LH:12
BRDA:10,0,0,11
BRDA:10,0,1,11
BRDA:16,1,0,11
BRDA:16,1,1,11
BRF:4
BRH:4
end_of_record
TN:
SF:/Users/kushanjoshi/code/open/idly-mono/packages/idly-common/src/osm/compareEntities/compareNode.ts
FN:4,compareNode
FNF:1
FNH:1
FNDA:12,compareNode
DA:1,1
DA:2,1
DA:3,1
DA:5,12
DA:6,1
DA:8,11
DA:9,0
DA:11,11
DA:13,3
DA:15,8
DA:16,4
DA:18,4
DA:19,0
DA:21,4
DA:22,0
DA:24,4
DA:26,1
LF:17
LH:14
BRDA:5,0,0,1
BRDA:5,0,1,11
BRDA:8,1,0,0
BRDA:8,1,1,11
BRDA:11,2,0,3
BRDA:11,2,1,8
BRDA:11,3,0,11
BRDA:11,3,1,10
BRDA:15,4,0,4
BRDA:15,4,1,4
BRDA:18,5,0,0
BRDA:18,5,1,4
BRDA:21,6,0,0
BRDA:21,6,1,4
BRF:14
BRH:11
end_of_record
TN:
SF:/Users/kushanjoshi/code/open/idly-mono/packages/idly-common/src/osm/compareEntities/compareTags.ts
FN:4,compareTags
FNF:1
FNH:1
FNDA:26,compareTags
DA:1,3
DA:2,3
DA:5,26
DA:6,1
DA:8,25
DA:9,25
DA:10,25
DA:11,3
DA:14,22
DA:15,76
DA:16,5
DA:19,17
DA:21,3
LF:13
LH:13
BRDA:5,0,0,1
BRDA:5,0,1,25
BRDA:10,1,0,3
BRDA:10,1,1,22
BRDA:15,2,0,5
BRDA:15,2,1,71
BRF:6
BRH:6
end_of_record
TN:
SF:/Users/kushanjoshi/code/open/idly-mono/packages/idly-common/src/osm/compareEntities/compareWay.ts
FN:4,compareWay
FNF:1
FNH:1
FNDA:8,compareWay
DA:1,1
DA:2,1
DA:3,1
DA:5,8
DA:6,0
DA:8,8
DA:9,0
DA:11,8
DA:12,2
DA:14,6
DA:15,10
DA:16,2
DA:19,4
DA:20,1
DA:22,3
DA:23,0
DA:25,3
DA:26,0
DA:28,3
DA:30,1
LF:20
LH:16
BRDA:5,0,0,0
BRDA:5,0,1,8
BRDA:8,1,0,0
BRDA:8,1,1,8
BRDA:11,2,0,2
BRDA:11,2,1,6
BRDA:15,3,0,2
BRDA:15,3,1,8
BRDA:19,4,0,1
BRDA:19,4,1,3
BRDA:22,5,0,0
BRDA:22,5,1,3
BRDA:25,6,0,0
BRDA:25,6,1,3
BRF:14
BRH:10
end_of_record
TN:
SF:/Users/kushanjoshi/code/open/idly-mono/packages/idly-common/src/osm/entityFactory/attributesFactory.ts
FN:3,attributesFactory
FNF:1
FNH:1
FNDA:300,attributesFactory
DA:1,11
DA:2,11
DA:4,300
DA:13,11
LF:4
LH:4
BRDA:3,0,0,107
BRF:1
BRH:1
end_of_record
TN:
SF:/Users/kushanjoshi/code/open/idly-mono/packages/idly-common/src/osm/entityFactory/nodeFactory.ts
FN:8,nodeFactory
FNF:1
FNH:1
FNDA:153,nodeFactory
DA:1,8
DA:2,8
DA:3,8
DA:4,8
DA:5,8
DA:6,8
DA:7,8
DA:9,153
DA:17,8
LF:9
LH:9
BRDA:8,0,0,26
BRDA:8,1,0,52
BRDA:8,2,0,81
BRDA:8,3,0,70
BRF:4
BRH:4
end_of_record
TN:
SF:/Users/kushanjoshi/code/open/idly-mono/packages/idly-common/src/osm/entityFactory/relationFactory.ts
FN:7,relationFactory
FNF:1
FNH:0
FNDA:0,relationFactory
DA:1,5
DA:2,5
DA:3,5
DA:4,5
DA:5,5
DA:6,5
DA:8,0
DA:16,5
LF:8
LH:7
BRDA:7,0,0,0
BRDA:7,1,0,0
BRDA:7,2,0,0
BRDA:7,3,0,0
BRF:4
BRH:0
end_of_record
TN:
SF:/Users/kushanjoshi/code/open/idly-mono/packages/idly-common/src/osm/entityFactory/tagsFactory.ts
FN:8,tagsFactory
FNF:1
FNH:1
FNDA:253,tagsFactory
DA:1,11
DA:2,11
DA:3,11
DA:7,11
DA:9,253
DA:11,11
LF:6
LH:6
BRDA:8,0,0,32
BRF:1
BRH:1
end_of_record
TN:
SF:/Users/kushanjoshi/code/open/idly-mono/packages/idly-common/src/osm/entityFactory/wayFactory.ts
FN:7,wayFactory
FNF:1
FNH:1
FNDA:35,wayFactory
DA:1,8
DA:2,8
DA:3,8
DA:4,8
DA:5,8
DA:6,8
DA:8,35
DA:16,8
LF:8
LH:8
BRDA:7,0,0,6
BRDA:7,1,0,26
BRDA:7,2,0,2
BRDA:7,3,0,26
BRF:4
BRH:4
end_of_record
TN:
SF:/Users/kushanjoshi/code/open/idly-mono/packages/idly-common/src/state/actions/entity/createEntity.ts
FN:5,createEntity
FN:15,createNode
FN:19,createWay
FN:23,createRelation
FNF:4
FNH:3
FNDA:92,createEntity
FNDA:54,createNode
FNDA:6,createWay
FNDA:0,createRelation
DA:1,5
DA:2,5
DA:3,5
DA:4,5
DA:6,92
DA:7,4
DA:9,92
DA:10,0
DA:12,92
DA:14,5
DA:16,54
DA:18,5
DA:20,6
DA:22,5
DA:24,0
DA:26,5
LF:16
LH:14
BRDA:6,0,0,4
BRDA:6,0,1,88
BRDA:9,1,0,0
BRDA:9,1,1,92
BRDA:9,2,0,92
BRDA:9,2,1,92
BRF:6
BRH:5
end_of_record
TN:
SF:/Users/kushanjoshi/code/open/idly-mono/packages/idly-common/src/state/actions/tree/changeTags.ts
FN:4,changeTags
FN:5,(anonymous_1)
FN:6,(anonymous_2)
FNF:3
FNH:3
FNDA:1,changeTags
FNDA:1,(anonymous_1)
FNDA:1,(anonymous_2)
DA:1,1
DA:2,1
DA:3,1
DA:5,1
DA:6,1
DA:7,1
DA:10,1
LF:7
LH:7
BRF:0
BRH:0
end_of_record
TN:
SF:/Users/kushanjoshi/code/open/idly-mono/packages/idly-common/src/state/actions/tree/modifyLeaf.ts
FN:6,modifyLeaf
FN:7,(anonymous_1)
FN:16,wayCheck
FN:29,(anonymous_3)
FNF:4
FNH:4
FNDA:15,modifyLeaf
FNDA:15,(anonymous_1)
FNDA:15,wayCheck
FNDA:7,(anonymous_3)
DA:1,3
DA:2,3
DA:3,3
DA:4,3
DA:7,15
DA:8,15
DA:9,15
DA:11,14
DA:12,14
DA:15,3
DA:17,15
DA:18,11
DA:20,4
DA:21,1
DA:23,3
DA:24,3
DA:25,3
DA:27,3
DA:31,7
LF:19
LH:19
BRDA:17,0,0,11
BRDA:17,0,1,4
BRDA:20,1,0,1
BRDA:20,1,1,3
BRDA:20,2,0,4
BRDA:20,2,1,3
BRDA:31,3,0,7
BRDA:31,3,1,7
BRF:8
BRH:8
end_of_record
TN:
SF:/Users/kushanjoshi/code/open/idly-mono/packages/idly-common/src/state/graph/Leaf.ts
FN:8,(anonymous_0)
FN:20,(anonymous_1)
FN:31,(anonymous_2)
FN:37,(anonymous_3)
FN:40,(anonymous_4)
FN:46,(anonymous_5)
FN:58,(anonymous_6)
FN:61,(anonymous_7)
FN:64,(anonymous_8)
FN:67,(anonymous_9)
FN:70,(anonymous_10)
FN:73,(anonymous_11)
FN:82,(anonymous_12)
FN:92,(anonymous_13)
FN:100,(anonymous_14)
FN:100,(anonymous_15)
FN:101,(anonymous_16)
FN:111,(anonymous_17)
FN:115,(anonymous_18)
FN:125,(anonymous_19)
FN:129,(anonymous_20)
FN:135,(anonymous_21)
FN:135,(anonymous_22)
FN:137,cacheAccess
FN:141,setCache
FNF:25
FNH:19
FNDA:51,(anonymous_0)
FNDA:1,(anonymous_1)
FNDA:34,(anonymous_2)
FNDA:43,(anonymous_3)
FNDA:45,(anonymous_4)
FNDA:28,(anonymous_5)
FNDA:7,(anonymous_6)
FNDA:16,(anonymous_7)
FNDA:0,(anonymous_8)
FNDA:1,(anonymous_9)
FNDA:0,(anonymous_10)
FNDA:1,(anonymous_11)
FNDA:16,(anonymous_12)
FNDA:16,(anonymous_13)
FNDA:7,(anonymous_14)
FNDA:19,(anonymous_15)
FNDA:1,(anonymous_16)
FNDA:2,(anonymous_17)
FNDA:0,(anonymous_18)
FNDA:0,(anonymous_19)
FNDA:1,(anonymous_20)
FNDA:7,(anonymous_21)
FNDA:19,(anonymous_22)
FNDA:0,cacheAccess
FNDA:0,setCache
DA:1,4
DA:2,4
DA:3,4
DA:4,4
DA:5,4
DA:6,4
DA:9,51
DA:10,51
DA:11,17
DA:13,34
DA:14,34
DA:16,34
DA:18,34
DA:21,1
DA:25,1
DA:27,4
DA:29,1
DA:33,34
DA:34,34
DA:38,43
DA:41,45
DA:47,28
DA:48,28
DA:49,0
DA:51,28
DA:52,28
DA:53,25
DA:55,3
DA:59,7
DA:62,16
DA:65,0
DA:68,1
DA:71,0
DA:74,1
DA:77,4
DA:82,4
DA:83,16
DA:84,16
DA:85,3
DA:87,13
DA:92,4
DA:93,16
DA:94,16
DA:95,16
DA:96,7
DA:98,9
DA:100,19
DA:101,4
DA:102,1
DA:103,1
DA:104,1
DA:107,0
DA:108,0
DA:111,2
DA:112,1
DA:115,0
DA:116,0
DA:117,0
DA:120,0
DA:123,1
DA:125,4
DA:126,0
DA:127,0
DA:129,4
DA:135,19
DA:138,0
DA:140,4
DA:143,0
DA:145,4
LF:69
LH:56
BRDA:10,0,0,17
BRDA:10,0,1,34
BRDA:14,1,0,34
BRDA:14,1,1,0
BRDA:48,2,0,0
BRDA:48,2,1,28
BRDA:48,3,0,28
BRDA:48,3,1,28
BRDA:52,4,0,25
BRDA:52,4,1,3
BRDA:84,5,0,3
BRDA:84,5,1,13
BRDA:95,6,0,7
BRDA:95,6,1,9
BRDA:104,7,0,0
BRDA:104,7,1,1
BRDA:104,7,2,0
BRDA:116,8,0,0
BRDA:116,8,1,0
BRDA:129,9,0,0
BRDA:129,9,1,1
BRF:21
BRH:14
end_of_record
TN:
SF:/Users/kushanjoshi/code/open/idly-mono/packages/idly-common/src/state/graph/Tree.ts
FN:5,(anonymous_0)
FN:8,(anonymous_1)
FN:14,(anonymous_2)
FN:17,(anonymous_3)
FN:21,(anonymous_4)
FN:24,(anonymous_5)
FN:27,(anonymous_6)
FN:33,(anonymous_7)
FN:39,(anonymous_8)
FN:42,(anonymous_9)
FN:48,(anonymous_10)
FNF:11
FNH:8
FNDA:3,(anonymous_0)
FNDA:17,(anonymous_1)
FNDA:4,(anonymous_2)
FNDA:37,(anonymous_3)
FNDA:59,(anonymous_4)
FNDA:14,(anonymous_5)
FNDA:7,(anonymous_6)
FNDA:12,(anonymous_7)
FNDA:0,(anonymous_8)
FNDA:0,(anonymous_9)
FNDA:0,(anonymous_10)
DA:1,3
DA:2,3
DA:3,3
DA:6,3
DA:10,17
DA:11,17
DA:15,4
DA:18,37
DA:22,59
DA:25,14
DA:28,7
DA:29,1
DA:31,6
DA:34,12
DA:35,6
DA:37,6
DA:40,0
DA:41,0
DA:43,0
DA:44,0
DA:46,0
DA:49,0
DA:51,0
DA:52,0
DA:56,0
DA:60,3
LF:26
LH:17
BRDA:21,0,0,11
BRDA:22,1,0,48
BRDA:22,1,1,11
BRDA:28,2,0,1
BRDA:28,2,1,6
BRDA:34,3,0,6
BRDA:34,3,1,6
BRDA:43,4,0,0
BRDA:43,4,1,0
BRDA:49,5,0,0
BRDA:49,5,1,0
BRF:11
BRH:7
end_of_record
TN:
SF:/Users/kushanjoshi/code/open/idly-mono/packages/idly-common/src/state2/helper.ts
FN:3,(anonymous_0)
FN:11,(anonymous_1)
FN:19,(anonymous_2)
FN:20,(anonymous_3)
FN:20,(anonymous_4)
FN:21,(anonymous_5)
FN:22,(anonymous_6)
FN:23,(anonymous_7)
FN:32,(anonymous_8)
FN:41,(anonymous_9)
FN:42,(anonymous_10)
FNF:11
FNH:7
FNDA:115,(anonymous_0)
FNDA:50,(anonymous_1)
FNDA:7,(anonymous_2)
FNDA:7,(anonymous_3)
FNDA:9,(anonymous_4)
FNDA:61,(anonymous_5)
FNDA:0,(anonymous_6)
FNDA:13,(anonymous_7)
FNDA:0,(anonymous_8)
FNDA:0,(anonymous_9)
FNDA:0,(anonymous_10)
DA:1,3
DA:2,3
DA:3,3
DA:4,115
DA:5,136
DA:6,42
DA:9,73
DA:11,3
DA:12,50
DA:13,65
DA:14,3
DA:17,47
DA:19,7
DA:20,9
DA:21,61
DA:22,3
DA:23,3
DA:24,13
DA:25,13
DA:26,260
DA:27,160
DA:30,13
DA:32,3
DA:33,0
DA:34,0
DA:35,0
DA:36,0
DA:39,0
DA:41,3
DA:42,3
LF:30
LH:25
BRDA:5,0,0,42
BRDA:5,0,1,94
BRDA:13,1,0,3
BRDA:13,1,1,62
BRDA:26,2,0,160
BRDA:26,2,1,100
BRDA:35,3,0,0
BRDA:35,3,1,0
BRF:8
BRH:6
end_of_record
TN:
SF:/Users/kushanjoshi/code/open/idly-mono/packages/idly-common/src/state2/index.ts
FN:15,(anonymous_0)
FN:15,(anonymous_1)
FN:17,(anonymous_2)
FN:18,(anonymous_3)
FN:18,(anonymous_4)
FN:19,(anonymous_5)
FN:22,(anonymous_6)
FN:22,(anonymous_7)
FN:23,(anonymous_8)
FN:25,(anonymous_9)
FN:27,getLatestEntity
FN:32,(anonymous_11)
FN:33,getEntityByIndex
FN:37,(anonymous_13)
FN:38,(anonymous_14)
FN:39,(anonymous_15)
FNF:16
FNH:3
FNDA:0,(anonymous_0)
FNDA:0,(anonymous_1)
FNDA:0,(anonymous_2)
FNDA:0,(anonymous_3)
FNDA:0,(anonymous_4)
FNDA:0,(anonymous_5)
FNDA:0,(anonymous_6)
FNDA:0,(anonymous_7)
FNDA:0,(anonymous_8)
FNDA:0,(anonymous_9)
FNDA:0,getLatestEntity
FNDA:0,(anonymous_11)
FNDA:0,getEntityByIndex
FNDA:4,(anonymous_13)
FNDA:1,(anonymous_14)
FNDA:3,(anonymous_15)
DA:1,1
DA:2,1
DA:3,1
DA:4,1
DA:5,1
DA:6,1
DA:7,1
DA:15,1
DA:16,0
DA:17,0
DA:18,0
DA:19,0
DA:22,0
DA:24,0
DA:25,0
DA:28,0
DA:29,0
DA:31,1
DA:32,1
DA:34,0
DA:36,1
DA:37,4
DA:38,1
DA:39,1
DA:40,3
LF:25
LH:15
BRDA:19,0,0,0
BRDA:19,0,1,0
BRDA:29,1,0,0
BRDA:29,1,1,0
BRDA:32,2,0,0
BRDA:32,2,1,0
BRF:6
BRH:0
end_of_record
TN:
SF:/Users/kushanjoshi/code/open/idly-mono/packages/idly-common/src/state2/log.ts
FN:5,(anonymous_0)
FN:6,(anonymous_1)
FN:7,(anonymous_2)
FN:7,(anonymous_3)
FN:8,(anonymous_4)
FN:11,(anonymous_5)
FN:22,(anonymous_6)
FN:23,(anonymous_7)
FN:23,(anonymous_8)
FN:23,(anonymous_9)
FN:24,(anonymous_10)
FN:24,(anonymous_11)
FN:24,(anonymous_12)
FN:27,(anonymous_13)
FN:27,(anonymous_14)
FN:28,(anonymous_15)
FN:29,(anonymous_16)
FN:29,(anonymous_17)
FN:40,(anonymous_18)
FN:40,(anonymous_19)
FN:44,(anonymous_20)
FN:44,(anonymous_21)
FN:45,(anonymous_22)
FN:47,(anonymous_23)
FN:48,(anonymous_24)
FN:49,(anonymous_25)
FNF:26
FNH:21
FNDA:0,(anonymous_0)
FNDA:0,(anonymous_1)
FNDA:1,(anonymous_2)
FNDA:5,(anonymous_3)
FNDA:8,(anonymous_4)
FNDA:14,(anonymous_5)
FNDA:14,(anonymous_6)
FNDA:5,(anonymous_7)
FNDA:5,(anonymous_8)
FNDA:7,(anonymous_9)
FNDA:50,(anonymous_10)
FNDA:50,(anonymous_11)
FNDA:65,(anonymous_12)
FNDA:73,(anonymous_13)
FNDA:73,(anonymous_14)
FNDA:115,(anonymous_15)
FNDA:82,(anonymous_16)
FNDA:82,(anonymous_17)
FNDA:0,(anonymous_18)
FNDA:0,(anonymous_19)
FNDA:82,(anonymous_20)
FNDA:115,(anonymous_21)
FNDA:136,(anonymous_22)
FNDA:226,(anonymous_23)
FNDA:341,(anonymous_24)
FNDA:0,(anonymous_25)
DA:1,2
DA:2,2
DA:3,2
DA:4,2
DA:5,2
DA:6,2
DA:7,2
DA:8,8
DA:9,5
DA:11,2
DA:12,14
DA:13,14
DA:14,45
DA:15,45
DA:16,1
DA:18,44
DA:20,13
DA:22,14
DA:23,7
DA:24,65
DA:27,73
DA:28,115
DA:29,82
DA:30,82
DA:32,82
DA:33,115
DA:34,115
DA:35,42
DA:38,40
DA:40,2
DA:41,0
DA:42,0
DA:44,82
DA:45,136
DA:47,226
DA:48,341
DA:49,2
LF:37
LH:35
BRDA:15,0,0,1
BRDA:15,0,1,44
BRDA:24,1,0,3
BRDA:24,1,1,47
BRDA:34,2,0,42
BRDA:34,2,1,73
BRF:6
BRH:6
end_of_record
TN:
SF:/Users/kushanjoshi/code/open/idly-mono/packages/idly-common/src/state2/validation.ts
FN:7,(anonymous_0)
FN:8,(anonymous_1)
FN:9,(anonymous_2)
FN:10,(anonymous_3)
FN:11,(anonymous_4)
FN:12,(anonymous_5)
FN:15,(anonymous_6)
FN:17,(anonymous_7)
FN:18,(anonymous_8)
FN:19,(anonymous_9)
FN:21,(anonymous_10)
FN:22,(anonymous_11)
FN:23,(anonymous_12)
FN:29,(anonymous_13)
FN:41,(anonymous_14)
FN:41,(anonymous_15)
FN:42,(anonymous_16)
FN:43,(anonymous_17)
FN:44,(anonymous_18)
FN:50,(anonymous_19)
FN:56,(anonymous_20)
FN:66,(anonymous_21)
FNF:22
FNH:0
FNDA:0,(anonymous_0)
FNDA:0,(anonymous_1)
FNDA:0,(anonymous_2)
FNDA:0,(anonymous_3)
FNDA:0,(anonymous_4)
FNDA:0,(anonymous_5)
FNDA:0,(anonymous_6)
FNDA:0,(anonymous_7)
FNDA:0,(anonymous_8)
FNDA:0,(anonymous_9)
FNDA:0,(anonymous_10)
FNDA:0,(anonymous_11)
FNDA:0,(anonymous_12)
FNDA:0,(anonymous_13)
FNDA:0,(anonymous_14)
FNDA:0,(anonymous_15)
FNDA:0,(anonymous_16)
FNDA:0,(anonymous_17)
FNDA:0,(anonymous_18)
FNDA:0,(anonymous_19)
FNDA:0,(anonymous_20)
FNDA:0,(anonymous_21)
DA:1,1
DA:2,1
DA:3,1
DA:4,1
DA:5,1
DA:6,1
DA:7,1
DA:8,1
DA:9,1
DA:10,1
DA:11,1
DA:12,1
DA:15,1
DA:17,0
DA:18,0
DA:19,1
DA:21,0
DA:22,0
DA:23,1
DA:29,1
DA:30,0
DA:31,0
DA:33,0
DA:34,0
DA:36,0
DA:37,0
DA:39,0
DA:41,1
DA:42,1
DA:43,0
DA:44,1
DA:50,1
DA:56,1
DA:57,0
DA:58,0
DA:60,0
DA:61,0
DA:62,0
DA:64,0
DA:66,1
DA:67,0
DA:68,0
DA:69,0
DA:71,0
DA:72,0
DA:74,0
DA:75,0
DA:77,0
DA:78,0
DA:81,0
LF:50
LH:22
BRDA:11,0,0,0
BRDA:11,0,1,0
BRDA:12,1,0,0
BRDA:12,1,1,0
BRDA:12,1,2,0
BRDA:15,2,0,0
BRDA:15,2,1,0
BRDA:19,3,0,0
BRDA:19,3,1,0
BRDA:22,4,0,0
BRDA:22,4,1,0
BRDA:23,5,0,0
BRDA:23,5,1,0
BRDA:23,5,2,0
BRDA:23,5,3,0
BRDA:23,5,4,0
BRDA:23,5,5,0
BRDA:30,6,0,0
BRDA:30,6,1,0
BRDA:33,7,0,0
BRDA:33,7,1,0
BRDA:36,8,0,0
BRDA:36,8,1,0
BRDA:41,9,0,0
BRDA:41,9,1,0
BRDA:42,10,0,0
BRDA:42,10,1,0
BRDA:44,11,0,0
BRDA:44,11,1,0
BRDA:44,11,2,0
BRDA:44,11,3,0
BRDA:44,11,4,0
BRDA:44,11,5,0
BRDA:50,12,0,0
BRDA:50,12,1,0
BRDA:50,12,2,0
BRDA:50,12,3,0
BRDA:50,12,4,0
BRDA:50,12,5,0
BRDA:57,13,0,0
BRDA:57,13,1,0
BRDA:61,14,0,0
BRDA:61,14,1,0
BRDA:68,15,0,0
BRDA:68,15,1,0
BRDA:71,16,0,0
BRDA:71,16,1,0
BRDA:74,17,0,0
BRDA:74,17,1,0
BRDA:77,18,0,0
BRDA:77,18,1,0
BRF:51
BRH:0
end_of_record
TN:
SF:/Users/kushanjoshi/code/open/idly-mono/packages/idly-common/src/state2/table/index.ts
FN:7,(anonymous_0)
FN:8,(anonymous_1)
FN:9,(anonymous_2)
FN:10,(anonymous_3)
FN:11,(anonymous_4)
FN:11,(anonymous_5)
FN:13,(anonymous_6)
FN:14,(anonymous_7)
FN:15,(anonymous_8)
FN:15,(anonymous_9)
FN:17,(anonymous_10)
FN:18,(anonymous_11)
FN:19,(anonymous_12)
FN:20,(anonymous_13)
FN:20,(anonymous_14)
FN:23,(anonymous_15)
FN:24,(anonymous_16)
FN:26,(anonymous_17)
FN:29,(anonymous_18)
FN:31,(anonymous_19)
FNF:20
FNH:17
FNDA:1,(anonymous_0)
FNDA:11,(anonymous_1)
FNDA:15,(anonymous_2)
FNDA:15,(anonymous_3)
FNDA:15,(anonymous_4)
FNDA:220,(anonymous_5)
FNDA:4,(anonymous_6)
FNDA:4,(anonymous_7)
FNDA:4,(anonymous_8)
FNDA:5,(anonymous_9)
FNDA:0,(anonymous_10)
FNDA:0,(anonymous_11)
FNDA:0,(anonymous_12)
FNDA:13,(anonymous_13)
FNDA:260,(anonymous_14)
FNDA:11,(anonymous_15)
FNDA:15,(anonymous_16)
FNDA:220,(anonymous_17)
FNDA:4,(anonymous_18)
FNDA:5,(anonymous_19)
DA:1,2
DA:2,2
DA:3,2
DA:4,2
DA:5,2
DA:6,2
DA:7,2
DA:8,11
DA:9,15
DA:10,15
DA:11,220
DA:13,4
DA:14,4
DA:15,5
DA:17,2
DA:18,0
DA:19,0
DA:20,260
DA:21,2
DA:23,11
DA:24,2
DA:25,15
DA:26,220
DA:27,15
DA:29,2
DA:30,4
DA:31,5
DA:32,4
LF:28
LH:26
BRDA:9,0,0,5
BRF:1
BRH:1
end_of_record
TN:
SF:/Users/kushanjoshi/code/open/idly-mono/packages/idly-common/src/state2/table/private.ts
FN:3,(anonymous_0)
FN:4,(anonymous_1)
FN:5,(anonymous_2)
FN:9,(anonymous_3)
FN:10,(anonymous_4)
FN:11,(anonymous_5)
FN:13,(anonymous_6)
FN:16,(anonymous_7)
FN:18,(anonymous_8)
FN:21,(anonymous_9)
FNF:10
FNH:3
FNDA:0,(anonymous_0)
FNDA:440,(anonymous_1)
FNDA:10,(anonymous_2)
FNDA:1,(anonymous_3)
FNDA:0,(anonymous_4)
FNDA:0,(anonymous_5)
FNDA:0,(anonymous_6)
FNDA:0,(anonymous_7)
FNDA:0,(anonymous_8)
FNDA:0,(anonymous_9)
DA:1,2
DA:2,2
DA:3,2
DA:4,440
DA:5,2
DA:6,10
DA:7,10
DA:9,2
DA:10,2
DA:11,2
DA:12,0
DA:13,0
DA:14,0
DA:16,2
DA:17,0
DA:18,0
DA:19,0
DA:21,2
DA:22,0
DA:23,0
DA:24,0
DA:27,0
LF:22
LH:12
BRDA:18,0,0,0
BRDA:18,0,1,0
BRDA:23,1,0,0
BRDA:23,1,1,0
BRF:4
BRH:0
end_of_record
TN:
SF:/Users/kushanjoshi/code/open/idly-mono/packages/idly-common/src/tagClasses/tagClasses.ts
FN:43,(anonymous_0)
FN:66,tagClasses
FNF:2
FNH:2
FNDA:2,(anonymous_0)
FNDA:25,tagClasses
DA:1,2
DA:2,2
DA:3,2
DA:4,2
DA:20,2
DA:30,2
DA:43,2
DA:44,2
DA:49,2
DA:50,4
DA:51,4
DA:52,4
DA:53,2
DA:55,2
DA:57,0
DA:60,2
DA:62,2
DA:64,2
DA:67,25
DA:74,25
DA:75,97
DA:76,97
DA:77,97
DA:78,75
DA:80,22
DA:81,22
DA:83,2
DA:84,2
DA:87,20
DA:89,22
DA:92,25
DA:93,23
DA:94,172
DA:95,172
DA:96,172
DA:97,168
DA:99,4
DA:101,1
DA:103,3
DA:105,1
DA:107,2
DA:109,1
DA:110,1
DA:111,1
DA:113,4
DA:114,3
DA:118,25
DA:119,5
DA:122,25
DA:123,275
DA:124,275
DA:125,275
DA:126,264
DA:128,11
DA:131,25
DA:132,17
DA:133,17
DA:134,29
DA:135,0
DA:137,29
DA:138,29
DA:139,8
DA:140,8
DA:143,17
DA:144,5
DA:147,25
DA:148,25
DA:150,2
LF:68
LH:66
BRDA:52,0,0,2
BRDA:52,0,1,2
BRDA:52,1,0,4
BRDA:52,1,1,2
BRDA:55,2,0,0
BRDA:55,2,1,2
BRDA:77,3,0,75
BRDA:77,3,1,22
BRDA:77,4,0,97
BRDA:77,4,1,22
BRDA:81,5,0,2
BRDA:81,5,1,20
BRDA:92,6,0,23
BRDA:92,6,1,2
BRDA:96,7,0,168
BRDA:96,7,1,4
BRDA:96,8,0,172
BRDA:96,8,1,4
BRDA:99,9,0,1
BRDA:99,9,1,3
BRDA:103,10,0,1
BRDA:103,10,1,2
BRDA:103,11,0,3
BRDA:103,11,1,2
BRDA:107,12,0,1
BRDA:107,12,1,1
BRDA:107,13,0,2
BRDA:107,13,1,1
BRDA:113,14,0,3
BRDA:113,14,1,1
BRDA:118,15,0,5
BRDA:118,15,1,20
BRDA:125,16,0,264
BRDA:125,16,1,11
BRDA:125,17,0,275
BRDA:125,17,1,12
BRDA:131,18,0,17
BRDA:131,18,1,8
BRDA:134,19,0,0
BRDA:134,19,1,29
BRDA:138,20,0,8
BRDA:138,20,1,21
BRDA:143,21,0,5
BRDA:143,21,1,12
BRF:44
BRH:42
end_of_record
