TN:
SF:/Users/kepta/code/open/idly/src/osm/entities/node.ts
FN:14,(anonymous_0)
FN:19,nodeFactory
FNF:2
FNH:1
FNDA:0,(anonymous_0)
FNDA:20,nodeFactory
DA:1,3
DA:2,3
DA:3,3
DA:4,3
DA:5,3
DA:6,3
DA:15,0
DA:18,3
DA:20,20
DA:22,3
LF:10
LH:9
BRF:0
BRH:0
end_of_record
TN:
SF:/Users/kepta/code/open/idly/src/osm/entities/relation.ts
FN:15,(anonymous_0)
FN:20,relationFactory
FNF:2
FNH:1
FNDA:0,(anonymous_0)
FNDA:16,relationFactory
DA:1,3
DA:2,3
DA:3,3
DA:5,3
DA:6,3
DA:7,3
DA:16,0
DA:19,3
DA:21,16
DA:23,3
LF:10
LH:9
BRF:0
BRH:0
end_of_record
TN:
SF:/Users/kepta/code/open/idly/src/osm/entities/way.ts
FN:15,(anonymous_0)
FN:20,wayFactory
FNF:2
FNH:1
FNDA:0,(anonymous_0)
FNDA:13,wayFactory
DA:1,3
DA:2,3
DA:3,3
DA:4,3
DA:5,3
DA:7,3
DA:16,0
DA:19,3
DA:21,13
DA:23,3
LF:10
LH:9
BRF:0
BRH:0
end_of_record
TN:
SF:/Users/kepta/code/open/idly/src/osm/history/graph.ts
FN:11,(anonymous_0)
FN:16,graphFactory
FN:17,(anonymous_2)
FN:19,(anonymous_3)
FN:20,(anonymous_4)
FN:25,(anonymous_5)
FNF:6
FNH:6
FNDA:15,(anonymous_0)
FNDA:19,graphFactory
FNDA:57,(anonymous_2)
FNDA:57,(anonymous_3)
FNDA:49,(anonymous_4)
FNDA:49,(anonymous_5)
DA:1,2
DA:2,2
DA:3,2
DA:4,2
DA:5,2
DA:12,15
DA:15,2
DA:17,19
DA:18,57
DA:19,57
DA:20,57
DA:21,49
DA:25,49
DA:26,19
DA:32,2
LF:15
LH:15
BRDA:16,0,0,2
BRDA:17,1,0,19
BRF:2
BRH:2
end_of_record
TN:
SF:/Users/kepta/code/open/idly/src/osm/modifiers/graph.modifiers.ts
FN:4,graphSetEntity
FN:8,graphSetEntities
FN:10,(anonymous_2)
FN:14,graphRemoveEntities
FN:15,(anonymous_4)
FN:16,(anonymous_5)
FN:22,graphRemoveEntity
FNF:7
FNH:7
FNDA:6,graphSetEntity
FNDA:3,graphSetEntities
FNDA:9,(anonymous_2)
FNDA:2,graphRemoveEntities
FNDA:2,(anonymous_4)
FNDA:4,(anonymous_5)
FNDA:3,graphRemoveEntity
DA:1,1
DA:2,1
DA:3,1
DA:5,6
DA:7,1
DA:9,3
DA:10,9
DA:11,3
DA:13,1
DA:15,2
DA:16,2
DA:17,4
DA:21,1
DA:23,3
DA:25,1
LF:15
LH:15
BRF:0
BRH:0
end_of_record
TN:
SF:/Users/kepta/code/open/idly/src/osm/others/properties.ts
FN:15,propertiesGen
FNF:1
FNH:1
FNDA:10,propertiesGen
DA:1,5
DA:2,5
DA:3,5
DA:4,5
DA:14,5
DA:16,10
DA:18,5
LF:7
LH:7
BRF:0
BRH:0
end_of_record
TN:
SF:/Users/kepta/code/open/idly/src/osm/others/tags.ts
FN:4,tagsFactory
FNF:1
FNH:1
FNDA:9,tagsFactory
DA:1,5
DA:2,5
DA:3,5
DA:5,9
DA:7,5
LF:5
LH:5
BRF:0
BRH:0
end_of_record
